[0.055s] Invoking command in '/home/arpg/jackal_ws/build/jackal_msgs': CMAKE_PREFIX_PATH=/opt/ros/humble /usr/bin/cmake /home/arpg/jackal_ws/src/jackal/jackal_msgs -DCMAKE_INSTALL_PREFIX=/home/arpg/jackal_ws/install/jackal_msgs
[0.194s] -- The C compiler identification is GNU 11.4.0
[0.282s] -- The CXX compiler identification is GNU 11.4.0
[0.287s] -- Detecting C compiler ABI info
[0.321s] -- Detecting C compiler ABI info - done
[0.326s] -- Check for working C compiler: /usr/bin/cc - skipped
[0.326s] -- Detecting C compile features
[0.326s] -- Detecting C compile features - done
[0.327s] -- Detecting CXX compiler ABI info
[0.365s] -- Detecting CXX compiler ABI info - done
[0.368s] -- Check for working CXX compiler: /usr/bin/c++ - skipped
[0.368s] -- Detecting CXX compile features
[0.368s] -- Detecting CXX compile features - done
[0.371s] -- Found ament_cmake: 1.3.5 (/opt/ros/humble/share/ament_cmake/cmake)
[0.448s] -- Found Python3: /usr/bin/python3.10 (found version "3.10.12") found components: Interpreter 
[0.498s] -- Found std_msgs: 4.2.3 (/opt/ros/humble/share/std_msgs/cmake)
[0.520s] -- Found rosidl_generator_c: 3.1.5 (/opt/ros/humble/share/rosidl_generator_c/cmake)
[0.523s] -- Found rosidl_adapter: 3.1.5 (/opt/ros/humble/share/rosidl_adapter/cmake)
[0.528s] -- Found rosidl_generator_cpp: 3.1.5 (/opt/ros/humble/share/rosidl_generator_cpp/cmake)
[0.537s] -- Using all available rosidl_typesupport_c: rosidl_typesupport_fastrtps_c;rosidl_typesupport_introspection_c
[0.547s] -- Using all available rosidl_typesupport_cpp: rosidl_typesupport_fastrtps_cpp;rosidl_typesupport_introspection_cpp
[0.575s] -- Found rosidl_default_generators: 1.2.0 (/opt/ros/humble/share/rosidl_default_generators/cmake)
[0.715s] -- Found ament_cmake_ros: 0.10.0 (/opt/ros/humble/share/ament_cmake_ros/cmake)
[0.871s] -- Using all available rosidl_typesupport_c: rosidl_typesupport_fastrtps_c;rosidl_typesupport_introspection_c
[0.933s] -- Using all available rosidl_typesupport_cpp: rosidl_typesupport_fastrtps_cpp;rosidl_typesupport_introspection_cpp
[0.943s] -- Found PythonInterp: /usr/bin/python3 (found suitable version "3.10.12", minimum required is "3.6") 
[0.944s] -- Found python_cmake_module: 0.10.0 (/opt/ros/humble/share/python_cmake_module/cmake)
[0.956s] -- Found PythonLibs: /usr/lib/x86_64-linux-gnu/libpython3.10.so (found suitable version "3.10.12", minimum required is "3.5") 
[0.956s] -- Using PYTHON_EXECUTABLE: /usr/bin/python3
[0.956s] -- Using PYTHON_INCLUDE_DIRS: /usr/include/python3.10
[0.956s] -- Using PYTHON_LIBRARIES: /usr/lib/x86_64-linux-gnu/libpython3.10.so
[0.965s] -- Found PythonExtra: .so  
[0.989s] -- Configuring done
[1.006s] -- Generating done
[1.007s] -- Build files have been written to: /home/arpg/jackal_ws/build/jackal_msgs
[1.011s] Invoked command in '/home/arpg/jackal_ws/build/jackal_msgs' returned '0': CMAKE_PREFIX_PATH=/opt/ros/humble /usr/bin/cmake /home/arpg/jackal_ws/src/jackal/jackal_msgs -DCMAKE_INSTALL_PREFIX=/home/arpg/jackal_ws/install/jackal_msgs
[1.012s] Invoking command in '/home/arpg/jackal_ws/build/jackal_msgs': CMAKE_PREFIX_PATH=/opt/ros/humble /usr/bin/cmake --build /home/arpg/jackal_ws/build/jackal_msgs -- -j32 -l32
[1.028s] [  1%] [34m[1mGenerating C code for ROS interfaces[0m
[1.033s] [  2%] [34m[1mGenerating C++ code for ROS interfaces[0m
[1.039s] [  2%] Built target ament_cmake_python_copy_jackal_msgs
[1.142s] running egg_info
[1.142s] creating jackal_msgs.egg-info
[1.142s] writing jackal_msgs.egg-info/PKG-INFO
[1.142s] writing dependency_links to jackal_msgs.egg-info/dependency_links.txt
[1.142s] writing top-level names to jackal_msgs.egg-info/top_level.txt
[1.142s] writing manifest file 'jackal_msgs.egg-info/SOURCES.txt'
[1.143s] reading manifest file 'jackal_msgs.egg-info/SOURCES.txt'
[1.143s] writing manifest file 'jackal_msgs.egg-info/SOURCES.txt'
[1.156s] [  2%] Built target ament_cmake_python_build_jackal_msgs_egg
[1.530s] [  5%] [32mBuilding C object CMakeFiles/jackal_msgs__rosidl_generator_c.dir/rosidl_generator_c/jackal_msgs/msg/detail/power__functions.c.o[0m
[1.530s] [  3%] [32mBuilding C object CMakeFiles/jackal_msgs__rosidl_generator_c.dir/rosidl_generator_c/jackal_msgs/msg/detail/feedback__functions.c.o[0m
[1.530s] [  6%] [32mBuilding C object CMakeFiles/jackal_msgs__rosidl_generator_c.dir/rosidl_generator_c/jackal_msgs/msg/detail/status__functions.c.o[0m
[1.530s] [  7%] [32mBuilding C object CMakeFiles/jackal_msgs__rosidl_generator_c.dir/rosidl_generator_c/jackal_msgs/msg/detail/drive_feedback__functions.c.o[0m
[1.532s] [  8%] [32mBuilding C object CMakeFiles/jackal_msgs__rosidl_generator_c.dir/rosidl_generator_c/jackal_msgs/msg/detail/drive__functions.c.o[0m
[1.538s] [ 10%] [32mBuilding C object CMakeFiles/jackal_msgs__rosidl_generator_c.dir/rosidl_generator_c/jackal_msgs/msg/detail/stop_status__functions.c.o[0m
[1.546s] [ 11%] [32mBuilding C object CMakeFiles/jackal_msgs__rosidl_generator_c.dir/rosidl_generator_c/jackal_msgs/srv/detail/set_domain_id__functions.c.o[0m
[1.608s] [ 12%] [32m[1mLinking C shared library libjackal_msgs__rosidl_generator_c.so[0m
[1.639s] [ 12%] Built target jackal_msgs__rosidl_generator_c
[1.647s] [ 16%] [34m[1mGenerating C type support dispatch for ROS interfaces[0m
[1.647s] [ 16%] [34m[1mGenerating C type support for eProsima Fast-RTPS[0m
[1.647s] [ 16%] [34m[1mGenerating C introspection for ROS interfaces[0m
[1.687s] [ 16%] Built target jackal_msgs__cpp
[1.693s] [ 17%] [34m[1mGenerating C++ type support for eProsima Fast-RTPS[0m
[1.694s] [ 18%] [34m[1mGenerating C++ type support dispatch for ROS interfaces[0m
[1.694s] [ 20%] [34m[1mGenerating C++ introspection for ROS interfaces[0m
[2.051s] [ 22%] [32mBuilding CXX object CMakeFiles/jackal_msgs__rosidl_typesupport_cpp.dir/rosidl_typesupport_cpp/jackal_msgs/msg/feedback__type_support.cpp.o[0m
[2.051s] [ 24%] [32mBuilding CXX object CMakeFiles/jackal_msgs__rosidl_typesupport_cpp.dir/rosidl_typesupport_cpp/jackal_msgs/msg/stop_status__type_support.cpp.o[0m
[2.051s] [ 24%] [32mBuilding CXX object CMakeFiles/jackal_msgs__rosidl_typesupport_cpp.dir/rosidl_typesupport_cpp/jackal_msgs/msg/drive__type_support.cpp.o[0m
[2.052s] [ 25%] [32mBuilding CXX object CMakeFiles/jackal_msgs__rosidl_typesupport_cpp.dir/rosidl_typesupport_cpp/jackal_msgs/msg/power__type_support.cpp.o[0m
[2.052s] [ 26%] [32mBuilding CXX object CMakeFiles/jackal_msgs__rosidl_typesupport_cpp.dir/rosidl_typesupport_cpp/jackal_msgs/msg/status__type_support.cpp.o[0m
[2.052s] [ 27%] [32mBuilding CXX object CMakeFiles/jackal_msgs__rosidl_typesupport_cpp.dir/rosidl_typesupport_cpp/jackal_msgs/srv/set_domain_id__type_support.cpp.o[0m
[2.055s] [ 29%] [32mBuilding CXX object CMakeFiles/jackal_msgs__rosidl_typesupport_cpp.dir/rosidl_typesupport_cpp/jackal_msgs/msg/drive_feedback__type_support.cpp.o[0m
[2.061s] [ 30%] [32mBuilding C object CMakeFiles/jackal_msgs__rosidl_typesupport_introspection_c.dir/rosidl_typesupport_introspection_c/jackal_msgs/msg/detail/drive__type_support.c.o[0m
[2.061s] [ 34%] [32mBuilding C object CMakeFiles/jackal_msgs__rosidl_typesupport_introspection_c.dir/rosidl_typesupport_introspection_c/jackal_msgs/msg/detail/feedback__type_support.c.o[0m
[2.062s] [ 34%] [32mBuilding C object CMakeFiles/jackal_msgs__rosidl_typesupport_introspection_c.dir/rosidl_typesupport_introspection_c/jackal_msgs/msg/detail/power__type_support.c.o[0m
[2.062s] [ 35%] [32mBuilding C object CMakeFiles/jackal_msgs__rosidl_typesupport_introspection_c.dir/rosidl_typesupport_introspection_c/jackal_msgs/msg/detail/status__type_support.c.o[0m
[2.062s] [ 35%] [32mBuilding C object CMakeFiles/jackal_msgs__rosidl_typesupport_introspection_c.dir/rosidl_typesupport_introspection_c/jackal_msgs/msg/detail/drive_feedback__type_support.c.o[0m
[2.062s] [ 36%] [32mBuilding C object CMakeFiles/jackal_msgs__rosidl_typesupport_introspection_c.dir/rosidl_typesupport_introspection_c/jackal_msgs/msg/detail/stop_status__type_support.c.o[0m
[2.062s] [ 37%] [32mBuilding C object CMakeFiles/jackal_msgs__rosidl_typesupport_introspection_c.dir/rosidl_typesupport_introspection_c/jackal_msgs/srv/detail/set_domain_id__type_support.c.o[0m
[2.067s] [ 39%] [32mBuilding CXX object CMakeFiles/jackal_msgs__rosidl_typesupport_fastrtps_c.dir/rosidl_typesupport_fastrtps_c/jackal_msgs/msg/detail/drive__type_support_c.cpp.o[0m
[2.068s] [ 41%] [32mBuilding CXX object CMakeFiles/jackal_msgs__rosidl_typesupport_fastrtps_c.dir/rosidl_typesupport_fastrtps_c/jackal_msgs/msg/detail/feedback__type_support_c.cpp.o[0m
[2.068s] [ 41%] [32mBuilding CXX object CMakeFiles/jackal_msgs__rosidl_typesupport_fastrtps_c.dir/rosidl_typesupport_fastrtps_c/jackal_msgs/msg/detail/drive_feedback__type_support_c.cpp.o[0m
[2.068s] [ 46%] [32mBuilding CXX object CMakeFiles/jackal_msgs__rosidl_typesupport_fastrtps_c.dir/rosidl_typesupport_fastrtps_c/jackal_msgs/msg/detail/status__type_support_c.cpp.o[0m
[2.068s] [ 46%] [32mBuilding CXX object CMakeFiles/jackal_msgs__rosidl_typesupport_fastrtps_c.dir/rosidl_typesupport_fastrtps_c/jackal_msgs/msg/detail/power__type_support_c.cpp.o[0m
[2.069s] [ 46%] [32mBuilding CXX object CMakeFiles/jackal_msgs__rosidl_typesupport_fastrtps_c.dir/rosidl_typesupport_fastrtps_c/jackal_msgs/srv/detail/set_domain_id__type_support_c.cpp.o[0m
[2.069s] [ 46%] [32mBuilding CXX object CMakeFiles/jackal_msgs__rosidl_typesupport_fastrtps_c.dir/rosidl_typesupport_fastrtps_c/jackal_msgs/msg/detail/stop_status__type_support_c.cpp.o[0m
[2.089s] [ 48%] [32m[1mLinking C shared library libjackal_msgs__rosidl_typesupport_introspection_c.so[0m
[2.107s] [ 48%] Built target jackal_msgs__rosidl_typesupport_introspection_c
[2.125s] [ 49%] [32mBuilding CXX object CMakeFiles/jackal_msgs__rosidl_typesupport_introspection_cpp.dir/rosidl_typesupport_introspection_cpp/jackal_msgs/msg/detail/drive__type_support.cpp.o[0m
[2.125s] [ 50%] [32mBuilding CXX object CMakeFiles/jackal_msgs__rosidl_typesupport_introspection_cpp.dir/rosidl_typesupport_introspection_cpp/jackal_msgs/msg/detail/drive_feedback__type_support.cpp.o[0m
[2.127s] [ 51%] [32mBuilding CXX object CMakeFiles/jackal_msgs__rosidl_typesupport_introspection_cpp.dir/rosidl_typesupport_introspection_cpp/jackal_msgs/msg/detail/stop_status__type_support.cpp.o[0m
[2.128s] [ 55%] [32mBuilding CXX object CMakeFiles/jackal_msgs__rosidl_typesupport_introspection_cpp.dir/rosidl_typesupport_introspection_cpp/jackal_msgs/msg/detail/feedback__type_support.cpp.o[0m
[2.128s] [ 55%] [32mBuilding CXX object CMakeFiles/jackal_msgs__rosidl_typesupport_introspection_cpp.dir/rosidl_typesupport_introspection_cpp/jackal_msgs/srv/detail/set_domain_id__type_support.cpp.o[0m
[2.128s] [ 55%] [32mBuilding CXX object CMakeFiles/jackal_msgs__rosidl_typesupport_introspection_cpp.dir/rosidl_typesupport_introspection_cpp/jackal_msgs/msg/detail/power__type_support.cpp.o[0m
[2.129s] [ 56%] [32mBuilding CXX object CMakeFiles/jackal_msgs__rosidl_typesupport_introspection_cpp.dir/rosidl_typesupport_introspection_cpp/jackal_msgs/msg/detail/status__type_support.cpp.o[0m
[2.139s] [ 64%] [32mBuilding CXX object CMakeFiles/jackal_msgs__rosidl_typesupport_fastrtps_cpp.dir/rosidl_typesupport_fastrtps_cpp/jackal_msgs/msg/detail/dds_fastrtps/drive__type_support.cpp.o[0m
[2.139s] [ 64%] [32mBuilding CXX object CMakeFiles/jackal_msgs__rosidl_typesupport_fastrtps_cpp.dir/rosidl_typesupport_fastrtps_cpp/jackal_msgs/msg/detail/dds_fastrtps/status__type_support.cpp.o[0m
[2.139s] [ 64%] [32mBuilding CXX object CMakeFiles/jackal_msgs__rosidl_typesupport_fastrtps_cpp.dir/rosidl_typesupport_fastrtps_cpp/jackal_msgs/msg/detail/dds_fastrtps/stop_status__type_support.cpp.o[0m
[2.139s] [ 64%] [32mBuilding CXX object CMakeFiles/jackal_msgs__rosidl_typesupport_fastrtps_cpp.dir/rosidl_typesupport_fastrtps_cpp/jackal_msgs/msg/detail/dds_fastrtps/feedback__type_support.cpp.o[0m
[2.139s] [ 64%] [32mBuilding CXX object CMakeFiles/jackal_msgs__rosidl_typesupport_fastrtps_cpp.dir/rosidl_typesupport_fastrtps_cpp/jackal_msgs/msg/detail/dds_fastrtps/drive_feedback__type_support.cpp.o[0m
[2.139s] [ 64%] [32mBuilding CXX object CMakeFiles/jackal_msgs__rosidl_typesupport_fastrtps_cpp.dir/rosidl_typesupport_fastrtps_cpp/jackal_msgs/msg/detail/dds_fastrtps/power__type_support.cpp.o[0m
[2.166s] [ 65%] [32mBuilding CXX object CMakeFiles/jackal_msgs__rosidl_typesupport_fastrtps_cpp.dir/rosidl_typesupport_fastrtps_cpp/jackal_msgs/srv/detail/dds_fastrtps/set_domain_id__type_support.cpp.o[0m
[2.278s] [ 67%] [32m[1mLinking CXX shared library libjackal_msgs__rosidl_typesupport_cpp.so[0m
[2.284s] [ 69%] [32mBuilding CXX object CMakeFiles/jackal_msgs__rosidl_typesupport_c.dir/rosidl_typesupport_c/jackal_msgs/msg/feedback__type_support.cpp.o[0m
[2.285s] [ 70%] [32mBuilding CXX object CMakeFiles/jackal_msgs__rosidl_typesupport_c.dir/rosidl_typesupport_c/jackal_msgs/msg/power__type_support.cpp.o[0m
[2.285s] [ 72%] [32mBuilding CXX object CMakeFiles/jackal_msgs__rosidl_typesupport_c.dir/rosidl_typesupport_c/jackal_msgs/msg/drive_feedback__type_support.cpp.o[0m
[2.285s] [ 72%] [32mBuilding CXX object CMakeFiles/jackal_msgs__rosidl_typesupport_c.dir/rosidl_typesupport_c/jackal_msgs/msg/drive__type_support.cpp.o[0m
[2.285s] [ 73%] [32mBuilding CXX object CMakeFiles/jackal_msgs__rosidl_typesupport_c.dir/rosidl_typesupport_c/jackal_msgs/msg/status__type_support.cpp.o[0m
[2.285s] [ 74%] [32mBuilding CXX object CMakeFiles/jackal_msgs__rosidl_typesupport_c.dir/rosidl_typesupport_c/jackal_msgs/msg/stop_status__type_support.cpp.o[0m
[2.297s] [ 75%] [32mBuilding CXX object CMakeFiles/jackal_msgs__rosidl_typesupport_c.dir/rosidl_typesupport_c/jackal_msgs/srv/set_domain_id__type_support.cpp.o[0m
[2.312s] [ 75%] Built target jackal_msgs__rosidl_typesupport_cpp
[2.323s] [ 77%] [32m[1mLinking CXX shared library libjackal_msgs__rosidl_typesupport_c.so[0m
[2.358s] [ 77%] Built target jackal_msgs__rosidl_typesupport_c
[2.372s] [ 78%] [32m[1mLinking CXX shared library libjackal_msgs__rosidl_typesupport_fastrtps_c.so[0m
[2.431s] [ 78%] Built target jackal_msgs__rosidl_typesupport_fastrtps_c
[2.446s] [ 79%] [32m[1mLinking CXX shared library libjackal_msgs__rosidl_typesupport_introspection_cpp.so[0m
[2.482s] [ 79%] Built target jackal_msgs__rosidl_typesupport_introspection_cpp
[2.500s] [ 81%] [32m[1mLinking CXX shared library libjackal_msgs__rosidl_typesupport_fastrtps_cpp.so[0m
[2.536s] [ 81%] Built target jackal_msgs__rosidl_typesupport_fastrtps_cpp
[2.544s] [ 81%] Built target jackal_msgs
[2.553s] [ 82%] [34m[1mGenerating Python code for ROS interfaces[0m
[3.263s] [ 82%] Built target jackal_msgs__py
[3.271s] [ 83%] [32mBuilding C object CMakeFiles/jackal_msgs__rosidl_generator_py.dir/rosidl_generator_py/jackal_msgs/msg/_drive_s.c.o[0m
[3.272s] [ 84%] [32mBuilding C object CMakeFiles/jackal_msgs__rosidl_generator_py.dir/rosidl_generator_py/jackal_msgs/msg/_drive_feedback_s.c.o[0m
[3.272s] [ 86%] [32mBuilding C object CMakeFiles/jackal_msgs__rosidl_generator_py.dir/rosidl_generator_py/jackal_msgs/msg/_feedback_s.c.o[0m
[3.272s] [ 87%] [32mBuilding C object CMakeFiles/jackal_msgs__rosidl_generator_py.dir/rosidl_generator_py/jackal_msgs/msg/_power_s.c.o[0m
[3.272s] [ 88%] [32mBuilding C object CMakeFiles/jackal_msgs__rosidl_generator_py.dir/rosidl_generator_py/jackal_msgs/msg/_status_s.c.o[0m
[3.272s] [ 89%] [32mBuilding C object CMakeFiles/jackal_msgs__rosidl_generator_py.dir/rosidl_generator_py/jackal_msgs/msg/_stop_status_s.c.o[0m
[3.273s] [ 91%] [32mBuilding C object CMakeFiles/jackal_msgs__rosidl_generator_py.dir/rosidl_generator_py/jackal_msgs/srv/_set_domain_id_s.c.o[0m
[3.320s] [ 92%] [32m[1mLinking C shared library rosidl_generator_py/jackal_msgs/libjackal_msgs__rosidl_generator_py.so[0m
[3.338s] [ 92%] Built target jackal_msgs__rosidl_generator_py
[3.346s] [ 93%] [32mBuilding C object CMakeFiles/jackal_msgs__rosidl_typesupport_fastrtps_c__pyext.dir/rosidl_generator_py/jackal_msgs/_jackal_msgs_s.ep.rosidl_typesupport_fastrtps_c.c.o[0m
[3.346s] [ 94%] [32mBuilding C object CMakeFiles/jackal_msgs__rosidl_typesupport_introspection_c__pyext.dir/rosidl_generator_py/jackal_msgs/_jackal_msgs_s.ep.rosidl_typesupport_introspection_c.c.o[0m
[3.346s] [ 96%] [32mBuilding C object CMakeFiles/jackal_msgs__rosidl_typesupport_c__pyext.dir/rosidl_generator_py/jackal_msgs/_jackal_msgs_s.ep.rosidl_typesupport_c.c.o[0m
[3.396s] [100%] [32m[1mLinking C shared library rosidl_generator_py/jackal_msgs/jackal_msgs_s__rosidl_typesupport_c.cpython-310-x86_64-linux-gnu.so[0m
[3.396s] [100%] [32m[1mLinking C shared library rosidl_generator_py/jackal_msgs/jackal_msgs_s__rosidl_typesupport_fastrtps_c.cpython-310-x86_64-linux-gnu.so[0m
[3.396s] [100%] [32m[1mLinking C shared library rosidl_generator_py/jackal_msgs/jackal_msgs_s__rosidl_typesupport_introspection_c.cpython-310-x86_64-linux-gnu.so[0m
[3.411s] [100%] Built target jackal_msgs__rosidl_typesupport_c__pyext
[3.412s] [100%] Built target jackal_msgs__rosidl_typesupport_introspection_c__pyext
[3.412s] [100%] Built target jackal_msgs__rosidl_typesupport_fastrtps_c__pyext
[3.417s] Invoked command in '/home/arpg/jackal_ws/build/jackal_msgs' returned '0': CMAKE_PREFIX_PATH=/opt/ros/humble /usr/bin/cmake --build /home/arpg/jackal_ws/build/jackal_msgs -- -j32 -l32
[3.518s] Invoking command in '/home/arpg/jackal_ws/build/jackal_msgs': CMAKE_PREFIX_PATH=/opt/ros/humble /usr/bin/cmake --install /home/arpg/jackal_ws/build/jackal_msgs
[3.521s] -- Install configuration: ""
[3.521s] -- Installing: /home/arpg/jackal_ws/install/jackal_msgs/share/ament_index/resource_index/rosidl_interfaces/jackal_msgs
[3.521s] -- Installing: /home/arpg/jackal_ws/install/jackal_msgs/include/jackal_msgs/jackal_msgs
[3.521s] -- Installing: /home/arpg/jackal_ws/install/jackal_msgs/include/jackal_msgs/jackal_msgs/srv
[3.521s] -- Installing: /home/arpg/jackal_ws/install/jackal_msgs/include/jackal_msgs/jackal_msgs/srv/detail
[3.522s] -- Installing: /home/arpg/jackal_ws/install/jackal_msgs/include/jackal_msgs/jackal_msgs/srv/detail/set_domain_id__functions.c
[3.522s] -- Installing: /home/arpg/jackal_ws/install/jackal_msgs/include/jackal_msgs/jackal_msgs/srv/detail/set_domain_id__functions.h
[3.522s] -- Installing: /home/arpg/jackal_ws/install/jackal_msgs/include/jackal_msgs/jackal_msgs/srv/detail/set_domain_id__struct.h
[3.522s] -- Installing: /home/arpg/jackal_ws/install/jackal_msgs/include/jackal_msgs/jackal_msgs/srv/detail/set_domain_id__type_support.h
[3.522s] -- Installing: /home/arpg/jackal_ws/install/jackal_msgs/include/jackal_msgs/jackal_msgs/srv/set_domain_id.h
[3.522s] -- Installing: /home/arpg/jackal_ws/install/jackal_msgs/include/jackal_msgs/jackal_msgs/msg
[3.522s] -- Installing: /home/arpg/jackal_ws/install/jackal_msgs/include/jackal_msgs/jackal_msgs/msg/drive.h
[3.522s] -- Installing: /home/arpg/jackal_ws/install/jackal_msgs/include/jackal_msgs/jackal_msgs/msg/status.h
[3.522s] -- Installing: /home/arpg/jackal_ws/install/jackal_msgs/include/jackal_msgs/jackal_msgs/msg/stop_status.h
[3.522s] -- Installing: /home/arpg/jackal_ws/install/jackal_msgs/include/jackal_msgs/jackal_msgs/msg/detail
[3.522s] -- Installing: /home/arpg/jackal_ws/install/jackal_msgs/include/jackal_msgs/jackal_msgs/msg/detail/status__functions.c
[3.522s] -- Installing: /home/arpg/jackal_ws/install/jackal_msgs/include/jackal_msgs/jackal_msgs/msg/detail/drive_feedback__type_support.h
[3.522s] -- Installing: /home/arpg/jackal_ws/install/jackal_msgs/include/jackal_msgs/jackal_msgs/msg/detail/stop_status__functions.h
[3.522s] -- Installing: /home/arpg/jackal_ws/install/jackal_msgs/include/jackal_msgs/jackal_msgs/msg/detail/drive_feedback__struct.h
[3.522s] -- Installing: /home/arpg/jackal_ws/install/jackal_msgs/include/jackal_msgs/jackal_msgs/msg/detail/power__functions.h
[3.522s] -- Installing: /home/arpg/jackal_ws/install/jackal_msgs/include/jackal_msgs/jackal_msgs/msg/detail/stop_status__struct.h
[3.522s] -- Installing: /home/arpg/jackal_ws/install/jackal_msgs/include/jackal_msgs/jackal_msgs/msg/detail/drive__functions.h
[3.523s] -- Installing: /home/arpg/jackal_ws/install/jackal_msgs/include/jackal_msgs/jackal_msgs/msg/detail/stop_status__functions.c
[3.523s] -- Installing: /home/arpg/jackal_ws/install/jackal_msgs/include/jackal_msgs/jackal_msgs/msg/detail/power__type_support.h
[3.523s] -- Installing: /home/arpg/jackal_ws/install/jackal_msgs/include/jackal_msgs/jackal_msgs/msg/detail/status__struct.h
[3.523s] -- Installing: /home/arpg/jackal_ws/install/jackal_msgs/include/jackal_msgs/jackal_msgs/msg/detail/feedback__functions.h
[3.523s] -- Installing: /home/arpg/jackal_ws/install/jackal_msgs/include/jackal_msgs/jackal_msgs/msg/detail/drive__struct.h
[3.523s] -- Installing: /home/arpg/jackal_ws/install/jackal_msgs/include/jackal_msgs/jackal_msgs/msg/detail/drive_feedback__functions.h
[3.523s] -- Installing: /home/arpg/jackal_ws/install/jackal_msgs/include/jackal_msgs/jackal_msgs/msg/detail/drive__functions.c
[3.523s] -- Installing: /home/arpg/jackal_ws/install/jackal_msgs/include/jackal_msgs/jackal_msgs/msg/detail/drive_feedback__functions.c
[3.523s] -- Installing: /home/arpg/jackal_ws/install/jackal_msgs/include/jackal_msgs/jackal_msgs/msg/detail/status__type_support.h
[3.523s] -- Installing: /home/arpg/jackal_ws/install/jackal_msgs/include/jackal_msgs/jackal_msgs/msg/detail/power__struct.h
[3.523s] -- Installing: /home/arpg/jackal_ws/install/jackal_msgs/include/jackal_msgs/jackal_msgs/msg/detail/feedback__functions.c
[3.523s] -- Installing: /home/arpg/jackal_ws/install/jackal_msgs/include/jackal_msgs/jackal_msgs/msg/detail/drive__type_support.h
[3.523s] -- Installing: /home/arpg/jackal_ws/install/jackal_msgs/include/jackal_msgs/jackal_msgs/msg/detail/feedback__struct.h
[3.523s] -- Installing: /home/arpg/jackal_ws/install/jackal_msgs/include/jackal_msgs/jackal_msgs/msg/detail/status__functions.h
[3.523s] -- Installing: /home/arpg/jackal_ws/install/jackal_msgs/include/jackal_msgs/jackal_msgs/msg/detail/power__functions.c
[3.523s] -- Installing: /home/arpg/jackal_ws/install/jackal_msgs/include/jackal_msgs/jackal_msgs/msg/detail/feedback__type_support.h
[3.523s] -- Installing: /home/arpg/jackal_ws/install/jackal_msgs/include/jackal_msgs/jackal_msgs/msg/detail/stop_status__type_support.h
[3.523s] -- Installing: /home/arpg/jackal_ws/install/jackal_msgs/include/jackal_msgs/jackal_msgs/msg/power.h
[3.524s] -- Installing: /home/arpg/jackal_ws/install/jackal_msgs/include/jackal_msgs/jackal_msgs/msg/feedback.h
[3.524s] -- Installing: /home/arpg/jackal_ws/install/jackal_msgs/include/jackal_msgs/jackal_msgs/msg/drive_feedback.h
[3.524s] -- Installing: /home/arpg/jackal_ws/install/jackal_msgs/include/jackal_msgs/jackal_msgs/msg/rosidl_generator_c__visibility_control.h
[3.524s] -- Installing: /home/arpg/jackal_ws/install/jackal_msgs/share/jackal_msgs/environment/library_path.sh
[3.524s] -- Installing: /home/arpg/jackal_ws/install/jackal_msgs/share/jackal_msgs/environment/library_path.dsv
[3.524s] -- Installing: /home/arpg/jackal_ws/install/jackal_msgs/lib/libjackal_msgs__rosidl_generator_c.so
[3.524s] -- Set runtime path of "/home/arpg/jackal_ws/install/jackal_msgs/lib/libjackal_msgs__rosidl_generator_c.so" to ""
[3.524s] -- Up-to-date: /home/arpg/jackal_ws/install/jackal_msgs/include/jackal_msgs/jackal_msgs
[3.524s] -- Up-to-date: /home/arpg/jackal_ws/install/jackal_msgs/include/jackal_msgs/jackal_msgs/srv
[3.524s] -- Up-to-date: /home/arpg/jackal_ws/install/jackal_msgs/include/jackal_msgs/jackal_msgs/srv/detail
[3.524s] -- Installing: /home/arpg/jackal_ws/install/jackal_msgs/include/jackal_msgs/jackal_msgs/srv/detail/set_domain_id__rosidl_typesupport_fastrtps_c.h
[3.524s] -- Up-to-date: /home/arpg/jackal_ws/install/jackal_msgs/include/jackal_msgs/jackal_msgs/msg
[3.524s] -- Up-to-date: /home/arpg/jackal_ws/install/jackal_msgs/include/jackal_msgs/jackal_msgs/msg/detail
[3.524s] -- Installing: /home/arpg/jackal_ws/install/jackal_msgs/include/jackal_msgs/jackal_msgs/msg/detail/drive__rosidl_typesupport_fastrtps_c.h
[3.524s] -- Installing: /home/arpg/jackal_ws/install/jackal_msgs/include/jackal_msgs/jackal_msgs/msg/detail/feedback__rosidl_typesupport_fastrtps_c.h
[3.524s] -- Installing: /home/arpg/jackal_ws/install/jackal_msgs/include/jackal_msgs/jackal_msgs/msg/detail/power__rosidl_typesupport_fastrtps_c.h
[3.524s] -- Installing: /home/arpg/jackal_ws/install/jackal_msgs/include/jackal_msgs/jackal_msgs/msg/detail/drive_feedback__rosidl_typesupport_fastrtps_c.h
[3.525s] -- Installing: /home/arpg/jackal_ws/install/jackal_msgs/include/jackal_msgs/jackal_msgs/msg/detail/stop_status__rosidl_typesupport_fastrtps_c.h
[3.525s] -- Installing: /home/arpg/jackal_ws/install/jackal_msgs/include/jackal_msgs/jackal_msgs/msg/detail/status__rosidl_typesupport_fastrtps_c.h
[3.525s] -- Installing: /home/arpg/jackal_ws/install/jackal_msgs/include/jackal_msgs/jackal_msgs/msg/rosidl_typesupport_fastrtps_c__visibility_control.h
[3.525s] -- Installing: /home/arpg/jackal_ws/install/jackal_msgs/lib/libjackal_msgs__rosidl_typesupport_fastrtps_c.so
[3.525s] -- Set runtime path of "/home/arpg/jackal_ws/install/jackal_msgs/lib/libjackal_msgs__rosidl_typesupport_fastrtps_c.so" to ""
[3.525s] -- Up-to-date: /home/arpg/jackal_ws/install/jackal_msgs/include/jackal_msgs/jackal_msgs
[3.525s] -- Up-to-date: /home/arpg/jackal_ws/install/jackal_msgs/include/jackal_msgs/jackal_msgs/srv
[3.525s] -- Up-to-date: /home/arpg/jackal_ws/install/jackal_msgs/include/jackal_msgs/jackal_msgs/srv/detail
[3.525s] -- Installing: /home/arpg/jackal_ws/install/jackal_msgs/include/jackal_msgs/jackal_msgs/srv/detail/set_domain_id__traits.hpp
[3.525s] -- Installing: /home/arpg/jackal_ws/install/jackal_msgs/include/jackal_msgs/jackal_msgs/srv/detail/set_domain_id__builder.hpp
[3.525s] -- Installing: /home/arpg/jackal_ws/install/jackal_msgs/include/jackal_msgs/jackal_msgs/srv/detail/set_domain_id__struct.hpp
[3.525s] -- Installing: /home/arpg/jackal_ws/install/jackal_msgs/include/jackal_msgs/jackal_msgs/srv/set_domain_id.hpp
[3.525s] -- Up-to-date: /home/arpg/jackal_ws/install/jackal_msgs/include/jackal_msgs/jackal_msgs/msg
[3.525s] -- Up-to-date: /home/arpg/jackal_ws/install/jackal_msgs/include/jackal_msgs/jackal_msgs/msg/detail
[3.525s] -- Installing: /home/arpg/jackal_ws/install/jackal_msgs/include/jackal_msgs/jackal_msgs/msg/detail/drive_feedback__builder.hpp
[3.525s] -- Installing: /home/arpg/jackal_ws/install/jackal_msgs/include/jackal_msgs/jackal_msgs/msg/detail/power__builder.hpp
[3.525s] -- Installing: /home/arpg/jackal_ws/install/jackal_msgs/include/jackal_msgs/jackal_msgs/msg/detail/status__traits.hpp
[3.525s] -- Installing: /home/arpg/jackal_ws/install/jackal_msgs/include/jackal_msgs/jackal_msgs/msg/detail/drive__struct.hpp
[3.525s] -- Installing: /home/arpg/jackal_ws/install/jackal_msgs/include/jackal_msgs/jackal_msgs/msg/detail/stop_status__struct.hpp
[3.525s] -- Installing: /home/arpg/jackal_ws/install/jackal_msgs/include/jackal_msgs/jackal_msgs/msg/detail/status__builder.hpp
[3.525s] -- Installing: /home/arpg/jackal_ws/install/jackal_msgs/include/jackal_msgs/jackal_msgs/msg/detail/feedback__traits.hpp
[3.525s] -- Installing: /home/arpg/jackal_ws/install/jackal_msgs/include/jackal_msgs/jackal_msgs/msg/detail/drive__traits.hpp
[3.525s] -- Installing: /home/arpg/jackal_ws/install/jackal_msgs/include/jackal_msgs/jackal_msgs/msg/detail/drive_feedback__traits.hpp
[3.525s] -- Installing: /home/arpg/jackal_ws/install/jackal_msgs/include/jackal_msgs/jackal_msgs/msg/detail/status__struct.hpp
[3.525s] -- Installing: /home/arpg/jackal_ws/install/jackal_msgs/include/jackal_msgs/jackal_msgs/msg/detail/drive__builder.hpp
[3.525s] -- Installing: /home/arpg/jackal_ws/install/jackal_msgs/include/jackal_msgs/jackal_msgs/msg/detail/stop_status__traits.hpp
[3.525s] -- Installing: /home/arpg/jackal_ws/install/jackal_msgs/include/jackal_msgs/jackal_msgs/msg/detail/feedback__builder.hpp
[3.525s] -- Installing: /home/arpg/jackal_ws/install/jackal_msgs/include/jackal_msgs/jackal_msgs/msg/detail/power__struct.hpp
[3.525s] -- Installing: /home/arpg/jackal_ws/install/jackal_msgs/include/jackal_msgs/jackal_msgs/msg/detail/drive_feedback__struct.hpp
[3.525s] -- Installing: /home/arpg/jackal_ws/install/jackal_msgs/include/jackal_msgs/jackal_msgs/msg/detail/feedback__struct.hpp
[3.525s] -- Installing: /home/arpg/jackal_ws/install/jackal_msgs/include/jackal_msgs/jackal_msgs/msg/detail/power__traits.hpp
[3.525s] -- Installing: /home/arpg/jackal_ws/install/jackal_msgs/include/jackal_msgs/jackal_msgs/msg/detail/stop_status__builder.hpp
[3.525s] -- Installing: /home/arpg/jackal_ws/install/jackal_msgs/include/jackal_msgs/jackal_msgs/msg/stop_status.hpp
[3.525s] -- Installing: /home/arpg/jackal_ws/install/jackal_msgs/include/jackal_msgs/jackal_msgs/msg/power.hpp
[3.525s] -- Installing: /home/arpg/jackal_ws/install/jackal_msgs/include/jackal_msgs/jackal_msgs/msg/drive_feedback.hpp
[3.525s] -- Installing: /home/arpg/jackal_ws/install/jackal_msgs/include/jackal_msgs/jackal_msgs/msg/drive.hpp
[3.525s] -- Installing: /home/arpg/jackal_ws/install/jackal_msgs/include/jackal_msgs/jackal_msgs/msg/feedback.hpp
[3.525s] -- Installing: /home/arpg/jackal_ws/install/jackal_msgs/include/jackal_msgs/jackal_msgs/msg/status.hpp
[3.525s] -- Up-to-date: /home/arpg/jackal_ws/install/jackal_msgs/include/jackal_msgs/jackal_msgs
[3.525s] -- Up-to-date: /home/arpg/jackal_ws/install/jackal_msgs/include/jackal_msgs/jackal_msgs/srv
[3.525s] -- Up-to-date: /home/arpg/jackal_ws/install/jackal_msgs/include/jackal_msgs/jackal_msgs/srv/detail
[3.525s] -- Installing: /home/arpg/jackal_ws/install/jackal_msgs/include/jackal_msgs/jackal_msgs/srv/detail/set_domain_id__rosidl_typesupport_fastrtps_cpp.hpp
[3.525s] -- Installing: /home/arpg/jackal_ws/install/jackal_msgs/include/jackal_msgs/jackal_msgs/srv/detail/dds_fastrtps
[3.525s] -- Up-to-date: /home/arpg/jackal_ws/install/jackal_msgs/include/jackal_msgs/jackal_msgs/msg
[3.525s] -- Up-to-date: /home/arpg/jackal_ws/install/jackal_msgs/include/jackal_msgs/jackal_msgs/msg/detail
[3.525s] -- Installing: /home/arpg/jackal_ws/install/jackal_msgs/include/jackal_msgs/jackal_msgs/msg/detail/feedback__rosidl_typesupport_fastrtps_cpp.hpp
[3.525s] -- Installing: /home/arpg/jackal_ws/install/jackal_msgs/include/jackal_msgs/jackal_msgs/msg/detail/status__rosidl_typesupport_fastrtps_cpp.hpp
[3.526s] -- Installing: /home/arpg/jackal_ws/install/jackal_msgs/include/jackal_msgs/jackal_msgs/msg/detail/drive_feedback__rosidl_typesupport_fastrtps_cpp.hpp
[3.526s] -- Installing: /home/arpg/jackal_ws/install/jackal_msgs/include/jackal_msgs/jackal_msgs/msg/detail/power__rosidl_typesupport_fastrtps_cpp.hpp
[3.526s] -- Installing: /home/arpg/jackal_ws/install/jackal_msgs/include/jackal_msgs/jackal_msgs/msg/detail/stop_status__rosidl_typesupport_fastrtps_cpp.hpp
[3.526s] -- Installing: /home/arpg/jackal_ws/install/jackal_msgs/include/jackal_msgs/jackal_msgs/msg/detail/drive__rosidl_typesupport_fastrtps_cpp.hpp
[3.526s] -- Installing: /home/arpg/jackal_ws/install/jackal_msgs/include/jackal_msgs/jackal_msgs/msg/detail/dds_fastrtps
[3.526s] -- Installing: /home/arpg/jackal_ws/install/jackal_msgs/include/jackal_msgs/jackal_msgs/msg/rosidl_typesupport_fastrtps_cpp__visibility_control.h
[3.526s] -- Installing: /home/arpg/jackal_ws/install/jackal_msgs/lib/libjackal_msgs__rosidl_typesupport_fastrtps_cpp.so
[3.526s] -- Set runtime path of "/home/arpg/jackal_ws/install/jackal_msgs/lib/libjackal_msgs__rosidl_typesupport_fastrtps_cpp.so" to ""
[3.526s] -- Up-to-date: /home/arpg/jackal_ws/install/jackal_msgs/include/jackal_msgs/jackal_msgs
[3.526s] -- Up-to-date: /home/arpg/jackal_ws/install/jackal_msgs/include/jackal_msgs/jackal_msgs/srv
[3.526s] -- Up-to-date: /home/arpg/jackal_ws/install/jackal_msgs/include/jackal_msgs/jackal_msgs/srv/detail
[3.526s] -- Installing: /home/arpg/jackal_ws/install/jackal_msgs/include/jackal_msgs/jackal_msgs/srv/detail/set_domain_id__type_support.c
[3.526s] -- Installing: /home/arpg/jackal_ws/install/jackal_msgs/include/jackal_msgs/jackal_msgs/srv/detail/set_domain_id__rosidl_typesupport_introspection_c.h
[3.526s] -- Up-to-date: /home/arpg/jackal_ws/install/jackal_msgs/include/jackal_msgs/jackal_msgs/msg
[3.526s] -- Installing: /home/arpg/jackal_ws/install/jackal_msgs/include/jackal_msgs/jackal_msgs/msg/rosidl_typesupport_introspection_c__visibility_control.h
[3.526s] -- Up-to-date: /home/arpg/jackal_ws/install/jackal_msgs/include/jackal_msgs/jackal_msgs/msg/detail
[3.526s] -- Installing: /home/arpg/jackal_ws/install/jackal_msgs/include/jackal_msgs/jackal_msgs/msg/detail/status__rosidl_typesupport_introspection_c.h
[3.526s] -- Installing: /home/arpg/jackal_ws/install/jackal_msgs/include/jackal_msgs/jackal_msgs/msg/detail/power__rosidl_typesupport_introspection_c.h
[3.526s] -- Installing: /home/arpg/jackal_ws/install/jackal_msgs/include/jackal_msgs/jackal_msgs/msg/detail/drive__rosidl_typesupport_introspection_c.h
[3.526s] -- Installing: /home/arpg/jackal_ws/install/jackal_msgs/include/jackal_msgs/jackal_msgs/msg/detail/stop_status__type_support.c
[3.526s] -- Installing: /home/arpg/jackal_ws/install/jackal_msgs/include/jackal_msgs/jackal_msgs/msg/detail/feedback__rosidl_typesupport_introspection_c.h
[3.526s] -- Installing: /home/arpg/jackal_ws/install/jackal_msgs/include/jackal_msgs/jackal_msgs/msg/detail/feedback__type_support.c
[3.526s] -- Installing: /home/arpg/jackal_ws/install/jackal_msgs/include/jackal_msgs/jackal_msgs/msg/detail/drive__type_support.c
[3.526s] -- Installing: /home/arpg/jackal_ws/install/jackal_msgs/include/jackal_msgs/jackal_msgs/msg/detail/status__type_support.c
[3.526s] -- Installing: /home/arpg/jackal_ws/install/jackal_msgs/include/jackal_msgs/jackal_msgs/msg/detail/power__type_support.c
[3.526s] -- Installing: /home/arpg/jackal_ws/install/jackal_msgs/include/jackal_msgs/jackal_msgs/msg/detail/drive_feedback__rosidl_typesupport_introspection_c.h
[3.526s] -- Installing: /home/arpg/jackal_ws/install/jackal_msgs/include/jackal_msgs/jackal_msgs/msg/detail/drive_feedback__type_support.c
[3.526s] -- Installing: /home/arpg/jackal_ws/install/jackal_msgs/include/jackal_msgs/jackal_msgs/msg/detail/stop_status__rosidl_typesupport_introspection_c.h
[3.526s] -- Installing: /home/arpg/jackal_ws/install/jackal_msgs/lib/libjackal_msgs__rosidl_typesupport_introspection_c.so
[3.526s] -- Set runtime path of "/home/arpg/jackal_ws/install/jackal_msgs/lib/libjackal_msgs__rosidl_typesupport_introspection_c.so" to ""
[3.526s] -- Installing: /home/arpg/jackal_ws/install/jackal_msgs/lib/libjackal_msgs__rosidl_typesupport_c.so
[3.526s] -- Set runtime path of "/home/arpg/jackal_ws/install/jackal_msgs/lib/libjackal_msgs__rosidl_typesupport_c.so" to ""
[3.526s] -- Up-to-date: /home/arpg/jackal_ws/install/jackal_msgs/include/jackal_msgs/jackal_msgs
[3.526s] -- Up-to-date: /home/arpg/jackal_ws/install/jackal_msgs/include/jackal_msgs/jackal_msgs/srv
[3.526s] -- Up-to-date: /home/arpg/jackal_ws/install/jackal_msgs/include/jackal_msgs/jackal_msgs/srv/detail
[3.526s] -- Installing: /home/arpg/jackal_ws/install/jackal_msgs/include/jackal_msgs/jackal_msgs/srv/detail/set_domain_id__rosidl_typesupport_introspection_cpp.hpp
[3.526s] -- Installing: /home/arpg/jackal_ws/install/jackal_msgs/include/jackal_msgs/jackal_msgs/srv/detail/set_domain_id__type_support.cpp
[3.526s] -- Up-to-date: /home/arpg/jackal_ws/install/jackal_msgs/include/jackal_msgs/jackal_msgs/msg
[3.526s] -- Up-to-date: /home/arpg/jackal_ws/install/jackal_msgs/include/jackal_msgs/jackal_msgs/msg/detail
[3.526s] -- Installing: /home/arpg/jackal_ws/install/jackal_msgs/include/jackal_msgs/jackal_msgs/msg/detail/drive_feedback__type_support.cpp
[3.526s] -- Installing: /home/arpg/jackal_ws/install/jackal_msgs/include/jackal_msgs/jackal_msgs/msg/detail/drive__type_support.cpp
[3.526s] -- Installing: /home/arpg/jackal_ws/install/jackal_msgs/include/jackal_msgs/jackal_msgs/msg/detail/feedback__rosidl_typesupport_introspection_cpp.hpp
[3.526s] -- Installing: /home/arpg/jackal_ws/install/jackal_msgs/include/jackal_msgs/jackal_msgs/msg/detail/stop_status__type_support.cpp
[3.526s] -- Installing: /home/arpg/jackal_ws/install/jackal_msgs/include/jackal_msgs/jackal_msgs/msg/detail/stop_status__rosidl_typesupport_introspection_cpp.hpp
[3.526s] -- Installing: /home/arpg/jackal_ws/install/jackal_msgs/include/jackal_msgs/jackal_msgs/msg/detail/status__type_support.cpp
[3.526s] -- Installing: /home/arpg/jackal_ws/install/jackal_msgs/include/jackal_msgs/jackal_msgs/msg/detail/drive_feedback__rosidl_typesupport_introspection_cpp.hpp
[3.526s] -- Installing: /home/arpg/jackal_ws/install/jackal_msgs/include/jackal_msgs/jackal_msgs/msg/detail/drive__rosidl_typesupport_introspection_cpp.hpp
[3.526s] -- Installing: /home/arpg/jackal_ws/install/jackal_msgs/include/jackal_msgs/jackal_msgs/msg/detail/power__rosidl_typesupport_introspection_cpp.hpp
[3.527s] -- Installing: /home/arpg/jackal_ws/install/jackal_msgs/include/jackal_msgs/jackal_msgs/msg/detail/power__type_support.cpp
[3.527s] -- Installing: /home/arpg/jackal_ws/install/jackal_msgs/include/jackal_msgs/jackal_msgs/msg/detail/status__rosidl_typesupport_introspection_cpp.hpp
[3.527s] -- Installing: /home/arpg/jackal_ws/install/jackal_msgs/include/jackal_msgs/jackal_msgs/msg/detail/feedback__type_support.cpp
[3.527s] -- Installing: /home/arpg/jackal_ws/install/jackal_msgs/lib/libjackal_msgs__rosidl_typesupport_introspection_cpp.so
[3.527s] -- Set runtime path of "/home/arpg/jackal_ws/install/jackal_msgs/lib/libjackal_msgs__rosidl_typesupport_introspection_cpp.so" to ""
[3.527s] -- Installing: /home/arpg/jackal_ws/install/jackal_msgs/lib/libjackal_msgs__rosidl_typesupport_cpp.so
[3.527s] -- Set runtime path of "/home/arpg/jackal_ws/install/jackal_msgs/lib/libjackal_msgs__rosidl_typesupport_cpp.so" to ""
[3.527s] -- Installing: /home/arpg/jackal_ws/install/jackal_msgs/share/jackal_msgs/environment/pythonpath.sh
[3.527s] -- Installing: /home/arpg/jackal_ws/install/jackal_msgs/share/jackal_msgs/environment/pythonpath.dsv
[3.527s] -- Installing: /home/arpg/jackal_ws/install/jackal_msgs/local/lib/python3.10/dist-packages/jackal_msgs-1.0.4-py3.10.egg-info
[3.527s] -- Installing: /home/arpg/jackal_ws/install/jackal_msgs/local/lib/python3.10/dist-packages/jackal_msgs-1.0.4-py3.10.egg-info/PKG-INFO
[3.527s] -- Installing: /home/arpg/jackal_ws/install/jackal_msgs/local/lib/python3.10/dist-packages/jackal_msgs-1.0.4-py3.10.egg-info/SOURCES.txt
[3.527s] -- Installing: /home/arpg/jackal_ws/install/jackal_msgs/local/lib/python3.10/dist-packages/jackal_msgs-1.0.4-py3.10.egg-info/top_level.txt
[3.527s] -- Installing: /home/arpg/jackal_ws/install/jackal_msgs/local/lib/python3.10/dist-packages/jackal_msgs-1.0.4-py3.10.egg-info/dependency_links.txt
[3.527s] -- Installing: /home/arpg/jackal_ws/install/jackal_msgs/local/lib/python3.10/dist-packages/jackal_msgs
[3.527s] -- Installing: /home/arpg/jackal_ws/install/jackal_msgs/local/lib/python3.10/dist-packages/jackal_msgs/jackal_msgs_s__rosidl_typesupport_introspection_c.cpython-310-x86_64-linux-gnu.so
[3.527s] -- Installing: /home/arpg/jackal_ws/install/jackal_msgs/local/lib/python3.10/dist-packages/jackal_msgs/_jackal_msgs_s.ep.rosidl_typesupport_c.c
[3.527s] -- Installing: /home/arpg/jackal_ws/install/jackal_msgs/local/lib/python3.10/dist-packages/jackal_msgs/jackal_msgs_s__rosidl_typesupport_c.cpython-310-x86_64-linux-gnu.so
[3.527s] -- Installing: /home/arpg/jackal_ws/install/jackal_msgs/local/lib/python3.10/dist-packages/jackal_msgs/srv
[3.527s] -- Installing: /home/arpg/jackal_ws/install/jackal_msgs/local/lib/python3.10/dist-packages/jackal_msgs/srv/_set_domain_id.py
[3.527s] -- Installing: /home/arpg/jackal_ws/install/jackal_msgs/local/lib/python3.10/dist-packages/jackal_msgs/srv/_set_domain_id_s.c
[3.527s] -- Installing: /home/arpg/jackal_ws/install/jackal_msgs/local/lib/python3.10/dist-packages/jackal_msgs/srv/__init__.py
[3.527s] -- Installing: /home/arpg/jackal_ws/install/jackal_msgs/local/lib/python3.10/dist-packages/jackal_msgs/__init__.py
[3.527s] -- Installing: /home/arpg/jackal_ws/install/jackal_msgs/local/lib/python3.10/dist-packages/jackal_msgs/jackal_msgs_s__rosidl_typesupport_fastrtps_c.cpython-310-x86_64-linux-gnu.so
[3.527s] -- Installing: /home/arpg/jackal_ws/install/jackal_msgs/local/lib/python3.10/dist-packages/jackal_msgs/libjackal_msgs__rosidl_generator_py.so
[3.527s] -- Installing: /home/arpg/jackal_ws/install/jackal_msgs/local/lib/python3.10/dist-packages/jackal_msgs/msg
[3.527s] -- Installing: /home/arpg/jackal_ws/install/jackal_msgs/local/lib/python3.10/dist-packages/jackal_msgs/msg/_drive_feedback_s.c
[3.527s] -- Installing: /home/arpg/jackal_ws/install/jackal_msgs/local/lib/python3.10/dist-packages/jackal_msgs/msg/_drive.py
[3.527s] -- Installing: /home/arpg/jackal_ws/install/jackal_msgs/local/lib/python3.10/dist-packages/jackal_msgs/msg/_feedback.py
[3.527s] -- Installing: /home/arpg/jackal_ws/install/jackal_msgs/local/lib/python3.10/dist-packages/jackal_msgs/msg/_status_s.c
[3.527s] -- Installing: /home/arpg/jackal_ws/install/jackal_msgs/local/lib/python3.10/dist-packages/jackal_msgs/msg/_power_s.c
[3.527s] -- Installing: /home/arpg/jackal_ws/install/jackal_msgs/local/lib/python3.10/dist-packages/jackal_msgs/msg/_drive_feedback.py
[3.527s] -- Installing: /home/arpg/jackal_ws/install/jackal_msgs/local/lib/python3.10/dist-packages/jackal_msgs/msg/_drive_s.c
[3.527s] -- Installing: /home/arpg/jackal_ws/install/jackal_msgs/local/lib/python3.10/dist-packages/jackal_msgs/msg/_power.py
[3.527s] -- Installing: /home/arpg/jackal_ws/install/jackal_msgs/local/lib/python3.10/dist-packages/jackal_msgs/msg/_stop_status.py
[3.527s] -- Installing: /home/arpg/jackal_ws/install/jackal_msgs/local/lib/python3.10/dist-packages/jackal_msgs/msg/__init__.py
[3.527s] -- Installing: /home/arpg/jackal_ws/install/jackal_msgs/local/lib/python3.10/dist-packages/jackal_msgs/msg/_feedback_s.c
[3.527s] -- Installing: /home/arpg/jackal_ws/install/jackal_msgs/local/lib/python3.10/dist-packages/jackal_msgs/msg/_status.py
[3.527s] -- Installing: /home/arpg/jackal_ws/install/jackal_msgs/local/lib/python3.10/dist-packages/jackal_msgs/msg/_stop_status_s.c
[3.527s] -- Installing: /home/arpg/jackal_ws/install/jackal_msgs/local/lib/python3.10/dist-packages/jackal_msgs/_jackal_msgs_s.ep.rosidl_typesupport_introspection_c.c
[3.527s] -- Installing: /home/arpg/jackal_ws/install/jackal_msgs/local/lib/python3.10/dist-packages/jackal_msgs/_jackal_msgs_s.ep.rosidl_typesupport_fastrtps_c.c
[3.546s] Listing '/home/arpg/jackal_ws/install/jackal_msgs/local/lib/python3.10/dist-packages/jackal_msgs'...
[3.546s] Compiling '/home/arpg/jackal_ws/install/jackal_msgs/local/lib/python3.10/dist-packages/jackal_msgs/__init__.py'...
[3.546s] Listing '/home/arpg/jackal_ws/install/jackal_msgs/local/lib/python3.10/dist-packages/jackal_msgs/msg'...
[3.546s] Compiling '/home/arpg/jackal_ws/install/jackal_msgs/local/lib/python3.10/dist-packages/jackal_msgs/msg/__init__.py'...
[3.546s] Compiling '/home/arpg/jackal_ws/install/jackal_msgs/local/lib/python3.10/dist-packages/jackal_msgs/msg/_drive.py'...
[3.546s] Compiling '/home/arpg/jackal_ws/install/jackal_msgs/local/lib/python3.10/dist-packages/jackal_msgs/msg/_drive_feedback.py'...
[3.546s] Compiling '/home/arpg/jackal_ws/install/jackal_msgs/local/lib/python3.10/dist-packages/jackal_msgs/msg/_feedback.py'...
[3.546s] Compiling '/home/arpg/jackal_ws/install/jackal_msgs/local/lib/python3.10/dist-packages/jackal_msgs/msg/_power.py'...
[3.546s] Compiling '/home/arpg/jackal_ws/install/jackal_msgs/local/lib/python3.10/dist-packages/jackal_msgs/msg/_status.py'...
[3.546s] Compiling '/home/arpg/jackal_ws/install/jackal_msgs/local/lib/python3.10/dist-packages/jackal_msgs/msg/_stop_status.py'...
[3.546s] Listing '/home/arpg/jackal_ws/install/jackal_msgs/local/lib/python3.10/dist-packages/jackal_msgs/srv'...
[3.546s] Compiling '/home/arpg/jackal_ws/install/jackal_msgs/local/lib/python3.10/dist-packages/jackal_msgs/srv/__init__.py'...
[3.546s] Compiling '/home/arpg/jackal_ws/install/jackal_msgs/local/lib/python3.10/dist-packages/jackal_msgs/srv/_set_domain_id.py'...
[3.548s] -- Installing: /home/arpg/jackal_ws/install/jackal_msgs/local/lib/python3.10/dist-packages/jackal_msgs/jackal_msgs_s__rosidl_typesupport_fastrtps_c.cpython-310-x86_64-linux-gnu.so
[3.548s] -- Set runtime path of "/home/arpg/jackal_ws/install/jackal_msgs/local/lib/python3.10/dist-packages/jackal_msgs/jackal_msgs_s__rosidl_typesupport_fastrtps_c.cpython-310-x86_64-linux-gnu.so" to ""
[3.548s] -- Installing: /home/arpg/jackal_ws/install/jackal_msgs/local/lib/python3.10/dist-packages/jackal_msgs/jackal_msgs_s__rosidl_typesupport_introspection_c.cpython-310-x86_64-linux-gnu.so
[3.548s] -- Set runtime path of "/home/arpg/jackal_ws/install/jackal_msgs/local/lib/python3.10/dist-packages/jackal_msgs/jackal_msgs_s__rosidl_typesupport_introspection_c.cpython-310-x86_64-linux-gnu.so" to ""
[3.548s] -- Installing: /home/arpg/jackal_ws/install/jackal_msgs/local/lib/python3.10/dist-packages/jackal_msgs/jackal_msgs_s__rosidl_typesupport_c.cpython-310-x86_64-linux-gnu.so
[3.548s] -- Set runtime path of "/home/arpg/jackal_ws/install/jackal_msgs/local/lib/python3.10/dist-packages/jackal_msgs/jackal_msgs_s__rosidl_typesupport_c.cpython-310-x86_64-linux-gnu.so" to ""
[3.548s] -- Installing: /home/arpg/jackal_ws/install/jackal_msgs/lib/libjackal_msgs__rosidl_generator_py.so
[3.548s] -- Set runtime path of "/home/arpg/jackal_ws/install/jackal_msgs/lib/libjackal_msgs__rosidl_generator_py.so" to ""
[3.548s] -- Installing: /home/arpg/jackal_ws/install/jackal_msgs/share/jackal_msgs/msg/Drive.idl
[3.548s] -- Installing: /home/arpg/jackal_ws/install/jackal_msgs/share/jackal_msgs/msg/DriveFeedback.idl
[3.548s] -- Installing: /home/arpg/jackal_ws/install/jackal_msgs/share/jackal_msgs/msg/Feedback.idl
[3.548s] -- Installing: /home/arpg/jackal_ws/install/jackal_msgs/share/jackal_msgs/msg/Power.idl
[3.548s] -- Installing: /home/arpg/jackal_ws/install/jackal_msgs/share/jackal_msgs/msg/Status.idl
[3.549s] -- Installing: /home/arpg/jackal_ws/install/jackal_msgs/share/jackal_msgs/msg/StopStatus.idl
[3.549s] -- Installing: /home/arpg/jackal_ws/install/jackal_msgs/share/jackal_msgs/srv/SetDomainId.idl
[3.549s] -- Installing: /home/arpg/jackal_ws/install/jackal_msgs/share/jackal_msgs/msg/Drive.msg
[3.549s] -- Installing: /home/arpg/jackal_ws/install/jackal_msgs/share/jackal_msgs/msg/DriveFeedback.msg
[3.549s] -- Installing: /home/arpg/jackal_ws/install/jackal_msgs/share/jackal_msgs/msg/Feedback.msg
[3.549s] -- Installing: /home/arpg/jackal_ws/install/jackal_msgs/share/jackal_msgs/msg/Power.msg
[3.549s] -- Installing: /home/arpg/jackal_ws/install/jackal_msgs/share/jackal_msgs/msg/Status.msg
[3.549s] -- Installing: /home/arpg/jackal_ws/install/jackal_msgs/share/jackal_msgs/msg/StopStatus.msg
[3.549s] -- Installing: /home/arpg/jackal_ws/install/jackal_msgs/share/jackal_msgs/srv/SetDomainId.srv
[3.549s] -- Installing: /home/arpg/jackal_ws/install/jackal_msgs/share/jackal_msgs/srv/SetDomainId_Request.msg
[3.549s] -- Installing: /home/arpg/jackal_ws/install/jackal_msgs/share/jackal_msgs/srv/SetDomainId_Response.msg
[3.549s] -- Installing: /home/arpg/jackal_ws/install/jackal_msgs/share/ament_index/resource_index/package_run_dependencies/jackal_msgs
[3.549s] -- Installing: /home/arpg/jackal_ws/install/jackal_msgs/share/ament_index/resource_index/parent_prefix_path/jackal_msgs
[3.549s] -- Installing: /home/arpg/jackal_ws/install/jackal_msgs/share/jackal_msgs/environment/ament_prefix_path.sh
[3.549s] -- Installing: /home/arpg/jackal_ws/install/jackal_msgs/share/jackal_msgs/environment/ament_prefix_path.dsv
[3.549s] -- Installing: /home/arpg/jackal_ws/install/jackal_msgs/share/jackal_msgs/environment/path.sh
[3.549s] -- Installing: /home/arpg/jackal_ws/install/jackal_msgs/share/jackal_msgs/environment/path.dsv
[3.549s] -- Installing: /home/arpg/jackal_ws/install/jackal_msgs/share/jackal_msgs/local_setup.bash
[3.549s] -- Installing: /home/arpg/jackal_ws/install/jackal_msgs/share/jackal_msgs/local_setup.sh
[3.549s] -- Installing: /home/arpg/jackal_ws/install/jackal_msgs/share/jackal_msgs/local_setup.zsh
[3.549s] -- Installing: /home/arpg/jackal_ws/install/jackal_msgs/share/jackal_msgs/local_setup.dsv
[3.549s] -- Installing: /home/arpg/jackal_ws/install/jackal_msgs/share/jackal_msgs/package.dsv
[3.549s] -- Installing: /home/arpg/jackal_ws/install/jackal_msgs/share/ament_index/resource_index/packages/jackal_msgs
[3.549s] -- Installing: /home/arpg/jackal_ws/install/jackal_msgs/share/jackal_msgs/cmake/export_jackal_msgs__rosidl_generator_cExport.cmake
[3.549s] -- Installing: /home/arpg/jackal_ws/install/jackal_msgs/share/jackal_msgs/cmake/export_jackal_msgs__rosidl_generator_cExport-noconfig.cmake
[3.549s] -- Installing: /home/arpg/jackal_ws/install/jackal_msgs/share/jackal_msgs/cmake/export_jackal_msgs__rosidl_typesupport_fastrtps_cExport.cmake
[3.549s] -- Installing: /home/arpg/jackal_ws/install/jackal_msgs/share/jackal_msgs/cmake/export_jackal_msgs__rosidl_typesupport_fastrtps_cExport-noconfig.cmake
[3.549s] -- Installing: /home/arpg/jackal_ws/install/jackal_msgs/share/jackal_msgs/cmake/export_jackal_msgs__rosidl_generator_cppExport.cmake
[3.549s] -- Installing: /home/arpg/jackal_ws/install/jackal_msgs/share/jackal_msgs/cmake/export_jackal_msgs__rosidl_typesupport_fastrtps_cppExport.cmake
[3.550s] -- Installing: /home/arpg/jackal_ws/install/jackal_msgs/share/jackal_msgs/cmake/export_jackal_msgs__rosidl_typesupport_fastrtps_cppExport-noconfig.cmake
[3.550s] -- Installing: /home/arpg/jackal_ws/install/jackal_msgs/share/jackal_msgs/cmake/jackal_msgs__rosidl_typesupport_introspection_cExport.cmake
[3.550s] -- Installing: /home/arpg/jackal_ws/install/jackal_msgs/share/jackal_msgs/cmake/jackal_msgs__rosidl_typesupport_introspection_cExport-noconfig.cmake
[3.550s] -- Installing: /home/arpg/jackal_ws/install/jackal_msgs/share/jackal_msgs/cmake/jackal_msgs__rosidl_typesupport_cExport.cmake
[3.550s] -- Installing: /home/arpg/jackal_ws/install/jackal_msgs/share/jackal_msgs/cmake/jackal_msgs__rosidl_typesupport_cExport-noconfig.cmake
[3.550s] -- Installing: /home/arpg/jackal_ws/install/jackal_msgs/share/jackal_msgs/cmake/jackal_msgs__rosidl_typesupport_introspection_cppExport.cmake
[3.550s] -- Installing: /home/arpg/jackal_ws/install/jackal_msgs/share/jackal_msgs/cmake/jackal_msgs__rosidl_typesupport_introspection_cppExport-noconfig.cmake
[3.550s] -- Installing: /home/arpg/jackal_ws/install/jackal_msgs/share/jackal_msgs/cmake/jackal_msgs__rosidl_typesupport_cppExport.cmake
[3.550s] -- Installing: /home/arpg/jackal_ws/install/jackal_msgs/share/jackal_msgs/cmake/jackal_msgs__rosidl_typesupport_cppExport-noconfig.cmake
[3.550s] -- Installing: /home/arpg/jackal_ws/install/jackal_msgs/share/jackal_msgs/cmake/export_jackal_msgs__rosidl_generator_pyExport.cmake
[3.550s] -- Installing: /home/arpg/jackal_ws/install/jackal_msgs/share/jackal_msgs/cmake/export_jackal_msgs__rosidl_generator_pyExport-noconfig.cmake
[3.550s] -- Installing: /home/arpg/jackal_ws/install/jackal_msgs/share/jackal_msgs/cmake/rosidl_cmake-extras.cmake
[3.550s] -- Installing: /home/arpg/jackal_ws/install/jackal_msgs/share/jackal_msgs/cmake/ament_cmake_export_dependencies-extras.cmake
[3.550s] -- Installing: /home/arpg/jackal_ws/install/jackal_msgs/share/jackal_msgs/cmake/ament_cmake_export_include_directories-extras.cmake
[3.550s] -- Installing: /home/arpg/jackal_ws/install/jackal_msgs/share/jackal_msgs/cmake/ament_cmake_export_libraries-extras.cmake
[3.550s] -- Installing: /home/arpg/jackal_ws/install/jackal_msgs/share/jackal_msgs/cmake/ament_cmake_export_targets-extras.cmake
[3.550s] -- Installing: /home/arpg/jackal_ws/install/jackal_msgs/share/jackal_msgs/cmake/rosidl_cmake_export_typesupport_targets-extras.cmake
[3.550s] -- Installing: /home/arpg/jackal_ws/install/jackal_msgs/share/jackal_msgs/cmake/rosidl_cmake_export_typesupport_libraries-extras.cmake
[3.550s] -- Installing: /home/arpg/jackal_ws/install/jackal_msgs/share/jackal_msgs/cmake/jackal_msgsConfig.cmake
[3.550s] -- Installing: /home/arpg/jackal_ws/install/jackal_msgs/share/jackal_msgs/cmake/jackal_msgsConfig-version.cmake
[3.550s] -- Installing: /home/arpg/jackal_ws/install/jackal_msgs/share/jackal_msgs/package.xml
[3.551s] Invoked command in '/home/arpg/jackal_ws/build/jackal_msgs' returned '0': CMAKE_PREFIX_PATH=/opt/ros/humble /usr/bin/cmake --install /home/arpg/jackal_ws/build/jackal_msgs
