[0.134s] Invoking command in '/home/arpg/jackal_ws/build/jackal_description': CMAKE_PREFIX_PATH=${CMAKE_PREFIX_PATH}:/home/arpg/jackal_ws/install/wireless_watcher:/opt/ros/humble /usr/bin/cmake /home/arpg/jackal_ws/src/jackal/jackal_description -DCMAKE_INSTALL_PREFIX=/home/arpg/jackal_ws/install/jackal_description
[0.163s] -- The C compiler identification is GNU 11.4.0
[0.189s] -- The CXX compiler identification is GNU 11.4.0
[0.193s] -- Detecting C compiler ABI info
[0.226s] -- Detecting C compiler ABI info - done
[0.229s] -- Check for working C compiler: /usr/bin/cc - skipped
[0.230s] -- Detecting C compile features
[0.230s] -- Detecting C compile features - done
[0.231s] -- Detecting CXX compiler ABI info
[0.268s] -- Detecting CXX compiler ABI info - done
[0.271s] -- Check for working CXX compiler: /usr/bin/c++ - skipped
[0.272s] -- Detecting CXX compile features
[0.272s] -- Detecting CXX compile features - done
[0.273s] -- Found ament_cmake: 1.3.5 (/opt/ros/humble/share/ament_cmake/cmake)
[0.355s] -- Found Python3: /usr/bin/python3.10 (found version "3.10.12") found components: Interpreter 
[0.399s] -- Found urdf: 2.6.0 (/opt/ros/humble/share/urdf/cmake)
[0.454s] -- Configuring done
[0.456s] -- Generating done
[0.456s] -- Build files have been written to: /home/arpg/jackal_ws/build/jackal_description
[0.458s] Invoked command in '/home/arpg/jackal_ws/build/jackal_description' returned '0': CMAKE_PREFIX_PATH=${CMAKE_PREFIX_PATH}:/home/arpg/jackal_ws/install/wireless_watcher:/opt/ros/humble /usr/bin/cmake /home/arpg/jackal_ws/src/jackal/jackal_description -DCMAKE_INSTALL_PREFIX=/home/arpg/jackal_ws/install/jackal_description
[0.459s] Invoking command in '/home/arpg/jackal_ws/build/jackal_description': CMAKE_PREFIX_PATH=${CMAKE_PREFIX_PATH}:/home/arpg/jackal_ws/install/wireless_watcher:/opt/ros/humble /usr/bin/cmake --build /home/arpg/jackal_ws/build/jackal_description -- -j32 -l32
[0.474s] Invoked command in '/home/arpg/jackal_ws/build/jackal_description' returned '0': CMAKE_PREFIX_PATH=${CMAKE_PREFIX_PATH}:/home/arpg/jackal_ws/install/wireless_watcher:/opt/ros/humble /usr/bin/cmake --build /home/arpg/jackal_ws/build/jackal_description -- -j32 -l32
[0.483s] Invoking command in '/home/arpg/jackal_ws/build/jackal_description': CMAKE_PREFIX_PATH=${CMAKE_PREFIX_PATH}:/home/arpg/jackal_ws/install/wireless_watcher:/opt/ros/humble /usr/bin/cmake --install /home/arpg/jackal_ws/build/jackal_description
[0.493s] -- Install configuration: ""
[0.493s] -- Up-to-date: /home/arpg/jackal_ws/install/jackal_description/share/jackal_description/launch
[0.493s] -- Installing: /home/arpg/jackal_ws/install/jackal_description/share/jackal_description/launch/description.launch.py
[0.493s] -- Up-to-date: /home/arpg/jackal_ws/install/jackal_description/share/jackal_description/meshes
[0.493s] -- Installing: /home/arpg/jackal_ws/install/jackal_description/share/jackal_description/meshes/jackal-fender.stl
[0.493s] -- Installing: /home/arpg/jackal_ws/install/jackal_description/share/jackal_description/meshes/bridge-plate.stl
[0.494s] -- Installing: /home/arpg/jackal_ws/install/jackal_description/share/jackal_description/meshes/camera-beam.stl
[0.494s] -- Installing: /home/arpg/jackal_ws/install/jackal_description/share/jackal_description/meshes/jackal-base.stl
[0.494s] -- Installing: /home/arpg/jackal_ws/install/jackal_description/share/jackal_description/meshes/camera-bracket.stl
[0.494s] -- Installing: /home/arpg/jackal_ws/install/jackal_description/share/jackal_description/meshes/accessory_fender.stl
[0.495s] -- Installing: /home/arpg/jackal_ws/install/jackal_description/share/jackal_description/meshes/ark_enclosure.stl
[0.495s] -- Installing: /home/arpg/jackal_ws/install/jackal_description/share/jackal_description/meshes/novatel-smart7.stl
[0.495s] -- Installing: /home/arpg/jackal_ws/install/jackal_description/share/jackal_description/meshes/kinect_mount.stl
[0.495s] -- Installing: /home/arpg/jackal_ws/install/jackal_description/share/jackal_description/meshes/hokuyo_ust10.stl
[0.495s] -- Installing: /home/arpg/jackal_ws/install/jackal_description/share/jackal_description/meshes/jackal-fenders.stl
[0.495s] -- Installing: /home/arpg/jackal_ws/install/jackal_description/share/jackal_description/meshes/stereo-camera-bracket.stl
[0.495s] -- Installing: /home/arpg/jackal_ws/install/jackal_description/share/jackal_description/meshes/jackal-wheel.stl
[0.495s] -- Installing: /home/arpg/jackal_ws/install/jackal_description/share/jackal_description/meshes/stereo-camera-beam.stl
[0.495s] -- Installing: /home/arpg/jackal_ws/install/jackal_description/share/jackal_description/meshes/novatel-smart6.stl
[0.495s] -- Installing: /home/arpg/jackal_ws/install/jackal_description/share/jackal_description/meshes/sick-lms1xx-bracket.stl
[0.495s] -- Up-to-date: /home/arpg/jackal_ws/install/jackal_description/share/jackal_description/urdf
[0.495s] -- Installing: /home/arpg/jackal_ws/install/jackal_description/share/jackal_description/urdf/custom_example.urdf
[0.495s] -- Installing: /home/arpg/jackal_ws/install/jackal_description/share/jackal_description/urdf/empty.urdf
[0.495s] -- Installing: /home/arpg/jackal_ws/install/jackal_description/share/jackal_description/urdf/accessories.urdf.xacro
[0.495s] -- Up-to-date: /home/arpg/jackal_ws/install/jackal_description/share/jackal_description/urdf/accessories
[0.495s] -- Installing: /home/arpg/jackal_ws/install/jackal_description/share/jackal_description/urdf/accessories/hokuyo_ust10.urdf.xacro
[0.495s] -- Installing: /home/arpg/jackal_ws/install/jackal_description/share/jackal_description/urdf/accessories/camera_mount.urdf.xacro
[0.495s] -- Installing: /home/arpg/jackal_ws/install/jackal_description/share/jackal_description/urdf/accessories/standoffs.urdf.xacro
[0.495s] -- Installing: /home/arpg/jackal_ws/install/jackal_description/share/jackal_description/urdf/accessories/hdl32_mount.urdf.xacro
[0.495s] -- Installing: /home/arpg/jackal_ws/install/jackal_description/share/jackal_description/urdf/accessories/sick_lms1xx_mount.urdf.xacro
[0.495s] -- Installing: /home/arpg/jackal_ws/install/jackal_description/share/jackal_description/urdf/accessories/stereo_camera_mount.urdf.xacro
[0.495s] -- Installing: /home/arpg/jackal_ws/install/jackal_description/share/jackal_description/urdf/accessories/bridge_plate.urdf.xacro
[0.495s] -- Installing: /home/arpg/jackal_ws/install/jackal_description/share/jackal_description/urdf/accessories/vlp16_mount.urdf.xacro
[0.495s] -- Installing: /home/arpg/jackal_ws/install/jackal_description/share/jackal_description/urdf/accessories/novatel_smart7.urdf.xacro
[0.496s] -- Installing: /home/arpg/jackal_ws/install/jackal_description/share/jackal_description/urdf/accessories/novatel_smart6.urdf.xacro
[0.496s] -- Installing: /home/arpg/jackal_ws/install/jackal_description/share/jackal_description/urdf/jackal.urdf.xacro
[0.496s] -- Installing: /home/arpg/jackal_ws/install/jackal_description/share/jackal_description/urdf/jackal.gazebo
[0.496s] -- Installing: /home/arpg/jackal_ws/install/jackal_description/share/ament_index/resource_index/package_run_dependencies/jackal_description
[0.496s] -- Installing: /home/arpg/jackal_ws/install/jackal_description/share/ament_index/resource_index/parent_prefix_path/jackal_description
[0.496s] -- Installing: /home/arpg/jackal_ws/install/jackal_description/share/jackal_description/environment/ament_prefix_path.sh
[0.496s] -- Installing: /home/arpg/jackal_ws/install/jackal_description/share/jackal_description/environment/ament_prefix_path.dsv
[0.496s] -- Installing: /home/arpg/jackal_ws/install/jackal_description/share/jackal_description/environment/path.sh
[0.496s] -- Installing: /home/arpg/jackal_ws/install/jackal_description/share/jackal_description/environment/path.dsv
[0.496s] -- Installing: /home/arpg/jackal_ws/install/jackal_description/share/jackal_description/local_setup.bash
[0.496s] -- Installing: /home/arpg/jackal_ws/install/jackal_description/share/jackal_description/local_setup.sh
[0.496s] -- Installing: /home/arpg/jackal_ws/install/jackal_description/share/jackal_description/local_setup.zsh
[0.496s] -- Installing: /home/arpg/jackal_ws/install/jackal_description/share/jackal_description/local_setup.dsv
[0.496s] -- Installing: /home/arpg/jackal_ws/install/jackal_description/share/jackal_description/package.dsv
[0.496s] -- Installing: /home/arpg/jackal_ws/install/jackal_description/share/ament_index/resource_index/packages/jackal_description
[0.496s] -- Installing: /home/arpg/jackal_ws/install/jackal_description/share/jackal_description/cmake/ament_cmake_export_dependencies-extras.cmake
[0.496s] -- Installing: /home/arpg/jackal_ws/install/jackal_description/share/jackal_description/cmake/jackal_descriptionConfig.cmake
[0.496s] -- Installing: /home/arpg/jackal_ws/install/jackal_description/share/jackal_description/cmake/jackal_descriptionConfig-version.cmake
[0.496s] -- Installing: /home/arpg/jackal_ws/install/jackal_description/share/jackal_description/package.xml
[0.519s] Invoked command in '/home/arpg/jackal_ws/build/jackal_description' returned '0': CMAKE_PREFIX_PATH=${CMAKE_PREFIX_PATH}:/home/arpg/jackal_ws/install/wireless_watcher:/opt/ros/humble /usr/bin/cmake --install /home/arpg/jackal_ws/build/jackal_description
