-- Found ament_cmake: 1.3.5 (/opt/ros/humble/share/ament_cmake/cmake)
-- Found controller_interface: 2.32.0 (/opt/ros/humble/share/controller_interface/cmake)
-- Found rosidl_generator_c: 3.1.5 (/opt/ros/humble/share/rosidl_generator_c/cmake)
-- Found rosidl_adapter: 3.1.5 (/opt/ros/humble/share/rosidl_adapter/cmake)
-- Found rosidl_generator_cpp: 3.1.5 (/opt/ros/humble/share/rosidl_generator_cpp/cmake)
-- Using all available rosidl_typesupport_c: rosidl_typesupport_fastrtps_c;rosidl_typesupport_introspection_c
-- Using all available rosidl_typesupport_cpp: rosidl_typesupport_fastrtps_cpp;rosidl_typesupport_introspection_cpp
-- Found rmw_implementation_cmake: 6.1.1 (/opt/ros/humble/share/rmw_implementation_cmake/cmake)
-- Found rmw_fastrtps_cpp: 6.2.4 (/opt/ros/humble/share/rmw_fastrtps_cpp/cmake)
-- Using RMW implementation 'rmw_fastrtps_cpp' as default
-- Found controller_manager: 2.32.0 (/opt/ros/humble/share/controller_manager/cmake)
-- Found rclpy: 3.3.10 (/opt/ros/humble/share/rclpy/cmake)
-- Found jackal_msgs: 1.0.4 (/home/arpg/jackal_ws/install/jackal_msgs/share/jackal_msgs/cmake)
-- Found nav_msgs: 4.2.3 (/opt/ros/humble/share/nav_msgs/cmake)
-- Found std_srvs: 4.2.3 (/opt/ros/humble/share/std_srvs/cmake)
-- Found tf2: 0.25.4 (/opt/ros/humble/share/tf2/cmake)
-- Found tf2_ros: 0.25.4 (/opt/ros/humble/share/tf2_ros/cmake)
-- Configuring done
-- Generating done
-- Build files have been written to: /home/arpg/jackal_ws/build/jackal_robot
[35m[1mConsolidate compiler generated dependencies of target jackal_hardware[0m
[  0%] Built target ament_cmake_python_copy_jackal_robot
[ 33%] [32m[1mLinking CXX shared library libjackal_hardware.so[0m
running egg_info
writing jackal_robot.egg-info/PKG-INFO
writing dependency_links to jackal_robot.egg-info/dependency_links.txt
writing top-level names to jackal_robot.egg-info/top_level.txt
reading manifest file 'jackal_robot.egg-info/SOURCES.txt'
writing manifest file 'jackal_robot.egg-info/SOURCES.txt'
[ 33%] Built target ament_cmake_python_build_jackal_robot_egg
[100%] Built target jackal_hardware
-- Install configuration: ""
-- Installing: /home/arpg/jackal_ws/install/jackal_robot/share/jackal_robot/jackal_hardware.xml
-- Installing: /home/arpg/jackal_ws/install/jackal_robot/share/jackal_robot/environment/pythonpath.sh
-- Installing: /home/arpg/jackal_ws/install/jackal_robot/share/jackal_robot/environment/pythonpath.dsv
-- Up-to-date: /home/arpg/jackal_ws/install/jackal_robot/local/lib/python3.10/dist-packages/jackal_robot-1.0.1-py3.10.egg-info
-- Installing: /home/arpg/jackal_ws/install/jackal_robot/local/lib/python3.10/dist-packages/jackal_robot-1.0.1-py3.10.egg-info/PKG-INFO
-- Installing: /home/arpg/jackal_ws/install/jackal_robot/local/lib/python3.10/dist-packages/jackal_robot-1.0.1-py3.10.egg-info/SOURCES.txt
-- Installing: /home/arpg/jackal_ws/install/jackal_robot/local/lib/python3.10/dist-packages/jackal_robot-1.0.1-py3.10.egg-info/top_level.txt
-- Installing: /home/arpg/jackal_ws/install/jackal_robot/local/lib/python3.10/dist-packages/jackal_robot-1.0.1-py3.10.egg-info/dependency_links.txt
-- Up-to-date: /home/arpg/jackal_ws/install/jackal_robot/local/lib/python3.10/dist-packages/jackal_robot
-- Installing: /home/arpg/jackal_ws/install/jackal_robot/local/lib/python3.10/dist-packages/jackal_robot/diagnostics_updater
-- Installing: /home/arpg/jackal_ws/install/jackal_robot/local/lib/python3.10/dist-packages/jackal_robot/__init__.py
Listing '/home/arpg/jackal_ws/install/jackal_robot/local/lib/python3.10/dist-packages/jackal_robot'...
-- Installing: /home/arpg/jackal_ws/install/jackal_robot/lib/libjackal_hardware.so
-- Set runtime path of "/home/arpg/jackal_ws/install/jackal_robot/lib/libjackal_hardware.so" to ""
-- Up-to-date: /home/arpg/jackal_ws/install/jackal_robot/include
-- Up-to-date: /home/arpg/jackal_ws/install/jackal_robot/include/jackal_hardware
-- Installing: /home/arpg/jackal_ws/install/jackal_robot/include/jackal_hardware/jackal_hardware_interface.hpp
-- Installing: /home/arpg/jackal_ws/install/jackal_robot/include/jackal_hardware/jackal_hardware.hpp
-- Up-to-date: /home/arpg/jackal_ws/install/jackal_robot/share/jackal_robot/launch
-- Installing: /home/arpg/jackal_ws/install/jackal_robot/share/jackal_robot/launch/accessories.launch.py
-- Up-to-date: /home/arpg/jackal_ws/install/jackal_robot/share/jackal_robot/launch/.bringup.launch.py.swp
-- Installing: /home/arpg/jackal_ws/install/jackal_robot/share/jackal_robot/launch/diagnostics.launch.py
-- Installing: /home/arpg/jackal_ws/install/jackal_robot/share/jackal_robot/launch/bringup.launch.py
-- Up-to-date: /home/arpg/jackal_ws/install/jackal_robot/share/jackal_robot/config
-- Installing: /home/arpg/jackal_ws/install/jackal_robot/share/jackal_robot/config/diagnostics.yaml
-- Installing: /home/arpg/jackal_ws/install/jackal_robot/lib/jackal_robot/install
-- Installing: /home/arpg/jackal_ws/install/jackal_robot/lib/jackal_robot/uninstall
-- Installing: /home/arpg/jackal_ws/install/jackal_robot/lib/jackal_robot/diagnostics_updater
-- Installing: /home/arpg/jackal_ws/install/jackal_robot/share/jackal_robot/environment/library_path.sh
-- Installing: /home/arpg/jackal_ws/install/jackal_robot/share/jackal_robot/environment/library_path.dsv
-- Installing: /home/arpg/jackal_ws/install/jackal_robot/share/ament_index/resource_index/package_run_dependencies/jackal_robot
-- Installing: /home/arpg/jackal_ws/install/jackal_robot/share/ament_index/resource_index/parent_prefix_path/jackal_robot
-- Installing: /home/arpg/jackal_ws/install/jackal_robot/share/jackal_robot/environment/ament_prefix_path.sh
-- Installing: /home/arpg/jackal_ws/install/jackal_robot/share/jackal_robot/environment/ament_prefix_path.dsv
-- Installing: /home/arpg/jackal_ws/install/jackal_robot/share/jackal_robot/environment/path.sh
-- Installing: /home/arpg/jackal_ws/install/jackal_robot/share/jackal_robot/environment/path.dsv
-- Installing: /home/arpg/jackal_ws/install/jackal_robot/share/jackal_robot/local_setup.bash
-- Installing: /home/arpg/jackal_ws/install/jackal_robot/share/jackal_robot/local_setup.sh
-- Installing: /home/arpg/jackal_ws/install/jackal_robot/share/jackal_robot/local_setup.zsh
-- Installing: /home/arpg/jackal_ws/install/jackal_robot/share/jackal_robot/local_setup.dsv
-- Installing: /home/arpg/jackal_ws/install/jackal_robot/share/jackal_robot/package.dsv
-- Installing: /home/arpg/jackal_ws/install/jackal_robot/share/ament_index/resource_index/packages/jackal_robot
-- Installing: /home/arpg/jackal_ws/install/jackal_robot/share/ament_index/resource_index/hardware_interface__pluginlib__plugin/jackal_robot
-- Installing: /home/arpg/jackal_ws/install/jackal_robot/share/jackal_robot/cmake/ament_cmake_export_include_directories-extras.cmake
-- Installing: /home/arpg/jackal_ws/install/jackal_robot/share/jackal_robot/cmake/ament_cmake_export_libraries-extras.cmake
-- Installing: /home/arpg/jackal_ws/install/jackal_robot/share/jackal_robot/cmake/ament_cmake_export_dependencies-extras.cmake
-- Installing: /home/arpg/jackal_ws/install/jackal_robot/share/jackal_robot/cmake/jackal_robotConfig.cmake
-- Installing: /home/arpg/jackal_ws/install/jackal_robot/share/jackal_robot/cmake/jackal_robotConfig-version.cmake
-- Installing: /home/arpg/jackal_ws/install/jackal_robot/share/jackal_robot/package.xml
