[0.028s] Invoking command in '/home/arpg/jackal_ws/build/jackal_robot': AMENT_PREFIX_PATH=/home/arpg/jackal_ws/install/wireless_watcher:/home/arpg/jackal_ws/install/jackal_robot:/home/arpg/jackal_ws/install/wireless_msgs:/home/arpg/jackal_ws/install/micro_ros_setup:/home/arpg/jackal_ws/install/micro_ros_agent:/home/arpg/jackal_ws/install/micro_ros_msgs:/home/arpg/jackal_ws/install/jackal_navigation:/home/arpg/jackal_ws/install/jackal_msgs:/home/arpg/jackal_ws/install/jackal_control:/home/arpg/jackal_ws/install/jackal_description:/opt/ros/humble CMAKE_PREFIX_PATH=/home/arpg/jackal_ws/install/micro_ros_agent:/home/arpg/jackal_ws/install/jackal_control:/home/arpg/jackal_ws/install/wireless_msgs:/home/arpg/jackal_ws/install/micro_ros_msgs:/home/arpg/jackal_ws/install/jackal_msgs:/home/arpg/jackal_ws/install/jackal_description:/home/arpg/jackal_ws/install/jackal_robot:/home/arpg/jackal_ws/install/micro_ros_setup:/home/arpg/jackal_ws/install/jackal_navigation:/home/arpg/jackal_ws/install/wireless_watcher:/opt/ros/humble LD_LIBRARY_PATH=/home/arpg/jackal_ws/install/micro_ros_agent/lib:/home/arpg/jackal_ws/install/wireless_msgs/lib:/home/arpg/jackal_ws/install/micro_ros_msgs/lib:/home/arpg/jackal_ws/install/jackal_msgs/lib:/home/arpg/jackal_ws/install/jackal_robot/lib:/usr/lib/x86_64-linux-gnu/gazebo-11/plugins:/opt/ros/humble/opt/rviz_ogre_vendor/lib:/opt/ros/humble/lib/x86_64-linux-gnu:/opt/ros/humble/lib PYTHONPATH=/home/arpg/jackal_ws/install/wireless_watcher/lib/python3.10/site-packages:/home/arpg/jackal_ws/install/jackal_robot/local/lib/python3.10/dist-packages:/home/arpg/jackal_ws/install/wireless_msgs/local/lib/python3.10/dist-packages:/home/arpg/jackal_ws/install/micro_ros_msgs/local/lib/python3.10/dist-packages:/home/arpg/jackal_ws/install/jackal_msgs/local/lib/python3.10/dist-packages:/opt/ros/humble/lib/python3.10/site-packages:/opt/ros/humble/local/lib/python3.10/dist-packages /usr/bin/cmake --build /home/arpg/jackal_ws/build/jackal_robot -- -j32 -l32
[0.040s] -- Found ament_cmake: 1.3.5 (/opt/ros/humble/share/ament_cmake/cmake)
[0.112s] -- Found controller_interface: 2.32.0 (/opt/ros/humble/share/controller_interface/cmake)
[0.130s] -- Found rosidl_generator_c: 3.1.5 (/opt/ros/humble/share/rosidl_generator_c/cmake)
[0.131s] -- Found rosidl_adapter: 3.1.5 (/opt/ros/humble/share/rosidl_adapter/cmake)
[0.133s] -- Found rosidl_generator_cpp: 3.1.5 (/opt/ros/humble/share/rosidl_generator_cpp/cmake)
[0.139s] -- Using all available rosidl_typesupport_c: rosidl_typesupport_fastrtps_c;rosidl_typesupport_introspection_c
[0.147s] -- Using all available rosidl_typesupport_cpp: rosidl_typesupport_fastrtps_cpp;rosidl_typesupport_introspection_cpp
[0.439s] -- Found rmw_implementation_cmake: 6.1.1 (/opt/ros/humble/share/rmw_implementation_cmake/cmake)
[0.440s] -- Found rmw_fastrtps_cpp: 6.2.4 (/opt/ros/humble/share/rmw_fastrtps_cpp/cmake)
[0.495s] -- Using RMW implementation 'rmw_fastrtps_cpp' as default
[0.615s] -- Found controller_manager: 2.32.0 (/opt/ros/humble/share/controller_manager/cmake)
[0.746s] -- Found rclpy: 3.3.10 (/opt/ros/humble/share/rclpy/cmake)
[0.746s] -- Found jackal_msgs: 1.0.4 (/home/arpg/jackal_ws/install/jackal_msgs/share/jackal_msgs/cmake)
[0.771s] -- Found nav_msgs: 4.2.3 (/opt/ros/humble/share/nav_msgs/cmake)
[0.808s] -- Found std_srvs: 4.2.3 (/opt/ros/humble/share/std_srvs/cmake)
[0.815s] -- Found tf2: 0.25.4 (/opt/ros/humble/share/tf2/cmake)
[0.818s] -- Found tf2_ros: 0.25.4 (/opt/ros/humble/share/tf2_ros/cmake)
[1.005s] -- Configuring done
[1.025s] -- Generating done
[1.026s] -- Build files have been written to: /home/arpg/jackal_ws/build/jackal_robot
[1.041s] [35m[1mConsolidate compiler generated dependencies of target jackal_hardware[0m
[1.049s] [  0%] Built target ament_cmake_python_copy_jackal_robot
[1.058s] [ 33%] [32m[1mLinking CXX shared library libjackal_hardware.so[0m
[1.156s] running egg_info
[1.157s] writing jackal_robot.egg-info/PKG-INFO
[1.157s] writing dependency_links to jackal_robot.egg-info/dependency_links.txt
[1.157s] writing top-level names to jackal_robot.egg-info/top_level.txt
[1.158s] reading manifest file 'jackal_robot.egg-info/SOURCES.txt'
[1.158s] writing manifest file 'jackal_robot.egg-info/SOURCES.txt'
[1.169s] [ 33%] Built target ament_cmake_python_build_jackal_robot_egg
[1.303s] [100%] Built target jackal_hardware
[1.308s] Invoked command in '/home/arpg/jackal_ws/build/jackal_robot' returned '0': AMENT_PREFIX_PATH=/home/arpg/jackal_ws/install/wireless_watcher:/home/arpg/jackal_ws/install/jackal_robot:/home/arpg/jackal_ws/install/wireless_msgs:/home/arpg/jackal_ws/install/micro_ros_setup:/home/arpg/jackal_ws/install/micro_ros_agent:/home/arpg/jackal_ws/install/micro_ros_msgs:/home/arpg/jackal_ws/install/jackal_navigation:/home/arpg/jackal_ws/install/jackal_msgs:/home/arpg/jackal_ws/install/jackal_control:/home/arpg/jackal_ws/install/jackal_description:/opt/ros/humble CMAKE_PREFIX_PATH=/home/arpg/jackal_ws/install/micro_ros_agent:/home/arpg/jackal_ws/install/jackal_control:/home/arpg/jackal_ws/install/wireless_msgs:/home/arpg/jackal_ws/install/micro_ros_msgs:/home/arpg/jackal_ws/install/jackal_msgs:/home/arpg/jackal_ws/install/jackal_description:/home/arpg/jackal_ws/install/jackal_robot:/home/arpg/jackal_ws/install/micro_ros_setup:/home/arpg/jackal_ws/install/jackal_navigation:/home/arpg/jackal_ws/install/wireless_watcher:/opt/ros/humble LD_LIBRARY_PATH=/home/arpg/jackal_ws/install/micro_ros_agent/lib:/home/arpg/jackal_ws/install/wireless_msgs/lib:/home/arpg/jackal_ws/install/micro_ros_msgs/lib:/home/arpg/jackal_ws/install/jackal_msgs/lib:/home/arpg/jackal_ws/install/jackal_robot/lib:/usr/lib/x86_64-linux-gnu/gazebo-11/plugins:/opt/ros/humble/opt/rviz_ogre_vendor/lib:/opt/ros/humble/lib/x86_64-linux-gnu:/opt/ros/humble/lib PYTHONPATH=/home/arpg/jackal_ws/install/wireless_watcher/lib/python3.10/site-packages:/home/arpg/jackal_ws/install/jackal_robot/local/lib/python3.10/dist-packages:/home/arpg/jackal_ws/install/wireless_msgs/local/lib/python3.10/dist-packages:/home/arpg/jackal_ws/install/micro_ros_msgs/local/lib/python3.10/dist-packages:/home/arpg/jackal_ws/install/jackal_msgs/local/lib/python3.10/dist-packages:/opt/ros/humble/lib/python3.10/site-packages:/opt/ros/humble/local/lib/python3.10/dist-packages /usr/bin/cmake --build /home/arpg/jackal_ws/build/jackal_robot -- -j32 -l32
[1.321s] Invoking command in '/home/arpg/jackal_ws/build/jackal_robot': AMENT_PREFIX_PATH=/home/arpg/jackal_ws/install/wireless_watcher:/home/arpg/jackal_ws/install/jackal_robot:/home/arpg/jackal_ws/install/wireless_msgs:/home/arpg/jackal_ws/install/micro_ros_setup:/home/arpg/jackal_ws/install/micro_ros_agent:/home/arpg/jackal_ws/install/micro_ros_msgs:/home/arpg/jackal_ws/install/jackal_navigation:/home/arpg/jackal_ws/install/jackal_msgs:/home/arpg/jackal_ws/install/jackal_control:/home/arpg/jackal_ws/install/jackal_description:/opt/ros/humble CMAKE_PREFIX_PATH=/home/arpg/jackal_ws/install/micro_ros_agent:/home/arpg/jackal_ws/install/jackal_control:/home/arpg/jackal_ws/install/wireless_msgs:/home/arpg/jackal_ws/install/micro_ros_msgs:/home/arpg/jackal_ws/install/jackal_msgs:/home/arpg/jackal_ws/install/jackal_description:/home/arpg/jackal_ws/install/jackal_robot:/home/arpg/jackal_ws/install/micro_ros_setup:/home/arpg/jackal_ws/install/jackal_navigation:/home/arpg/jackal_ws/install/wireless_watcher:/opt/ros/humble LD_LIBRARY_PATH=/home/arpg/jackal_ws/install/micro_ros_agent/lib:/home/arpg/jackal_ws/install/wireless_msgs/lib:/home/arpg/jackal_ws/install/micro_ros_msgs/lib:/home/arpg/jackal_ws/install/jackal_msgs/lib:/home/arpg/jackal_ws/install/jackal_robot/lib:/usr/lib/x86_64-linux-gnu/gazebo-11/plugins:/opt/ros/humble/opt/rviz_ogre_vendor/lib:/opt/ros/humble/lib/x86_64-linux-gnu:/opt/ros/humble/lib PYTHONPATH=/home/arpg/jackal_ws/install/wireless_watcher/lib/python3.10/site-packages:/home/arpg/jackal_ws/install/jackal_robot/local/lib/python3.10/dist-packages:/home/arpg/jackal_ws/install/wireless_msgs/local/lib/python3.10/dist-packages:/home/arpg/jackal_ws/install/micro_ros_msgs/local/lib/python3.10/dist-packages:/home/arpg/jackal_ws/install/jackal_msgs/local/lib/python3.10/dist-packages:/opt/ros/humble/lib/python3.10/site-packages:/opt/ros/humble/local/lib/python3.10/dist-packages /usr/bin/cmake --install /home/arpg/jackal_ws/build/jackal_robot
[1.327s] -- Install configuration: ""
[1.327s] -- Installing: /home/arpg/jackal_ws/install/jackal_robot/share/jackal_robot/jackal_hardware.xml
[1.328s] -- Installing: /home/arpg/jackal_ws/install/jackal_robot/share/jackal_robot/environment/pythonpath.sh
[1.328s] -- Installing: /home/arpg/jackal_ws/install/jackal_robot/share/jackal_robot/environment/pythonpath.dsv
[1.328s] -- Up-to-date: /home/arpg/jackal_ws/install/jackal_robot/local/lib/python3.10/dist-packages/jackal_robot-1.0.1-py3.10.egg-info
[1.328s] -- Installing: /home/arpg/jackal_ws/install/jackal_robot/local/lib/python3.10/dist-packages/jackal_robot-1.0.1-py3.10.egg-info/PKG-INFO
[1.328s] -- Installing: /home/arpg/jackal_ws/install/jackal_robot/local/lib/python3.10/dist-packages/jackal_robot-1.0.1-py3.10.egg-info/SOURCES.txt
[1.328s] -- Installing: /home/arpg/jackal_ws/install/jackal_robot/local/lib/python3.10/dist-packages/jackal_robot-1.0.1-py3.10.egg-info/top_level.txt
[1.328s] -- Installing: /home/arpg/jackal_ws/install/jackal_robot/local/lib/python3.10/dist-packages/jackal_robot-1.0.1-py3.10.egg-info/dependency_links.txt
[1.328s] -- Up-to-date: /home/arpg/jackal_ws/install/jackal_robot/local/lib/python3.10/dist-packages/jackal_robot
[1.328s] -- Installing: /home/arpg/jackal_ws/install/jackal_robot/local/lib/python3.10/dist-packages/jackal_robot/diagnostics_updater
[1.328s] -- Installing: /home/arpg/jackal_ws/install/jackal_robot/local/lib/python3.10/dist-packages/jackal_robot/__init__.py
[1.345s] Listing '/home/arpg/jackal_ws/install/jackal_robot/local/lib/python3.10/dist-packages/jackal_robot'...
[1.347s] -- Installing: /home/arpg/jackal_ws/install/jackal_robot/lib/libjackal_hardware.so
[1.350s] -- Set runtime path of "/home/arpg/jackal_ws/install/jackal_robot/lib/libjackal_hardware.so" to ""
[1.350s] -- Up-to-date: /home/arpg/jackal_ws/install/jackal_robot/include
[1.350s] -- Up-to-date: /home/arpg/jackal_ws/install/jackal_robot/include/jackal_hardware
[1.350s] -- Installing: /home/arpg/jackal_ws/install/jackal_robot/include/jackal_hardware/jackal_hardware_interface.hpp
[1.351s] -- Installing: /home/arpg/jackal_ws/install/jackal_robot/include/jackal_hardware/jackal_hardware.hpp
[1.351s] -- Up-to-date: /home/arpg/jackal_ws/install/jackal_robot/share/jackal_robot/launch
[1.351s] -- Installing: /home/arpg/jackal_ws/install/jackal_robot/share/jackal_robot/launch/accessories.launch.py
[1.351s] -- Up-to-date: /home/arpg/jackal_ws/install/jackal_robot/share/jackal_robot/launch/.bringup.launch.py.swp
[1.351s] -- Installing: /home/arpg/jackal_ws/install/jackal_robot/share/jackal_robot/launch/diagnostics.launch.py
[1.351s] -- Installing: /home/arpg/jackal_ws/install/jackal_robot/share/jackal_robot/launch/bringup.launch.py
[1.351s] -- Up-to-date: /home/arpg/jackal_ws/install/jackal_robot/share/jackal_robot/config
[1.352s] -- Installing: /home/arpg/jackal_ws/install/jackal_robot/share/jackal_robot/config/diagnostics.yaml
[1.352s] -- Installing: /home/arpg/jackal_ws/install/jackal_robot/lib/jackal_robot/install
[1.352s] -- Installing: /home/arpg/jackal_ws/install/jackal_robot/lib/jackal_robot/uninstall
[1.352s] -- Installing: /home/arpg/jackal_ws/install/jackal_robot/lib/jackal_robot/diagnostics_updater
[1.352s] -- Installing: /home/arpg/jackal_ws/install/jackal_robot/share/jackal_robot/environment/library_path.sh
[1.352s] -- Installing: /home/arpg/jackal_ws/install/jackal_robot/share/jackal_robot/environment/library_path.dsv
[1.352s] -- Installing: /home/arpg/jackal_ws/install/jackal_robot/share/ament_index/resource_index/package_run_dependencies/jackal_robot
[1.352s] -- Installing: /home/arpg/jackal_ws/install/jackal_robot/share/ament_index/resource_index/parent_prefix_path/jackal_robot
[1.352s] -- Installing: /home/arpg/jackal_ws/install/jackal_robot/share/jackal_robot/environment/ament_prefix_path.sh
[1.352s] -- Installing: /home/arpg/jackal_ws/install/jackal_robot/share/jackal_robot/environment/ament_prefix_path.dsv
[1.352s] -- Installing: /home/arpg/jackal_ws/install/jackal_robot/share/jackal_robot/environment/path.sh
[1.352s] -- Installing: /home/arpg/jackal_ws/install/jackal_robot/share/jackal_robot/environment/path.dsv
[1.352s] -- Installing: /home/arpg/jackal_ws/install/jackal_robot/share/jackal_robot/local_setup.bash
[1.352s] -- Installing: /home/arpg/jackal_ws/install/jackal_robot/share/jackal_robot/local_setup.sh
[1.352s] -- Installing: /home/arpg/jackal_ws/install/jackal_robot/share/jackal_robot/local_setup.zsh
[1.352s] -- Installing: /home/arpg/jackal_ws/install/jackal_robot/share/jackal_robot/local_setup.dsv
[1.353s] -- Installing: /home/arpg/jackal_ws/install/jackal_robot/share/jackal_robot/package.dsv
[1.353s] -- Installing: /home/arpg/jackal_ws/install/jackal_robot/share/ament_index/resource_index/packages/jackal_robot
[1.353s] -- Installing: /home/arpg/jackal_ws/install/jackal_robot/share/ament_index/resource_index/hardware_interface__pluginlib__plugin/jackal_robot
[1.353s] -- Installing: /home/arpg/jackal_ws/install/jackal_robot/share/jackal_robot/cmake/ament_cmake_export_include_directories-extras.cmake
[1.353s] -- Installing: /home/arpg/jackal_ws/install/jackal_robot/share/jackal_robot/cmake/ament_cmake_export_libraries-extras.cmake
[1.353s] -- Installing: /home/arpg/jackal_ws/install/jackal_robot/share/jackal_robot/cmake/ament_cmake_export_dependencies-extras.cmake
[1.354s] -- Installing: /home/arpg/jackal_ws/install/jackal_robot/share/jackal_robot/cmake/jackal_robotConfig.cmake
[1.354s] -- Installing: /home/arpg/jackal_ws/install/jackal_robot/share/jackal_robot/cmake/jackal_robotConfig-version.cmake
[1.354s] -- Installing: /home/arpg/jackal_ws/install/jackal_robot/share/jackal_robot/package.xml
[1.354s] Invoked command in '/home/arpg/jackal_ws/build/jackal_robot' returned '0': AMENT_PREFIX_PATH=/home/arpg/jackal_ws/install/wireless_watcher:/home/arpg/jackal_ws/install/jackal_robot:/home/arpg/jackal_ws/install/wireless_msgs:/home/arpg/jackal_ws/install/micro_ros_setup:/home/arpg/jackal_ws/install/micro_ros_agent:/home/arpg/jackal_ws/install/micro_ros_msgs:/home/arpg/jackal_ws/install/jackal_navigation:/home/arpg/jackal_ws/install/jackal_msgs:/home/arpg/jackal_ws/install/jackal_control:/home/arpg/jackal_ws/install/jackal_description:/opt/ros/humble CMAKE_PREFIX_PATH=/home/arpg/jackal_ws/install/micro_ros_agent:/home/arpg/jackal_ws/install/jackal_control:/home/arpg/jackal_ws/install/wireless_msgs:/home/arpg/jackal_ws/install/micro_ros_msgs:/home/arpg/jackal_ws/install/jackal_msgs:/home/arpg/jackal_ws/install/jackal_description:/home/arpg/jackal_ws/install/jackal_robot:/home/arpg/jackal_ws/install/micro_ros_setup:/home/arpg/jackal_ws/install/jackal_navigation:/home/arpg/jackal_ws/install/wireless_watcher:/opt/ros/humble LD_LIBRARY_PATH=/home/arpg/jackal_ws/install/micro_ros_agent/lib:/home/arpg/jackal_ws/install/wireless_msgs/lib:/home/arpg/jackal_ws/install/micro_ros_msgs/lib:/home/arpg/jackal_ws/install/jackal_msgs/lib:/home/arpg/jackal_ws/install/jackal_robot/lib:/usr/lib/x86_64-linux-gnu/gazebo-11/plugins:/opt/ros/humble/opt/rviz_ogre_vendor/lib:/opt/ros/humble/lib/x86_64-linux-gnu:/opt/ros/humble/lib PYTHONPATH=/home/arpg/jackal_ws/install/wireless_watcher/lib/python3.10/site-packages:/home/arpg/jackal_ws/install/jackal_robot/local/lib/python3.10/dist-packages:/home/arpg/jackal_ws/install/wireless_msgs/local/lib/python3.10/dist-packages:/home/arpg/jackal_ws/install/micro_ros_msgs/local/lib/python3.10/dist-packages:/home/arpg/jackal_ws/install/jackal_msgs/local/lib/python3.10/dist-packages:/opt/ros/humble/lib/python3.10/site-packages:/opt/ros/humble/local/lib/python3.10/dist-packages /usr/bin/cmake --install /home/arpg/jackal_ws/build/jackal_robot
