[0.110s] Invoking command in '/home/arpg/jackal_ws/build/micro_ros_msgs': CMAKE_PREFIX_PATH=${CMAKE_PREFIX_PATH}:/home/arpg/jackal_ws/install/wireless_watcher:/opt/ros/humble /usr/bin/cmake /home/arpg/jackal_ws/src/micro_ros_msgs -DCMAKE_INSTALL_PREFIX=/home/arpg/jackal_ws/install/micro_ros_msgs
[0.133s] -- The C compiler identification is GNU 11.4.0
[0.156s] -- The CXX compiler identification is GNU 11.4.0
[0.159s] -- Detecting C compiler ABI info
[0.188s] -- Detecting C compiler ABI info - done
[0.192s] -- Check for working C compiler: /usr/bin/cc - skipped
[0.192s] -- Detecting C compile features
[0.192s] -- Detecting C compile features - done
[0.193s] -- Detecting CXX compiler ABI info
[0.228s] -- Detecting CXX compiler ABI info - done
[0.231s] -- Check for working CXX compiler: /usr/bin/c++ - skipped
[0.232s] -- Detecting CXX compile features
[0.232s] -- Detecting CXX compile features - done
[0.233s] -- Found ament_cmake: 1.3.5 (/opt/ros/humble/share/ament_cmake/cmake)
[0.313s] -- Found Python3: /usr/bin/python3.10 (found version "3.10.12") found components: Interpreter 
[0.358s] -- Found rosidl_default_generators: 1.2.0 (/opt/ros/humble/share/rosidl_default_generators/cmake)
[0.360s] -- Using all available rosidl_typesupport_c: rosidl_typesupport_fastrtps_c;rosidl_typesupport_introspection_c
[0.363s] -- Found rosidl_adapter: 3.1.5 (/opt/ros/humble/share/rosidl_adapter/cmake)
[0.384s] -- Using all available rosidl_typesupport_cpp: rosidl_typesupport_fastrtps_cpp;rosidl_typesupport_introspection_cpp
[0.402s] -- Found ament_lint_auto: 0.12.8 (/opt/ros/humble/share/ament_lint_auto/cmake)
[0.527s] -- Found ament_cmake_ros: 0.10.0 (/opt/ros/humble/share/ament_cmake_ros/cmake)
[0.611s] -- Using all available rosidl_typesupport_c: rosidl_typesupport_fastrtps_c;rosidl_typesupport_introspection_c
[0.720s] -- Using all available rosidl_typesupport_cpp: rosidl_typesupport_fastrtps_cpp;rosidl_typesupport_introspection_cpp
[0.730s] -- Found PythonInterp: /usr/bin/python3 (found suitable version "3.10.12", minimum required is "3.6") 
[0.731s] -- Found python_cmake_module: 0.10.0 (/opt/ros/humble/share/python_cmake_module/cmake)
[0.743s] -- Found PythonLibs: /usr/lib/x86_64-linux-gnu/libpython3.10.so (found suitable version "3.10.12", minimum required is "3.5") 
[0.743s] -- Using PYTHON_EXECUTABLE: /usr/bin/python3
[0.743s] -- Using PYTHON_INCLUDE_DIRS: /usr/include/python3.10
[0.744s] -- Using PYTHON_LIBRARIES: /usr/lib/x86_64-linux-gnu/libpython3.10.so
[0.753s] -- Found PythonExtra: .so  
[0.769s] -- Added test 'copyright' to check source files copyright and LICENSE
[0.771s] -- Added test 'lint_cmake' to check CMake code style
[0.773s] -- Added test 'xmllint' to check XML markup files
[0.774s] -- Configuring done
[0.785s] -- Generating done
[0.786s] -- Build files have been written to: /home/arpg/jackal_ws/build/micro_ros_msgs
[0.790s] Invoked command in '/home/arpg/jackal_ws/build/micro_ros_msgs' returned '0': CMAKE_PREFIX_PATH=${CMAKE_PREFIX_PATH}:/home/arpg/jackal_ws/install/wireless_watcher:/opt/ros/humble /usr/bin/cmake /home/arpg/jackal_ws/src/micro_ros_msgs -DCMAKE_INSTALL_PREFIX=/home/arpg/jackal_ws/install/micro_ros_msgs
[0.790s] Invoking command in '/home/arpg/jackal_ws/build/micro_ros_msgs': CMAKE_PREFIX_PATH=${CMAKE_PREFIX_PATH}:/home/arpg/jackal_ws/install/wireless_watcher:/opt/ros/humble /usr/bin/cmake --build /home/arpg/jackal_ws/build/micro_ros_msgs -- -j32 -l32
[0.807s] [  2%] [34m[1mGenerating C code for ROS interfaces[0m
[0.811s] [  4%] [34m[1mGenerating C++ code for ROS interfaces[0m
[0.814s] [  4%] Built target ament_cmake_python_copy_micro_ros_msgs
[0.916s] running egg_info
[0.916s] creating micro_ros_msgs.egg-info
[0.916s] writing micro_ros_msgs.egg-info/PKG-INFO
[0.916s] writing dependency_links to micro_ros_msgs.egg-info/dependency_links.txt
[0.917s] writing top-level names to micro_ros_msgs.egg-info/top_level.txt
[0.917s] writing manifest file 'micro_ros_msgs.egg-info/SOURCES.txt'
[0.917s] reading manifest file 'micro_ros_msgs.egg-info/SOURCES.txt'
[0.917s] writing manifest file 'micro_ros_msgs.egg-info/SOURCES.txt'
[0.932s] [  4%] Built target ament_cmake_python_build_micro_ros_msgs_egg
[0.961s] [  4%] Built target micro_ros_msgs__cpp
[0.965s] [  6%] [34m[1mGenerating C++ type support for eProsima Fast-RTPS[0m
[0.967s] [  8%] [32mBuilding C object CMakeFiles/micro_ros_msgs__rosidl_generator_c.dir/rosidl_generator_c/micro_ros_msgs/msg/detail/graph__functions.c.o[0m
[0.967s] [ 10%] [34m[1mGenerating C++ introspection for ROS interfaces[0m
[0.968s] [ 12%] [34m[1mGenerating C++ type support dispatch for ROS interfaces[0m
[0.969s] [ 14%] [32mBuilding C object CMakeFiles/micro_ros_msgs__rosidl_generator_c.dir/rosidl_generator_c/micro_ros_msgs/msg/detail/node__functions.c.o[0m
[0.969s] [ 17%] [32mBuilding C object CMakeFiles/micro_ros_msgs__rosidl_generator_c.dir/rosidl_generator_c/micro_ros_msgs/msg/detail/entity__functions.c.o[0m
[0.999s] [ 19%] [32m[1mLinking C shared library libmicro_ros_msgs__rosidl_generator_c.so[0m
[1.015s] [ 19%] Built target micro_ros_msgs__rosidl_generator_c
[1.021s] [ 21%] [34m[1mGenerating C type support for eProsima Fast-RTPS[0m
[1.021s] [ 23%] [34m[1mGenerating C introspection for ROS interfaces[0m
[1.022s] [ 25%] [34m[1mGenerating C type support dispatch for ROS interfaces[0m
[1.111s] [ 27%] [32mBuilding CXX object CMakeFiles/micro_ros_msgs__rosidl_typesupport_fastrtps_cpp.dir/rosidl_typesupport_fastrtps_cpp/micro_ros_msgs/msg/detail/dds_fastrtps/graph__type_support.cpp.o[0m
[1.113s] [ 29%] [32mBuilding CXX object CMakeFiles/micro_ros_msgs__rosidl_typesupport_fastrtps_cpp.dir/rosidl_typesupport_fastrtps_cpp/micro_ros_msgs/msg/detail/dds_fastrtps/node__type_support.cpp.o[0m
[1.113s] [ 31%] [32mBuilding CXX object CMakeFiles/micro_ros_msgs__rosidl_typesupport_fastrtps_cpp.dir/rosidl_typesupport_fastrtps_cpp/micro_ros_msgs/msg/detail/dds_fastrtps/entity__type_support.cpp.o[0m
[1.116s] [ 34%] [32mBuilding CXX object CMakeFiles/micro_ros_msgs__rosidl_typesupport_cpp.dir/rosidl_typesupport_cpp/micro_ros_msgs/msg/graph__type_support.cpp.o[0m
[1.117s] [ 38%] [32mBuilding CXX object CMakeFiles/micro_ros_msgs__rosidl_typesupport_cpp.dir/rosidl_typesupport_cpp/micro_ros_msgs/msg/node__type_support.cpp.o[0m
[1.118s] [ 38%] [32mBuilding CXX object CMakeFiles/micro_ros_msgs__rosidl_typesupport_cpp.dir/rosidl_typesupport_cpp/micro_ros_msgs/msg/entity__type_support.cpp.o[0m
[1.199s] [ 42%] [32mBuilding C object CMakeFiles/micro_ros_msgs__rosidl_typesupport_introspection_c.dir/rosidl_typesupport_introspection_c/micro_ros_msgs/msg/detail/graph__type_support.c.o[0m
[1.199s] [ 42%] [32mBuilding C object CMakeFiles/micro_ros_msgs__rosidl_typesupport_introspection_c.dir/rosidl_typesupport_introspection_c/micro_ros_msgs/msg/detail/node__type_support.c.o[0m
[1.199s] [ 44%] [32mBuilding C object CMakeFiles/micro_ros_msgs__rosidl_typesupport_introspection_c.dir/rosidl_typesupport_introspection_c/micro_ros_msgs/msg/detail/entity__type_support.c.o[0m
[1.206s] [ 51%] [32mBuilding CXX object CMakeFiles/micro_ros_msgs__rosidl_typesupport_introspection_cpp.dir/rosidl_typesupport_introspection_cpp/micro_ros_msgs/msg/detail/graph__type_support.cpp.o[0m
[1.206s] [ 51%] [32mBuilding CXX object CMakeFiles/micro_ros_msgs__rosidl_typesupport_introspection_cpp.dir/rosidl_typesupport_introspection_cpp/micro_ros_msgs/msg/detail/node__type_support.cpp.o[0m
[1.206s] [ 51%] [32mBuilding CXX object CMakeFiles/micro_ros_msgs__rosidl_typesupport_introspection_cpp.dir/rosidl_typesupport_introspection_cpp/micro_ros_msgs/msg/detail/entity__type_support.cpp.o[0m
[1.224s] [ 53%] [32m[1mLinking C shared library libmicro_ros_msgs__rosidl_typesupport_introspection_c.so[0m
[1.240s] [ 53%] Built target micro_ros_msgs__rosidl_typesupport_introspection_c
[1.243s] [ 55%] [32mBuilding CXX object CMakeFiles/micro_ros_msgs__rosidl_typesupport_c.dir/rosidl_typesupport_c/micro_ros_msgs/msg/graph__type_support.cpp.o[0m
[1.244s] [ 57%] [32mBuilding CXX object CMakeFiles/micro_ros_msgs__rosidl_typesupport_c.dir/rosidl_typesupport_c/micro_ros_msgs/msg/node__type_support.cpp.o[0m
[1.245s] [ 59%] [32mBuilding CXX object CMakeFiles/micro_ros_msgs__rosidl_typesupport_c.dir/rosidl_typesupport_c/micro_ros_msgs/msg/entity__type_support.cpp.o[0m
[1.262s] [ 61%] [32m[1mLinking CXX shared library libmicro_ros_msgs__rosidl_typesupport_c.so[0m
[1.277s] [ 63%] [32mBuilding CXX object CMakeFiles/micro_ros_msgs__rosidl_typesupport_fastrtps_c.dir/rosidl_typesupport_fastrtps_c/micro_ros_msgs/msg/detail/graph__type_support_c.cpp.o[0m
[1.278s] [ 68%] [32mBuilding CXX object CMakeFiles/micro_ros_msgs__rosidl_typesupport_fastrtps_c.dir/rosidl_typesupport_fastrtps_c/micro_ros_msgs/msg/detail/node__type_support_c.cpp.o[0m
[1.278s] [ 68%] [32mBuilding CXX object CMakeFiles/micro_ros_msgs__rosidl_typesupport_fastrtps_c.dir/rosidl_typesupport_fastrtps_c/micro_ros_msgs/msg/detail/entity__type_support_c.cpp.o[0m
[1.280s] [ 68%] Built target micro_ros_msgs__rosidl_typesupport_c
[1.332s] [ 70%] [32m[1mLinking CXX shared library libmicro_ros_msgs__rosidl_typesupport_cpp.so[0m
[1.359s] [ 70%] Built target micro_ros_msgs__rosidl_typesupport_cpp
[1.467s] [ 72%] [32m[1mLinking CXX shared library libmicro_ros_msgs__rosidl_typesupport_fastrtps_cpp.so[0m
[1.535s] [ 72%] Built target micro_ros_msgs__rosidl_typesupport_fastrtps_cpp
[1.546s] [ 74%] [32m[1mLinking CXX shared library libmicro_ros_msgs__rosidl_typesupport_fastrtps_c.so[0m
[1.583s] [ 74%] Built target micro_ros_msgs__rosidl_typesupport_fastrtps_c
[1.624s] [ 76%] [32m[1mLinking CXX shared library libmicro_ros_msgs__rosidl_typesupport_introspection_cpp.so[0m
[1.665s] [ 76%] Built target micro_ros_msgs__rosidl_typesupport_introspection_cpp
[1.674s] [ 76%] Built target micro_ros_msgs
[1.684s] [ 78%] [34m[1mGenerating Python code for ROS interfaces[0m
[1.910s] [ 78%] Built target micro_ros_msgs__py
[1.920s] [ 80%] [32mBuilding C object CMakeFiles/micro_ros_msgs__rosidl_generator_py.dir/rosidl_generator_py/micro_ros_msgs/msg/_graph_s.c.o[0m
[1.922s] [ 85%] [32mBuilding C object CMakeFiles/micro_ros_msgs__rosidl_generator_py.dir/rosidl_generator_py/micro_ros_msgs/msg/_node_s.c.o[0m
[1.922s] [ 85%] [32mBuilding C object CMakeFiles/micro_ros_msgs__rosidl_generator_py.dir/rosidl_generator_py/micro_ros_msgs/msg/_entity_s.c.o[0m
[1.996s] [ 87%] [32m[1mLinking C shared library rosidl_generator_py/micro_ros_msgs/libmicro_ros_msgs__rosidl_generator_py.so[0m
[2.017s] [ 87%] Built target micro_ros_msgs__rosidl_generator_py
[2.027s] [ 89%] [32mBuilding C object CMakeFiles/micro_ros_msgs__rosidl_typesupport_introspection_c__pyext.dir/rosidl_generator_py/micro_ros_msgs/_micro_ros_msgs_s.ep.rosidl_typesupport_introspection_c.c.o[0m
[2.031s] [ 91%] [32mBuilding C object CMakeFiles/micro_ros_msgs__rosidl_typesupport_fastrtps_c__pyext.dir/rosidl_generator_py/micro_ros_msgs/_micro_ros_msgs_s.ep.rosidl_typesupport_fastrtps_c.c.o[0m
[2.031s] [ 93%] [32mBuilding C object CMakeFiles/micro_ros_msgs__rosidl_typesupport_c__pyext.dir/rosidl_generator_py/micro_ros_msgs/_micro_ros_msgs_s.ep.rosidl_typesupport_c.c.o[0m
[2.096s] [ 95%] [32m[1mLinking C shared library rosidl_generator_py/micro_ros_msgs/micro_ros_msgs_s__rosidl_typesupport_introspection_c.cpython-310-x86_64-linux-gnu.so[0m
[2.110s] [ 97%] [32m[1mLinking C shared library rosidl_generator_py/micro_ros_msgs/micro_ros_msgs_s__rosidl_typesupport_c.cpython-310-x86_64-linux-gnu.so[0m
[2.112s] [100%] [32m[1mLinking C shared library rosidl_generator_py/micro_ros_msgs/micro_ros_msgs_s__rosidl_typesupport_fastrtps_c.cpython-310-x86_64-linux-gnu.so[0m
[2.131s] [100%] Built target micro_ros_msgs__rosidl_typesupport_introspection_c__pyext
[2.136s] [100%] Built target micro_ros_msgs__rosidl_typesupport_c__pyext
[2.140s] [100%] Built target micro_ros_msgs__rosidl_typesupport_fastrtps_c__pyext
[2.188s] Invoked command in '/home/arpg/jackal_ws/build/micro_ros_msgs' returned '0': CMAKE_PREFIX_PATH=${CMAKE_PREFIX_PATH}:/home/arpg/jackal_ws/install/wireless_watcher:/opt/ros/humble /usr/bin/cmake --build /home/arpg/jackal_ws/build/micro_ros_msgs -- -j32 -l32
[2.252s] Invoking command in '/home/arpg/jackal_ws/build/micro_ros_msgs': CMAKE_PREFIX_PATH=${CMAKE_PREFIX_PATH}:/home/arpg/jackal_ws/install/wireless_watcher:/opt/ros/humble /usr/bin/cmake --install /home/arpg/jackal_ws/build/micro_ros_msgs
[2.256s] -- Install configuration: ""
[2.256s] -- Installing: /home/arpg/jackal_ws/install/micro_ros_msgs/share/ament_index/resource_index/rosidl_interfaces/micro_ros_msgs
[2.256s] -- Up-to-date: /home/arpg/jackal_ws/install/micro_ros_msgs/include/micro_ros_msgs/micro_ros_msgs
[2.257s] -- Up-to-date: /home/arpg/jackal_ws/install/micro_ros_msgs/include/micro_ros_msgs/micro_ros_msgs/msg
[2.257s] -- Installing: /home/arpg/jackal_ws/install/micro_ros_msgs/include/micro_ros_msgs/micro_ros_msgs/msg/entity.h
[2.257s] -- Installing: /home/arpg/jackal_ws/install/micro_ros_msgs/include/micro_ros_msgs/micro_ros_msgs/msg/graph.h
[2.257s] -- Up-to-date: /home/arpg/jackal_ws/install/micro_ros_msgs/include/micro_ros_msgs/micro_ros_msgs/msg/detail
[2.257s] -- Installing: /home/arpg/jackal_ws/install/micro_ros_msgs/include/micro_ros_msgs/micro_ros_msgs/msg/detail/entity__type_support.h
[2.257s] -- Installing: /home/arpg/jackal_ws/install/micro_ros_msgs/include/micro_ros_msgs/micro_ros_msgs/msg/detail/graph__type_support.h
[2.257s] -- Installing: /home/arpg/jackal_ws/install/micro_ros_msgs/include/micro_ros_msgs/micro_ros_msgs/msg/detail/entity__functions.h
[2.257s] -- Installing: /home/arpg/jackal_ws/install/micro_ros_msgs/include/micro_ros_msgs/micro_ros_msgs/msg/detail/entity__functions.c
[2.257s] -- Installing: /home/arpg/jackal_ws/install/micro_ros_msgs/include/micro_ros_msgs/micro_ros_msgs/msg/detail/node__functions.h
[2.257s] -- Installing: /home/arpg/jackal_ws/install/micro_ros_msgs/include/micro_ros_msgs/micro_ros_msgs/msg/detail/node__type_support.h
[2.257s] -- Installing: /home/arpg/jackal_ws/install/micro_ros_msgs/include/micro_ros_msgs/micro_ros_msgs/msg/detail/node__functions.c
[2.257s] -- Installing: /home/arpg/jackal_ws/install/micro_ros_msgs/include/micro_ros_msgs/micro_ros_msgs/msg/detail/graph__functions.h
[2.257s] -- Installing: /home/arpg/jackal_ws/install/micro_ros_msgs/include/micro_ros_msgs/micro_ros_msgs/msg/detail/node__struct.h
[2.257s] -- Installing: /home/arpg/jackal_ws/install/micro_ros_msgs/include/micro_ros_msgs/micro_ros_msgs/msg/detail/entity__struct.h
[2.257s] -- Installing: /home/arpg/jackal_ws/install/micro_ros_msgs/include/micro_ros_msgs/micro_ros_msgs/msg/detail/graph__functions.c
[2.258s] -- Installing: /home/arpg/jackal_ws/install/micro_ros_msgs/include/micro_ros_msgs/micro_ros_msgs/msg/detail/graph__struct.h
[2.258s] -- Installing: /home/arpg/jackal_ws/install/micro_ros_msgs/include/micro_ros_msgs/micro_ros_msgs/msg/rosidl_generator_c__visibility_control.h
[2.258s] -- Installing: /home/arpg/jackal_ws/install/micro_ros_msgs/include/micro_ros_msgs/micro_ros_msgs/msg/node.h
[2.258s] -- Up-to-date: /home/arpg/jackal_ws/install/micro_ros_msgs/share/micro_ros_msgs/environment/library_path.sh
[2.258s] -- Installing: /home/arpg/jackal_ws/install/micro_ros_msgs/share/micro_ros_msgs/environment/library_path.dsv
[2.258s] -- Installing: /home/arpg/jackal_ws/install/micro_ros_msgs/lib/libmicro_ros_msgs__rosidl_generator_c.so
[2.258s] -- Set runtime path of "/home/arpg/jackal_ws/install/micro_ros_msgs/lib/libmicro_ros_msgs__rosidl_generator_c.so" to ""
[2.258s] -- Up-to-date: /home/arpg/jackal_ws/install/micro_ros_msgs/include/micro_ros_msgs/micro_ros_msgs
[2.258s] -- Up-to-date: /home/arpg/jackal_ws/install/micro_ros_msgs/include/micro_ros_msgs/micro_ros_msgs/msg
[2.258s] -- Up-to-date: /home/arpg/jackal_ws/install/micro_ros_msgs/include/micro_ros_msgs/micro_ros_msgs/msg/detail
[2.258s] -- Installing: /home/arpg/jackal_ws/install/micro_ros_msgs/include/micro_ros_msgs/micro_ros_msgs/msg/detail/entity__rosidl_typesupport_fastrtps_c.h
[2.258s] -- Installing: /home/arpg/jackal_ws/install/micro_ros_msgs/include/micro_ros_msgs/micro_ros_msgs/msg/detail/graph__rosidl_typesupport_fastrtps_c.h
[2.258s] -- Installing: /home/arpg/jackal_ws/install/micro_ros_msgs/include/micro_ros_msgs/micro_ros_msgs/msg/detail/node__rosidl_typesupport_fastrtps_c.h
[2.258s] -- Installing: /home/arpg/jackal_ws/install/micro_ros_msgs/include/micro_ros_msgs/micro_ros_msgs/msg/rosidl_typesupport_fastrtps_c__visibility_control.h
[2.258s] -- Installing: /home/arpg/jackal_ws/install/micro_ros_msgs/lib/libmicro_ros_msgs__rosidl_typesupport_fastrtps_c.so
[2.259s] -- Set runtime path of "/home/arpg/jackal_ws/install/micro_ros_msgs/lib/libmicro_ros_msgs__rosidl_typesupport_fastrtps_c.so" to ""
[2.259s] -- Up-to-date: /home/arpg/jackal_ws/install/micro_ros_msgs/include/micro_ros_msgs/micro_ros_msgs
[2.259s] -- Up-to-date: /home/arpg/jackal_ws/install/micro_ros_msgs/include/micro_ros_msgs/micro_ros_msgs/msg
[2.259s] -- Installing: /home/arpg/jackal_ws/install/micro_ros_msgs/include/micro_ros_msgs/micro_ros_msgs/msg/rosidl_typesupport_introspection_c__visibility_control.h
[2.259s] -- Up-to-date: /home/arpg/jackal_ws/install/micro_ros_msgs/include/micro_ros_msgs/micro_ros_msgs/msg/detail
[2.259s] -- Installing: /home/arpg/jackal_ws/install/micro_ros_msgs/include/micro_ros_msgs/micro_ros_msgs/msg/detail/node__rosidl_typesupport_introspection_c.h
[2.259s] -- Installing: /home/arpg/jackal_ws/install/micro_ros_msgs/include/micro_ros_msgs/micro_ros_msgs/msg/detail/graph__type_support.c
[2.259s] -- Installing: /home/arpg/jackal_ws/install/micro_ros_msgs/include/micro_ros_msgs/micro_ros_msgs/msg/detail/entity__rosidl_typesupport_introspection_c.h
[2.259s] -- Installing: /home/arpg/jackal_ws/install/micro_ros_msgs/include/micro_ros_msgs/micro_ros_msgs/msg/detail/node__type_support.c
[2.259s] -- Installing: /home/arpg/jackal_ws/install/micro_ros_msgs/include/micro_ros_msgs/micro_ros_msgs/msg/detail/graph__rosidl_typesupport_introspection_c.h
[2.259s] -- Installing: /home/arpg/jackal_ws/install/micro_ros_msgs/include/micro_ros_msgs/micro_ros_msgs/msg/detail/entity__type_support.c
[2.259s] -- Installing: /home/arpg/jackal_ws/install/micro_ros_msgs/lib/libmicro_ros_msgs__rosidl_typesupport_introspection_c.so
[2.259s] -- Set runtime path of "/home/arpg/jackal_ws/install/micro_ros_msgs/lib/libmicro_ros_msgs__rosidl_typesupport_introspection_c.so" to ""
[2.259s] -- Installing: /home/arpg/jackal_ws/install/micro_ros_msgs/lib/libmicro_ros_msgs__rosidl_typesupport_c.so
[2.259s] -- Set runtime path of "/home/arpg/jackal_ws/install/micro_ros_msgs/lib/libmicro_ros_msgs__rosidl_typesupport_c.so" to ""
[2.260s] -- Up-to-date: /home/arpg/jackal_ws/install/micro_ros_msgs/include/micro_ros_msgs/micro_ros_msgs
[2.260s] -- Up-to-date: /home/arpg/jackal_ws/install/micro_ros_msgs/include/micro_ros_msgs/micro_ros_msgs/msg
[2.260s] -- Installing: /home/arpg/jackal_ws/install/micro_ros_msgs/include/micro_ros_msgs/micro_ros_msgs/msg/node.hpp
[2.260s] -- Installing: /home/arpg/jackal_ws/install/micro_ros_msgs/include/micro_ros_msgs/micro_ros_msgs/msg/graph.hpp
[2.260s] -- Up-to-date: /home/arpg/jackal_ws/install/micro_ros_msgs/include/micro_ros_msgs/micro_ros_msgs/msg/detail
[2.260s] -- Installing: /home/arpg/jackal_ws/install/micro_ros_msgs/include/micro_ros_msgs/micro_ros_msgs/msg/detail/graph__struct.hpp
[2.260s] -- Installing: /home/arpg/jackal_ws/install/micro_ros_msgs/include/micro_ros_msgs/micro_ros_msgs/msg/detail/graph__builder.hpp
[2.260s] -- Installing: /home/arpg/jackal_ws/install/micro_ros_msgs/include/micro_ros_msgs/micro_ros_msgs/msg/detail/node__builder.hpp
[2.260s] -- Installing: /home/arpg/jackal_ws/install/micro_ros_msgs/include/micro_ros_msgs/micro_ros_msgs/msg/detail/node__struct.hpp
[2.260s] -- Installing: /home/arpg/jackal_ws/install/micro_ros_msgs/include/micro_ros_msgs/micro_ros_msgs/msg/detail/node__traits.hpp
[2.260s] -- Installing: /home/arpg/jackal_ws/install/micro_ros_msgs/include/micro_ros_msgs/micro_ros_msgs/msg/detail/entity__builder.hpp
[2.260s] -- Installing: /home/arpg/jackal_ws/install/micro_ros_msgs/include/micro_ros_msgs/micro_ros_msgs/msg/detail/graph__traits.hpp
[2.260s] -- Installing: /home/arpg/jackal_ws/install/micro_ros_msgs/include/micro_ros_msgs/micro_ros_msgs/msg/detail/entity__traits.hpp
[2.260s] -- Installing: /home/arpg/jackal_ws/install/micro_ros_msgs/include/micro_ros_msgs/micro_ros_msgs/msg/detail/entity__struct.hpp
[2.260s] -- Installing: /home/arpg/jackal_ws/install/micro_ros_msgs/include/micro_ros_msgs/micro_ros_msgs/msg/entity.hpp
[2.261s] -- Up-to-date: /home/arpg/jackal_ws/install/micro_ros_msgs/include/micro_ros_msgs/micro_ros_msgs
[2.261s] -- Up-to-date: /home/arpg/jackal_ws/install/micro_ros_msgs/include/micro_ros_msgs/micro_ros_msgs/msg
[2.261s] -- Up-to-date: /home/arpg/jackal_ws/install/micro_ros_msgs/include/micro_ros_msgs/micro_ros_msgs/msg/detail
[2.261s] -- Installing: /home/arpg/jackal_ws/install/micro_ros_msgs/include/micro_ros_msgs/micro_ros_msgs/msg/detail/node__rosidl_typesupport_fastrtps_cpp.hpp
[2.261s] -- Installing: /home/arpg/jackal_ws/install/micro_ros_msgs/include/micro_ros_msgs/micro_ros_msgs/msg/detail/entity__rosidl_typesupport_fastrtps_cpp.hpp
[2.261s] -- Installing: /home/arpg/jackal_ws/install/micro_ros_msgs/include/micro_ros_msgs/micro_ros_msgs/msg/detail/graph__rosidl_typesupport_fastrtps_cpp.hpp
[2.261s] -- Up-to-date: /home/arpg/jackal_ws/install/micro_ros_msgs/include/micro_ros_msgs/micro_ros_msgs/msg/detail/dds_fastrtps
[2.261s] -- Installing: /home/arpg/jackal_ws/install/micro_ros_msgs/include/micro_ros_msgs/micro_ros_msgs/msg/rosidl_typesupport_fastrtps_cpp__visibility_control.h
[2.261s] -- Installing: /home/arpg/jackal_ws/install/micro_ros_msgs/lib/libmicro_ros_msgs__rosidl_typesupport_fastrtps_cpp.so
[2.261s] -- Set runtime path of "/home/arpg/jackal_ws/install/micro_ros_msgs/lib/libmicro_ros_msgs__rosidl_typesupport_fastrtps_cpp.so" to ""
[2.261s] -- Up-to-date: /home/arpg/jackal_ws/install/micro_ros_msgs/include/micro_ros_msgs/micro_ros_msgs
[2.261s] -- Up-to-date: /home/arpg/jackal_ws/install/micro_ros_msgs/include/micro_ros_msgs/micro_ros_msgs/msg
[2.261s] -- Up-to-date: /home/arpg/jackal_ws/install/micro_ros_msgs/include/micro_ros_msgs/micro_ros_msgs/msg/detail
[2.261s] -- Installing: /home/arpg/jackal_ws/install/micro_ros_msgs/include/micro_ros_msgs/micro_ros_msgs/msg/detail/entity__rosidl_typesupport_introspection_cpp.hpp
[2.261s] -- Installing: /home/arpg/jackal_ws/install/micro_ros_msgs/include/micro_ros_msgs/micro_ros_msgs/msg/detail/node__type_support.cpp
[2.261s] -- Installing: /home/arpg/jackal_ws/install/micro_ros_msgs/include/micro_ros_msgs/micro_ros_msgs/msg/detail/entity__type_support.cpp
[2.261s] -- Installing: /home/arpg/jackal_ws/install/micro_ros_msgs/include/micro_ros_msgs/micro_ros_msgs/msg/detail/graph__rosidl_typesupport_introspection_cpp.hpp
[2.261s] -- Installing: /home/arpg/jackal_ws/install/micro_ros_msgs/include/micro_ros_msgs/micro_ros_msgs/msg/detail/graph__type_support.cpp
[2.261s] -- Installing: /home/arpg/jackal_ws/install/micro_ros_msgs/include/micro_ros_msgs/micro_ros_msgs/msg/detail/node__rosidl_typesupport_introspection_cpp.hpp
[2.262s] -- Installing: /home/arpg/jackal_ws/install/micro_ros_msgs/lib/libmicro_ros_msgs__rosidl_typesupport_introspection_cpp.so
[2.262s] -- Set runtime path of "/home/arpg/jackal_ws/install/micro_ros_msgs/lib/libmicro_ros_msgs__rosidl_typesupport_introspection_cpp.so" to ""
[2.262s] -- Installing: /home/arpg/jackal_ws/install/micro_ros_msgs/lib/libmicro_ros_msgs__rosidl_typesupport_cpp.so
[2.262s] -- Set runtime path of "/home/arpg/jackal_ws/install/micro_ros_msgs/lib/libmicro_ros_msgs__rosidl_typesupport_cpp.so" to ""
[2.262s] -- Installing: /home/arpg/jackal_ws/install/micro_ros_msgs/share/micro_ros_msgs/environment/pythonpath.sh
[2.262s] -- Installing: /home/arpg/jackal_ws/install/micro_ros_msgs/share/micro_ros_msgs/environment/pythonpath.dsv
[2.262s] -- Up-to-date: /home/arpg/jackal_ws/install/micro_ros_msgs/local/lib/python3.10/dist-packages/micro_ros_msgs-4.0.0-py3.10.egg-info
[2.262s] -- Installing: /home/arpg/jackal_ws/install/micro_ros_msgs/local/lib/python3.10/dist-packages/micro_ros_msgs-4.0.0-py3.10.egg-info/PKG-INFO
[2.262s] -- Installing: /home/arpg/jackal_ws/install/micro_ros_msgs/local/lib/python3.10/dist-packages/micro_ros_msgs-4.0.0-py3.10.egg-info/SOURCES.txt
[2.262s] -- Installing: /home/arpg/jackal_ws/install/micro_ros_msgs/local/lib/python3.10/dist-packages/micro_ros_msgs-4.0.0-py3.10.egg-info/top_level.txt
[2.262s] -- Installing: /home/arpg/jackal_ws/install/micro_ros_msgs/local/lib/python3.10/dist-packages/micro_ros_msgs-4.0.0-py3.10.egg-info/dependency_links.txt
[2.262s] -- Up-to-date: /home/arpg/jackal_ws/install/micro_ros_msgs/local/lib/python3.10/dist-packages/micro_ros_msgs
[2.262s] -- Installing: /home/arpg/jackal_ws/install/micro_ros_msgs/local/lib/python3.10/dist-packages/micro_ros_msgs/micro_ros_msgs_s__rosidl_typesupport_c.cpython-310-x86_64-linux-gnu.so
[2.262s] -- Installing: /home/arpg/jackal_ws/install/micro_ros_msgs/local/lib/python3.10/dist-packages/micro_ros_msgs/_micro_ros_msgs_s.ep.rosidl_typesupport_introspection_c.c
[2.262s] -- Installing: /home/arpg/jackal_ws/install/micro_ros_msgs/local/lib/python3.10/dist-packages/micro_ros_msgs/_micro_ros_msgs_s.ep.rosidl_typesupport_fastrtps_c.c
[2.262s] -- Installing: /home/arpg/jackal_ws/install/micro_ros_msgs/local/lib/python3.10/dist-packages/micro_ros_msgs/micro_ros_msgs_s__rosidl_typesupport_introspection_c.cpython-310-x86_64-linux-gnu.so
[2.262s] -- Installing: /home/arpg/jackal_ws/install/micro_ros_msgs/local/lib/python3.10/dist-packages/micro_ros_msgs/__init__.py
[2.262s] -- Up-to-date: /home/arpg/jackal_ws/install/micro_ros_msgs/local/lib/python3.10/dist-packages/micro_ros_msgs/msg
[2.262s] -- Installing: /home/arpg/jackal_ws/install/micro_ros_msgs/local/lib/python3.10/dist-packages/micro_ros_msgs/msg/_graph_s.c
[2.263s] -- Installing: /home/arpg/jackal_ws/install/micro_ros_msgs/local/lib/python3.10/dist-packages/micro_ros_msgs/msg/_entity_s.c
[2.263s] -- Installing: /home/arpg/jackal_ws/install/micro_ros_msgs/local/lib/python3.10/dist-packages/micro_ros_msgs/msg/_node.py
[2.263s] -- Installing: /home/arpg/jackal_ws/install/micro_ros_msgs/local/lib/python3.10/dist-packages/micro_ros_msgs/msg/_graph.py
[2.263s] -- Installing: /home/arpg/jackal_ws/install/micro_ros_msgs/local/lib/python3.10/dist-packages/micro_ros_msgs/msg/_entity.py
[2.263s] -- Installing: /home/arpg/jackal_ws/install/micro_ros_msgs/local/lib/python3.10/dist-packages/micro_ros_msgs/msg/__init__.py
[2.263s] -- Installing: /home/arpg/jackal_ws/install/micro_ros_msgs/local/lib/python3.10/dist-packages/micro_ros_msgs/msg/_node_s.c
[2.263s] -- Installing: /home/arpg/jackal_ws/install/micro_ros_msgs/local/lib/python3.10/dist-packages/micro_ros_msgs/micro_ros_msgs_s__rosidl_typesupport_fastrtps_c.cpython-310-x86_64-linux-gnu.so
[2.263s] -- Installing: /home/arpg/jackal_ws/install/micro_ros_msgs/local/lib/python3.10/dist-packages/micro_ros_msgs/libmicro_ros_msgs__rosidl_generator_py.so
[2.263s] -- Installing: /home/arpg/jackal_ws/install/micro_ros_msgs/local/lib/python3.10/dist-packages/micro_ros_msgs/_micro_ros_msgs_s.ep.rosidl_typesupport_c.c
[2.279s] Listing '/home/arpg/jackal_ws/install/micro_ros_msgs/local/lib/python3.10/dist-packages/micro_ros_msgs'...
[2.280s] Compiling '/home/arpg/jackal_ws/install/micro_ros_msgs/local/lib/python3.10/dist-packages/micro_ros_msgs/__init__.py'...
[2.280s] Listing '/home/arpg/jackal_ws/install/micro_ros_msgs/local/lib/python3.10/dist-packages/micro_ros_msgs/msg'...
[2.280s] Compiling '/home/arpg/jackal_ws/install/micro_ros_msgs/local/lib/python3.10/dist-packages/micro_ros_msgs/msg/__init__.py'...
[2.280s] Compiling '/home/arpg/jackal_ws/install/micro_ros_msgs/local/lib/python3.10/dist-packages/micro_ros_msgs/msg/_entity.py'...
[2.280s] Compiling '/home/arpg/jackal_ws/install/micro_ros_msgs/local/lib/python3.10/dist-packages/micro_ros_msgs/msg/_graph.py'...
[2.280s] Compiling '/home/arpg/jackal_ws/install/micro_ros_msgs/local/lib/python3.10/dist-packages/micro_ros_msgs/msg/_node.py'...
[2.282s] -- Installing: /home/arpg/jackal_ws/install/micro_ros_msgs/local/lib/python3.10/dist-packages/micro_ros_msgs/micro_ros_msgs_s__rosidl_typesupport_fastrtps_c.cpython-310-x86_64-linux-gnu.so
[2.282s] -- Set runtime path of "/home/arpg/jackal_ws/install/micro_ros_msgs/local/lib/python3.10/dist-packages/micro_ros_msgs/micro_ros_msgs_s__rosidl_typesupport_fastrtps_c.cpython-310-x86_64-linux-gnu.so" to ""
[2.282s] -- Installing: /home/arpg/jackal_ws/install/micro_ros_msgs/local/lib/python3.10/dist-packages/micro_ros_msgs/micro_ros_msgs_s__rosidl_typesupport_introspection_c.cpython-310-x86_64-linux-gnu.so
[2.283s] -- Set runtime path of "/home/arpg/jackal_ws/install/micro_ros_msgs/local/lib/python3.10/dist-packages/micro_ros_msgs/micro_ros_msgs_s__rosidl_typesupport_introspection_c.cpython-310-x86_64-linux-gnu.so" to ""
[2.283s] -- Installing: /home/arpg/jackal_ws/install/micro_ros_msgs/local/lib/python3.10/dist-packages/micro_ros_msgs/micro_ros_msgs_s__rosidl_typesupport_c.cpython-310-x86_64-linux-gnu.so
[2.283s] -- Set runtime path of "/home/arpg/jackal_ws/install/micro_ros_msgs/local/lib/python3.10/dist-packages/micro_ros_msgs/micro_ros_msgs_s__rosidl_typesupport_c.cpython-310-x86_64-linux-gnu.so" to ""
[2.283s] -- Installing: /home/arpg/jackal_ws/install/micro_ros_msgs/lib/libmicro_ros_msgs__rosidl_generator_py.so
[2.283s] -- Set runtime path of "/home/arpg/jackal_ws/install/micro_ros_msgs/lib/libmicro_ros_msgs__rosidl_generator_py.so" to ""
[2.283s] -- Installing: /home/arpg/jackal_ws/install/micro_ros_msgs/share/micro_ros_msgs/msg/Graph.idl
[2.283s] -- Installing: /home/arpg/jackal_ws/install/micro_ros_msgs/share/micro_ros_msgs/msg/Node.idl
[2.283s] -- Installing: /home/arpg/jackal_ws/install/micro_ros_msgs/share/micro_ros_msgs/msg/Entity.idl
[2.283s] -- Up-to-date: /home/arpg/jackal_ws/install/micro_ros_msgs/share/micro_ros_msgs/msg/Graph.msg
[2.284s] -- Up-to-date: /home/arpg/jackal_ws/install/micro_ros_msgs/share/micro_ros_msgs/msg/Node.msg
[2.284s] -- Up-to-date: /home/arpg/jackal_ws/install/micro_ros_msgs/share/micro_ros_msgs/msg/Entity.msg
[2.284s] -- Installing: /home/arpg/jackal_ws/install/micro_ros_msgs/share/ament_index/resource_index/package_run_dependencies/micro_ros_msgs
[2.284s] -- Installing: /home/arpg/jackal_ws/install/micro_ros_msgs/share/ament_index/resource_index/parent_prefix_path/micro_ros_msgs
[2.284s] -- Up-to-date: /home/arpg/jackal_ws/install/micro_ros_msgs/share/micro_ros_msgs/environment/ament_prefix_path.sh
[2.284s] -- Installing: /home/arpg/jackal_ws/install/micro_ros_msgs/share/micro_ros_msgs/environment/ament_prefix_path.dsv
[2.284s] -- Up-to-date: /home/arpg/jackal_ws/install/micro_ros_msgs/share/micro_ros_msgs/environment/path.sh
[2.284s] -- Installing: /home/arpg/jackal_ws/install/micro_ros_msgs/share/micro_ros_msgs/environment/path.dsv
[2.284s] -- Installing: /home/arpg/jackal_ws/install/micro_ros_msgs/share/micro_ros_msgs/local_setup.bash
[2.284s] -- Installing: /home/arpg/jackal_ws/install/micro_ros_msgs/share/micro_ros_msgs/local_setup.sh
[2.284s] -- Installing: /home/arpg/jackal_ws/install/micro_ros_msgs/share/micro_ros_msgs/local_setup.zsh
[2.284s] -- Installing: /home/arpg/jackal_ws/install/micro_ros_msgs/share/micro_ros_msgs/local_setup.dsv
[2.284s] -- Installing: /home/arpg/jackal_ws/install/micro_ros_msgs/share/micro_ros_msgs/package.dsv
[2.284s] -- Installing: /home/arpg/jackal_ws/install/micro_ros_msgs/share/ament_index/resource_index/packages/micro_ros_msgs
[2.285s] -- Installing: /home/arpg/jackal_ws/install/micro_ros_msgs/share/micro_ros_msgs/cmake/export_micro_ros_msgs__rosidl_generator_cExport.cmake
[2.285s] -- Installing: /home/arpg/jackal_ws/install/micro_ros_msgs/share/micro_ros_msgs/cmake/export_micro_ros_msgs__rosidl_generator_cExport-noconfig.cmake
[2.285s] -- Installing: /home/arpg/jackal_ws/install/micro_ros_msgs/share/micro_ros_msgs/cmake/export_micro_ros_msgs__rosidl_typesupport_fastrtps_cExport.cmake
[2.285s] -- Installing: /home/arpg/jackal_ws/install/micro_ros_msgs/share/micro_ros_msgs/cmake/export_micro_ros_msgs__rosidl_typesupport_fastrtps_cExport-noconfig.cmake
[2.285s] -- Installing: /home/arpg/jackal_ws/install/micro_ros_msgs/share/micro_ros_msgs/cmake/micro_ros_msgs__rosidl_typesupport_introspection_cExport.cmake
[2.285s] -- Installing: /home/arpg/jackal_ws/install/micro_ros_msgs/share/micro_ros_msgs/cmake/micro_ros_msgs__rosidl_typesupport_introspection_cExport-noconfig.cmake
[2.285s] -- Installing: /home/arpg/jackal_ws/install/micro_ros_msgs/share/micro_ros_msgs/cmake/micro_ros_msgs__rosidl_typesupport_cExport.cmake
[2.286s] -- Installing: /home/arpg/jackal_ws/install/micro_ros_msgs/share/micro_ros_msgs/cmake/micro_ros_msgs__rosidl_typesupport_cExport-noconfig.cmake
[2.286s] -- Installing: /home/arpg/jackal_ws/install/micro_ros_msgs/share/micro_ros_msgs/cmake/export_micro_ros_msgs__rosidl_generator_cppExport.cmake
[2.286s] -- Installing: /home/arpg/jackal_ws/install/micro_ros_msgs/share/micro_ros_msgs/cmake/export_micro_ros_msgs__rosidl_typesupport_fastrtps_cppExport.cmake
[2.286s] -- Installing: /home/arpg/jackal_ws/install/micro_ros_msgs/share/micro_ros_msgs/cmake/export_micro_ros_msgs__rosidl_typesupport_fastrtps_cppExport-noconfig.cmake
[2.286s] -- Installing: /home/arpg/jackal_ws/install/micro_ros_msgs/share/micro_ros_msgs/cmake/micro_ros_msgs__rosidl_typesupport_introspection_cppExport.cmake
[2.286s] -- Installing: /home/arpg/jackal_ws/install/micro_ros_msgs/share/micro_ros_msgs/cmake/micro_ros_msgs__rosidl_typesupport_introspection_cppExport-noconfig.cmake
[2.286s] -- Installing: /home/arpg/jackal_ws/install/micro_ros_msgs/share/micro_ros_msgs/cmake/micro_ros_msgs__rosidl_typesupport_cppExport.cmake
[2.286s] -- Installing: /home/arpg/jackal_ws/install/micro_ros_msgs/share/micro_ros_msgs/cmake/micro_ros_msgs__rosidl_typesupport_cppExport-noconfig.cmake
[2.286s] -- Installing: /home/arpg/jackal_ws/install/micro_ros_msgs/share/micro_ros_msgs/cmake/export_micro_ros_msgs__rosidl_generator_pyExport.cmake
[2.287s] -- Installing: /home/arpg/jackal_ws/install/micro_ros_msgs/share/micro_ros_msgs/cmake/export_micro_ros_msgs__rosidl_generator_pyExport-noconfig.cmake
[2.287s] -- Installing: /home/arpg/jackal_ws/install/micro_ros_msgs/share/micro_ros_msgs/cmake/rosidl_cmake-extras.cmake
[2.287s] -- Installing: /home/arpg/jackal_ws/install/micro_ros_msgs/share/micro_ros_msgs/cmake/ament_cmake_export_include_directories-extras.cmake
[2.287s] -- Installing: /home/arpg/jackal_ws/install/micro_ros_msgs/share/micro_ros_msgs/cmake/ament_cmake_export_libraries-extras.cmake
[2.287s] -- Installing: /home/arpg/jackal_ws/install/micro_ros_msgs/share/micro_ros_msgs/cmake/ament_cmake_export_targets-extras.cmake
[2.287s] -- Installing: /home/arpg/jackal_ws/install/micro_ros_msgs/share/micro_ros_msgs/cmake/rosidl_cmake_export_typesupport_targets-extras.cmake
[2.287s] -- Installing: /home/arpg/jackal_ws/install/micro_ros_msgs/share/micro_ros_msgs/cmake/ament_cmake_export_dependencies-extras.cmake
[2.287s] -- Installing: /home/arpg/jackal_ws/install/micro_ros_msgs/share/micro_ros_msgs/cmake/rosidl_cmake_export_typesupport_libraries-extras.cmake
[2.287s] -- Installing: /home/arpg/jackal_ws/install/micro_ros_msgs/share/micro_ros_msgs/cmake/micro_ros_msgsConfig.cmake
[2.287s] -- Installing: /home/arpg/jackal_ws/install/micro_ros_msgs/share/micro_ros_msgs/cmake/micro_ros_msgsConfig-version.cmake
[2.288s] -- Up-to-date: /home/arpg/jackal_ws/install/micro_ros_msgs/share/micro_ros_msgs/package.xml
[2.289s] Invoked command in '/home/arpg/jackal_ws/build/micro_ros_msgs' returned '0': CMAKE_PREFIX_PATH=${CMAKE_PREFIX_PATH}:/home/arpg/jackal_ws/install/wireless_watcher:/opt/ros/humble /usr/bin/cmake --install /home/arpg/jackal_ws/build/micro_ros_msgs
