[0.101s] Invoking command in '/home/arpg/jackal_ws/build/jackal_description': CMAKE_PREFIX_PATH=/opt/ros/humble /usr/bin/cmake /home/arpg/jackal_ws/src/jackal/jackal_description -DAMENT_CMAKE_SYMLINK_INSTALL=1 -DCMAKE_INSTALL_PREFIX=/home/arpg/jackal_ws/install/jackal_description
[0.111s] -- Found ament_cmake: 1.3.5 (/opt/ros/humble/share/ament_cmake/cmake)
[0.177s] -- Override CMake install command with custom implementation using symlinks instead of copying resources
[0.186s] -- Found urdf: 2.6.0 (/opt/ros/humble/share/urdf/cmake)
[0.241s] -- Configuring done
[0.245s] -- Generating done
[0.245s] -- Build files have been written to: /home/arpg/jackal_ws/build/jackal_description
[0.246s] Invoked command in '/home/arpg/jackal_ws/build/jackal_description' returned '0': CMAKE_PREFIX_PATH=/opt/ros/humble /usr/bin/cmake /home/arpg/jackal_ws/src/jackal/jackal_description -DAMENT_CMAKE_SYMLINK_INSTALL=1 -DCMAKE_INSTALL_PREFIX=/home/arpg/jackal_ws/install/jackal_description
[0.247s] Invoking command in '/home/arpg/jackal_ws/build/jackal_description': CMAKE_PREFIX_PATH=/opt/ros/humble /usr/bin/cmake --build /home/arpg/jackal_ws/build/jackal_description -- -j32 -l32
[0.260s] Invoked command in '/home/arpg/jackal_ws/build/jackal_description' returned '0': CMAKE_PREFIX_PATH=/opt/ros/humble /usr/bin/cmake --build /home/arpg/jackal_ws/build/jackal_description -- -j32 -l32
[0.270s] Invoking command in '/home/arpg/jackal_ws/build/jackal_description': CMAKE_PREFIX_PATH=/opt/ros/humble /usr/bin/cmake --install /home/arpg/jackal_ws/build/jackal_description
[0.273s] -- Install configuration: ""
[0.273s] -- Execute custom install script
[0.273s] -- Symlinking: /home/arpg/jackal_ws/install/jackal_description/share/jackal_description/launch/description.launch.py
[0.276s] -- Symlinking: /home/arpg/jackal_ws/install/jackal_description/share/jackal_description/meshes/accessory_fender.stl
[0.280s] -- Symlinking: /home/arpg/jackal_ws/install/jackal_description/share/jackal_description/meshes/ark_enclosure.stl
[0.283s] -- Symlinking: /home/arpg/jackal_ws/install/jackal_description/share/jackal_description/meshes/bridge-plate.stl
[0.286s] -- Symlinking: /home/arpg/jackal_ws/install/jackal_description/share/jackal_description/meshes/camera-beam.stl
[0.289s] -- Symlinking: /home/arpg/jackal_ws/install/jackal_description/share/jackal_description/meshes/camera-bracket.stl
[0.292s] -- Symlinking: /home/arpg/jackal_ws/install/jackal_description/share/jackal_description/meshes/hokuyo_ust10.stl
[0.295s] -- Symlinking: /home/arpg/jackal_ws/install/jackal_description/share/jackal_description/meshes/jackal-base.stl
[0.299s] -- Symlinking: /home/arpg/jackal_ws/install/jackal_description/share/jackal_description/meshes/jackal-fender.stl
[0.302s] -- Symlinking: /home/arpg/jackal_ws/install/jackal_description/share/jackal_description/meshes/jackal-fenders.stl
[0.305s] -- Symlinking: /home/arpg/jackal_ws/install/jackal_description/share/jackal_description/meshes/jackal-wheel.stl
[0.309s] -- Symlinking: /home/arpg/jackal_ws/install/jackal_description/share/jackal_description/meshes/kinect_mount.stl
[0.312s] -- Symlinking: /home/arpg/jackal_ws/install/jackal_description/share/jackal_description/meshes/novatel-smart6.stl
[0.315s] -- Symlinking: /home/arpg/jackal_ws/install/jackal_description/share/jackal_description/meshes/novatel-smart7.stl
[0.318s] -- Symlinking: /home/arpg/jackal_ws/install/jackal_description/share/jackal_description/meshes/sick-lms1xx-bracket.stl
[0.322s] -- Symlinking: /home/arpg/jackal_ws/install/jackal_description/share/jackal_description/meshes/stereo-camera-beam.stl
[0.325s] -- Symlinking: /home/arpg/jackal_ws/install/jackal_description/share/jackal_description/meshes/stereo-camera-bracket.stl
[0.328s] -- Symlinking: /home/arpg/jackal_ws/install/jackal_description/share/jackal_description/urdf/accessories.urdf.xacro
[0.332s] -- Symlinking: /home/arpg/jackal_ws/install/jackal_description/share/jackal_description/urdf/accessories/bridge_plate.urdf.xacro
[0.335s] -- Symlinking: /home/arpg/jackal_ws/install/jackal_description/share/jackal_description/urdf/accessories/camera_mount.urdf.xacro
[0.338s] -- Symlinking: /home/arpg/jackal_ws/install/jackal_description/share/jackal_description/urdf/accessories/hdl32_mount.urdf.xacro
[0.342s] -- Symlinking: /home/arpg/jackal_ws/install/jackal_description/share/jackal_description/urdf/accessories/hokuyo_ust10.urdf.xacro
[0.345s] -- Symlinking: /home/arpg/jackal_ws/install/jackal_description/share/jackal_description/urdf/accessories/novatel_smart6.urdf.xacro
[0.348s] -- Symlinking: /home/arpg/jackal_ws/install/jackal_description/share/jackal_description/urdf/accessories/novatel_smart7.urdf.xacro
[0.351s] -- Symlinking: /home/arpg/jackal_ws/install/jackal_description/share/jackal_description/urdf/accessories/sick_lms1xx_mount.urdf.xacro
[0.358s] -- Symlinking: /home/arpg/jackal_ws/install/jackal_description/share/jackal_description/urdf/accessories/standoffs.urdf.xacro
[0.364s] -- Symlinking: /home/arpg/jackal_ws/install/jackal_description/share/jackal_description/urdf/accessories/stereo_camera_mount.urdf.xacro
[0.364s] -- Symlinking: /home/arpg/jackal_ws/install/jackal_description/share/jackal_description/urdf/accessories/vlp16_mount.urdf.xacro
[0.365s] -- Symlinking: /home/arpg/jackal_ws/install/jackal_description/share/jackal_description/urdf/custom_example.urdf
[0.368s] -- Symlinking: /home/arpg/jackal_ws/install/jackal_description/share/jackal_description/urdf/empty.urdf
[0.372s] -- Symlinking: /home/arpg/jackal_ws/install/jackal_description/share/jackal_description/urdf/jackal.gazebo
[0.376s] -- Symlinking: /home/arpg/jackal_ws/install/jackal_description/share/jackal_description/urdf/jackal.urdf.xacro
[0.378s] -- Symlinking: /home/arpg/jackal_ws/install/jackal_description/share/ament_index/resource_index/package_run_dependencies/jackal_description
[0.381s] -- Symlinking: /home/arpg/jackal_ws/install/jackal_description/share/ament_index/resource_index/parent_prefix_path/jackal_description
[0.384s] -- Symlinking: /home/arpg/jackal_ws/install/jackal_description/share/jackal_description/environment/ament_prefix_path.sh
[0.388s] -- Symlinking: /home/arpg/jackal_ws/install/jackal_description/share/jackal_description/environment/ament_prefix_path.dsv
[0.391s] -- Symlinking: /home/arpg/jackal_ws/install/jackal_description/share/jackal_description/environment/path.sh
[0.394s] -- Symlinking: /home/arpg/jackal_ws/install/jackal_description/share/jackal_description/environment/path.dsv
[0.397s] -- Symlinking: /home/arpg/jackal_ws/install/jackal_description/share/jackal_description/local_setup.bash
[0.401s] -- Symlinking: /home/arpg/jackal_ws/install/jackal_description/share/jackal_description/local_setup.sh
[0.404s] -- Symlinking: /home/arpg/jackal_ws/install/jackal_description/share/jackal_description/local_setup.zsh
[0.407s] -- Symlinking: /home/arpg/jackal_ws/install/jackal_description/share/jackal_description/local_setup.dsv
[0.410s] -- Symlinking: /home/arpg/jackal_ws/install/jackal_description/share/jackal_description/package.dsv
[0.413s] -- Symlinking: /home/arpg/jackal_ws/install/jackal_description/share/ament_index/resource_index/packages/jackal_description
[0.417s] -- Symlinking: /home/arpg/jackal_ws/install/jackal_description/share/jackal_description/cmake/ament_cmake_export_dependencies-extras.cmake
[0.420s] -- Symlinking: /home/arpg/jackal_ws/install/jackal_description/share/jackal_description/cmake/jackal_descriptionConfig.cmake
[0.424s] -- Symlinking: /home/arpg/jackal_ws/install/jackal_description/share/jackal_description/cmake/jackal_descriptionConfig-version.cmake
[0.427s] -- Symlinking: /home/arpg/jackal_ws/install/jackal_description/share/jackal_description/package.xml
[0.431s] Invoked command in '/home/arpg/jackal_ws/build/jackal_description' returned '0': CMAKE_PREFIX_PATH=/opt/ros/humble /usr/bin/cmake --install /home/arpg/jackal_ws/build/jackal_description
