[0.084s] Invoking command in '/home/arpg/jackal_ws/build/micro_ros_msgs': CMAKE_PREFIX_PATH=/opt/ros/humble /usr/bin/cmake /home/arpg/jackal_ws/src/micro_ros_msgs -DCMAKE_INSTALL_PREFIX=/home/arpg/jackal_ws/install/micro_ros_msgs
[0.226s] -- The C compiler identification is GNU 11.4.0
[0.313s] -- The CXX compiler identification is GNU 11.4.0
[0.319s] -- Detecting C compiler ABI info
[0.353s] -- Detecting C compiler ABI info - done
[0.358s] -- Check for working C compiler: /usr/bin/cc - skipped
[0.358s] -- Detecting C compile features
[0.358s] -- Detecting C compile features - done
[0.359s] -- Detecting CXX compiler ABI info
[0.396s] -- Detecting CXX compiler ABI info - done
[0.399s] -- Check for working CXX compiler: /usr/bin/c++ - skipped
[0.399s] -- Detecting CXX compile features
[0.400s] -- Detecting CXX compile features - done
[0.403s] -- Found ament_cmake: 1.3.5 (/opt/ros/humble/share/ament_cmake/cmake)
[0.480s] -- Found Python3: /usr/bin/python3.10 (found version "3.10.12") found components: Interpreter 
[0.530s] -- Found rosidl_default_generators: 1.2.0 (/opt/ros/humble/share/rosidl_default_generators/cmake)
[0.533s] -- Using all available rosidl_typesupport_c: rosidl_typesupport_fastrtps_c;rosidl_typesupport_introspection_c
[0.540s] -- Found rosidl_adapter: 3.1.5 (/opt/ros/humble/share/rosidl_adapter/cmake)
[0.566s] -- Using all available rosidl_typesupport_cpp: rosidl_typesupport_fastrtps_cpp;rosidl_typesupport_introspection_cpp
[0.584s] -- Found ament_lint_auto: 0.12.8 (/opt/ros/humble/share/ament_lint_auto/cmake)
[0.703s] -- Found ament_cmake_ros: 0.10.0 (/opt/ros/humble/share/ament_cmake_ros/cmake)
[0.786s] -- Using all available rosidl_typesupport_c: rosidl_typesupport_fastrtps_c;rosidl_typesupport_introspection_c
[0.889s] -- Using all available rosidl_typesupport_cpp: rosidl_typesupport_fastrtps_cpp;rosidl_typesupport_introspection_cpp
[0.899s] -- Found PythonInterp: /usr/bin/python3 (found suitable version "3.10.12", minimum required is "3.6") 
[0.900s] -- Found python_cmake_module: 0.10.0 (/opt/ros/humble/share/python_cmake_module/cmake)
[0.913s] -- Found PythonLibs: /usr/lib/x86_64-linux-gnu/libpython3.10.so (found suitable version "3.10.12", minimum required is "3.5") 
[0.913s] -- Using PYTHON_EXECUTABLE: /usr/bin/python3
[0.913s] -- Using PYTHON_INCLUDE_DIRS: /usr/include/python3.10
[0.913s] -- Using PYTHON_LIBRARIES: /usr/lib/x86_64-linux-gnu/libpython3.10.so
[0.922s] -- Found PythonExtra: .so  
[0.937s] -- Added test 'copyright' to check source files copyright and LICENSE
[0.939s] -- Added test 'lint_cmake' to check CMake code style
[0.940s] -- Added test 'xmllint' to check XML markup files
[0.943s] -- Configuring done
[0.955s] -- Generating done
[0.956s] -- Build files have been written to: /home/arpg/jackal_ws/build/micro_ros_msgs
[0.959s] Invoked command in '/home/arpg/jackal_ws/build/micro_ros_msgs' returned '0': CMAKE_PREFIX_PATH=/opt/ros/humble /usr/bin/cmake /home/arpg/jackal_ws/src/micro_ros_msgs -DCMAKE_INSTALL_PREFIX=/home/arpg/jackal_ws/install/micro_ros_msgs
[0.960s] Invoking command in '/home/arpg/jackal_ws/build/micro_ros_msgs': CMAKE_PREFIX_PATH=/opt/ros/humble /usr/bin/cmake --build /home/arpg/jackal_ws/build/micro_ros_msgs -- -j32 -l32
[0.976s] [  2%] [34m[1mGenerating C code for ROS interfaces[0m
[0.980s] [  4%] [34m[1mGenerating C++ code for ROS interfaces[0m
[0.984s] [  4%] Built target ament_cmake_python_copy_micro_ros_msgs
[1.087s] running egg_info
[1.087s] creating micro_ros_msgs.egg-info
[1.087s] writing micro_ros_msgs.egg-info/PKG-INFO
[1.088s] writing dependency_links to micro_ros_msgs.egg-info/dependency_links.txt
[1.088s] writing top-level names to micro_ros_msgs.egg-info/top_level.txt
[1.088s] writing manifest file 'micro_ros_msgs.egg-info/SOURCES.txt'
[1.089s] reading manifest file 'micro_ros_msgs.egg-info/SOURCES.txt'
[1.090s] writing manifest file 'micro_ros_msgs.egg-info/SOURCES.txt'
[1.107s] [  4%] Built target ament_cmake_python_build_micro_ros_msgs_egg
[1.153s] [  6%] [32mBuilding C object CMakeFiles/micro_ros_msgs__rosidl_generator_c.dir/rosidl_generator_c/micro_ros_msgs/msg/detail/graph__functions.c.o[0m
[1.153s] [ 10%] [32mBuilding C object CMakeFiles/micro_ros_msgs__rosidl_generator_c.dir/rosidl_generator_c/micro_ros_msgs/msg/detail/node__functions.c.o[0m
[1.153s] [ 10%] [32mBuilding C object CMakeFiles/micro_ros_msgs__rosidl_generator_c.dir/rosidl_generator_c/micro_ros_msgs/msg/detail/entity__functions.c.o[0m
[1.158s] [ 10%] Built target micro_ros_msgs__cpp
[1.163s] [ 14%] [34m[1mGenerating C++ type support for eProsima Fast-RTPS[0m
[1.163s] [ 14%] [34m[1mGenerating C++ introspection for ROS interfaces[0m
[1.165s] [ 17%] [34m[1mGenerating C++ type support dispatch for ROS interfaces[0m
[1.191s] [ 19%] [32m[1mLinking C shared library libmicro_ros_msgs__rosidl_generator_c.so[0m
[1.208s] [ 19%] Built target micro_ros_msgs__rosidl_generator_c
[1.213s] [ 23%] [34m[1mGenerating C introspection for ROS interfaces[0m
[1.213s] [ 23%] [34m[1mGenerating C type support for eProsima Fast-RTPS[0m
[1.214s] [ 25%] [34m[1mGenerating C type support dispatch for ROS interfaces[0m
[1.316s] [ 27%] [32mBuilding CXX object CMakeFiles/micro_ros_msgs__rosidl_typesupport_introspection_cpp.dir/rosidl_typesupport_introspection_cpp/micro_ros_msgs/msg/detail/graph__type_support.cpp.o[0m
[1.317s] [ 29%] [32mBuilding CXX object CMakeFiles/micro_ros_msgs__rosidl_typesupport_introspection_cpp.dir/rosidl_typesupport_introspection_cpp/micro_ros_msgs/msg/detail/node__type_support.cpp.o[0m
[1.318s] [ 31%] [32mBuilding CXX object CMakeFiles/micro_ros_msgs__rosidl_typesupport_introspection_cpp.dir/rosidl_typesupport_introspection_cpp/micro_ros_msgs/msg/detail/entity__type_support.cpp.o[0m
[1.354s] [ 34%] [32mBuilding CXX object CMakeFiles/micro_ros_msgs__rosidl_typesupport_c.dir/rosidl_typesupport_c/micro_ros_msgs/msg/graph__type_support.cpp.o[0m
[1.356s] [ 38%] [32mBuilding CXX object CMakeFiles/micro_ros_msgs__rosidl_typesupport_c.dir/rosidl_typesupport_c/micro_ros_msgs/msg/node__type_support.cpp.o[0m
[1.356s] [ 38%] [32mBuilding CXX object CMakeFiles/micro_ros_msgs__rosidl_typesupport_c.dir/rosidl_typesupport_c/micro_ros_msgs/msg/entity__type_support.cpp.o[0m
[1.366s] [ 44%] [32mBuilding CXX object CMakeFiles/micro_ros_msgs__rosidl_typesupport_fastrtps_cpp.dir/rosidl_typesupport_fastrtps_cpp/micro_ros_msgs/msg/detail/dds_fastrtps/node__type_support.cpp.o[0m
[1.366s] [ 44%] [32mBuilding CXX object CMakeFiles/micro_ros_msgs__rosidl_typesupport_fastrtps_cpp.dir/rosidl_typesupport_fastrtps_cpp/micro_ros_msgs/msg/detail/dds_fastrtps/entity__type_support.cpp.o[0m
[1.367s] [ 44%] [32mBuilding CXX object CMakeFiles/micro_ros_msgs__rosidl_typesupport_fastrtps_cpp.dir/rosidl_typesupport_fastrtps_cpp/micro_ros_msgs/msg/detail/dds_fastrtps/graph__type_support.cpp.o[0m
[1.371s] [ 51%] [32mBuilding C object CMakeFiles/micro_ros_msgs__rosidl_typesupport_introspection_c.dir/rosidl_typesupport_introspection_c/micro_ros_msgs/msg/detail/entity__type_support.c.o[0m
[1.371s] [ 51%] [32mBuilding C object CMakeFiles/micro_ros_msgs__rosidl_typesupport_introspection_c.dir/rosidl_typesupport_introspection_c/micro_ros_msgs/msg/detail/node__type_support.c.o[0m
[1.371s] [ 51%] [32mBuilding C object CMakeFiles/micro_ros_msgs__rosidl_typesupport_introspection_c.dir/rosidl_typesupport_introspection_c/micro_ros_msgs/msg/detail/graph__type_support.c.o[0m
[1.373s] [ 53%] [32mBuilding CXX object CMakeFiles/micro_ros_msgs__rosidl_typesupport_fastrtps_c.dir/rosidl_typesupport_fastrtps_c/micro_ros_msgs/msg/detail/graph__type_support_c.cpp.o[0m
[1.373s] [ 55%] [32mBuilding CXX object CMakeFiles/micro_ros_msgs__rosidl_typesupport_fastrtps_c.dir/rosidl_typesupport_fastrtps_c/micro_ros_msgs/msg/detail/entity__type_support_c.cpp.o[0m
[1.374s] [ 57%] [32mBuilding CXX object CMakeFiles/micro_ros_msgs__rosidl_typesupport_fastrtps_c.dir/rosidl_typesupport_fastrtps_c/micro_ros_msgs/msg/detail/node__type_support_c.cpp.o[0m
[1.375s] [ 59%] [32m[1mLinking CXX shared library libmicro_ros_msgs__rosidl_typesupport_c.so[0m
[1.394s] [ 61%] [32m[1mLinking C shared library libmicro_ros_msgs__rosidl_typesupport_introspection_c.so[0m
[1.394s] [ 68%] [32mBuilding CXX object CMakeFiles/micro_ros_msgs__rosidl_typesupport_cpp.dir/rosidl_typesupport_cpp/micro_ros_msgs/msg/graph__type_support.cpp.o[0m
[1.394s] [ 68%] [32mBuilding CXX object CMakeFiles/micro_ros_msgs__rosidl_typesupport_cpp.dir/rosidl_typesupport_cpp/micro_ros_msgs/msg/node__type_support.cpp.o[0m
[1.395s] [ 68%] [32mBuilding CXX object CMakeFiles/micro_ros_msgs__rosidl_typesupport_cpp.dir/rosidl_typesupport_cpp/micro_ros_msgs/msg/entity__type_support.cpp.o[0m
[1.405s] [ 68%] Built target micro_ros_msgs__rosidl_typesupport_c
[1.409s] [ 68%] Built target micro_ros_msgs__rosidl_typesupport_introspection_c
[1.606s] [ 70%] [32m[1mLinking CXX shared library libmicro_ros_msgs__rosidl_typesupport_cpp.so[0m
[1.640s] [ 70%] Built target micro_ros_msgs__rosidl_typesupport_cpp
[1.643s] [ 72%] [32m[1mLinking CXX shared library libmicro_ros_msgs__rosidl_typesupport_fastrtps_c.so[0m
[1.706s] [ 72%] Built target micro_ros_msgs__rosidl_typesupport_fastrtps_c
[1.723s] [ 74%] [32m[1mLinking CXX shared library libmicro_ros_msgs__rosidl_typesupport_introspection_cpp.so[0m
[1.744s] [ 76%] [32m[1mLinking CXX shared library libmicro_ros_msgs__rosidl_typesupport_fastrtps_cpp.so[0m
[1.785s] [ 76%] Built target micro_ros_msgs__rosidl_typesupport_fastrtps_cpp
[1.789s] [ 76%] Built target micro_ros_msgs__rosidl_typesupport_introspection_cpp
[1.798s] [ 76%] Built target micro_ros_msgs
[1.808s] [ 78%] [34m[1mGenerating Python code for ROS interfaces[0m
[2.047s] [ 78%] Built target micro_ros_msgs__py
[2.056s] [ 80%] [32mBuilding C object CMakeFiles/micro_ros_msgs__rosidl_generator_py.dir/rosidl_generator_py/micro_ros_msgs/msg/_graph_s.c.o[0m
[2.056s] [ 82%] [32mBuilding C object CMakeFiles/micro_ros_msgs__rosidl_generator_py.dir/rosidl_generator_py/micro_ros_msgs/msg/_node_s.c.o[0m
[2.058s] [ 85%] [32mBuilding C object CMakeFiles/micro_ros_msgs__rosidl_generator_py.dir/rosidl_generator_py/micro_ros_msgs/msg/_entity_s.c.o[0m
[2.147s] [ 87%] [32m[1mLinking C shared library rosidl_generator_py/micro_ros_msgs/libmicro_ros_msgs__rosidl_generator_py.so[0m
[2.180s] [ 87%] Built target micro_ros_msgs__rosidl_generator_py
[2.196s] [ 91%] [32mBuilding C object CMakeFiles/micro_ros_msgs__rosidl_typesupport_c__pyext.dir/rosidl_generator_py/micro_ros_msgs/_micro_ros_msgs_s.ep.rosidl_typesupport_c.c.o[0m
[2.196s] [ 91%] [32mBuilding C object CMakeFiles/micro_ros_msgs__rosidl_typesupport_introspection_c__pyext.dir/rosidl_generator_py/micro_ros_msgs/_micro_ros_msgs_s.ep.rosidl_typesupport_introspection_c.c.o[0m
[2.203s] [ 93%] [32mBuilding C object CMakeFiles/micro_ros_msgs__rosidl_typesupport_fastrtps_c__pyext.dir/rosidl_generator_py/micro_ros_msgs/_micro_ros_msgs_s.ep.rosidl_typesupport_fastrtps_c.c.o[0m
[2.274s] [ 95%] [32m[1mLinking C shared library rosidl_generator_py/micro_ros_msgs/micro_ros_msgs_s__rosidl_typesupport_c.cpython-310-x86_64-linux-gnu.so[0m
[2.294s] [ 97%] [32m[1mLinking C shared library rosidl_generator_py/micro_ros_msgs/micro_ros_msgs_s__rosidl_typesupport_introspection_c.cpython-310-x86_64-linux-gnu.so[0m
[2.301s] [ 97%] Built target micro_ros_msgs__rosidl_typesupport_c__pyext
[2.302s] [100%] [32m[1mLinking C shared library rosidl_generator_py/micro_ros_msgs/micro_ros_msgs_s__rosidl_typesupport_fastrtps_c.cpython-310-x86_64-linux-gnu.so[0m
[2.321s] [100%] Built target micro_ros_msgs__rosidl_typesupport_introspection_c__pyext
[2.329s] [100%] Built target micro_ros_msgs__rosidl_typesupport_fastrtps_c__pyext
[2.340s] Invoked command in '/home/arpg/jackal_ws/build/micro_ros_msgs' returned '0': CMAKE_PREFIX_PATH=/opt/ros/humble /usr/bin/cmake --build /home/arpg/jackal_ws/build/micro_ros_msgs -- -j32 -l32
[2.392s] Invoking command in '/home/arpg/jackal_ws/build/micro_ros_msgs': CMAKE_PREFIX_PATH=/opt/ros/humble /usr/bin/cmake --install /home/arpg/jackal_ws/build/micro_ros_msgs
[2.397s] -- Install configuration: ""
[2.397s] -- Installing: /home/arpg/jackal_ws/install/micro_ros_msgs/share/ament_index/resource_index/rosidl_interfaces/micro_ros_msgs
[2.397s] -- Installing: /home/arpg/jackal_ws/install/micro_ros_msgs/include/micro_ros_msgs/micro_ros_msgs
[2.397s] -- Installing: /home/arpg/jackal_ws/install/micro_ros_msgs/include/micro_ros_msgs/micro_ros_msgs/msg
[2.398s] -- Installing: /home/arpg/jackal_ws/install/micro_ros_msgs/include/micro_ros_msgs/micro_ros_msgs/msg/entity.h
[2.398s] -- Installing: /home/arpg/jackal_ws/install/micro_ros_msgs/include/micro_ros_msgs/micro_ros_msgs/msg/graph.h
[2.398s] -- Installing: /home/arpg/jackal_ws/install/micro_ros_msgs/include/micro_ros_msgs/micro_ros_msgs/msg/detail
[2.398s] -- Installing: /home/arpg/jackal_ws/install/micro_ros_msgs/include/micro_ros_msgs/micro_ros_msgs/msg/detail/entity__type_support.h
[2.398s] -- Installing: /home/arpg/jackal_ws/install/micro_ros_msgs/include/micro_ros_msgs/micro_ros_msgs/msg/detail/graph__type_support.h
[2.398s] -- Installing: /home/arpg/jackal_ws/install/micro_ros_msgs/include/micro_ros_msgs/micro_ros_msgs/msg/detail/entity__functions.h
[2.398s] -- Installing: /home/arpg/jackal_ws/install/micro_ros_msgs/include/micro_ros_msgs/micro_ros_msgs/msg/detail/entity__functions.c
[2.398s] -- Installing: /home/arpg/jackal_ws/install/micro_ros_msgs/include/micro_ros_msgs/micro_ros_msgs/msg/detail/node__functions.h
[2.398s] -- Installing: /home/arpg/jackal_ws/install/micro_ros_msgs/include/micro_ros_msgs/micro_ros_msgs/msg/detail/node__type_support.h
[2.398s] -- Installing: /home/arpg/jackal_ws/install/micro_ros_msgs/include/micro_ros_msgs/micro_ros_msgs/msg/detail/node__functions.c
[2.398s] -- Installing: /home/arpg/jackal_ws/install/micro_ros_msgs/include/micro_ros_msgs/micro_ros_msgs/msg/detail/graph__functions.h
[2.398s] -- Installing: /home/arpg/jackal_ws/install/micro_ros_msgs/include/micro_ros_msgs/micro_ros_msgs/msg/detail/node__struct.h
[2.398s] -- Installing: /home/arpg/jackal_ws/install/micro_ros_msgs/include/micro_ros_msgs/micro_ros_msgs/msg/detail/entity__struct.h
[2.398s] -- Installing: /home/arpg/jackal_ws/install/micro_ros_msgs/include/micro_ros_msgs/micro_ros_msgs/msg/detail/graph__functions.c
[2.398s] -- Installing: /home/arpg/jackal_ws/install/micro_ros_msgs/include/micro_ros_msgs/micro_ros_msgs/msg/detail/graph__struct.h
[2.399s] -- Installing: /home/arpg/jackal_ws/install/micro_ros_msgs/include/micro_ros_msgs/micro_ros_msgs/msg/rosidl_generator_c__visibility_control.h
[2.399s] -- Installing: /home/arpg/jackal_ws/install/micro_ros_msgs/include/micro_ros_msgs/micro_ros_msgs/msg/node.h
[2.399s] -- Installing: /home/arpg/jackal_ws/install/micro_ros_msgs/share/micro_ros_msgs/environment/library_path.sh
[2.399s] -- Installing: /home/arpg/jackal_ws/install/micro_ros_msgs/share/micro_ros_msgs/environment/library_path.dsv
[2.399s] -- Installing: /home/arpg/jackal_ws/install/micro_ros_msgs/lib/libmicro_ros_msgs__rosidl_generator_c.so
[2.399s] -- Set runtime path of "/home/arpg/jackal_ws/install/micro_ros_msgs/lib/libmicro_ros_msgs__rosidl_generator_c.so" to ""
[2.399s] -- Up-to-date: /home/arpg/jackal_ws/install/micro_ros_msgs/include/micro_ros_msgs/micro_ros_msgs
[2.399s] -- Up-to-date: /home/arpg/jackal_ws/install/micro_ros_msgs/include/micro_ros_msgs/micro_ros_msgs/msg
[2.399s] -- Up-to-date: /home/arpg/jackal_ws/install/micro_ros_msgs/include/micro_ros_msgs/micro_ros_msgs/msg/detail
[2.399s] -- Installing: /home/arpg/jackal_ws/install/micro_ros_msgs/include/micro_ros_msgs/micro_ros_msgs/msg/detail/entity__rosidl_typesupport_fastrtps_c.h
[2.399s] -- Installing: /home/arpg/jackal_ws/install/micro_ros_msgs/include/micro_ros_msgs/micro_ros_msgs/msg/detail/graph__rosidl_typesupport_fastrtps_c.h
[2.399s] -- Installing: /home/arpg/jackal_ws/install/micro_ros_msgs/include/micro_ros_msgs/micro_ros_msgs/msg/detail/node__rosidl_typesupport_fastrtps_c.h
[2.399s] -- Installing: /home/arpg/jackal_ws/install/micro_ros_msgs/include/micro_ros_msgs/micro_ros_msgs/msg/rosidl_typesupport_fastrtps_c__visibility_control.h
[2.399s] -- Installing: /home/arpg/jackal_ws/install/micro_ros_msgs/lib/libmicro_ros_msgs__rosidl_typesupport_fastrtps_c.so
[2.399s] -- Set runtime path of "/home/arpg/jackal_ws/install/micro_ros_msgs/lib/libmicro_ros_msgs__rosidl_typesupport_fastrtps_c.so" to ""
[2.400s] -- Up-to-date: /home/arpg/jackal_ws/install/micro_ros_msgs/include/micro_ros_msgs/micro_ros_msgs
[2.400s] -- Up-to-date: /home/arpg/jackal_ws/install/micro_ros_msgs/include/micro_ros_msgs/micro_ros_msgs/msg
[2.400s] -- Installing: /home/arpg/jackal_ws/install/micro_ros_msgs/include/micro_ros_msgs/micro_ros_msgs/msg/rosidl_typesupport_introspection_c__visibility_control.h
[2.400s] -- Up-to-date: /home/arpg/jackal_ws/install/micro_ros_msgs/include/micro_ros_msgs/micro_ros_msgs/msg/detail
[2.400s] -- Installing: /home/arpg/jackal_ws/install/micro_ros_msgs/include/micro_ros_msgs/micro_ros_msgs/msg/detail/node__rosidl_typesupport_introspection_c.h
[2.400s] -- Installing: /home/arpg/jackal_ws/install/micro_ros_msgs/include/micro_ros_msgs/micro_ros_msgs/msg/detail/graph__type_support.c
[2.400s] -- Installing: /home/arpg/jackal_ws/install/micro_ros_msgs/include/micro_ros_msgs/micro_ros_msgs/msg/detail/entity__rosidl_typesupport_introspection_c.h
[2.400s] -- Installing: /home/arpg/jackal_ws/install/micro_ros_msgs/include/micro_ros_msgs/micro_ros_msgs/msg/detail/node__type_support.c
[2.400s] -- Installing: /home/arpg/jackal_ws/install/micro_ros_msgs/include/micro_ros_msgs/micro_ros_msgs/msg/detail/graph__rosidl_typesupport_introspection_c.h
[2.400s] -- Installing: /home/arpg/jackal_ws/install/micro_ros_msgs/include/micro_ros_msgs/micro_ros_msgs/msg/detail/entity__type_support.c
[2.400s] -- Installing: /home/arpg/jackal_ws/install/micro_ros_msgs/lib/libmicro_ros_msgs__rosidl_typesupport_introspection_c.so
[2.400s] -- Set runtime path of "/home/arpg/jackal_ws/install/micro_ros_msgs/lib/libmicro_ros_msgs__rosidl_typesupport_introspection_c.so" to ""
[2.400s] -- Installing: /home/arpg/jackal_ws/install/micro_ros_msgs/lib/libmicro_ros_msgs__rosidl_typesupport_c.so
[2.400s] -- Set runtime path of "/home/arpg/jackal_ws/install/micro_ros_msgs/lib/libmicro_ros_msgs__rosidl_typesupport_c.so" to ""
[2.401s] -- Up-to-date: /home/arpg/jackal_ws/install/micro_ros_msgs/include/micro_ros_msgs/micro_ros_msgs
[2.401s] -- Up-to-date: /home/arpg/jackal_ws/install/micro_ros_msgs/include/micro_ros_msgs/micro_ros_msgs/msg
[2.401s] -- Installing: /home/arpg/jackal_ws/install/micro_ros_msgs/include/micro_ros_msgs/micro_ros_msgs/msg/node.hpp
[2.401s] -- Installing: /home/arpg/jackal_ws/install/micro_ros_msgs/include/micro_ros_msgs/micro_ros_msgs/msg/graph.hpp
[2.401s] -- Up-to-date: /home/arpg/jackal_ws/install/micro_ros_msgs/include/micro_ros_msgs/micro_ros_msgs/msg/detail
[2.401s] -- Installing: /home/arpg/jackal_ws/install/micro_ros_msgs/include/micro_ros_msgs/micro_ros_msgs/msg/detail/graph__struct.hpp
[2.401s] -- Installing: /home/arpg/jackal_ws/install/micro_ros_msgs/include/micro_ros_msgs/micro_ros_msgs/msg/detail/graph__builder.hpp
[2.401s] -- Installing: /home/arpg/jackal_ws/install/micro_ros_msgs/include/micro_ros_msgs/micro_ros_msgs/msg/detail/node__builder.hpp
[2.401s] -- Installing: /home/arpg/jackal_ws/install/micro_ros_msgs/include/micro_ros_msgs/micro_ros_msgs/msg/detail/node__struct.hpp
[2.401s] -- Installing: /home/arpg/jackal_ws/install/micro_ros_msgs/include/micro_ros_msgs/micro_ros_msgs/msg/detail/node__traits.hpp
[2.401s] -- Installing: /home/arpg/jackal_ws/install/micro_ros_msgs/include/micro_ros_msgs/micro_ros_msgs/msg/detail/entity__builder.hpp
[2.401s] -- Installing: /home/arpg/jackal_ws/install/micro_ros_msgs/include/micro_ros_msgs/micro_ros_msgs/msg/detail/graph__traits.hpp
[2.401s] -- Installing: /home/arpg/jackal_ws/install/micro_ros_msgs/include/micro_ros_msgs/micro_ros_msgs/msg/detail/entity__traits.hpp
[2.401s] -- Installing: /home/arpg/jackal_ws/install/micro_ros_msgs/include/micro_ros_msgs/micro_ros_msgs/msg/detail/entity__struct.hpp
[2.401s] -- Installing: /home/arpg/jackal_ws/install/micro_ros_msgs/include/micro_ros_msgs/micro_ros_msgs/msg/entity.hpp
[2.401s] -- Up-to-date: /home/arpg/jackal_ws/install/micro_ros_msgs/include/micro_ros_msgs/micro_ros_msgs
[2.402s] -- Up-to-date: /home/arpg/jackal_ws/install/micro_ros_msgs/include/micro_ros_msgs/micro_ros_msgs/msg
[2.402s] -- Up-to-date: /home/arpg/jackal_ws/install/micro_ros_msgs/include/micro_ros_msgs/micro_ros_msgs/msg/detail
[2.402s] -- Installing: /home/arpg/jackal_ws/install/micro_ros_msgs/include/micro_ros_msgs/micro_ros_msgs/msg/detail/node__rosidl_typesupport_fastrtps_cpp.hpp
[2.402s] -- Installing: /home/arpg/jackal_ws/install/micro_ros_msgs/include/micro_ros_msgs/micro_ros_msgs/msg/detail/entity__rosidl_typesupport_fastrtps_cpp.hpp
[2.402s] -- Installing: /home/arpg/jackal_ws/install/micro_ros_msgs/include/micro_ros_msgs/micro_ros_msgs/msg/detail/graph__rosidl_typesupport_fastrtps_cpp.hpp
[2.402s] -- Installing: /home/arpg/jackal_ws/install/micro_ros_msgs/include/micro_ros_msgs/micro_ros_msgs/msg/detail/dds_fastrtps
[2.402s] -- Installing: /home/arpg/jackal_ws/install/micro_ros_msgs/include/micro_ros_msgs/micro_ros_msgs/msg/rosidl_typesupport_fastrtps_cpp__visibility_control.h
[2.402s] -- Installing: /home/arpg/jackal_ws/install/micro_ros_msgs/lib/libmicro_ros_msgs__rosidl_typesupport_fastrtps_cpp.so
[2.402s] -- Set runtime path of "/home/arpg/jackal_ws/install/micro_ros_msgs/lib/libmicro_ros_msgs__rosidl_typesupport_fastrtps_cpp.so" to ""
[2.402s] -- Up-to-date: /home/arpg/jackal_ws/install/micro_ros_msgs/include/micro_ros_msgs/micro_ros_msgs
[2.402s] -- Up-to-date: /home/arpg/jackal_ws/install/micro_ros_msgs/include/micro_ros_msgs/micro_ros_msgs/msg
[2.402s] -- Up-to-date: /home/arpg/jackal_ws/install/micro_ros_msgs/include/micro_ros_msgs/micro_ros_msgs/msg/detail
[2.402s] -- Installing: /home/arpg/jackal_ws/install/micro_ros_msgs/include/micro_ros_msgs/micro_ros_msgs/msg/detail/entity__rosidl_typesupport_introspection_cpp.hpp
[2.402s] -- Installing: /home/arpg/jackal_ws/install/micro_ros_msgs/include/micro_ros_msgs/micro_ros_msgs/msg/detail/node__type_support.cpp
[2.402s] -- Installing: /home/arpg/jackal_ws/install/micro_ros_msgs/include/micro_ros_msgs/micro_ros_msgs/msg/detail/entity__type_support.cpp
[2.402s] -- Installing: /home/arpg/jackal_ws/install/micro_ros_msgs/include/micro_ros_msgs/micro_ros_msgs/msg/detail/graph__rosidl_typesupport_introspection_cpp.hpp
[2.402s] -- Installing: /home/arpg/jackal_ws/install/micro_ros_msgs/include/micro_ros_msgs/micro_ros_msgs/msg/detail/graph__type_support.cpp
[2.402s] -- Installing: /home/arpg/jackal_ws/install/micro_ros_msgs/include/micro_ros_msgs/micro_ros_msgs/msg/detail/node__rosidl_typesupport_introspection_cpp.hpp
[2.402s] -- Installing: /home/arpg/jackal_ws/install/micro_ros_msgs/lib/libmicro_ros_msgs__rosidl_typesupport_introspection_cpp.so
[2.403s] -- Set runtime path of "/home/arpg/jackal_ws/install/micro_ros_msgs/lib/libmicro_ros_msgs__rosidl_typesupport_introspection_cpp.so" to ""
[2.403s] -- Installing: /home/arpg/jackal_ws/install/micro_ros_msgs/lib/libmicro_ros_msgs__rosidl_typesupport_cpp.so
[2.403s] -- Set runtime path of "/home/arpg/jackal_ws/install/micro_ros_msgs/lib/libmicro_ros_msgs__rosidl_typesupport_cpp.so" to ""
[2.403s] -- Installing: /home/arpg/jackal_ws/install/micro_ros_msgs/share/micro_ros_msgs/environment/pythonpath.sh
[2.403s] -- Installing: /home/arpg/jackal_ws/install/micro_ros_msgs/share/micro_ros_msgs/environment/pythonpath.dsv
[2.403s] -- Installing: /home/arpg/jackal_ws/install/micro_ros_msgs/local/lib/python3.10/dist-packages/micro_ros_msgs-4.0.0-py3.10.egg-info
[2.403s] -- Installing: /home/arpg/jackal_ws/install/micro_ros_msgs/local/lib/python3.10/dist-packages/micro_ros_msgs-4.0.0-py3.10.egg-info/PKG-INFO
[2.403s] -- Installing: /home/arpg/jackal_ws/install/micro_ros_msgs/local/lib/python3.10/dist-packages/micro_ros_msgs-4.0.0-py3.10.egg-info/SOURCES.txt
[2.403s] -- Installing: /home/arpg/jackal_ws/install/micro_ros_msgs/local/lib/python3.10/dist-packages/micro_ros_msgs-4.0.0-py3.10.egg-info/top_level.txt
[2.403s] -- Installing: /home/arpg/jackal_ws/install/micro_ros_msgs/local/lib/python3.10/dist-packages/micro_ros_msgs-4.0.0-py3.10.egg-info/dependency_links.txt
[2.403s] -- Installing: /home/arpg/jackal_ws/install/micro_ros_msgs/local/lib/python3.10/dist-packages/micro_ros_msgs
[2.403s] -- Installing: /home/arpg/jackal_ws/install/micro_ros_msgs/local/lib/python3.10/dist-packages/micro_ros_msgs/micro_ros_msgs_s__rosidl_typesupport_c.cpython-310-x86_64-linux-gnu.so
[2.403s] -- Installing: /home/arpg/jackal_ws/install/micro_ros_msgs/local/lib/python3.10/dist-packages/micro_ros_msgs/_micro_ros_msgs_s.ep.rosidl_typesupport_introspection_c.c
[2.403s] -- Installing: /home/arpg/jackal_ws/install/micro_ros_msgs/local/lib/python3.10/dist-packages/micro_ros_msgs/_micro_ros_msgs_s.ep.rosidl_typesupport_fastrtps_c.c
[2.403s] -- Installing: /home/arpg/jackal_ws/install/micro_ros_msgs/local/lib/python3.10/dist-packages/micro_ros_msgs/micro_ros_msgs_s__rosidl_typesupport_introspection_c.cpython-310-x86_64-linux-gnu.so
[2.403s] -- Installing: /home/arpg/jackal_ws/install/micro_ros_msgs/local/lib/python3.10/dist-packages/micro_ros_msgs/__init__.py
[2.403s] -- Installing: /home/arpg/jackal_ws/install/micro_ros_msgs/local/lib/python3.10/dist-packages/micro_ros_msgs/msg
[2.403s] -- Installing: /home/arpg/jackal_ws/install/micro_ros_msgs/local/lib/python3.10/dist-packages/micro_ros_msgs/msg/_graph_s.c
[2.403s] -- Installing: /home/arpg/jackal_ws/install/micro_ros_msgs/local/lib/python3.10/dist-packages/micro_ros_msgs/msg/_entity_s.c
[2.404s] -- Installing: /home/arpg/jackal_ws/install/micro_ros_msgs/local/lib/python3.10/dist-packages/micro_ros_msgs/msg/_node.py
[2.404s] -- Installing: /home/arpg/jackal_ws/install/micro_ros_msgs/local/lib/python3.10/dist-packages/micro_ros_msgs/msg/_graph.py
[2.404s] -- Installing: /home/arpg/jackal_ws/install/micro_ros_msgs/local/lib/python3.10/dist-packages/micro_ros_msgs/msg/_entity.py
[2.404s] -- Installing: /home/arpg/jackal_ws/install/micro_ros_msgs/local/lib/python3.10/dist-packages/micro_ros_msgs/msg/__init__.py
[2.404s] -- Installing: /home/arpg/jackal_ws/install/micro_ros_msgs/local/lib/python3.10/dist-packages/micro_ros_msgs/msg/_node_s.c
[2.404s] -- Installing: /home/arpg/jackal_ws/install/micro_ros_msgs/local/lib/python3.10/dist-packages/micro_ros_msgs/micro_ros_msgs_s__rosidl_typesupport_fastrtps_c.cpython-310-x86_64-linux-gnu.so
[2.404s] -- Installing: /home/arpg/jackal_ws/install/micro_ros_msgs/local/lib/python3.10/dist-packages/micro_ros_msgs/libmicro_ros_msgs__rosidl_generator_py.so
[2.404s] -- Installing: /home/arpg/jackal_ws/install/micro_ros_msgs/local/lib/python3.10/dist-packages/micro_ros_msgs/_micro_ros_msgs_s.ep.rosidl_typesupport_c.c
[2.425s] Listing '/home/arpg/jackal_ws/install/micro_ros_msgs/local/lib/python3.10/dist-packages/micro_ros_msgs'...
[2.425s] Compiling '/home/arpg/jackal_ws/install/micro_ros_msgs/local/lib/python3.10/dist-packages/micro_ros_msgs/__init__.py'...
[2.425s] Listing '/home/arpg/jackal_ws/install/micro_ros_msgs/local/lib/python3.10/dist-packages/micro_ros_msgs/msg'...
[2.425s] Compiling '/home/arpg/jackal_ws/install/micro_ros_msgs/local/lib/python3.10/dist-packages/micro_ros_msgs/msg/__init__.py'...
[2.425s] Compiling '/home/arpg/jackal_ws/install/micro_ros_msgs/local/lib/python3.10/dist-packages/micro_ros_msgs/msg/_entity.py'...
[2.425s] Compiling '/home/arpg/jackal_ws/install/micro_ros_msgs/local/lib/python3.10/dist-packages/micro_ros_msgs/msg/_graph.py'...
[2.425s] Compiling '/home/arpg/jackal_ws/install/micro_ros_msgs/local/lib/python3.10/dist-packages/micro_ros_msgs/msg/_node.py'...
[2.429s] -- Installing: /home/arpg/jackal_ws/install/micro_ros_msgs/local/lib/python3.10/dist-packages/micro_ros_msgs/micro_ros_msgs_s__rosidl_typesupport_fastrtps_c.cpython-310-x86_64-linux-gnu.so
[2.429s] -- Set runtime path of "/home/arpg/jackal_ws/install/micro_ros_msgs/local/lib/python3.10/dist-packages/micro_ros_msgs/micro_ros_msgs_s__rosidl_typesupport_fastrtps_c.cpython-310-x86_64-linux-gnu.so" to ""
[2.429s] -- Installing: /home/arpg/jackal_ws/install/micro_ros_msgs/local/lib/python3.10/dist-packages/micro_ros_msgs/micro_ros_msgs_s__rosidl_typesupport_introspection_c.cpython-310-x86_64-linux-gnu.so
[2.429s] -- Set runtime path of "/home/arpg/jackal_ws/install/micro_ros_msgs/local/lib/python3.10/dist-packages/micro_ros_msgs/micro_ros_msgs_s__rosidl_typesupport_introspection_c.cpython-310-x86_64-linux-gnu.so" to ""
[2.429s] -- Installing: /home/arpg/jackal_ws/install/micro_ros_msgs/local/lib/python3.10/dist-packages/micro_ros_msgs/micro_ros_msgs_s__rosidl_typesupport_c.cpython-310-x86_64-linux-gnu.so
[2.430s] -- Set runtime path of "/home/arpg/jackal_ws/install/micro_ros_msgs/local/lib/python3.10/dist-packages/micro_ros_msgs/micro_ros_msgs_s__rosidl_typesupport_c.cpython-310-x86_64-linux-gnu.so" to ""
[2.430s] -- Installing: /home/arpg/jackal_ws/install/micro_ros_msgs/lib/libmicro_ros_msgs__rosidl_generator_py.so
[2.430s] -- Set runtime path of "/home/arpg/jackal_ws/install/micro_ros_msgs/lib/libmicro_ros_msgs__rosidl_generator_py.so" to ""
[2.430s] -- Installing: /home/arpg/jackal_ws/install/micro_ros_msgs/share/micro_ros_msgs/msg/Graph.idl
[2.430s] -- Installing: /home/arpg/jackal_ws/install/micro_ros_msgs/share/micro_ros_msgs/msg/Node.idl
[2.430s] -- Installing: /home/arpg/jackal_ws/install/micro_ros_msgs/share/micro_ros_msgs/msg/Entity.idl
[2.430s] -- Installing: /home/arpg/jackal_ws/install/micro_ros_msgs/share/micro_ros_msgs/msg/Graph.msg
[2.430s] -- Installing: /home/arpg/jackal_ws/install/micro_ros_msgs/share/micro_ros_msgs/msg/Node.msg
[2.430s] -- Installing: /home/arpg/jackal_ws/install/micro_ros_msgs/share/micro_ros_msgs/msg/Entity.msg
[2.430s] -- Installing: /home/arpg/jackal_ws/install/micro_ros_msgs/share/ament_index/resource_index/package_run_dependencies/micro_ros_msgs
[2.430s] -- Installing: /home/arpg/jackal_ws/install/micro_ros_msgs/share/ament_index/resource_index/parent_prefix_path/micro_ros_msgs
[2.430s] -- Installing: /home/arpg/jackal_ws/install/micro_ros_msgs/share/micro_ros_msgs/environment/ament_prefix_path.sh
[2.431s] -- Installing: /home/arpg/jackal_ws/install/micro_ros_msgs/share/micro_ros_msgs/environment/ament_prefix_path.dsv
[2.431s] -- Installing: /home/arpg/jackal_ws/install/micro_ros_msgs/share/micro_ros_msgs/environment/path.sh
[2.431s] -- Installing: /home/arpg/jackal_ws/install/micro_ros_msgs/share/micro_ros_msgs/environment/path.dsv
[2.431s] -- Installing: /home/arpg/jackal_ws/install/micro_ros_msgs/share/micro_ros_msgs/local_setup.bash
[2.431s] -- Installing: /home/arpg/jackal_ws/install/micro_ros_msgs/share/micro_ros_msgs/local_setup.sh
[2.431s] -- Installing: /home/arpg/jackal_ws/install/micro_ros_msgs/share/micro_ros_msgs/local_setup.zsh
[2.431s] -- Installing: /home/arpg/jackal_ws/install/micro_ros_msgs/share/micro_ros_msgs/local_setup.dsv
[2.431s] -- Installing: /home/arpg/jackal_ws/install/micro_ros_msgs/share/micro_ros_msgs/package.dsv
[2.431s] -- Installing: /home/arpg/jackal_ws/install/micro_ros_msgs/share/ament_index/resource_index/packages/micro_ros_msgs
[2.431s] -- Installing: /home/arpg/jackal_ws/install/micro_ros_msgs/share/micro_ros_msgs/cmake/export_micro_ros_msgs__rosidl_generator_cExport.cmake
[2.431s] -- Installing: /home/arpg/jackal_ws/install/micro_ros_msgs/share/micro_ros_msgs/cmake/export_micro_ros_msgs__rosidl_generator_cExport-noconfig.cmake
[2.431s] -- Installing: /home/arpg/jackal_ws/install/micro_ros_msgs/share/micro_ros_msgs/cmake/export_micro_ros_msgs__rosidl_typesupport_fastrtps_cExport.cmake
[2.431s] -- Installing: /home/arpg/jackal_ws/install/micro_ros_msgs/share/micro_ros_msgs/cmake/export_micro_ros_msgs__rosidl_typesupport_fastrtps_cExport-noconfig.cmake
[2.431s] -- Installing: /home/arpg/jackal_ws/install/micro_ros_msgs/share/micro_ros_msgs/cmake/micro_ros_msgs__rosidl_typesupport_introspection_cExport.cmake
[2.432s] -- Installing: /home/arpg/jackal_ws/install/micro_ros_msgs/share/micro_ros_msgs/cmake/micro_ros_msgs__rosidl_typesupport_introspection_cExport-noconfig.cmake
[2.432s] -- Installing: /home/arpg/jackal_ws/install/micro_ros_msgs/share/micro_ros_msgs/cmake/micro_ros_msgs__rosidl_typesupport_cExport.cmake
[2.432s] -- Installing: /home/arpg/jackal_ws/install/micro_ros_msgs/share/micro_ros_msgs/cmake/micro_ros_msgs__rosidl_typesupport_cExport-noconfig.cmake
[2.432s] -- Installing: /home/arpg/jackal_ws/install/micro_ros_msgs/share/micro_ros_msgs/cmake/export_micro_ros_msgs__rosidl_generator_cppExport.cmake
[2.432s] -- Installing: /home/arpg/jackal_ws/install/micro_ros_msgs/share/micro_ros_msgs/cmake/export_micro_ros_msgs__rosidl_typesupport_fastrtps_cppExport.cmake
[2.432s] -- Installing: /home/arpg/jackal_ws/install/micro_ros_msgs/share/micro_ros_msgs/cmake/export_micro_ros_msgs__rosidl_typesupport_fastrtps_cppExport-noconfig.cmake
[2.432s] -- Installing: /home/arpg/jackal_ws/install/micro_ros_msgs/share/micro_ros_msgs/cmake/micro_ros_msgs__rosidl_typesupport_introspection_cppExport.cmake
[2.432s] -- Installing: /home/arpg/jackal_ws/install/micro_ros_msgs/share/micro_ros_msgs/cmake/micro_ros_msgs__rosidl_typesupport_introspection_cppExport-noconfig.cmake
[2.432s] -- Installing: /home/arpg/jackal_ws/install/micro_ros_msgs/share/micro_ros_msgs/cmake/micro_ros_msgs__rosidl_typesupport_cppExport.cmake
[2.432s] -- Installing: /home/arpg/jackal_ws/install/micro_ros_msgs/share/micro_ros_msgs/cmake/micro_ros_msgs__rosidl_typesupport_cppExport-noconfig.cmake
[2.432s] -- Installing: /home/arpg/jackal_ws/install/micro_ros_msgs/share/micro_ros_msgs/cmake/export_micro_ros_msgs__rosidl_generator_pyExport.cmake
[2.433s] -- Installing: /home/arpg/jackal_ws/install/micro_ros_msgs/share/micro_ros_msgs/cmake/export_micro_ros_msgs__rosidl_generator_pyExport-noconfig.cmake
[2.433s] -- Installing: /home/arpg/jackal_ws/install/micro_ros_msgs/share/micro_ros_msgs/cmake/rosidl_cmake-extras.cmake
[2.433s] -- Installing: /home/arpg/jackal_ws/install/micro_ros_msgs/share/micro_ros_msgs/cmake/ament_cmake_export_include_directories-extras.cmake
[2.433s] -- Installing: /home/arpg/jackal_ws/install/micro_ros_msgs/share/micro_ros_msgs/cmake/ament_cmake_export_libraries-extras.cmake
[2.433s] -- Installing: /home/arpg/jackal_ws/install/micro_ros_msgs/share/micro_ros_msgs/cmake/ament_cmake_export_targets-extras.cmake
[2.433s] -- Installing: /home/arpg/jackal_ws/install/micro_ros_msgs/share/micro_ros_msgs/cmake/rosidl_cmake_export_typesupport_targets-extras.cmake
[2.433s] -- Installing: /home/arpg/jackal_ws/install/micro_ros_msgs/share/micro_ros_msgs/cmake/ament_cmake_export_dependencies-extras.cmake
[2.433s] -- Installing: /home/arpg/jackal_ws/install/micro_ros_msgs/share/micro_ros_msgs/cmake/rosidl_cmake_export_typesupport_libraries-extras.cmake
[2.433s] -- Installing: /home/arpg/jackal_ws/install/micro_ros_msgs/share/micro_ros_msgs/cmake/micro_ros_msgsConfig.cmake
[2.433s] -- Installing: /home/arpg/jackal_ws/install/micro_ros_msgs/share/micro_ros_msgs/cmake/micro_ros_msgsConfig-version.cmake
[2.433s] -- Installing: /home/arpg/jackal_ws/install/micro_ros_msgs/share/micro_ros_msgs/package.xml
[2.435s] Invoked command in '/home/arpg/jackal_ws/build/micro_ros_msgs' returned '0': CMAKE_PREFIX_PATH=/opt/ros/humble /usr/bin/cmake --install /home/arpg/jackal_ws/build/micro_ros_msgs
