[0.023s] Invoking command in '/home/arpg/jackal_ws/build/micro_ros_setup': CMAKE_PREFIX_PATH=/opt/ros/humble /usr/bin/cmake --build /home/arpg/jackal_ws/build/micro_ros_setup -- -j32 -l32
[0.037s] Invoked command in '/home/arpg/jackal_ws/build/micro_ros_setup' returned '0': CMAKE_PREFIX_PATH=/opt/ros/humble /usr/bin/cmake --build /home/arpg/jackal_ws/build/micro_ros_setup -- -j32 -l32
[0.055s] Invoking command in '/home/arpg/jackal_ws/build/micro_ros_setup': CMAKE_PREFIX_PATH=/opt/ros/humble /usr/bin/cmake --install /home/arpg/jackal_ws/build/micro_ros_setup
[0.060s] -- Install configuration: ""
[0.060s] -- Installing: /home/arpg/jackal_ws/install/micro_ros_setup/share/micro_ros_setup/package.dsv
[0.060s] -- Up-to-date: /home/arpg/jackal_ws/install/micro_ros_setup/./config
[0.060s] -- Up-to-date: /home/arpg/jackal_ws/install/micro_ros_setup/./config/renesas_ra
[0.060s] -- Up-to-date: /home/arpg/jackal_ws/install/micro_ros_setup/./config/renesas_ra/list_apps.sh
[0.060s] -- Up-to-date: /home/arpg/jackal_ws/install/micro_ros_setup/./config/renesas_ra/dev_ros2_packages.txt
[0.060s] -- Up-to-date: /home/arpg/jackal_ws/install/micro_ros_setup/./config/renesas_ra/ra6m5
[0.060s] -- Up-to-date: /home/arpg/jackal_ws/install/micro_ros_setup/./config/renesas_ra/ra6m5/client-colcon.meta
[0.060s] -- Up-to-date: /home/arpg/jackal_ws/install/micro_ros_setup/./config/renesas_ra/ra6m5/flash.sh
[0.060s] -- Up-to-date: /home/arpg/jackal_ws/install/micro_ros_setup/./config/renesas_ra/ra6m5/client_uros_packages.repos
[0.060s] -- Up-to-date: /home/arpg/jackal_ws/install/micro_ros_setup/./config/renesas_ra/ra6m5/board.repos
[0.060s] -- Up-to-date: /home/arpg/jackal_ws/install/micro_ros_setup/./config/renesas_ra/ra6m5/build.sh
[0.060s] -- Up-to-date: /home/arpg/jackal_ws/install/micro_ros_setup/./config/renesas_ra/ra6m5/create.sh
[0.060s] -- Up-to-date: /home/arpg/jackal_ws/install/micro_ros_setup/./config/renesas_ra/ra6m5/configure.sh
[0.060s] -- Up-to-date: /home/arpg/jackal_ws/install/micro_ros_setup/./config/renesas_ra/dev_uros_packages.repos
[0.060s] -- Up-to-date: /home/arpg/jackal_ws/install/micro_ros_setup/./config/mbed
[0.060s] -- Up-to-date: /home/arpg/jackal_ws/install/micro_ros_setup/./config/mbed/list_apps.sh
[0.060s] -- Up-to-date: /home/arpg/jackal_ws/install/micro_ros_setup/./config/mbed/dev_ros2_packages.txt
[0.060s] -- Up-to-date: /home/arpg/jackal_ws/install/micro_ros_setup/./config/mbed/dev_uros_packages.repos
[0.060s] -- Up-to-date: /home/arpg/jackal_ws/install/micro_ros_setup/./config/mbed/generic
[0.060s] -- Up-to-date: /home/arpg/jackal_ws/install/micro_ros_setup/./config/mbed/generic/flash.sh
[0.061s] -- Up-to-date: /home/arpg/jackal_ws/install/micro_ros_setup/./config/mbed/generic/package.xml
[0.061s] -- Up-to-date: /home/arpg/jackal_ws/install/micro_ros_setup/./config/mbed/generic/client_uros_packages.repos
[0.061s] -- Up-to-date: /home/arpg/jackal_ws/install/micro_ros_setup/./config/mbed/generic/supported_platforms
[0.061s] -- Up-to-date: /home/arpg/jackal_ws/install/micro_ros_setup/./config/mbed/generic/board.repos
[0.061s] -- Up-to-date: /home/arpg/jackal_ws/install/micro_ros_setup/./config/mbed/generic/build.sh
[0.061s] -- Up-to-date: /home/arpg/jackal_ws/install/micro_ros_setup/./config/mbed/generic/create.sh
[0.061s] -- Up-to-date: /home/arpg/jackal_ws/install/micro_ros_setup/./config/raspbian
[0.061s] -- Up-to-date: /home/arpg/jackal_ws/install/micro_ros_setup/./config/raspbian/dev_ros2_packages.txt
[0.061s] -- Up-to-date: /home/arpg/jackal_ws/install/micro_ros_setup/./config/raspbian/dev_uros_packages.repos
[0.061s] -- Up-to-date: /home/arpg/jackal_ws/install/micro_ros_setup/./config/raspbian/generic
[0.061s] -- Up-to-date: /home/arpg/jackal_ws/install/micro_ros_setup/./config/raspbian/generic/client-colcon.meta
[0.061s] -- Up-to-date: /home/arpg/jackal_ws/install/micro_ros_setup/./config/raspbian/generic/flash.sh
[0.061s] -- Up-to-date: /home/arpg/jackal_ws/install/micro_ros_setup/./config/raspbian/generic/client_uros_packages.repos
[0.061s] -- Up-to-date: /home/arpg/jackal_ws/install/micro_ros_setup/./config/raspbian/generic/supported_platforms
[0.061s] -- Up-to-date: /home/arpg/jackal_ws/install/micro_ros_setup/./config/raspbian/generic/build.sh
[0.061s] -- Up-to-date: /home/arpg/jackal_ws/install/micro_ros_setup/./config/raspbian/generic/create.sh
[0.061s] -- Up-to-date: /home/arpg/jackal_ws/install/micro_ros_setup/./config/raspbian/generic/configure.sh
[0.061s] -- Up-to-date: /home/arpg/jackal_ws/install/micro_ros_setup/./config/android
[0.061s] -- Up-to-date: /home/arpg/jackal_ws/install/micro_ros_setup/./config/android/dev_ros2_packages.txt
[0.061s] -- Up-to-date: /home/arpg/jackal_ws/install/micro_ros_setup/./config/android/dev_uros_packages.repos
[0.061s] -- Up-to-date: /home/arpg/jackal_ws/install/micro_ros_setup/./config/android/generic
[0.061s] -- Up-to-date: /home/arpg/jackal_ws/install/micro_ros_setup/./config/android/generic/client-colcon.meta
[0.061s] -- Up-to-date: /home/arpg/jackal_ws/install/micro_ros_setup/./config/android/generic/flash.sh
[0.061s] -- Up-to-date: /home/arpg/jackal_ws/install/micro_ros_setup/./config/android/generic/package.xml
[0.061s] -- Up-to-date: /home/arpg/jackal_ws/install/micro_ros_setup/./config/android/generic/client_uros_packages.repos
[0.061s] -- Up-to-date: /home/arpg/jackal_ws/install/micro_ros_setup/./config/android/generic/build.sh
[0.061s] -- Up-to-date: /home/arpg/jackal_ws/install/micro_ros_setup/./config/android/generic/create.sh
[0.061s] -- Up-to-date: /home/arpg/jackal_ws/install/micro_ros_setup/./config/agent_uros_packages.repos
[0.061s] -- Up-to-date: /home/arpg/jackal_ws/install/micro_ros_setup/./config/client_ros2_packages.txt
[0.061s] -- Up-to-date: /home/arpg/jackal_ws/install/micro_ros_setup/./config/host
[0.061s] -- Up-to-date: /home/arpg/jackal_ws/install/micro_ros_setup/./config/host/dev_ros2_packages.txt
[0.061s] -- Up-to-date: /home/arpg/jackal_ws/install/micro_ros_setup/./config/host/dev_uros_packages.repos
[0.061s] -- Up-to-date: /home/arpg/jackal_ws/install/micro_ros_setup/./config/host/client_ros2_packages.txt
[0.061s] -- Up-to-date: /home/arpg/jackal_ws/install/micro_ros_setup/./config/host/generic
[0.061s] -- Up-to-date: /home/arpg/jackal_ws/install/micro_ros_setup/./config/host/generic/client-host-colcon.meta
[0.061s] -- Up-to-date: /home/arpg/jackal_ws/install/micro_ros_setup/./config/host/generic/flash.sh
[0.061s] -- Up-to-date: /home/arpg/jackal_ws/install/micro_ros_setup/./config/host/generic/package.xml
[0.061s] -- Up-to-date: /home/arpg/jackal_ws/install/micro_ros_setup/./config/host/generic/build.sh
[0.061s] -- Up-to-date: /home/arpg/jackal_ws/install/micro_ros_setup/./config/host/generic/client_host_packages.repos
[0.061s] -- Up-to-date: /home/arpg/jackal_ws/install/micro_ros_setup/./config/host/generic/create.sh
[0.061s] -- Up-to-date: /home/arpg/jackal_ws/install/micro_ros_setup/./config/client_uros_packages.repos
[0.062s] -- Up-to-date: /home/arpg/jackal_ws/install/micro_ros_setup/./config/generate_lib
[0.062s] -- Up-to-date: /home/arpg/jackal_ws/install/micro_ros_setup/./config/generate_lib/dev_ros2_packages.txt
[0.062s] -- Up-to-date: /home/arpg/jackal_ws/install/micro_ros_setup/./config/generate_lib/dev_uros_packages.repos
[0.062s] -- Up-to-date: /home/arpg/jackal_ws/install/micro_ros_setup/./config/generate_lib/generic
[0.062s] -- Up-to-date: /home/arpg/jackal_ws/install/micro_ros_setup/./config/generate_lib/generic/client-colcon.meta
[0.062s] -- Up-to-date: /home/arpg/jackal_ws/install/micro_ros_setup/./config/generate_lib/generic/flash.sh
[0.062s] -- Up-to-date: /home/arpg/jackal_ws/install/micro_ros_setup/./config/generate_lib/generic/package.xml
[0.062s] -- Up-to-date: /home/arpg/jackal_ws/install/micro_ros_setup/./config/generate_lib/generic/demo_toolchain.cmake
[0.062s] -- Up-to-date: /home/arpg/jackal_ws/install/micro_ros_setup/./config/generate_lib/generic/client_uros_packages.repos
[0.062s] -- Up-to-date: /home/arpg/jackal_ws/install/micro_ros_setup/./config/generate_lib/generic/build.sh
[0.062s] -- Up-to-date: /home/arpg/jackal_ws/install/micro_ros_setup/./config/generate_lib/generic/create.sh
[0.062s] -- Up-to-date: /home/arpg/jackal_ws/install/micro_ros_setup/./config/agent_ros2_packages.txt
[0.062s] -- Up-to-date: /home/arpg/jackal_ws/install/micro_ros_setup/./config/freertos
[0.062s] -- Up-to-date: /home/arpg/jackal_ws/install/micro_ros_setup/./config/freertos/list_apps.sh
[0.062s] -- Up-to-date: /home/arpg/jackal_ws/install/micro_ros_setup/./config/freertos/dev_ros2_packages.txt
[0.062s] -- Up-to-date: /home/arpg/jackal_ws/install/micro_ros_setup/./config/freertos/olimex-stm32-e407
[0.062s] -- Up-to-date: /home/arpg/jackal_ws/install/micro_ros_setup/./config/freertos/olimex-stm32-e407/client-colcon.meta
[0.062s] -- Up-to-date: /home/arpg/jackal_ws/install/micro_ros_setup/./config/freertos/olimex-stm32-e407/flash.sh
[0.062s] -- Up-to-date: /home/arpg/jackal_ws/install/micro_ros_setup/./config/freertos/olimex-stm32-e407/package.xml
[0.062s] -- Up-to-date: /home/arpg/jackal_ws/install/micro_ros_setup/./config/freertos/olimex-stm32-e407/client_uros_packages.repos
[0.062s] -- Up-to-date: /home/arpg/jackal_ws/install/micro_ros_setup/./config/freertos/olimex-stm32-e407/board.repos
[0.062s] -- Up-to-date: /home/arpg/jackal_ws/install/micro_ros_setup/./config/freertos/olimex-stm32-e407/build.sh
[0.062s] -- Up-to-date: /home/arpg/jackal_ws/install/micro_ros_setup/./config/freertos/olimex-stm32-e407/create.sh
[0.062s] -- Up-to-date: /home/arpg/jackal_ws/install/micro_ros_setup/./config/freertos/olimex-stm32-e407/configure.sh
[0.062s] -- Up-to-date: /home/arpg/jackal_ws/install/micro_ros_setup/./config/freertos/nucleo_f446ze
[0.062s] -- Up-to-date: /home/arpg/jackal_ws/install/micro_ros_setup/./config/freertos/nucleo_f446ze/client-colcon.meta
[0.062s] -- Up-to-date: /home/arpg/jackal_ws/install/micro_ros_setup/./config/freertos/nucleo_f446ze/flash.sh
[0.062s] -- Up-to-date: /home/arpg/jackal_ws/install/micro_ros_setup/./config/freertos/nucleo_f446ze/package.xml
[0.062s] -- Up-to-date: /home/arpg/jackal_ws/install/micro_ros_setup/./config/freertos/nucleo_f446ze/client_uros_packages.repos
[0.062s] -- Up-to-date: /home/arpg/jackal_ws/install/micro_ros_setup/./config/freertos/nucleo_f446ze/board.repos
[0.062s] -- Up-to-date: /home/arpg/jackal_ws/install/micro_ros_setup/./config/freertos/nucleo_f446ze/build.sh
[0.062s] -- Up-to-date: /home/arpg/jackal_ws/install/micro_ros_setup/./config/freertos/nucleo_f446ze/create.sh
[0.062s] -- Up-to-date: /home/arpg/jackal_ws/install/micro_ros_setup/./config/freertos/nucleo_f446ze/configure.sh
[0.062s] -- Up-to-date: /home/arpg/jackal_ws/install/micro_ros_setup/./config/freertos/dev_uros_packages.repos
[0.062s] -- Up-to-date: /home/arpg/jackal_ws/install/micro_ros_setup/./config/freertos/nucleo_f746zg
[0.062s] -- Up-to-date: /home/arpg/jackal_ws/install/micro_ros_setup/./config/freertos/nucleo_f746zg/client-colcon.meta
[0.062s] -- Up-to-date: /home/arpg/jackal_ws/install/micro_ros_setup/./config/freertos/nucleo_f746zg/flash.sh
[0.062s] -- Up-to-date: /home/arpg/jackal_ws/install/micro_ros_setup/./config/freertos/nucleo_f746zg/package.xml
[0.063s] -- Up-to-date: /home/arpg/jackal_ws/install/micro_ros_setup/./config/freertos/nucleo_f746zg/client_uros_packages.repos
[0.063s] -- Up-to-date: /home/arpg/jackal_ws/install/micro_ros_setup/./config/freertos/nucleo_f746zg/board.repos
[0.063s] -- Up-to-date: /home/arpg/jackal_ws/install/micro_ros_setup/./config/freertos/nucleo_f746zg/build.sh
[0.063s] -- Up-to-date: /home/arpg/jackal_ws/install/micro_ros_setup/./config/freertos/nucleo_f746zg/create.sh
[0.063s] -- Up-to-date: /home/arpg/jackal_ws/install/micro_ros_setup/./config/freertos/nucleo_f746zg/configure.sh
[0.063s] -- Up-to-date: /home/arpg/jackal_ws/install/micro_ros_setup/./config/freertos/nucleo_f767zi
[0.063s] -- Up-to-date: /home/arpg/jackal_ws/install/micro_ros_setup/./config/freertos/nucleo_f767zi/client-colcon.meta
[0.063s] -- Up-to-date: /home/arpg/jackal_ws/install/micro_ros_setup/./config/freertos/nucleo_f767zi/flash.sh
[0.063s] -- Up-to-date: /home/arpg/jackal_ws/install/micro_ros_setup/./config/freertos/nucleo_f767zi/package.xml
[0.063s] -- Up-to-date: /home/arpg/jackal_ws/install/micro_ros_setup/./config/freertos/nucleo_f767zi/client_uros_packages.repos
[0.063s] -- Up-to-date: /home/arpg/jackal_ws/install/micro_ros_setup/./config/freertos/nucleo_f767zi/board.repos
[0.063s] -- Up-to-date: /home/arpg/jackal_ws/install/micro_ros_setup/./config/freertos/nucleo_f767zi/build.sh
[0.063s] -- Up-to-date: /home/arpg/jackal_ws/install/micro_ros_setup/./config/freertos/nucleo_f767zi/create.sh
[0.063s] -- Up-to-date: /home/arpg/jackal_ws/install/micro_ros_setup/./config/freertos/nucleo_f767zi/configure.sh
[0.063s] -- Up-to-date: /home/arpg/jackal_ws/install/micro_ros_setup/./config/freertos/esp32
[0.063s] -- Up-to-date: /home/arpg/jackal_ws/install/micro_ros_setup/./config/freertos/esp32/client-colcon.meta
[0.063s] -- Up-to-date: /home/arpg/jackal_ws/install/micro_ros_setup/./config/freertos/esp32/flash.sh
[0.063s] -- Up-to-date: /home/arpg/jackal_ws/install/micro_ros_setup/./config/freertos/esp32/package.xml
[0.063s] -- Up-to-date: /home/arpg/jackal_ws/install/micro_ros_setup/./config/freertos/esp32/client_uros_packages.repos
[0.063s] -- Up-to-date: /home/arpg/jackal_ws/install/micro_ros_setup/./config/freertos/esp32/README.md
[0.063s] -- Up-to-date: /home/arpg/jackal_ws/install/micro_ros_setup/./config/freertos/esp32/board.repos
[0.063s] -- Up-to-date: /home/arpg/jackal_ws/install/micro_ros_setup/./config/freertos/esp32/build.sh
[0.063s] -- Up-to-date: /home/arpg/jackal_ws/install/micro_ros_setup/./config/freertos/esp32/create.sh
[0.063s] -- Up-to-date: /home/arpg/jackal_ws/install/micro_ros_setup/./config/freertos/esp32/configure.sh
[0.063s] -- Up-to-date: /home/arpg/jackal_ws/install/micro_ros_setup/./config/freertos/nucleo_f446re
[0.063s] -- Up-to-date: /home/arpg/jackal_ws/install/micro_ros_setup/./config/freertos/nucleo_f446re/client-colcon.meta
[0.063s] -- Up-to-date: /home/arpg/jackal_ws/install/micro_ros_setup/./config/freertos/nucleo_f446re/flash.sh
[0.063s] -- Up-to-date: /home/arpg/jackal_ws/install/micro_ros_setup/./config/freertos/nucleo_f446re/package.xml
[0.063s] -- Up-to-date: /home/arpg/jackal_ws/install/micro_ros_setup/./config/freertos/nucleo_f446re/client_uros_packages.repos
[0.063s] -- Up-to-date: /home/arpg/jackal_ws/install/micro_ros_setup/./config/freertos/nucleo_f446re/board.repos
[0.063s] -- Up-to-date: /home/arpg/jackal_ws/install/micro_ros_setup/./config/freertos/nucleo_f446re/build.sh
[0.063s] -- Up-to-date: /home/arpg/jackal_ws/install/micro_ros_setup/./config/freertos/nucleo_f446re/create.sh
[0.063s] -- Up-to-date: /home/arpg/jackal_ws/install/micro_ros_setup/./config/freertos/nucleo_f446re/configure.sh
[0.063s] -- Up-to-date: /home/arpg/jackal_ws/install/micro_ros_setup/./config/freertos/crazyflie21
[0.063s] -- Up-to-date: /home/arpg/jackal_ws/install/micro_ros_setup/./config/freertos/crazyflie21/client-colcon.meta
[0.063s] -- Up-to-date: /home/arpg/jackal_ws/install/micro_ros_setup/./config/freertos/crazyflie21/flash.sh
[0.063s] -- Up-to-date: /home/arpg/jackal_ws/install/micro_ros_setup/./config/freertos/crazyflie21/package.xml
[0.063s] -- Up-to-date: /home/arpg/jackal_ws/install/micro_ros_setup/./config/freertos/crazyflie21/client_uros_packages.repos
[0.063s] -- Up-to-date: /home/arpg/jackal_ws/install/micro_ros_setup/./config/freertos/crazyflie21/board.repos
[0.063s] -- Up-to-date: /home/arpg/jackal_ws/install/micro_ros_setup/./config/freertos/crazyflie21/build.sh
[0.063s] -- Up-to-date: /home/arpg/jackal_ws/install/micro_ros_setup/./config/freertos/crazyflie21/create.sh
[0.064s] -- Up-to-date: /home/arpg/jackal_ws/install/micro_ros_setup/./config/freertos/crazyflie21/configure.sh
[0.064s] -- Up-to-date: /home/arpg/jackal_ws/install/micro_ros_setup/./config/zephyr
[0.064s] -- Up-to-date: /home/arpg/jackal_ws/install/micro_ros_setup/./config/zephyr/list_apps.sh
[0.064s] -- Up-to-date: /home/arpg/jackal_ws/install/micro_ros_setup/./config/zephyr/dev_ros2_packages.txt
[0.064s] -- Up-to-date: /home/arpg/jackal_ws/install/micro_ros_setup/./config/zephyr/dev_uros_packages.repos
[0.064s] -- Up-to-date: /home/arpg/jackal_ws/install/micro_ros_setup/./config/zephyr/generic
[0.064s] -- Up-to-date: /home/arpg/jackal_ws/install/micro_ros_setup/./config/zephyr/generic/client-colcon.meta
[0.064s] -- Up-to-date: /home/arpg/jackal_ws/install/micro_ros_setup/./config/zephyr/generic/flash.sh
[0.064s] -- Up-to-date: /home/arpg/jackal_ws/install/micro_ros_setup/./config/zephyr/generic/package.xml
[0.064s] -- Up-to-date: /home/arpg/jackal_ws/install/micro_ros_setup/./config/zephyr/generic/client_uros_packages.repos
[0.064s] -- Up-to-date: /home/arpg/jackal_ws/install/micro_ros_setup/./config/zephyr/generic/supported_platforms
[0.064s] -- Up-to-date: /home/arpg/jackal_ws/install/micro_ros_setup/./config/zephyr/generic/board.repos
[0.064s] -- Up-to-date: /home/arpg/jackal_ws/install/micro_ros_setup/./config/zephyr/generic/build.sh
[0.064s] -- Up-to-date: /home/arpg/jackal_ws/install/micro_ros_setup/./config/zephyr/generic/create.sh
[0.064s] -- Up-to-date: /home/arpg/jackal_ws/install/micro_ros_setup/./config/zephyr/generic/configure.sh
[0.064s] -- Up-to-date: /home/arpg/jackal_ws/install/micro_ros_setup/./config/utils.sh
[0.121s] Invoked command in '/home/arpg/jackal_ws/build/micro_ros_setup' returned '0': CMAKE_PREFIX_PATH=/opt/ros/humble /usr/bin/cmake --install /home/arpg/jackal_ws/build/micro_ros_setup
