[0.050s] Invoking command in '/home/arpg/jackal_ws/build/jackal_navigation': CMAKE_PREFIX_PATH=${CMAKE_PREFIX_PATH}:/home/arpg/jackal_ws/install/wireless_watcher:/opt/ros/humble /usr/bin/cmake --build /home/arpg/jackal_ws/build/jackal_navigation -- -j32 -l32
[0.060s] -- Found ament_cmake: 1.3.5 (/opt/ros/humble/share/ament_cmake/cmake)
[0.127s] -- Found nav2_bringup: 1.1.12 (/opt/ros/humble/share/nav2_bringup/cmake)
[0.127s] -- Found slam_toolbox: 2.6.6 (/opt/ros/humble/share/slam_toolbox/cmake)
[0.138s] -- Found rosidl_generator_c: 3.1.5 (/opt/ros/humble/share/rosidl_generator_c/cmake)
[0.139s] -- Found rosidl_adapter: 3.1.5 (/opt/ros/humble/share/rosidl_adapter/cmake)
[0.142s] -- Found rosidl_generator_cpp: 3.1.5 (/opt/ros/humble/share/rosidl_generator_cpp/cmake)
[0.147s] -- Using all available rosidl_typesupport_c: rosidl_typesupport_fastrtps_c;rosidl_typesupport_introspection_c
[0.154s] -- Using all available rosidl_typesupport_cpp: rosidl_typesupport_fastrtps_cpp;rosidl_typesupport_introspection_cpp
[0.443s] -- Found rmw_implementation_cmake: 6.1.1 (/opt/ros/humble/share/rmw_implementation_cmake/cmake)
[0.443s] -- Found rmw_fastrtps_cpp: 6.2.4 (/opt/ros/humble/share/rmw_fastrtps_cpp/cmake)
[0.499s] -- Using RMW implementation 'rmw_fastrtps_cpp' as default
[0.754s] -- Found eigen3_cmake_module: 0.1.1 (/opt/ros/humble/share/eigen3_cmake_module/cmake)
[0.754s] -- Ensuring Eigen3 include directory is part of orocos-kdl CMake target
[0.803s] -- Setting OGRE_DIR to: '/opt/ros/humble/share/rviz_ogre_vendor/cmake/../../../opt/rviz_ogre_vendor/lib/OGRE/cmake'
[0.803s] -- Found OGRE
[0.803s] --   static     : OFF
[0.803s] --   components : HLMS;MeshLodGenerator;Overlay;Paging;Property;RTShaderSystem;Terrain;Volume
[0.803s] --   plugins    : Plugin_BSPSceneManager;Plugin_OctreeSceneManager;Plugin_PCZSceneManager;Plugin_ParticleFX;RenderSystem_GL;RenderSystem_GL3Plus;Codec_STBI
[0.803s] --   media      : /opt/ros/humble/opt/rviz_ogre_vendor/share/OGRE/Media
[0.803s] -- OGRE_LIBRARIES: OgreHLMS;OgreMeshLodGenerator;OgreOverlay;OgrePaging;OgreProperty;OgreRTShaderSystem;OgreTerrain;OgreVolume;OgreMain
[0.803s] -- OGRE_LIBRARY_DIRS: /opt/ros/humble/opt/rviz_ogre_vendor/lib
[0.803s] -- OGRE_PLUGINS: Plugin_BSPSceneManager;Plugin_OctreeSceneManager;Plugin_PCZSceneManager;Plugin_ParticleFX;RenderSystem_GL;RenderSystem_GL3Plus;Codec_STBI
[0.803s] -- OGRE_PLUGIN_DIR: /opt/ros/humble/opt/rviz_ogre_vendor/lib/OGRE
[0.803s] -- rviz_ogre_vendor::OgreOverlay for IMPORTED_LOCATION_RELEASE: /opt/ros/humble/opt/rviz_ogre_vendor/lib/libOgreOverlay.so
[0.803s] -- rviz_ogre_vendor::OgreOverlay for IMPORTED_LOCATION_DEBUG: /opt/ros/humble/opt/rviz_ogre_vendor/lib/libOgreOverlay.so
[0.803s] -- rviz_ogre_vendor::OgreMain for IMPORTED_LOCATION_RELEASE: /opt/ros/humble/opt/rviz_ogre_vendor/lib/libOgreMain.so
[0.803s] -- rviz_ogre_vendor::OgreMain for IMPORTED_LOCATION_DEBUG: /opt/ros/humble/opt/rviz_ogre_vendor/lib/libOgreMain.so
[0.823s] -- rviz_ogre_vendor::RenderSystem_GL for IMPORTED_LOCATION_RELEASE: _render_system_gl_static_library_abs-NOTFOUND
[0.823s] -- rviz_ogre_vendor::RenderSystem_GL for IMPORTED_LOCATION_DEBUG: _render_system_gl_static_library_abs-NOTFOUND
[0.839s] -- library: /usr/lib/x86_64-linux-gnu/libcurl.so
[1.061s] -- Found ament_lint_auto: 0.12.8 (/opt/ros/humble/share/ament_lint_auto/cmake)
[1.093s] -- Added test 'copyright' to check source files copyright and LICENSE
[1.093s] -- Added test 'flake8' to check Python code syntax and style conventions
[1.094s] -- Added test 'lint_cmake' to check CMake code style
[1.094s] -- Added test 'pep257' to check Python code against some of the docstring style conventions in PEP 257
[1.094s] -- Added test 'xmllint' to check XML markup files
[1.094s] -- Configuring done
[1.097s] -- Generating done
[1.098s] -- Build files have been written to: /home/arpg/jackal_ws/build/jackal_navigation
[1.185s] Invoked command in '/home/arpg/jackal_ws/build/jackal_navigation' returned '0': CMAKE_PREFIX_PATH=${CMAKE_PREFIX_PATH}:/home/arpg/jackal_ws/install/wireless_watcher:/opt/ros/humble /usr/bin/cmake --build /home/arpg/jackal_ws/build/jackal_navigation -- -j32 -l32
[1.195s] Invoking command in '/home/arpg/jackal_ws/build/jackal_navigation': CMAKE_PREFIX_PATH=${CMAKE_PREFIX_PATH}:/home/arpg/jackal_ws/install/wireless_watcher:/opt/ros/humble /usr/bin/cmake --install /home/arpg/jackal_ws/build/jackal_navigation
[1.198s] -- Install configuration: ""
[1.198s] -- Up-to-date: /home/arpg/jackal_ws/install/jackal_navigation/share/jackal_navigation/config
[1.198s] -- Installing: /home/arpg/jackal_ws/install/jackal_navigation/share/jackal_navigation/config/slam.yaml
[1.199s] -- Installing: /home/arpg/jackal_ws/install/jackal_navigation/share/jackal_navigation/config/nav2.yaml
[1.199s] -- Up-to-date: /home/arpg/jackal_ws/install/jackal_navigation/share/jackal_navigation/launch
[1.199s] -- Installing: /home/arpg/jackal_ws/install/jackal_navigation/share/jackal_navigation/launch/localization.launch.py
[1.199s] -- Installing: /home/arpg/jackal_ws/install/jackal_navigation/share/jackal_navigation/launch/slam.launch.py
[1.199s] -- Installing: /home/arpg/jackal_ws/install/jackal_navigation/share/jackal_navigation/launch/nav2.launch.py
[1.199s] -- Up-to-date: /home/arpg/jackal_ws/install/jackal_navigation/share/jackal_navigation/maps
[1.199s] -- Installing: /home/arpg/jackal_ws/install/jackal_navigation/share/jackal_navigation/maps/office.yaml
[1.199s] -- Installing: /home/arpg/jackal_ws/install/jackal_navigation/share/jackal_navigation/maps/office.pgm
[1.200s] -- Installing: /home/arpg/jackal_ws/install/jackal_navigation/share/ament_index/resource_index/package_run_dependencies/jackal_navigation
[1.200s] -- Installing: /home/arpg/jackal_ws/install/jackal_navigation/share/ament_index/resource_index/parent_prefix_path/jackal_navigation
[1.200s] -- Installing: /home/arpg/jackal_ws/install/jackal_navigation/share/jackal_navigation/environment/ament_prefix_path.sh
[1.200s] -- Installing: /home/arpg/jackal_ws/install/jackal_navigation/share/jackal_navigation/environment/ament_prefix_path.dsv
[1.200s] -- Installing: /home/arpg/jackal_ws/install/jackal_navigation/share/jackal_navigation/environment/path.sh
[1.200s] -- Installing: /home/arpg/jackal_ws/install/jackal_navigation/share/jackal_navigation/environment/path.dsv
[1.200s] -- Installing: /home/arpg/jackal_ws/install/jackal_navigation/share/jackal_navigation/local_setup.bash
[1.200s] -- Installing: /home/arpg/jackal_ws/install/jackal_navigation/share/jackal_navigation/local_setup.sh
[1.200s] -- Installing: /home/arpg/jackal_ws/install/jackal_navigation/share/jackal_navigation/local_setup.zsh
[1.200s] -- Installing: /home/arpg/jackal_ws/install/jackal_navigation/share/jackal_navigation/local_setup.dsv
[1.200s] -- Installing: /home/arpg/jackal_ws/install/jackal_navigation/share/jackal_navigation/package.dsv
[1.200s] -- Installing: /home/arpg/jackal_ws/install/jackal_navigation/share/ament_index/resource_index/packages/jackal_navigation
[1.200s] -- Installing: /home/arpg/jackal_ws/install/jackal_navigation/share/jackal_navigation/cmake/jackal_navigationConfig.cmake
[1.200s] -- Installing: /home/arpg/jackal_ws/install/jackal_navigation/share/jackal_navigation/cmake/jackal_navigationConfig-version.cmake
[1.200s] -- Installing: /home/arpg/jackal_ws/install/jackal_navigation/share/jackal_navigation/package.xml
[1.201s] Invoked command in '/home/arpg/jackal_ws/build/jackal_navigation' returned '0': CMAKE_PREFIX_PATH=${CMAKE_PREFIX_PATH}:/home/arpg/jackal_ws/install/wireless_watcher:/opt/ros/humble /usr/bin/cmake --install /home/arpg/jackal_ws/build/jackal_navigation
