[  1%] Built target wireless_msgs__cpp
[  1%] Built target ament_cmake_python_copy_wireless_msgs
[ 12%] Built target wireless_msgs__rosidl_generator_c
[ 23%] Built target wireless_msgs__rosidl_typesupport_introspection_cpp
[ 45%] Built target wireless_msgs__rosidl_typesupport_cpp
[ 45%] Built target wireless_msgs__rosidl_typesupport_fastrtps_cpp
[ 56%] Built target wireless_msgs__rosidl_typesupport_c
[ 67%] Built target wireless_msgs__rosidl_typesupport_fastrtps_c
[ 78%] Built target wireless_msgs__rosidl_typesupport_introspection_c
[ 78%] Built target wireless_msgs
[ 80%] Built target wireless_msgs__py
[ 89%] Built target wireless_msgs__rosidl_generator_py
[ 94%] Built target wireless_msgs__rosidl_typesupport_fastrtps_c__pyext
[ 96%] Built target wireless_msgs__rosidl_typesupport_introspection_c__pyext
[100%] Built target wireless_msgs__rosidl_typesupport_c__pyext
running egg_info
writing wireless_msgs.egg-info/PKG-INFO
writing dependency_links to wireless_msgs.egg-info/dependency_links.txt
writing top-level names to wireless_msgs.egg-info/top_level.txt
reading manifest file 'wireless_msgs.egg-info/SOURCES.txt'
writing manifest file 'wireless_msgs.egg-info/SOURCES.txt'
[100%] Built target ament_cmake_python_build_wireless_msgs_egg
-- Install configuration: ""
-- Up-to-date: /home/arpg/jackal_ws/install/wireless_msgs/share/ament_index/resource_index/rosidl_interfaces/wireless_msgs
-- Up-to-date: /home/arpg/jackal_ws/install/wireless_msgs/include/wireless_msgs/wireless_msgs
-- Up-to-date: /home/arpg/jackal_ws/install/wireless_msgs/include/wireless_msgs/wireless_msgs/msg
-- Up-to-date: /home/arpg/jackal_ws/install/wireless_msgs/include/wireless_msgs/wireless_msgs/msg/detail
-- Up-to-date: /home/arpg/jackal_ws/install/wireless_msgs/include/wireless_msgs/wireless_msgs/msg/detail/connection__struct.h
-- Up-to-date: /home/arpg/jackal_ws/install/wireless_msgs/include/wireless_msgs/wireless_msgs/msg/detail/network__type_support.h
-- Up-to-date: /home/arpg/jackal_ws/install/wireless_msgs/include/wireless_msgs/wireless_msgs/msg/detail/scan__struct.h
-- Up-to-date: /home/arpg/jackal_ws/install/wireless_msgs/include/wireless_msgs/wireless_msgs/msg/detail/connection__type_support.h
-- Up-to-date: /home/arpg/jackal_ws/install/wireless_msgs/include/wireless_msgs/wireless_msgs/msg/detail/network__functions.c
-- Up-to-date: /home/arpg/jackal_ws/install/wireless_msgs/include/wireless_msgs/wireless_msgs/msg/detail/quality__functions.c
-- Up-to-date: /home/arpg/jackal_ws/install/wireless_msgs/include/wireless_msgs/wireless_msgs/msg/detail/scan__type_support.h
-- Up-to-date: /home/arpg/jackal_ws/install/wireless_msgs/include/wireless_msgs/wireless_msgs/msg/detail/scan__functions.h
-- Up-to-date: /home/arpg/jackal_ws/install/wireless_msgs/include/wireless_msgs/wireless_msgs/msg/detail/quality__functions.h
-- Up-to-date: /home/arpg/jackal_ws/install/wireless_msgs/include/wireless_msgs/wireless_msgs/msg/detail/network__functions.h
-- Up-to-date: /home/arpg/jackal_ws/install/wireless_msgs/include/wireless_msgs/wireless_msgs/msg/detail/connection__functions.h
-- Up-to-date: /home/arpg/jackal_ws/install/wireless_msgs/include/wireless_msgs/wireless_msgs/msg/detail/quality__struct.h
-- Up-to-date: /home/arpg/jackal_ws/install/wireless_msgs/include/wireless_msgs/wireless_msgs/msg/detail/scan__functions.c
-- Up-to-date: /home/arpg/jackal_ws/install/wireless_msgs/include/wireless_msgs/wireless_msgs/msg/detail/connection__functions.c
-- Up-to-date: /home/arpg/jackal_ws/install/wireless_msgs/include/wireless_msgs/wireless_msgs/msg/detail/quality__type_support.h
-- Up-to-date: /home/arpg/jackal_ws/install/wireless_msgs/include/wireless_msgs/wireless_msgs/msg/detail/network__struct.h
-- Up-to-date: /home/arpg/jackal_ws/install/wireless_msgs/include/wireless_msgs/wireless_msgs/msg/network.h
-- Up-to-date: /home/arpg/jackal_ws/install/wireless_msgs/include/wireless_msgs/wireless_msgs/msg/connection.h
-- Up-to-date: /home/arpg/jackal_ws/install/wireless_msgs/include/wireless_msgs/wireless_msgs/msg/scan.h
-- Up-to-date: /home/arpg/jackal_ws/install/wireless_msgs/include/wireless_msgs/wireless_msgs/msg/quality.h
-- Up-to-date: /home/arpg/jackal_ws/install/wireless_msgs/include/wireless_msgs/wireless_msgs/msg/rosidl_generator_c__visibility_control.h
-- Up-to-date: /home/arpg/jackal_ws/install/wireless_msgs/share/wireless_msgs/environment/library_path.sh
-- Up-to-date: /home/arpg/jackal_ws/install/wireless_msgs/share/wireless_msgs/environment/library_path.dsv
-- Up-to-date: /home/arpg/jackal_ws/install/wireless_msgs/lib/libwireless_msgs__rosidl_generator_c.so
-- Up-to-date: /home/arpg/jackal_ws/install/wireless_msgs/include/wireless_msgs/wireless_msgs
-- Up-to-date: /home/arpg/jackal_ws/install/wireless_msgs/include/wireless_msgs/wireless_msgs/msg
-- Up-to-date: /home/arpg/jackal_ws/install/wireless_msgs/include/wireless_msgs/wireless_msgs/msg/detail
-- Up-to-date: /home/arpg/jackal_ws/install/wireless_msgs/include/wireless_msgs/wireless_msgs/msg/detail/network__rosidl_typesupport_fastrtps_c.h
-- Up-to-date: /home/arpg/jackal_ws/install/wireless_msgs/include/wireless_msgs/wireless_msgs/msg/detail/scan__rosidl_typesupport_fastrtps_c.h
-- Up-to-date: /home/arpg/jackal_ws/install/wireless_msgs/include/wireless_msgs/wireless_msgs/msg/detail/connection__rosidl_typesupport_fastrtps_c.h
-- Up-to-date: /home/arpg/jackal_ws/install/wireless_msgs/include/wireless_msgs/wireless_msgs/msg/detail/quality__rosidl_typesupport_fastrtps_c.h
-- Up-to-date: /home/arpg/jackal_ws/install/wireless_msgs/include/wireless_msgs/wireless_msgs/msg/rosidl_typesupport_fastrtps_c__visibility_control.h
-- Up-to-date: /home/arpg/jackal_ws/install/wireless_msgs/lib/libwireless_msgs__rosidl_typesupport_fastrtps_c.so
-- Up-to-date: /home/arpg/jackal_ws/install/wireless_msgs/include/wireless_msgs/wireless_msgs
-- Up-to-date: /home/arpg/jackal_ws/install/wireless_msgs/include/wireless_msgs/wireless_msgs/msg
-- Up-to-date: /home/arpg/jackal_ws/install/wireless_msgs/include/wireless_msgs/wireless_msgs/msg/connection.hpp
-- Up-to-date: /home/arpg/jackal_ws/install/wireless_msgs/include/wireless_msgs/wireless_msgs/msg/detail
-- Up-to-date: /home/arpg/jackal_ws/install/wireless_msgs/include/wireless_msgs/wireless_msgs/msg/detail/scan__builder.hpp
-- Up-to-date: /home/arpg/jackal_ws/install/wireless_msgs/include/wireless_msgs/wireless_msgs/msg/detail/network__struct.hpp
-- Up-to-date: /home/arpg/jackal_ws/install/wireless_msgs/include/wireless_msgs/wireless_msgs/msg/detail/scan__traits.hpp
-- Up-to-date: /home/arpg/jackal_ws/install/wireless_msgs/include/wireless_msgs/wireless_msgs/msg/detail/quality__struct.hpp
-- Up-to-date: /home/arpg/jackal_ws/install/wireless_msgs/include/wireless_msgs/wireless_msgs/msg/detail/quality__traits.hpp
-- Up-to-date: /home/arpg/jackal_ws/install/wireless_msgs/include/wireless_msgs/wireless_msgs/msg/detail/network__builder.hpp
-- Up-to-date: /home/arpg/jackal_ws/install/wireless_msgs/include/wireless_msgs/wireless_msgs/msg/detail/scan__struct.hpp
-- Up-to-date: /home/arpg/jackal_ws/install/wireless_msgs/include/wireless_msgs/wireless_msgs/msg/detail/connection__struct.hpp
-- Up-to-date: /home/arpg/jackal_ws/install/wireless_msgs/include/wireless_msgs/wireless_msgs/msg/detail/network__traits.hpp
-- Up-to-date: /home/arpg/jackal_ws/install/wireless_msgs/include/wireless_msgs/wireless_msgs/msg/detail/quality__builder.hpp
-- Up-to-date: /home/arpg/jackal_ws/install/wireless_msgs/include/wireless_msgs/wireless_msgs/msg/detail/connection__traits.hpp
-- Up-to-date: /home/arpg/jackal_ws/install/wireless_msgs/include/wireless_msgs/wireless_msgs/msg/detail/connection__builder.hpp
-- Up-to-date: /home/arpg/jackal_ws/install/wireless_msgs/include/wireless_msgs/wireless_msgs/msg/quality.hpp
-- Up-to-date: /home/arpg/jackal_ws/install/wireless_msgs/include/wireless_msgs/wireless_msgs/msg/network.hpp
-- Up-to-date: /home/arpg/jackal_ws/install/wireless_msgs/include/wireless_msgs/wireless_msgs/msg/scan.hpp
-- Up-to-date: /home/arpg/jackal_ws/install/wireless_msgs/include/wireless_msgs/wireless_msgs
-- Up-to-date: /home/arpg/jackal_ws/install/wireless_msgs/include/wireless_msgs/wireless_msgs/msg
-- Up-to-date: /home/arpg/jackal_ws/install/wireless_msgs/include/wireless_msgs/wireless_msgs/msg/detail
-- Up-to-date: /home/arpg/jackal_ws/install/wireless_msgs/include/wireless_msgs/wireless_msgs/msg/detail/network__rosidl_typesupport_fastrtps_cpp.hpp
-- Up-to-date: /home/arpg/jackal_ws/install/wireless_msgs/include/wireless_msgs/wireless_msgs/msg/detail/scan__rosidl_typesupport_fastrtps_cpp.hpp
-- Up-to-date: /home/arpg/jackal_ws/install/wireless_msgs/include/wireless_msgs/wireless_msgs/msg/detail/connection__rosidl_typesupport_fastrtps_cpp.hpp
-- Up-to-date: /home/arpg/jackal_ws/install/wireless_msgs/include/wireless_msgs/wireless_msgs/msg/detail/quality__rosidl_typesupport_fastrtps_cpp.hpp
-- Up-to-date: /home/arpg/jackal_ws/install/wireless_msgs/include/wireless_msgs/wireless_msgs/msg/detail/dds_fastrtps
-- Up-to-date: /home/arpg/jackal_ws/install/wireless_msgs/include/wireless_msgs/wireless_msgs/msg/rosidl_typesupport_fastrtps_cpp__visibility_control.h
-- Up-to-date: /home/arpg/jackal_ws/install/wireless_msgs/lib/libwireless_msgs__rosidl_typesupport_fastrtps_cpp.so
-- Up-to-date: /home/arpg/jackal_ws/install/wireless_msgs/include/wireless_msgs/wireless_msgs
-- Up-to-date: /home/arpg/jackal_ws/install/wireless_msgs/include/wireless_msgs/wireless_msgs/msg
-- Up-to-date: /home/arpg/jackal_ws/install/wireless_msgs/include/wireless_msgs/wireless_msgs/msg/rosidl_typesupport_introspection_c__visibility_control.h
-- Up-to-date: /home/arpg/jackal_ws/install/wireless_msgs/include/wireless_msgs/wireless_msgs/msg/detail
-- Up-to-date: /home/arpg/jackal_ws/install/wireless_msgs/include/wireless_msgs/wireless_msgs/msg/detail/quality__rosidl_typesupport_introspection_c.h
-- Up-to-date: /home/arpg/jackal_ws/install/wireless_msgs/include/wireless_msgs/wireless_msgs/msg/detail/network__rosidl_typesupport_introspection_c.h
-- Up-to-date: /home/arpg/jackal_ws/install/wireless_msgs/include/wireless_msgs/wireless_msgs/msg/detail/network__type_support.c
-- Up-to-date: /home/arpg/jackal_ws/install/wireless_msgs/include/wireless_msgs/wireless_msgs/msg/detail/quality__type_support.c
-- Up-to-date: /home/arpg/jackal_ws/install/wireless_msgs/include/wireless_msgs/wireless_msgs/msg/detail/scan__rosidl_typesupport_introspection_c.h
-- Up-to-date: /home/arpg/jackal_ws/install/wireless_msgs/include/wireless_msgs/wireless_msgs/msg/detail/scan__type_support.c
-- Up-to-date: /home/arpg/jackal_ws/install/wireless_msgs/include/wireless_msgs/wireless_msgs/msg/detail/connection__type_support.c
-- Up-to-date: /home/arpg/jackal_ws/install/wireless_msgs/include/wireless_msgs/wireless_msgs/msg/detail/connection__rosidl_typesupport_introspection_c.h
-- Up-to-date: /home/arpg/jackal_ws/install/wireless_msgs/lib/libwireless_msgs__rosidl_typesupport_introspection_c.so
-- Up-to-date: /home/arpg/jackal_ws/install/wireless_msgs/lib/libwireless_msgs__rosidl_typesupport_c.so
-- Up-to-date: /home/arpg/jackal_ws/install/wireless_msgs/include/wireless_msgs/wireless_msgs
-- Up-to-date: /home/arpg/jackal_ws/install/wireless_msgs/include/wireless_msgs/wireless_msgs/msg
-- Up-to-date: /home/arpg/jackal_ws/install/wireless_msgs/include/wireless_msgs/wireless_msgs/msg/detail
-- Up-to-date: /home/arpg/jackal_ws/install/wireless_msgs/include/wireless_msgs/wireless_msgs/msg/detail/network__type_support.cpp
-- Up-to-date: /home/arpg/jackal_ws/install/wireless_msgs/include/wireless_msgs/wireless_msgs/msg/detail/quality__rosidl_typesupport_introspection_cpp.hpp
-- Up-to-date: /home/arpg/jackal_ws/install/wireless_msgs/include/wireless_msgs/wireless_msgs/msg/detail/connection__rosidl_typesupport_introspection_cpp.hpp
-- Up-to-date: /home/arpg/jackal_ws/install/wireless_msgs/include/wireless_msgs/wireless_msgs/msg/detail/scan__type_support.cpp
-- Up-to-date: /home/arpg/jackal_ws/install/wireless_msgs/include/wireless_msgs/wireless_msgs/msg/detail/quality__type_support.cpp
-- Up-to-date: /home/arpg/jackal_ws/install/wireless_msgs/include/wireless_msgs/wireless_msgs/msg/detail/connection__type_support.cpp
-- Up-to-date: /home/arpg/jackal_ws/install/wireless_msgs/include/wireless_msgs/wireless_msgs/msg/detail/scan__rosidl_typesupport_introspection_cpp.hpp
-- Up-to-date: /home/arpg/jackal_ws/install/wireless_msgs/include/wireless_msgs/wireless_msgs/msg/detail/network__rosidl_typesupport_introspection_cpp.hpp
-- Up-to-date: /home/arpg/jackal_ws/install/wireless_msgs/lib/libwireless_msgs__rosidl_typesupport_introspection_cpp.so
-- Up-to-date: /home/arpg/jackal_ws/install/wireless_msgs/lib/libwireless_msgs__rosidl_typesupport_cpp.so
-- Up-to-date: /home/arpg/jackal_ws/install/wireless_msgs/share/wireless_msgs/environment/pythonpath.sh
-- Up-to-date: /home/arpg/jackal_ws/install/wireless_msgs/share/wireless_msgs/environment/pythonpath.dsv
-- Up-to-date: /home/arpg/jackal_ws/install/wireless_msgs/local/lib/python3.10/dist-packages/wireless_msgs-1.0.1-py3.10.egg-info
-- Installing: /home/arpg/jackal_ws/install/wireless_msgs/local/lib/python3.10/dist-packages/wireless_msgs-1.0.1-py3.10.egg-info/PKG-INFO
-- Installing: /home/arpg/jackal_ws/install/wireless_msgs/local/lib/python3.10/dist-packages/wireless_msgs-1.0.1-py3.10.egg-info/SOURCES.txt
-- Installing: /home/arpg/jackal_ws/install/wireless_msgs/local/lib/python3.10/dist-packages/wireless_msgs-1.0.1-py3.10.egg-info/top_level.txt
-- Installing: /home/arpg/jackal_ws/install/wireless_msgs/local/lib/python3.10/dist-packages/wireless_msgs-1.0.1-py3.10.egg-info/dependency_links.txt
-- Up-to-date: /home/arpg/jackal_ws/install/wireless_msgs/local/lib/python3.10/dist-packages/wireless_msgs
-- Up-to-date: /home/arpg/jackal_ws/install/wireless_msgs/local/lib/python3.10/dist-packages/wireless_msgs/_wireless_msgs_s.ep.rosidl_typesupport_fastrtps_c.c
-- Up-to-date: /home/arpg/jackal_ws/install/wireless_msgs/local/lib/python3.10/dist-packages/wireless_msgs/_wireless_msgs_s.ep.rosidl_typesupport_introspection_c.c
-- Up-to-date: /home/arpg/jackal_ws/install/wireless_msgs/local/lib/python3.10/dist-packages/wireless_msgs/wireless_msgs_s__rosidl_typesupport_c.cpython-310-x86_64-linux-gnu.so
-- Up-to-date: /home/arpg/jackal_ws/install/wireless_msgs/local/lib/python3.10/dist-packages/wireless_msgs/libwireless_msgs__rosidl_generator_py.so
-- Up-to-date: /home/arpg/jackal_ws/install/wireless_msgs/local/lib/python3.10/dist-packages/wireless_msgs/__init__.py
-- Up-to-date: /home/arpg/jackal_ws/install/wireless_msgs/local/lib/python3.10/dist-packages/wireless_msgs/msg
-- Up-to-date: /home/arpg/jackal_ws/install/wireless_msgs/local/lib/python3.10/dist-packages/wireless_msgs/msg/_connection_s.c
-- Up-to-date: /home/arpg/jackal_ws/install/wireless_msgs/local/lib/python3.10/dist-packages/wireless_msgs/msg/_scan.py
-- Up-to-date: /home/arpg/jackal_ws/install/wireless_msgs/local/lib/python3.10/dist-packages/wireless_msgs/msg/_quality.py
-- Up-to-date: /home/arpg/jackal_ws/install/wireless_msgs/local/lib/python3.10/dist-packages/wireless_msgs/msg/_network.py
-- Up-to-date: /home/arpg/jackal_ws/install/wireless_msgs/local/lib/python3.10/dist-packages/wireless_msgs/msg/_network_s.c
-- Up-to-date: /home/arpg/jackal_ws/install/wireless_msgs/local/lib/python3.10/dist-packages/wireless_msgs/msg/__init__.py
-- Up-to-date: /home/arpg/jackal_ws/install/wireless_msgs/local/lib/python3.10/dist-packages/wireless_msgs/msg/_quality_s.c
-- Up-to-date: /home/arpg/jackal_ws/install/wireless_msgs/local/lib/python3.10/dist-packages/wireless_msgs/msg/_scan_s.c
-- Up-to-date: /home/arpg/jackal_ws/install/wireless_msgs/local/lib/python3.10/dist-packages/wireless_msgs/msg/_connection.py
-- Up-to-date: /home/arpg/jackal_ws/install/wireless_msgs/local/lib/python3.10/dist-packages/wireless_msgs/wireless_msgs_s__rosidl_typesupport_introspection_c.cpython-310-x86_64-linux-gnu.so
-- Up-to-date: /home/arpg/jackal_ws/install/wireless_msgs/local/lib/python3.10/dist-packages/wireless_msgs/_wireless_msgs_s.ep.rosidl_typesupport_c.c
-- Up-to-date: /home/arpg/jackal_ws/install/wireless_msgs/local/lib/python3.10/dist-packages/wireless_msgs/wireless_msgs_s__rosidl_typesupport_fastrtps_c.cpython-310-x86_64-linux-gnu.so
Listing '/home/arpg/jackal_ws/install/wireless_msgs/local/lib/python3.10/dist-packages/wireless_msgs'...
Listing '/home/arpg/jackal_ws/install/wireless_msgs/local/lib/python3.10/dist-packages/wireless_msgs/msg'...
-- Up-to-date: /home/arpg/jackal_ws/install/wireless_msgs/local/lib/python3.10/dist-packages/wireless_msgs/wireless_msgs_s__rosidl_typesupport_fastrtps_c.cpython-310-x86_64-linux-gnu.so
-- Up-to-date: /home/arpg/jackal_ws/install/wireless_msgs/local/lib/python3.10/dist-packages/wireless_msgs/wireless_msgs_s__rosidl_typesupport_introspection_c.cpython-310-x86_64-linux-gnu.so
-- Up-to-date: /home/arpg/jackal_ws/install/wireless_msgs/local/lib/python3.10/dist-packages/wireless_msgs/wireless_msgs_s__rosidl_typesupport_c.cpython-310-x86_64-linux-gnu.so
-- Up-to-date: /home/arpg/jackal_ws/install/wireless_msgs/lib/libwireless_msgs__rosidl_generator_py.so
-- Up-to-date: /home/arpg/jackal_ws/install/wireless_msgs/share/wireless_msgs/msg/Connection.idl
-- Up-to-date: /home/arpg/jackal_ws/install/wireless_msgs/share/wireless_msgs/msg/Network.idl
-- Up-to-date: /home/arpg/jackal_ws/install/wireless_msgs/share/wireless_msgs/msg/Quality.idl
-- Up-to-date: /home/arpg/jackal_ws/install/wireless_msgs/share/wireless_msgs/msg/Scan.idl
-- Up-to-date: /home/arpg/jackal_ws/install/wireless_msgs/share/wireless_msgs/msg/Connection.msg
-- Up-to-date: /home/arpg/jackal_ws/install/wireless_msgs/share/wireless_msgs/msg/Network.msg
-- Up-to-date: /home/arpg/jackal_ws/install/wireless_msgs/share/wireless_msgs/msg/Quality.msg
-- Up-to-date: /home/arpg/jackal_ws/install/wireless_msgs/share/wireless_msgs/msg/Scan.msg
-- Up-to-date: /home/arpg/jackal_ws/install/wireless_msgs/share/ament_index/resource_index/package_run_dependencies/wireless_msgs
-- Up-to-date: /home/arpg/jackal_ws/install/wireless_msgs/share/ament_index/resource_index/parent_prefix_path/wireless_msgs
-- Up-to-date: /home/arpg/jackal_ws/install/wireless_msgs/share/wireless_msgs/environment/ament_prefix_path.sh
-- Up-to-date: /home/arpg/jackal_ws/install/wireless_msgs/share/wireless_msgs/environment/ament_prefix_path.dsv
-- Up-to-date: /home/arpg/jackal_ws/install/wireless_msgs/share/wireless_msgs/environment/path.sh
-- Up-to-date: /home/arpg/jackal_ws/install/wireless_msgs/share/wireless_msgs/environment/path.dsv
-- Up-to-date: /home/arpg/jackal_ws/install/wireless_msgs/share/wireless_msgs/local_setup.bash
-- Up-to-date: /home/arpg/jackal_ws/install/wireless_msgs/share/wireless_msgs/local_setup.sh
-- Up-to-date: /home/arpg/jackal_ws/install/wireless_msgs/share/wireless_msgs/local_setup.zsh
-- Up-to-date: /home/arpg/jackal_ws/install/wireless_msgs/share/wireless_msgs/local_setup.dsv
-- Installing: /home/arpg/jackal_ws/install/wireless_msgs/share/wireless_msgs/package.dsv
-- Up-to-date: /home/arpg/jackal_ws/install/wireless_msgs/share/ament_index/resource_index/packages/wireless_msgs
-- Up-to-date: /home/arpg/jackal_ws/install/wireless_msgs/share/wireless_msgs/cmake/export_wireless_msgs__rosidl_generator_cExport.cmake
-- Up-to-date: /home/arpg/jackal_ws/install/wireless_msgs/share/wireless_msgs/cmake/export_wireless_msgs__rosidl_generator_cExport-noconfig.cmake
-- Up-to-date: /home/arpg/jackal_ws/install/wireless_msgs/share/wireless_msgs/cmake/export_wireless_msgs__rosidl_typesupport_fastrtps_cExport.cmake
-- Up-to-date: /home/arpg/jackal_ws/install/wireless_msgs/share/wireless_msgs/cmake/export_wireless_msgs__rosidl_typesupport_fastrtps_cExport-noconfig.cmake
-- Up-to-date: /home/arpg/jackal_ws/install/wireless_msgs/share/wireless_msgs/cmake/export_wireless_msgs__rosidl_generator_cppExport.cmake
-- Up-to-date: /home/arpg/jackal_ws/install/wireless_msgs/share/wireless_msgs/cmake/export_wireless_msgs__rosidl_typesupport_fastrtps_cppExport.cmake
-- Up-to-date: /home/arpg/jackal_ws/install/wireless_msgs/share/wireless_msgs/cmake/export_wireless_msgs__rosidl_typesupport_fastrtps_cppExport-noconfig.cmake
-- Up-to-date: /home/arpg/jackal_ws/install/wireless_msgs/share/wireless_msgs/cmake/wireless_msgs__rosidl_typesupport_introspection_cExport.cmake
-- Up-to-date: /home/arpg/jackal_ws/install/wireless_msgs/share/wireless_msgs/cmake/wireless_msgs__rosidl_typesupport_introspection_cExport-noconfig.cmake
-- Up-to-date: /home/arpg/jackal_ws/install/wireless_msgs/share/wireless_msgs/cmake/wireless_msgs__rosidl_typesupport_cExport.cmake
-- Up-to-date: /home/arpg/jackal_ws/install/wireless_msgs/share/wireless_msgs/cmake/wireless_msgs__rosidl_typesupport_cExport-noconfig.cmake
-- Up-to-date: /home/arpg/jackal_ws/install/wireless_msgs/share/wireless_msgs/cmake/wireless_msgs__rosidl_typesupport_introspection_cppExport.cmake
-- Up-to-date: /home/arpg/jackal_ws/install/wireless_msgs/share/wireless_msgs/cmake/wireless_msgs__rosidl_typesupport_introspection_cppExport-noconfig.cmake
-- Up-to-date: /home/arpg/jackal_ws/install/wireless_msgs/share/wireless_msgs/cmake/wireless_msgs__rosidl_typesupport_cppExport.cmake
-- Up-to-date: /home/arpg/jackal_ws/install/wireless_msgs/share/wireless_msgs/cmake/wireless_msgs__rosidl_typesupport_cppExport-noconfig.cmake
-- Up-to-date: /home/arpg/jackal_ws/install/wireless_msgs/share/wireless_msgs/cmake/export_wireless_msgs__rosidl_generator_pyExport.cmake
-- Up-to-date: /home/arpg/jackal_ws/install/wireless_msgs/share/wireless_msgs/cmake/export_wireless_msgs__rosidl_generator_pyExport-noconfig.cmake
-- Up-to-date: /home/arpg/jackal_ws/install/wireless_msgs/share/wireless_msgs/cmake/rosidl_cmake-extras.cmake
-- Up-to-date: /home/arpg/jackal_ws/install/wireless_msgs/share/wireless_msgs/cmake/ament_cmake_export_dependencies-extras.cmake
-- Up-to-date: /home/arpg/jackal_ws/install/wireless_msgs/share/wireless_msgs/cmake/ament_cmake_export_include_directories-extras.cmake
-- Up-to-date: /home/arpg/jackal_ws/install/wireless_msgs/share/wireless_msgs/cmake/ament_cmake_export_libraries-extras.cmake
-- Up-to-date: /home/arpg/jackal_ws/install/wireless_msgs/share/wireless_msgs/cmake/ament_cmake_export_targets-extras.cmake
-- Up-to-date: /home/arpg/jackal_ws/install/wireless_msgs/share/wireless_msgs/cmake/rosidl_cmake_export_typesupport_targets-extras.cmake
-- Up-to-date: /home/arpg/jackal_ws/install/wireless_msgs/share/wireless_msgs/cmake/rosidl_cmake_export_typesupport_libraries-extras.cmake
-- Up-to-date: /home/arpg/jackal_ws/install/wireless_msgs/share/wireless_msgs/cmake/wireless_msgsConfig.cmake
-- Up-to-date: /home/arpg/jackal_ws/install/wireless_msgs/share/wireless_msgs/cmake/wireless_msgsConfig-version.cmake
-- Up-to-date: /home/arpg/jackal_ws/install/wireless_msgs/share/wireless_msgs/package.xml
