[0.019s] Invoking command in '/home/arpg/jackal_ws/build/jackal_control': AMENT_PREFIX_PATH=/home/arpg/jackal_ws/install/jackal_description:${AMENT_PREFIX_PATH} CMAKE_PREFIX_PATH=/home/arpg/jackal_ws/install/jackal_description:/opt/ros/humble /usr/bin/cmake /home/arpg/jackal_ws/src/jackal/jackal_control -DAMENT_CMAKE_SYMLINK_INSTALL=1 -DCMAKE_INSTALL_PREFIX=/home/arpg/jackal_ws/install/jackal_control
[0.024s] -- Found ament_cmake: 1.3.5 (/opt/ros/humble/share/ament_cmake/cmake)
[0.083s] -- Override CMake install command with custom implementation using symlinks instead of copying resources
[0.116s] -- Configuring done
[0.119s] -- Generating done
[0.119s] -- Build files have been written to: /home/arpg/jackal_ws/build/jackal_control
[0.120s] Invoked command in '/home/arpg/jackal_ws/build/jackal_control' returned '0': AMENT_PREFIX_PATH=/home/arpg/jackal_ws/install/jackal_description:${AMENT_PREFIX_PATH} CMAKE_PREFIX_PATH=/home/arpg/jackal_ws/install/jackal_description:/opt/ros/humble /usr/bin/cmake /home/arpg/jackal_ws/src/jackal/jackal_control -DAMENT_CMAKE_SYMLINK_INSTALL=1 -DCMAKE_INSTALL_PREFIX=/home/arpg/jackal_ws/install/jackal_control
[0.121s] Invoking command in '/home/arpg/jackal_ws/build/jackal_control': AMENT_PREFIX_PATH=/home/arpg/jackal_ws/install/jackal_description:${AMENT_PREFIX_PATH} CMAKE_PREFIX_PATH=/home/arpg/jackal_ws/install/jackal_description:/opt/ros/humble /usr/bin/cmake --build /home/arpg/jackal_ws/build/jackal_control -- -j32 -l32
[0.136s] Invoked command in '/home/arpg/jackal_ws/build/jackal_control' returned '0': AMENT_PREFIX_PATH=/home/arpg/jackal_ws/install/jackal_description:${AMENT_PREFIX_PATH} CMAKE_PREFIX_PATH=/home/arpg/jackal_ws/install/jackal_description:/opt/ros/humble /usr/bin/cmake --build /home/arpg/jackal_ws/build/jackal_control -- -j32 -l32
[0.144s] Invoking command in '/home/arpg/jackal_ws/build/jackal_control': AMENT_PREFIX_PATH=/home/arpg/jackal_ws/install/jackal_description:${AMENT_PREFIX_PATH} CMAKE_PREFIX_PATH=/home/arpg/jackal_ws/install/jackal_description:/opt/ros/humble /usr/bin/cmake --install /home/arpg/jackal_ws/build/jackal_control
[0.147s] -- Install configuration: ""
[0.148s] -- Execute custom install script
[0.148s] -- Symlinking: /home/arpg/jackal_ws/install/jackal_control/share/jackal_control/config/control.yaml
[0.151s] -- Symlinking: /home/arpg/jackal_ws/install/jackal_control/share/jackal_control/config/imu_filter.yaml
[0.154s] -- Symlinking: /home/arpg/jackal_ws/install/jackal_control/share/jackal_control/config/localization.yaml
[0.157s] -- Symlinking: /home/arpg/jackal_ws/install/jackal_control/share/jackal_control/config/teleop_interactive_markers.yaml
[0.161s] -- Symlinking: /home/arpg/jackal_ws/install/jackal_control/share/jackal_control/config/teleop_logitech.yaml
[0.164s] -- Symlinking: /home/arpg/jackal_ws/install/jackal_control/share/jackal_control/config/teleop_ps4.yaml
[0.167s] -- Symlinking: /home/arpg/jackal_ws/install/jackal_control/share/jackal_control/config/twist_mux.yaml
[0.171s] -- Symlinking: /home/arpg/jackal_ws/install/jackal_control/share/jackal_control/launch/control.launch.py
[0.174s] -- Symlinking: /home/arpg/jackal_ws/install/jackal_control/share/jackal_control/launch/teleop_base.launch.py
[0.177s] -- Symlinking: /home/arpg/jackal_ws/install/jackal_control/share/jackal_control/launch/teleop_joy.launch.py
[0.185s] -- Symlinking: /home/arpg/jackal_ws/install/jackal_control/share/ament_index/resource_index/package_run_dependencies/jackal_control
[0.185s] -- Symlinking: /home/arpg/jackal_ws/install/jackal_control/share/ament_index/resource_index/parent_prefix_path/jackal_control
[0.187s] -- Symlinking: /home/arpg/jackal_ws/install/jackal_control/share/jackal_control/environment/ament_prefix_path.sh
[0.191s] -- Symlinking: /home/arpg/jackal_ws/install/jackal_control/share/jackal_control/environment/ament_prefix_path.dsv
[0.194s] -- Symlinking: /home/arpg/jackal_ws/install/jackal_control/share/jackal_control/environment/path.sh
[0.197s] -- Symlinking: /home/arpg/jackal_ws/install/jackal_control/share/jackal_control/environment/path.dsv
[0.200s] -- Symlinking: /home/arpg/jackal_ws/install/jackal_control/share/jackal_control/local_setup.bash
[0.203s] -- Symlinking: /home/arpg/jackal_ws/install/jackal_control/share/jackal_control/local_setup.sh
[0.206s] -- Symlinking: /home/arpg/jackal_ws/install/jackal_control/share/jackal_control/local_setup.zsh
[0.210s] -- Symlinking: /home/arpg/jackal_ws/install/jackal_control/share/jackal_control/local_setup.dsv
[0.213s] -- Symlinking: /home/arpg/jackal_ws/install/jackal_control/share/jackal_control/package.dsv
[0.216s] -- Symlinking: /home/arpg/jackal_ws/install/jackal_control/share/ament_index/resource_index/packages/jackal_control
[0.219s] -- Symlinking: /home/arpg/jackal_ws/install/jackal_control/share/jackal_control/cmake/jackal_controlConfig.cmake
[0.222s] -- Symlinking: /home/arpg/jackal_ws/install/jackal_control/share/jackal_control/cmake/jackal_controlConfig-version.cmake
[0.225s] -- Symlinking: /home/arpg/jackal_ws/install/jackal_control/share/jackal_control/package.xml
