[0.048s] Invoking command in '/home/arpg/jackal_ws/build/jackal_navigation': CMAKE_PREFIX_PATH=${CMAKE_PREFIX_PATH}:/home/arpg/jackal_ws/install/wireless_watcher:/opt/ros/humble /usr/bin/cmake /home/arpg/jackal_ws/src/jackal/jackal_navigation -DCMAKE_INSTALL_PREFIX=/home/arpg/jackal_ws/install/jackal_navigation
[0.069s] -- The C compiler identification is GNU 11.4.0
[0.092s] -- The CXX compiler identification is GNU 11.4.0
[0.096s] -- Detecting C compiler ABI info
[0.124s] -- Detecting C compiler ABI info - done
[0.128s] -- Check for working C compiler: /usr/bin/cc - skipped
[0.128s] -- Detecting C compile features
[0.128s] -- Detecting C compile features - done
[0.129s] -- Detecting CXX compiler ABI info
[0.163s] -- Detecting CXX compiler ABI info - done
[0.166s] -- Check for working CXX compiler: /usr/bin/c++ - skipped
[0.167s] -- Detecting CXX compile features
[0.167s] -- Detecting CXX compile features - done
[0.168s] -- Found ament_cmake: 1.3.5 (/opt/ros/humble/share/ament_cmake/cmake)
[0.250s] -- Found Python3: /usr/bin/python3.10 (found version "3.10.12") found components: Interpreter 
[0.295s] -- Found nav2_bringup: 1.1.12 (/opt/ros/humble/share/nav2_bringup/cmake)
[0.295s] -- Found slam_toolbox: 2.6.6 (/opt/ros/humble/share/slam_toolbox/cmake)
[0.314s] -- Found rosidl_generator_c: 3.1.5 (/opt/ros/humble/share/rosidl_generator_c/cmake)
[0.317s] -- Found rosidl_adapter: 3.1.5 (/opt/ros/humble/share/rosidl_adapter/cmake)
[0.321s] -- Found rosidl_generator_cpp: 3.1.5 (/opt/ros/humble/share/rosidl_generator_cpp/cmake)
[0.328s] -- Using all available rosidl_typesupport_c: rosidl_typesupport_fastrtps_c;rosidl_typesupport_introspection_c
[0.337s] -- Using all available rosidl_typesupport_cpp: rosidl_typesupport_fastrtps_cpp;rosidl_typesupport_introspection_cpp
[0.642s] -- Found rmw_implementation_cmake: 6.1.1 (/opt/ros/humble/share/rmw_implementation_cmake/cmake)
[0.643s] -- Found rmw_fastrtps_cpp: 6.2.4 (/opt/ros/humble/share/rmw_fastrtps_cpp/cmake)
[0.690s] -- Found OpenSSL: /usr/lib/x86_64-linux-gnu/libcrypto.so (found version "3.0.2")  
[0.704s] -- Found FastRTPS: /opt/ros/humble/include  
[0.726s] -- Using RMW implementation 'rmw_fastrtps_cpp' as default
[0.731s] -- Looking for pthread.h
[0.762s] -- Looking for pthread.h - found
[0.762s] -- Performing Test CMAKE_HAVE_LIBC_PTHREAD
[0.794s] -- Performing Test CMAKE_HAVE_LIBC_PTHREAD - Success
[0.794s] -- Found Threads: TRUE  
[1.078s] -- Found eigen3_cmake_module: 0.1.1 (/opt/ros/humble/share/eigen3_cmake_module/cmake)
[1.079s] -- Found Eigen3: TRUE (found version "3.4.0") 
[1.079s] -- Ensuring Eigen3 include directory is part of orocos-kdl CMake target
[1.140s] -- Setting OGRE_DIR to: '/opt/ros/humble/share/rviz_ogre_vendor/cmake/../../../opt/rviz_ogre_vendor/lib/OGRE/cmake'
[1.140s] -- Found OGRE
[1.141s] --   static     : OFF
[1.141s] --   components : HLMS;MeshLodGenerator;Overlay;Paging;Property;RTShaderSystem;Terrain;Volume
[1.141s] --   plugins    : Plugin_BSPSceneManager;Plugin_OctreeSceneManager;Plugin_PCZSceneManager;Plugin_ParticleFX;RenderSystem_GL;RenderSystem_GL3Plus;Codec_STBI
[1.141s] --   media      : /opt/ros/humble/opt/rviz_ogre_vendor/share/OGRE/Media
[1.141s] -- OGRE_LIBRARIES: OgreHLMS;OgreMeshLodGenerator;OgreOverlay;OgrePaging;OgreProperty;OgreRTShaderSystem;OgreTerrain;OgreVolume;OgreMain
[1.141s] -- OGRE_LIBRARY_DIRS: /opt/ros/humble/opt/rviz_ogre_vendor/lib
[1.141s] -- OGRE_PLUGINS: Plugin_BSPSceneManager;Plugin_OctreeSceneManager;Plugin_PCZSceneManager;Plugin_ParticleFX;RenderSystem_GL;RenderSystem_GL3Plus;Codec_STBI
[1.141s] -- OGRE_PLUGIN_DIR: /opt/ros/humble/opt/rviz_ogre_vendor/lib/OGRE
[1.141s] -- rviz_ogre_vendor::OgreOverlay for IMPORTED_LOCATION_RELEASE: /opt/ros/humble/opt/rviz_ogre_vendor/lib/libOgreOverlay.so
[1.141s] -- rviz_ogre_vendor::OgreOverlay for IMPORTED_LOCATION_DEBUG: /opt/ros/humble/opt/rviz_ogre_vendor/lib/libOgreOverlay.so
[1.141s] -- rviz_ogre_vendor::OgreMain for IMPORTED_LOCATION_RELEASE: /opt/ros/humble/opt/rviz_ogre_vendor/lib/libOgreMain.so
[1.141s] -- rviz_ogre_vendor::OgreMain for IMPORTED_LOCATION_DEBUG: /opt/ros/humble/opt/rviz_ogre_vendor/lib/libOgreMain.so
[1.151s] -- Found ZLIB: /usr/lib/x86_64-linux-gnu/libz.so (found version "1.2.11") 
[1.154s] -- Found OpenGL: /usr/lib/x86_64-linux-gnu/libOpenGL.so   
[1.208s] -- Found X11: /usr/include   
[1.208s] -- Looking for XOpenDisplay in /usr/lib/x86_64-linux-gnu/libX11.so;/usr/lib/x86_64-linux-gnu/libXext.so
[1.249s] -- Looking for XOpenDisplay in /usr/lib/x86_64-linux-gnu/libX11.so;/usr/lib/x86_64-linux-gnu/libXext.so - found
[1.250s] -- Looking for gethostbyname
[1.293s] -- Looking for gethostbyname - found
[1.294s] -- Looking for connect
[1.342s] -- Looking for connect - found
[1.343s] -- Looking for remove
[1.393s] -- Looking for remove - found
[1.393s] -- Looking for shmat
[1.449s] -- Looking for shmat - found
[1.449s] -- Looking for IceConnectionNumber in ICE
[1.489s] -- Looking for IceConnectionNumber in ICE - found
[1.492s] -- rviz_ogre_vendor::RenderSystem_GL for IMPORTED_LOCATION_RELEASE: _render_system_gl_static_library_abs-NOTFOUND
[1.492s] -- rviz_ogre_vendor::RenderSystem_GL for IMPORTED_LOCATION_DEBUG: _render_system_gl_static_library_abs-NOTFOUND
[1.538s] -- library: /usr/lib/x86_64-linux-gnu/libcurl.so
[1.873s] -- Found ament_lint_auto: 0.12.8 (/opt/ros/humble/share/ament_lint_auto/cmake)
[1.924s] -- Added test 'copyright' to check source files copyright and LICENSE
[1.926s] -- Added test 'flake8' to check Python code syntax and style conventions
[1.926s] -- Added test 'lint_cmake' to check CMake code style
[1.926s] -- Added test 'pep257' to check Python code against some of the docstring style conventions in PEP 257
[1.927s] -- Added test 'xmllint' to check XML markup files
[1.928s] -- Configuring done
[1.933s] -- Generating done
[1.935s] -- Build files have been written to: /home/arpg/jackal_ws/build/jackal_navigation
[1.949s] Invoked command in '/home/arpg/jackal_ws/build/jackal_navigation' returned '0': CMAKE_PREFIX_PATH=${CMAKE_PREFIX_PATH}:/home/arpg/jackal_ws/install/wireless_watcher:/opt/ros/humble /usr/bin/cmake /home/arpg/jackal_ws/src/jackal/jackal_navigation -DCMAKE_INSTALL_PREFIX=/home/arpg/jackal_ws/install/jackal_navigation
[1.949s] Invoking command in '/home/arpg/jackal_ws/build/jackal_navigation': CMAKE_PREFIX_PATH=${CMAKE_PREFIX_PATH}:/home/arpg/jackal_ws/install/wireless_watcher:/opt/ros/humble /usr/bin/cmake --build /home/arpg/jackal_ws/build/jackal_navigation -- -j32 -l32
[1.978s] Invoked command in '/home/arpg/jackal_ws/build/jackal_navigation' returned '0': CMAKE_PREFIX_PATH=${CMAKE_PREFIX_PATH}:/home/arpg/jackal_ws/install/wireless_watcher:/opt/ros/humble /usr/bin/cmake --build /home/arpg/jackal_ws/build/jackal_navigation -- -j32 -l32
[1.994s] Invoking command in '/home/arpg/jackal_ws/build/jackal_navigation': CMAKE_PREFIX_PATH=${CMAKE_PREFIX_PATH}:/home/arpg/jackal_ws/install/wireless_watcher:/opt/ros/humble /usr/bin/cmake --install /home/arpg/jackal_ws/build/jackal_navigation
[2.000s] -- Install configuration: ""
[2.001s] -- Up-to-date: /home/arpg/jackal_ws/install/jackal_navigation/share/jackal_navigation/config
[2.001s] -- Up-to-date: /home/arpg/jackal_ws/install/jackal_navigation/share/jackal_navigation/config/slam.yaml
[2.001s] -- Up-to-date: /home/arpg/jackal_ws/install/jackal_navigation/share/jackal_navigation/config/nav2.yaml
[2.001s] -- Up-to-date: /home/arpg/jackal_ws/install/jackal_navigation/share/jackal_navigation/launch
[2.001s] -- Up-to-date: /home/arpg/jackal_ws/install/jackal_navigation/share/jackal_navigation/launch/localization.launch.py
[2.001s] -- Up-to-date: /home/arpg/jackal_ws/install/jackal_navigation/share/jackal_navigation/launch/slam.launch.py
[2.001s] -- Up-to-date: /home/arpg/jackal_ws/install/jackal_navigation/share/jackal_navigation/launch/nav2.launch.py
[2.001s] -- Up-to-date: /home/arpg/jackal_ws/install/jackal_navigation/share/jackal_navigation/maps
[2.001s] -- Up-to-date: /home/arpg/jackal_ws/install/jackal_navigation/share/jackal_navigation/maps/office.yaml
[2.001s] -- Up-to-date: /home/arpg/jackal_ws/install/jackal_navigation/share/jackal_navigation/maps/office.pgm
[2.001s] -- Installing: /home/arpg/jackal_ws/install/jackal_navigation/share/ament_index/resource_index/package_run_dependencies/jackal_navigation
[2.002s] -- Installing: /home/arpg/jackal_ws/install/jackal_navigation/share/ament_index/resource_index/parent_prefix_path/jackal_navigation
[2.002s] -- Up-to-date: /home/arpg/jackal_ws/install/jackal_navigation/share/jackal_navigation/environment/ament_prefix_path.sh
[2.002s] -- Installing: /home/arpg/jackal_ws/install/jackal_navigation/share/jackal_navigation/environment/ament_prefix_path.dsv
[2.002s] -- Up-to-date: /home/arpg/jackal_ws/install/jackal_navigation/share/jackal_navigation/environment/path.sh
[2.002s] -- Installing: /home/arpg/jackal_ws/install/jackal_navigation/share/jackal_navigation/environment/path.dsv
[2.002s] -- Installing: /home/arpg/jackal_ws/install/jackal_navigation/share/jackal_navigation/local_setup.bash
[2.002s] -- Installing: /home/arpg/jackal_ws/install/jackal_navigation/share/jackal_navigation/local_setup.sh
[2.002s] -- Installing: /home/arpg/jackal_ws/install/jackal_navigation/share/jackal_navigation/local_setup.zsh
[2.002s] -- Installing: /home/arpg/jackal_ws/install/jackal_navigation/share/jackal_navigation/local_setup.dsv
[2.002s] -- Installing: /home/arpg/jackal_ws/install/jackal_navigation/share/jackal_navigation/package.dsv
[2.003s] -- Installing: /home/arpg/jackal_ws/install/jackal_navigation/share/ament_index/resource_index/packages/jackal_navigation
[2.003s] -- Installing: /home/arpg/jackal_ws/install/jackal_navigation/share/jackal_navigation/cmake/jackal_navigationConfig.cmake
[2.003s] -- Installing: /home/arpg/jackal_ws/install/jackal_navigation/share/jackal_navigation/cmake/jackal_navigationConfig-version.cmake
[2.003s] -- Up-to-date: /home/arpg/jackal_ws/install/jackal_navigation/share/jackal_navigation/package.xml
[2.021s] Invoked command in '/home/arpg/jackal_ws/build/jackal_navigation' returned '0': CMAKE_PREFIX_PATH=${CMAKE_PREFIX_PATH}:/home/arpg/jackal_ws/install/wireless_watcher:/opt/ros/humble /usr/bin/cmake --install /home/arpg/jackal_ws/build/jackal_navigation
