[0.022s] Invoking command in '/home/arpg/jackal_ws/build/jackal_robot': AMENT_PREFIX_PATH=/home/arpg/jackal_ws/install/wireless_watcher:/home/arpg/jackal_ws/install/micro_ros_agent:/home/arpg/jackal_ws/install/jackal_control:/home/arpg/jackal_ws/install/wireless_msgs:/home/arpg/jackal_ws/install/micro_ros_msgs:/home/arpg/jackal_ws/install/jackal_msgs:/home/arpg/jackal_ws/install/jackal_description:${AMENT_PREFIX_PATH} CMAKE_PREFIX_PATH=/home/arpg/jackal_ws/install/micro_ros_agent:/home/arpg/jackal_ws/install/jackal_control:/home/arpg/jackal_ws/install/wireless_msgs:/home/arpg/jackal_ws/install/micro_ros_msgs:/home/arpg/jackal_ws/install/jackal_msgs:/home/arpg/jackal_ws/install/jackal_description:/opt/ros/humble LD_LIBRARY_PATH=/home/arpg/jackal_ws/install/micro_ros_agent/lib:/home/arpg/jackal_ws/install/wireless_msgs/lib:/home/arpg/jackal_ws/install/micro_ros_msgs/lib:/home/arpg/jackal_ws/install/jackal_msgs/lib:${LD_LIBRARY_PATH} PYTHONPATH=/home/arpg/jackal_ws/install/wireless_watcher/lib/python3.10/site-packages:/home/arpg/jackal_ws/install/wireless_msgs/local/lib/python3.10/dist-packages:/home/arpg/jackal_ws/install/micro_ros_msgs/local/lib/python3.10/dist-packages:/home/arpg/jackal_ws/install/jackal_msgs/local/lib/python3.10/dist-packages:${PYTHONPATH} /usr/bin/cmake --build /home/arpg/jackal_ws/build/jackal_robot -- -j32 -l32
[0.047s] [100%] Built target jackal_hardware
[0.050s] [100%] Built target ament_cmake_python_copy_jackal_robot
[0.151s] running egg_info
[0.151s] writing jackal_robot.egg-info/PKG-INFO
[0.151s] writing dependency_links to jackal_robot.egg-info/dependency_links.txt
[0.151s] writing top-level names to jackal_robot.egg-info/top_level.txt
[0.152s] reading manifest file 'jackal_robot.egg-info/SOURCES.txt'
[0.152s] writing manifest file 'jackal_robot.egg-info/SOURCES.txt'
[0.165s] [100%] Built target ament_cmake_python_build_jackal_robot_egg
[0.170s] Invoked command in '/home/arpg/jackal_ws/build/jackal_robot' returned '0': AMENT_PREFIX_PATH=/home/arpg/jackal_ws/install/wireless_watcher:/home/arpg/jackal_ws/install/micro_ros_agent:/home/arpg/jackal_ws/install/jackal_control:/home/arpg/jackal_ws/install/wireless_msgs:/home/arpg/jackal_ws/install/micro_ros_msgs:/home/arpg/jackal_ws/install/jackal_msgs:/home/arpg/jackal_ws/install/jackal_description:${AMENT_PREFIX_PATH} CMAKE_PREFIX_PATH=/home/arpg/jackal_ws/install/micro_ros_agent:/home/arpg/jackal_ws/install/jackal_control:/home/arpg/jackal_ws/install/wireless_msgs:/home/arpg/jackal_ws/install/micro_ros_msgs:/home/arpg/jackal_ws/install/jackal_msgs:/home/arpg/jackal_ws/install/jackal_description:/opt/ros/humble LD_LIBRARY_PATH=/home/arpg/jackal_ws/install/micro_ros_agent/lib:/home/arpg/jackal_ws/install/wireless_msgs/lib:/home/arpg/jackal_ws/install/micro_ros_msgs/lib:/home/arpg/jackal_ws/install/jackal_msgs/lib:${LD_LIBRARY_PATH} PYTHONPATH=/home/arpg/jackal_ws/install/wireless_watcher/lib/python3.10/site-packages:/home/arpg/jackal_ws/install/wireless_msgs/local/lib/python3.10/dist-packages:/home/arpg/jackal_ws/install/micro_ros_msgs/local/lib/python3.10/dist-packages:/home/arpg/jackal_ws/install/jackal_msgs/local/lib/python3.10/dist-packages:${PYTHONPATH} /usr/bin/cmake --build /home/arpg/jackal_ws/build/jackal_robot -- -j32 -l32
[0.181s] Invoking command in '/home/arpg/jackal_ws/build/jackal_robot': AMENT_PREFIX_PATH=/home/arpg/jackal_ws/install/wireless_watcher:/home/arpg/jackal_ws/install/micro_ros_agent:/home/arpg/jackal_ws/install/jackal_control:/home/arpg/jackal_ws/install/wireless_msgs:/home/arpg/jackal_ws/install/micro_ros_msgs:/home/arpg/jackal_ws/install/jackal_msgs:/home/arpg/jackal_ws/install/jackal_description:${AMENT_PREFIX_PATH} CMAKE_PREFIX_PATH=/home/arpg/jackal_ws/install/micro_ros_agent:/home/arpg/jackal_ws/install/jackal_control:/home/arpg/jackal_ws/install/wireless_msgs:/home/arpg/jackal_ws/install/micro_ros_msgs:/home/arpg/jackal_ws/install/jackal_msgs:/home/arpg/jackal_ws/install/jackal_description:/opt/ros/humble LD_LIBRARY_PATH=/home/arpg/jackal_ws/install/micro_ros_agent/lib:/home/arpg/jackal_ws/install/wireless_msgs/lib:/home/arpg/jackal_ws/install/micro_ros_msgs/lib:/home/arpg/jackal_ws/install/jackal_msgs/lib:${LD_LIBRARY_PATH} PYTHONPATH=/home/arpg/jackal_ws/install/wireless_watcher/lib/python3.10/site-packages:/home/arpg/jackal_ws/install/wireless_msgs/local/lib/python3.10/dist-packages:/home/arpg/jackal_ws/install/micro_ros_msgs/local/lib/python3.10/dist-packages:/home/arpg/jackal_ws/install/jackal_msgs/local/lib/python3.10/dist-packages:${PYTHONPATH} /usr/bin/cmake --install /home/arpg/jackal_ws/build/jackal_robot
[0.185s] -- Install configuration: ""
[0.185s] -- Up-to-date: /home/arpg/jackal_ws/install/jackal_robot/share/jackal_robot/jackal_hardware.xml
[0.185s] -- Up-to-date: /home/arpg/jackal_ws/install/jackal_robot/share/jackal_robot/environment/pythonpath.sh
[0.185s] -- Up-to-date: /home/arpg/jackal_ws/install/jackal_robot/share/jackal_robot/environment/pythonpath.dsv
[0.185s] -- Up-to-date: /home/arpg/jackal_ws/install/jackal_robot/local/lib/python3.10/dist-packages/jackal_robot-1.0.1-py3.10.egg-info
[0.185s] -- Installing: /home/arpg/jackal_ws/install/jackal_robot/local/lib/python3.10/dist-packages/jackal_robot-1.0.1-py3.10.egg-info/PKG-INFO
[0.185s] -- Installing: /home/arpg/jackal_ws/install/jackal_robot/local/lib/python3.10/dist-packages/jackal_robot-1.0.1-py3.10.egg-info/SOURCES.txt
[0.185s] -- Installing: /home/arpg/jackal_ws/install/jackal_robot/local/lib/python3.10/dist-packages/jackal_robot-1.0.1-py3.10.egg-info/top_level.txt
[0.185s] -- Installing: /home/arpg/jackal_ws/install/jackal_robot/local/lib/python3.10/dist-packages/jackal_robot-1.0.1-py3.10.egg-info/dependency_links.txt
[0.185s] -- Up-to-date: /home/arpg/jackal_ws/install/jackal_robot/local/lib/python3.10/dist-packages/jackal_robot
[0.185s] -- Up-to-date: /home/arpg/jackal_ws/install/jackal_robot/local/lib/python3.10/dist-packages/jackal_robot/diagnostics_updater
[0.185s] -- Up-to-date: /home/arpg/jackal_ws/install/jackal_robot/local/lib/python3.10/dist-packages/jackal_robot/__init__.py
[0.200s] Listing '/home/arpg/jackal_ws/install/jackal_robot/local/lib/python3.10/dist-packages/jackal_robot'...
[0.202s] -- Up-to-date: /home/arpg/jackal_ws/install/jackal_robot/lib/libjackal_hardware.so
[0.202s] -- Up-to-date: /home/arpg/jackal_ws/install/jackal_robot/include
[0.202s] -- Up-to-date: /home/arpg/jackal_ws/install/jackal_robot/include/jackal_hardware
[0.202s] -- Up-to-date: /home/arpg/jackal_ws/install/jackal_robot/include/jackal_hardware/jackal_hardware_interface.hpp
[0.202s] -- Up-to-date: /home/arpg/jackal_ws/install/jackal_robot/include/jackal_hardware/jackal_hardware.hpp
[0.202s] -- Up-to-date: /home/arpg/jackal_ws/install/jackal_robot/share/jackal_robot/launch
[0.202s] -- Up-to-date: /home/arpg/jackal_ws/install/jackal_robot/share/jackal_robot/launch/accessories.launch.py
[0.202s] -- Up-to-date: /home/arpg/jackal_ws/install/jackal_robot/share/jackal_robot/launch/.bringup.launch.py.swp
[0.202s] -- Up-to-date: /home/arpg/jackal_ws/install/jackal_robot/share/jackal_robot/launch/diagnostics.launch.py
[0.202s] -- Up-to-date: /home/arpg/jackal_ws/install/jackal_robot/share/jackal_robot/launch/bringup.launch.py
[0.202s] -- Up-to-date: /home/arpg/jackal_ws/install/jackal_robot/share/jackal_robot/config
[0.202s] -- Up-to-date: /home/arpg/jackal_ws/install/jackal_robot/share/jackal_robot/config/diagnostics.yaml
[0.202s] -- Up-to-date: /home/arpg/jackal_ws/install/jackal_robot/lib/jackal_robot/install
[0.202s] -- Up-to-date: /home/arpg/jackal_ws/install/jackal_robot/lib/jackal_robot/uninstall
[0.202s] -- Up-to-date: /home/arpg/jackal_ws/install/jackal_robot/lib/jackal_robot/diagnostics_updater
[0.202s] -- Up-to-date: /home/arpg/jackal_ws/install/jackal_robot/share/jackal_robot/environment/library_path.sh
[0.202s] -- Up-to-date: /home/arpg/jackal_ws/install/jackal_robot/share/jackal_robot/environment/library_path.dsv
[0.202s] -- Up-to-date: /home/arpg/jackal_ws/install/jackal_robot/share/ament_index/resource_index/package_run_dependencies/jackal_robot
[0.202s] -- Up-to-date: /home/arpg/jackal_ws/install/jackal_robot/share/ament_index/resource_index/parent_prefix_path/jackal_robot
[0.202s] -- Up-to-date: /home/arpg/jackal_ws/install/jackal_robot/share/jackal_robot/environment/ament_prefix_path.sh
[0.202s] -- Up-to-date: /home/arpg/jackal_ws/install/jackal_robot/share/jackal_robot/environment/ament_prefix_path.dsv
[0.202s] -- Up-to-date: /home/arpg/jackal_ws/install/jackal_robot/share/jackal_robot/environment/path.sh
[0.202s] -- Up-to-date: /home/arpg/jackal_ws/install/jackal_robot/share/jackal_robot/environment/path.dsv
[0.202s] -- Up-to-date: /home/arpg/jackal_ws/install/jackal_robot/share/jackal_robot/local_setup.bash
[0.202s] -- Up-to-date: /home/arpg/jackal_ws/install/jackal_robot/share/jackal_robot/local_setup.sh
[0.202s] -- Up-to-date: /home/arpg/jackal_ws/install/jackal_robot/share/jackal_robot/local_setup.zsh
[0.203s] -- Up-to-date: /home/arpg/jackal_ws/install/jackal_robot/share/jackal_robot/local_setup.dsv
[0.203s] -- Installing: /home/arpg/jackal_ws/install/jackal_robot/share/jackal_robot/package.dsv
[0.203s] -- Up-to-date: /home/arpg/jackal_ws/install/jackal_robot/share/ament_index/resource_index/packages/jackal_robot
[0.203s] -- Up-to-date: /home/arpg/jackal_ws/install/jackal_robot/share/ament_index/resource_index/hardware_interface__pluginlib__plugin/jackal_robot
[0.203s] -- Up-to-date: /home/arpg/jackal_ws/install/jackal_robot/share/jackal_robot/cmake/ament_cmake_export_include_directories-extras.cmake
[0.203s] -- Up-to-date: /home/arpg/jackal_ws/install/jackal_robot/share/jackal_robot/cmake/ament_cmake_export_libraries-extras.cmake
[0.203s] -- Up-to-date: /home/arpg/jackal_ws/install/jackal_robot/share/jackal_robot/cmake/ament_cmake_export_dependencies-extras.cmake
[0.203s] -- Up-to-date: /home/arpg/jackal_ws/install/jackal_robot/share/jackal_robot/cmake/jackal_robotConfig.cmake
[0.203s] -- Up-to-date: /home/arpg/jackal_ws/install/jackal_robot/share/jackal_robot/cmake/jackal_robotConfig-version.cmake
[0.203s] -- Up-to-date: /home/arpg/jackal_ws/install/jackal_robot/share/jackal_robot/package.xml
[0.203s] Invoked command in '/home/arpg/jackal_ws/build/jackal_robot' returned '0': AMENT_PREFIX_PATH=/home/arpg/jackal_ws/install/wireless_watcher:/home/arpg/jackal_ws/install/micro_ros_agent:/home/arpg/jackal_ws/install/jackal_control:/home/arpg/jackal_ws/install/wireless_msgs:/home/arpg/jackal_ws/install/micro_ros_msgs:/home/arpg/jackal_ws/install/jackal_msgs:/home/arpg/jackal_ws/install/jackal_description:${AMENT_PREFIX_PATH} CMAKE_PREFIX_PATH=/home/arpg/jackal_ws/install/micro_ros_agent:/home/arpg/jackal_ws/install/jackal_control:/home/arpg/jackal_ws/install/wireless_msgs:/home/arpg/jackal_ws/install/micro_ros_msgs:/home/arpg/jackal_ws/install/jackal_msgs:/home/arpg/jackal_ws/install/jackal_description:/opt/ros/humble LD_LIBRARY_PATH=/home/arpg/jackal_ws/install/micro_ros_agent/lib:/home/arpg/jackal_ws/install/wireless_msgs/lib:/home/arpg/jackal_ws/install/micro_ros_msgs/lib:/home/arpg/jackal_ws/install/jackal_msgs/lib:${LD_LIBRARY_PATH} PYTHONPATH=/home/arpg/jackal_ws/install/wireless_watcher/lib/python3.10/site-packages:/home/arpg/jackal_ws/install/wireless_msgs/local/lib/python3.10/dist-packages:/home/arpg/jackal_ws/install/micro_ros_msgs/local/lib/python3.10/dist-packages:/home/arpg/jackal_ws/install/jackal_msgs/local/lib/python3.10/dist-packages:${PYTHONPATH} /usr/bin/cmake --install /home/arpg/jackal_ws/build/jackal_robot
