[0.111s] Invoking command in '/home/arpg/jackal_ws/build/micro_ros_msgs': CMAKE_PREFIX_PATH=${CMAKE_PREFIX_PATH}:/home/arpg/jackal_ws/install/wireless_watcher:/opt/ros/humble /usr/bin/cmake --build /home/arpg/jackal_ws/build/micro_ros_msgs -- -j32 -l32
[0.141s] [  2%] Built target micro_ros_msgs__cpp
[0.145s] [ 12%] Built target micro_ros_msgs__rosidl_generator_c
[0.152s] [ 12%] Built target ament_cmake_python_copy_micro_ros_msgs
[0.156s] [ 23%] Built target micro_ros_msgs__rosidl_typesupport_cpp
[0.157s] [ 34%] Built target micro_ros_msgs__rosidl_typesupport_introspection_cpp
[0.158s] [ 44%] Built target micro_ros_msgs__rosidl_typesupport_fastrtps_cpp
[0.159s] [ 55%] Built target micro_ros_msgs__rosidl_typesupport_introspection_c
[0.167s] [ 65%] Built target micro_ros_msgs__rosidl_typesupport_fastrtps_c
[0.169s] [ 76%] Built target micro_ros_msgs__rosidl_typesupport_c
[0.178s] [ 76%] Built target micro_ros_msgs
[0.179s] [ 78%] Built target micro_ros_msgs__py
[0.191s] [ 87%] Built target micro_ros_msgs__rosidl_generator_py
[0.204s] [ 91%] Built target micro_ros_msgs__rosidl_typesupport_introspection_c__pyext
[0.206s] [ 95%] Built target micro_ros_msgs__rosidl_typesupport_c__pyext
[0.206s] [100%] Built target micro_ros_msgs__rosidl_typesupport_fastrtps_c__pyext
[0.258s] running egg_info
[0.259s] writing micro_ros_msgs.egg-info/PKG-INFO
[0.259s] writing dependency_links to micro_ros_msgs.egg-info/dependency_links.txt
[0.259s] writing top-level names to micro_ros_msgs.egg-info/top_level.txt
[0.260s] reading manifest file 'micro_ros_msgs.egg-info/SOURCES.txt'
[0.260s] writing manifest file 'micro_ros_msgs.egg-info/SOURCES.txt'
[0.273s] [100%] Built target ament_cmake_python_build_micro_ros_msgs_egg
[0.330s] Invoked command in '/home/arpg/jackal_ws/build/micro_ros_msgs' returned '0': CMAKE_PREFIX_PATH=${CMAKE_PREFIX_PATH}:/home/arpg/jackal_ws/install/wireless_watcher:/opt/ros/humble /usr/bin/cmake --build /home/arpg/jackal_ws/build/micro_ros_msgs -- -j32 -l32
[0.366s] Invoking command in '/home/arpg/jackal_ws/build/micro_ros_msgs': CMAKE_PREFIX_PATH=${CMAKE_PREFIX_PATH}:/home/arpg/jackal_ws/install/wireless_watcher:/opt/ros/humble /usr/bin/cmake --install /home/arpg/jackal_ws/build/micro_ros_msgs
[0.373s] -- Install configuration: ""
[0.373s] -- Up-to-date: /home/arpg/jackal_ws/install/micro_ros_msgs/share/ament_index/resource_index/rosidl_interfaces/micro_ros_msgs
[0.373s] -- Up-to-date: /home/arpg/jackal_ws/install/micro_ros_msgs/include/micro_ros_msgs/micro_ros_msgs
[0.373s] -- Up-to-date: /home/arpg/jackal_ws/install/micro_ros_msgs/include/micro_ros_msgs/micro_ros_msgs/msg
[0.373s] -- Up-to-date: /home/arpg/jackal_ws/install/micro_ros_msgs/include/micro_ros_msgs/micro_ros_msgs/msg/entity.h
[0.374s] -- Up-to-date: /home/arpg/jackal_ws/install/micro_ros_msgs/include/micro_ros_msgs/micro_ros_msgs/msg/graph.h
[0.374s] -- Up-to-date: /home/arpg/jackal_ws/install/micro_ros_msgs/include/micro_ros_msgs/micro_ros_msgs/msg/detail
[0.374s] -- Up-to-date: /home/arpg/jackal_ws/install/micro_ros_msgs/include/micro_ros_msgs/micro_ros_msgs/msg/detail/entity__type_support.h
[0.374s] -- Up-to-date: /home/arpg/jackal_ws/install/micro_ros_msgs/include/micro_ros_msgs/micro_ros_msgs/msg/detail/graph__type_support.h
[0.374s] -- Up-to-date: /home/arpg/jackal_ws/install/micro_ros_msgs/include/micro_ros_msgs/micro_ros_msgs/msg/detail/entity__functions.h
[0.374s] -- Up-to-date: /home/arpg/jackal_ws/install/micro_ros_msgs/include/micro_ros_msgs/micro_ros_msgs/msg/detail/entity__functions.c
[0.375s] -- Up-to-date: /home/arpg/jackal_ws/install/micro_ros_msgs/include/micro_ros_msgs/micro_ros_msgs/msg/detail/node__functions.h
[0.375s] -- Up-to-date: /home/arpg/jackal_ws/install/micro_ros_msgs/include/micro_ros_msgs/micro_ros_msgs/msg/detail/node__type_support.h
[0.375s] -- Up-to-date: /home/arpg/jackal_ws/install/micro_ros_msgs/include/micro_ros_msgs/micro_ros_msgs/msg/detail/node__functions.c
[0.375s] -- Up-to-date: /home/arpg/jackal_ws/install/micro_ros_msgs/include/micro_ros_msgs/micro_ros_msgs/msg/detail/graph__functions.h
[0.375s] -- Up-to-date: /home/arpg/jackal_ws/install/micro_ros_msgs/include/micro_ros_msgs/micro_ros_msgs/msg/detail/node__struct.h
[0.375s] -- Up-to-date: /home/arpg/jackal_ws/install/micro_ros_msgs/include/micro_ros_msgs/micro_ros_msgs/msg/detail/entity__struct.h
[0.375s] -- Up-to-date: /home/arpg/jackal_ws/install/micro_ros_msgs/include/micro_ros_msgs/micro_ros_msgs/msg/detail/graph__functions.c
[0.375s] -- Up-to-date: /home/arpg/jackal_ws/install/micro_ros_msgs/include/micro_ros_msgs/micro_ros_msgs/msg/detail/graph__struct.h
[0.375s] -- Up-to-date: /home/arpg/jackal_ws/install/micro_ros_msgs/include/micro_ros_msgs/micro_ros_msgs/msg/rosidl_generator_c__visibility_control.h
[0.375s] -- Up-to-date: /home/arpg/jackal_ws/install/micro_ros_msgs/include/micro_ros_msgs/micro_ros_msgs/msg/node.h
[0.375s] -- Up-to-date: /home/arpg/jackal_ws/install/micro_ros_msgs/share/micro_ros_msgs/environment/library_path.sh
[0.375s] -- Up-to-date: /home/arpg/jackal_ws/install/micro_ros_msgs/share/micro_ros_msgs/environment/library_path.dsv
[0.375s] -- Up-to-date: /home/arpg/jackal_ws/install/micro_ros_msgs/lib/libmicro_ros_msgs__rosidl_generator_c.so
[0.375s] -- Up-to-date: /home/arpg/jackal_ws/install/micro_ros_msgs/include/micro_ros_msgs/micro_ros_msgs
[0.376s] -- Up-to-date: /home/arpg/jackal_ws/install/micro_ros_msgs/include/micro_ros_msgs/micro_ros_msgs/msg
[0.376s] -- Up-to-date: /home/arpg/jackal_ws/install/micro_ros_msgs/include/micro_ros_msgs/micro_ros_msgs/msg/detail
[0.376s] -- Up-to-date: /home/arpg/jackal_ws/install/micro_ros_msgs/include/micro_ros_msgs/micro_ros_msgs/msg/detail/entity__rosidl_typesupport_fastrtps_c.h
[0.376s] -- Up-to-date: /home/arpg/jackal_ws/install/micro_ros_msgs/include/micro_ros_msgs/micro_ros_msgs/msg/detail/graph__rosidl_typesupport_fastrtps_c.h
[0.376s] -- Up-to-date: /home/arpg/jackal_ws/install/micro_ros_msgs/include/micro_ros_msgs/micro_ros_msgs/msg/detail/node__rosidl_typesupport_fastrtps_c.h
[0.376s] -- Up-to-date: /home/arpg/jackal_ws/install/micro_ros_msgs/include/micro_ros_msgs/micro_ros_msgs/msg/rosidl_typesupport_fastrtps_c__visibility_control.h
[0.376s] -- Up-to-date: /home/arpg/jackal_ws/install/micro_ros_msgs/lib/libmicro_ros_msgs__rosidl_typesupport_fastrtps_c.so
[0.376s] -- Up-to-date: /home/arpg/jackal_ws/install/micro_ros_msgs/include/micro_ros_msgs/micro_ros_msgs
[0.376s] -- Up-to-date: /home/arpg/jackal_ws/install/micro_ros_msgs/include/micro_ros_msgs/micro_ros_msgs/msg
[0.376s] -- Up-to-date: /home/arpg/jackal_ws/install/micro_ros_msgs/include/micro_ros_msgs/micro_ros_msgs/msg/rosidl_typesupport_introspection_c__visibility_control.h
[0.376s] -- Up-to-date: /home/arpg/jackal_ws/install/micro_ros_msgs/include/micro_ros_msgs/micro_ros_msgs/msg/detail
[0.376s] -- Up-to-date: /home/arpg/jackal_ws/install/micro_ros_msgs/include/micro_ros_msgs/micro_ros_msgs/msg/detail/node__rosidl_typesupport_introspection_c.h
[0.376s] -- Up-to-date: /home/arpg/jackal_ws/install/micro_ros_msgs/include/micro_ros_msgs/micro_ros_msgs/msg/detail/graph__type_support.c
[0.376s] -- Up-to-date: /home/arpg/jackal_ws/install/micro_ros_msgs/include/micro_ros_msgs/micro_ros_msgs/msg/detail/entity__rosidl_typesupport_introspection_c.h
[0.376s] -- Up-to-date: /home/arpg/jackal_ws/install/micro_ros_msgs/include/micro_ros_msgs/micro_ros_msgs/msg/detail/node__type_support.c
[0.376s] -- Up-to-date: /home/arpg/jackal_ws/install/micro_ros_msgs/include/micro_ros_msgs/micro_ros_msgs/msg/detail/graph__rosidl_typesupport_introspection_c.h
[0.376s] -- Up-to-date: /home/arpg/jackal_ws/install/micro_ros_msgs/include/micro_ros_msgs/micro_ros_msgs/msg/detail/entity__type_support.c
[0.376s] -- Up-to-date: /home/arpg/jackal_ws/install/micro_ros_msgs/lib/libmicro_ros_msgs__rosidl_typesupport_introspection_c.so
[0.376s] -- Up-to-date: /home/arpg/jackal_ws/install/micro_ros_msgs/lib/libmicro_ros_msgs__rosidl_typesupport_c.so
[0.376s] -- Up-to-date: /home/arpg/jackal_ws/install/micro_ros_msgs/include/micro_ros_msgs/micro_ros_msgs
[0.376s] -- Up-to-date: /home/arpg/jackal_ws/install/micro_ros_msgs/include/micro_ros_msgs/micro_ros_msgs/msg
[0.376s] -- Up-to-date: /home/arpg/jackal_ws/install/micro_ros_msgs/include/micro_ros_msgs/micro_ros_msgs/msg/node.hpp
[0.376s] -- Up-to-date: /home/arpg/jackal_ws/install/micro_ros_msgs/include/micro_ros_msgs/micro_ros_msgs/msg/graph.hpp
[0.376s] -- Up-to-date: /home/arpg/jackal_ws/install/micro_ros_msgs/include/micro_ros_msgs/micro_ros_msgs/msg/detail
[0.376s] -- Up-to-date: /home/arpg/jackal_ws/install/micro_ros_msgs/include/micro_ros_msgs/micro_ros_msgs/msg/detail/graph__struct.hpp
[0.376s] -- Up-to-date: /home/arpg/jackal_ws/install/micro_ros_msgs/include/micro_ros_msgs/micro_ros_msgs/msg/detail/graph__builder.hpp
[0.377s] -- Up-to-date: /home/arpg/jackal_ws/install/micro_ros_msgs/include/micro_ros_msgs/micro_ros_msgs/msg/detail/node__builder.hpp
[0.377s] -- Up-to-date: /home/arpg/jackal_ws/install/micro_ros_msgs/include/micro_ros_msgs/micro_ros_msgs/msg/detail/node__struct.hpp
[0.377s] -- Up-to-date: /home/arpg/jackal_ws/install/micro_ros_msgs/include/micro_ros_msgs/micro_ros_msgs/msg/detail/node__traits.hpp
[0.377s] -- Up-to-date: /home/arpg/jackal_ws/install/micro_ros_msgs/include/micro_ros_msgs/micro_ros_msgs/msg/detail/entity__builder.hpp
[0.377s] -- Up-to-date: /home/arpg/jackal_ws/install/micro_ros_msgs/include/micro_ros_msgs/micro_ros_msgs/msg/detail/graph__traits.hpp
[0.377s] -- Up-to-date: /home/arpg/jackal_ws/install/micro_ros_msgs/include/micro_ros_msgs/micro_ros_msgs/msg/detail/entity__traits.hpp
[0.377s] -- Up-to-date: /home/arpg/jackal_ws/install/micro_ros_msgs/include/micro_ros_msgs/micro_ros_msgs/msg/detail/entity__struct.hpp
[0.377s] -- Up-to-date: /home/arpg/jackal_ws/install/micro_ros_msgs/include/micro_ros_msgs/micro_ros_msgs/msg/entity.hpp
[0.377s] -- Up-to-date: /home/arpg/jackal_ws/install/micro_ros_msgs/include/micro_ros_msgs/micro_ros_msgs
[0.377s] -- Up-to-date: /home/arpg/jackal_ws/install/micro_ros_msgs/include/micro_ros_msgs/micro_ros_msgs/msg
[0.377s] -- Up-to-date: /home/arpg/jackal_ws/install/micro_ros_msgs/include/micro_ros_msgs/micro_ros_msgs/msg/detail
[0.377s] -- Up-to-date: /home/arpg/jackal_ws/install/micro_ros_msgs/include/micro_ros_msgs/micro_ros_msgs/msg/detail/node__rosidl_typesupport_fastrtps_cpp.hpp
[0.377s] -- Up-to-date: /home/arpg/jackal_ws/install/micro_ros_msgs/include/micro_ros_msgs/micro_ros_msgs/msg/detail/entity__rosidl_typesupport_fastrtps_cpp.hpp
[0.377s] -- Up-to-date: /home/arpg/jackal_ws/install/micro_ros_msgs/include/micro_ros_msgs/micro_ros_msgs/msg/detail/graph__rosidl_typesupport_fastrtps_cpp.hpp
[0.377s] -- Up-to-date: /home/arpg/jackal_ws/install/micro_ros_msgs/include/micro_ros_msgs/micro_ros_msgs/msg/detail/dds_fastrtps
[0.377s] -- Up-to-date: /home/arpg/jackal_ws/install/micro_ros_msgs/include/micro_ros_msgs/micro_ros_msgs/msg/rosidl_typesupport_fastrtps_cpp__visibility_control.h
[0.377s] -- Up-to-date: /home/arpg/jackal_ws/install/micro_ros_msgs/lib/libmicro_ros_msgs__rosidl_typesupport_fastrtps_cpp.so
[0.377s] -- Up-to-date: /home/arpg/jackal_ws/install/micro_ros_msgs/include/micro_ros_msgs/micro_ros_msgs
[0.377s] -- Up-to-date: /home/arpg/jackal_ws/install/micro_ros_msgs/include/micro_ros_msgs/micro_ros_msgs/msg
[0.377s] -- Up-to-date: /home/arpg/jackal_ws/install/micro_ros_msgs/include/micro_ros_msgs/micro_ros_msgs/msg/detail
[0.377s] -- Up-to-date: /home/arpg/jackal_ws/install/micro_ros_msgs/include/micro_ros_msgs/micro_ros_msgs/msg/detail/entity__rosidl_typesupport_introspection_cpp.hpp
[0.377s] -- Up-to-date: /home/arpg/jackal_ws/install/micro_ros_msgs/include/micro_ros_msgs/micro_ros_msgs/msg/detail/node__type_support.cpp
[0.377s] -- Up-to-date: /home/arpg/jackal_ws/install/micro_ros_msgs/include/micro_ros_msgs/micro_ros_msgs/msg/detail/entity__type_support.cpp
[0.377s] -- Up-to-date: /home/arpg/jackal_ws/install/micro_ros_msgs/include/micro_ros_msgs/micro_ros_msgs/msg/detail/graph__rosidl_typesupport_introspection_cpp.hpp
[0.377s] -- Up-to-date: /home/arpg/jackal_ws/install/micro_ros_msgs/include/micro_ros_msgs/micro_ros_msgs/msg/detail/graph__type_support.cpp
[0.377s] -- Up-to-date: /home/arpg/jackal_ws/install/micro_ros_msgs/include/micro_ros_msgs/micro_ros_msgs/msg/detail/node__rosidl_typesupport_introspection_cpp.hpp
[0.377s] -- Up-to-date: /home/arpg/jackal_ws/install/micro_ros_msgs/lib/libmicro_ros_msgs__rosidl_typesupport_introspection_cpp.so
[0.377s] -- Up-to-date: /home/arpg/jackal_ws/install/micro_ros_msgs/lib/libmicro_ros_msgs__rosidl_typesupport_cpp.so
[0.377s] -- Up-to-date: /home/arpg/jackal_ws/install/micro_ros_msgs/share/micro_ros_msgs/environment/pythonpath.sh
[0.377s] -- Up-to-date: /home/arpg/jackal_ws/install/micro_ros_msgs/share/micro_ros_msgs/environment/pythonpath.dsv
[0.377s] -- Up-to-date: /home/arpg/jackal_ws/install/micro_ros_msgs/local/lib/python3.10/dist-packages/micro_ros_msgs-4.0.0-py3.10.egg-info
[0.377s] -- Installing: /home/arpg/jackal_ws/install/micro_ros_msgs/local/lib/python3.10/dist-packages/micro_ros_msgs-4.0.0-py3.10.egg-info/PKG-INFO
[0.377s] -- Installing: /home/arpg/jackal_ws/install/micro_ros_msgs/local/lib/python3.10/dist-packages/micro_ros_msgs-4.0.0-py3.10.egg-info/SOURCES.txt
[0.377s] -- Installing: /home/arpg/jackal_ws/install/micro_ros_msgs/local/lib/python3.10/dist-packages/micro_ros_msgs-4.0.0-py3.10.egg-info/top_level.txt
[0.377s] -- Installing: /home/arpg/jackal_ws/install/micro_ros_msgs/local/lib/python3.10/dist-packages/micro_ros_msgs-4.0.0-py3.10.egg-info/dependency_links.txt
[0.377s] -- Up-to-date: /home/arpg/jackal_ws/install/micro_ros_msgs/local/lib/python3.10/dist-packages/micro_ros_msgs
[0.377s] -- Up-to-date: /home/arpg/jackal_ws/install/micro_ros_msgs/local/lib/python3.10/dist-packages/micro_ros_msgs/micro_ros_msgs_s__rosidl_typesupport_c.cpython-310-x86_64-linux-gnu.so
[0.378s] -- Up-to-date: /home/arpg/jackal_ws/install/micro_ros_msgs/local/lib/python3.10/dist-packages/micro_ros_msgs/_micro_ros_msgs_s.ep.rosidl_typesupport_introspection_c.c
[0.378s] -- Up-to-date: /home/arpg/jackal_ws/install/micro_ros_msgs/local/lib/python3.10/dist-packages/micro_ros_msgs/_micro_ros_msgs_s.ep.rosidl_typesupport_fastrtps_c.c
[0.378s] -- Up-to-date: /home/arpg/jackal_ws/install/micro_ros_msgs/local/lib/python3.10/dist-packages/micro_ros_msgs/micro_ros_msgs_s__rosidl_typesupport_introspection_c.cpython-310-x86_64-linux-gnu.so
[0.378s] -- Up-to-date: /home/arpg/jackal_ws/install/micro_ros_msgs/local/lib/python3.10/dist-packages/micro_ros_msgs/__init__.py
[0.378s] -- Up-to-date: /home/arpg/jackal_ws/install/micro_ros_msgs/local/lib/python3.10/dist-packages/micro_ros_msgs/msg
[0.378s] -- Up-to-date: /home/arpg/jackal_ws/install/micro_ros_msgs/local/lib/python3.10/dist-packages/micro_ros_msgs/msg/_graph_s.c
[0.378s] -- Up-to-date: /home/arpg/jackal_ws/install/micro_ros_msgs/local/lib/python3.10/dist-packages/micro_ros_msgs/msg/_entity_s.c
[0.378s] -- Up-to-date: /home/arpg/jackal_ws/install/micro_ros_msgs/local/lib/python3.10/dist-packages/micro_ros_msgs/msg/_node.py
[0.378s] -- Up-to-date: /home/arpg/jackal_ws/install/micro_ros_msgs/local/lib/python3.10/dist-packages/micro_ros_msgs/msg/_graph.py
[0.378s] -- Up-to-date: /home/arpg/jackal_ws/install/micro_ros_msgs/local/lib/python3.10/dist-packages/micro_ros_msgs/msg/_entity.py
[0.378s] -- Up-to-date: /home/arpg/jackal_ws/install/micro_ros_msgs/local/lib/python3.10/dist-packages/micro_ros_msgs/msg/__init__.py
[0.378s] -- Up-to-date: /home/arpg/jackal_ws/install/micro_ros_msgs/local/lib/python3.10/dist-packages/micro_ros_msgs/msg/_node_s.c
[0.378s] -- Up-to-date: /home/arpg/jackal_ws/install/micro_ros_msgs/local/lib/python3.10/dist-packages/micro_ros_msgs/micro_ros_msgs_s__rosidl_typesupport_fastrtps_c.cpython-310-x86_64-linux-gnu.so
[0.378s] -- Up-to-date: /home/arpg/jackal_ws/install/micro_ros_msgs/local/lib/python3.10/dist-packages/micro_ros_msgs/libmicro_ros_msgs__rosidl_generator_py.so
[0.378s] -- Up-to-date: /home/arpg/jackal_ws/install/micro_ros_msgs/local/lib/python3.10/dist-packages/micro_ros_msgs/_micro_ros_msgs_s.ep.rosidl_typesupport_c.c
[0.386s] Listing '/home/arpg/jackal_ws/install/micro_ros_msgs/local/lib/python3.10/dist-packages/micro_ros_msgs'...
[0.387s] Listing '/home/arpg/jackal_ws/install/micro_ros_msgs/local/lib/python3.10/dist-packages/micro_ros_msgs/msg'...
[0.388s] -- Up-to-date: /home/arpg/jackal_ws/install/micro_ros_msgs/local/lib/python3.10/dist-packages/micro_ros_msgs/micro_ros_msgs_s__rosidl_typesupport_fastrtps_c.cpython-310-x86_64-linux-gnu.so
[0.389s] -- Up-to-date: /home/arpg/jackal_ws/install/micro_ros_msgs/local/lib/python3.10/dist-packages/micro_ros_msgs/micro_ros_msgs_s__rosidl_typesupport_introspection_c.cpython-310-x86_64-linux-gnu.so
[0.389s] -- Up-to-date: /home/arpg/jackal_ws/install/micro_ros_msgs/local/lib/python3.10/dist-packages/micro_ros_msgs/micro_ros_msgs_s__rosidl_typesupport_c.cpython-310-x86_64-linux-gnu.so
[0.389s] -- Up-to-date: /home/arpg/jackal_ws/install/micro_ros_msgs/lib/libmicro_ros_msgs__rosidl_generator_py.so
[0.389s] -- Up-to-date: /home/arpg/jackal_ws/install/micro_ros_msgs/share/micro_ros_msgs/msg/Graph.idl
[0.390s] -- Up-to-date: /home/arpg/jackal_ws/install/micro_ros_msgs/share/micro_ros_msgs/msg/Node.idl
[0.390s] -- Up-to-date: /home/arpg/jackal_ws/install/micro_ros_msgs/share/micro_ros_msgs/msg/Entity.idl
[0.390s] -- Up-to-date: /home/arpg/jackal_ws/install/micro_ros_msgs/share/micro_ros_msgs/msg/Graph.msg
[0.390s] -- Up-to-date: /home/arpg/jackal_ws/install/micro_ros_msgs/share/micro_ros_msgs/msg/Node.msg
[0.390s] -- Up-to-date: /home/arpg/jackal_ws/install/micro_ros_msgs/share/micro_ros_msgs/msg/Entity.msg
[0.390s] -- Up-to-date: /home/arpg/jackal_ws/install/micro_ros_msgs/share/ament_index/resource_index/package_run_dependencies/micro_ros_msgs
[0.391s] -- Up-to-date: /home/arpg/jackal_ws/install/micro_ros_msgs/share/ament_index/resource_index/parent_prefix_path/micro_ros_msgs
[0.391s] -- Up-to-date: /home/arpg/jackal_ws/install/micro_ros_msgs/share/micro_ros_msgs/environment/ament_prefix_path.sh
[0.391s] -- Up-to-date: /home/arpg/jackal_ws/install/micro_ros_msgs/share/micro_ros_msgs/environment/ament_prefix_path.dsv
[0.391s] -- Up-to-date: /home/arpg/jackal_ws/install/micro_ros_msgs/share/micro_ros_msgs/environment/path.sh
[0.392s] -- Up-to-date: /home/arpg/jackal_ws/install/micro_ros_msgs/share/micro_ros_msgs/environment/path.dsv
[0.392s] -- Up-to-date: /home/arpg/jackal_ws/install/micro_ros_msgs/share/micro_ros_msgs/local_setup.bash
[0.393s] -- Up-to-date: /home/arpg/jackal_ws/install/micro_ros_msgs/share/micro_ros_msgs/local_setup.sh
[0.393s] -- Up-to-date: /home/arpg/jackal_ws/install/micro_ros_msgs/share/micro_ros_msgs/local_setup.zsh
[0.393s] -- Up-to-date: /home/arpg/jackal_ws/install/micro_ros_msgs/share/micro_ros_msgs/local_setup.dsv
[0.393s] -- Installing: /home/arpg/jackal_ws/install/micro_ros_msgs/share/micro_ros_msgs/package.dsv
[0.393s] -- Up-to-date: /home/arpg/jackal_ws/install/micro_ros_msgs/share/ament_index/resource_index/packages/micro_ros_msgs
[0.393s] -- Up-to-date: /home/arpg/jackal_ws/install/micro_ros_msgs/share/micro_ros_msgs/cmake/export_micro_ros_msgs__rosidl_generator_cExport.cmake
[0.394s] -- Up-to-date: /home/arpg/jackal_ws/install/micro_ros_msgs/share/micro_ros_msgs/cmake/export_micro_ros_msgs__rosidl_generator_cExport-noconfig.cmake
[0.394s] -- Up-to-date: /home/arpg/jackal_ws/install/micro_ros_msgs/share/micro_ros_msgs/cmake/export_micro_ros_msgs__rosidl_typesupport_fastrtps_cExport.cmake
[0.394s] -- Up-to-date: /home/arpg/jackal_ws/install/micro_ros_msgs/share/micro_ros_msgs/cmake/export_micro_ros_msgs__rosidl_typesupport_fastrtps_cExport-noconfig.cmake
[0.395s] -- Up-to-date: /home/arpg/jackal_ws/install/micro_ros_msgs/share/micro_ros_msgs/cmake/micro_ros_msgs__rosidl_typesupport_introspection_cExport.cmake
[0.395s] -- Up-to-date: /home/arpg/jackal_ws/install/micro_ros_msgs/share/micro_ros_msgs/cmake/micro_ros_msgs__rosidl_typesupport_introspection_cExport-noconfig.cmake
[0.395s] -- Up-to-date: /home/arpg/jackal_ws/install/micro_ros_msgs/share/micro_ros_msgs/cmake/micro_ros_msgs__rosidl_typesupport_cExport.cmake
[0.395s] -- Up-to-date: /home/arpg/jackal_ws/install/micro_ros_msgs/share/micro_ros_msgs/cmake/micro_ros_msgs__rosidl_typesupport_cExport-noconfig.cmake
[0.396s] -- Up-to-date: /home/arpg/jackal_ws/install/micro_ros_msgs/share/micro_ros_msgs/cmake/export_micro_ros_msgs__rosidl_generator_cppExport.cmake
[0.396s] -- Up-to-date: /home/arpg/jackal_ws/install/micro_ros_msgs/share/micro_ros_msgs/cmake/export_micro_ros_msgs__rosidl_typesupport_fastrtps_cppExport.cmake
[0.396s] -- Up-to-date: /home/arpg/jackal_ws/install/micro_ros_msgs/share/micro_ros_msgs/cmake/export_micro_ros_msgs__rosidl_typesupport_fastrtps_cppExport-noconfig.cmake
[0.396s] -- Up-to-date: /home/arpg/jackal_ws/install/micro_ros_msgs/share/micro_ros_msgs/cmake/micro_ros_msgs__rosidl_typesupport_introspection_cppExport.cmake
[0.397s] -- Up-to-date: /home/arpg/jackal_ws/install/micro_ros_msgs/share/micro_ros_msgs/cmake/micro_ros_msgs__rosidl_typesupport_introspection_cppExport-noconfig.cmake
[0.397s] -- Up-to-date: /home/arpg/jackal_ws/install/micro_ros_msgs/share/micro_ros_msgs/cmake/micro_ros_msgs__rosidl_typesupport_cppExport.cmake
[0.397s] -- Up-to-date: /home/arpg/jackal_ws/install/micro_ros_msgs/share/micro_ros_msgs/cmake/micro_ros_msgs__rosidl_typesupport_cppExport-noconfig.cmake
[0.397s] -- Up-to-date: /home/arpg/jackal_ws/install/micro_ros_msgs/share/micro_ros_msgs/cmake/export_micro_ros_msgs__rosidl_generator_pyExport.cmake
[0.397s] -- Up-to-date: /home/arpg/jackal_ws/install/micro_ros_msgs/share/micro_ros_msgs/cmake/export_micro_ros_msgs__rosidl_generator_pyExport-noconfig.cmake
[0.397s] -- Up-to-date: /home/arpg/jackal_ws/install/micro_ros_msgs/share/micro_ros_msgs/cmake/rosidl_cmake-extras.cmake
[0.397s] -- Up-to-date: /home/arpg/jackal_ws/install/micro_ros_msgs/share/micro_ros_msgs/cmake/ament_cmake_export_include_directories-extras.cmake
[0.397s] -- Up-to-date: /home/arpg/jackal_ws/install/micro_ros_msgs/share/micro_ros_msgs/cmake/ament_cmake_export_libraries-extras.cmake
[0.398s] -- Up-to-date: /home/arpg/jackal_ws/install/micro_ros_msgs/share/micro_ros_msgs/cmake/ament_cmake_export_targets-extras.cmake
[0.398s] -- Up-to-date: /home/arpg/jackal_ws/install/micro_ros_msgs/share/micro_ros_msgs/cmake/rosidl_cmake_export_typesupport_targets-extras.cmake
[0.398s] -- Up-to-date: /home/arpg/jackal_ws/install/micro_ros_msgs/share/micro_ros_msgs/cmake/ament_cmake_export_dependencies-extras.cmake
[0.398s] -- Up-to-date: /home/arpg/jackal_ws/install/micro_ros_msgs/share/micro_ros_msgs/cmake/rosidl_cmake_export_typesupport_libraries-extras.cmake
[0.399s] -- Up-to-date: /home/arpg/jackal_ws/install/micro_ros_msgs/share/micro_ros_msgs/cmake/micro_ros_msgsConfig.cmake
[0.399s] -- Up-to-date: /home/arpg/jackal_ws/install/micro_ros_msgs/share/micro_ros_msgs/cmake/micro_ros_msgsConfig-version.cmake
[0.399s] -- Up-to-date: /home/arpg/jackal_ws/install/micro_ros_msgs/share/micro_ros_msgs/package.xml
[0.400s] Invoked command in '/home/arpg/jackal_ws/build/micro_ros_msgs' returned '0': CMAKE_PREFIX_PATH=${CMAKE_PREFIX_PATH}:/home/arpg/jackal_ws/install/wireless_watcher:/opt/ros/humble /usr/bin/cmake --install /home/arpg/jackal_ws/build/micro_ros_msgs
