running egg_info
creating ../../../build/wireless_watcher/wireless_watcher.egg-info
writing ../../../build/wireless_watcher/wireless_watcher.egg-info/PKG-INFO
writing dependency_links to ../../../build/wireless_watcher/wireless_watcher.egg-info/dependency_links.txt
writing entry points to ../../../build/wireless_watcher/wireless_watcher.egg-info/entry_points.txt
writing requirements to ../../../build/wireless_watcher/wireless_watcher.egg-info/requires.txt
writing top-level names to ../../../build/wireless_watcher/wireless_watcher.egg-info/top_level.txt
writing manifest file '../../../build/wireless_watcher/wireless_watcher.egg-info/SOURCES.txt'
reading manifest file '../../../build/wireless_watcher/wireless_watcher.egg-info/SOURCES.txt'
writing manifest file '../../../build/wireless_watcher/wireless_watcher.egg-info/SOURCES.txt'
running build
running build_py
creating /home/arpg/jackal_ws/build/wireless_watcher/build
creating /home/arpg/jackal_ws/build/wireless_watcher/build/lib
creating /home/arpg/jackal_ws/build/wireless_watcher/build/lib/wireless_watcher
copying wireless_watcher/wireless_watcher.py -> /home/arpg/jackal_ws/build/wireless_watcher/build/lib/wireless_watcher
copying wireless_watcher/__init__.py -> /home/arpg/jackal_ws/build/wireless_watcher/build/lib/wireless_watcher
running install
running install_lib
running install_data
running install_egg_info
removing '/home/arpg/jackal_ws/install/wireless_watcher/lib/python3.10/site-packages/wireless_watcher-1.0.1-py3.10.egg-info' (and everything under it)
Copying ../../../build/wireless_watcher/wireless_watcher.egg-info to /home/arpg/jackal_ws/install/wireless_watcher/lib/python3.10/site-packages/wireless_watcher-1.0.1-py3.10.egg-info
running install_scripts
Installing wireless_watcher script to /home/arpg/jackal_ws/install/wireless_watcher/lib/wireless_watcher
writing list of installed files to '/home/arpg/jackal_ws/build/wireless_watcher/install.log'
