-- Install configuration: ""
-- Up-to-date: /home/arpg/jackal_ws/install/jackal_navigation/share/jackal_navigation/config
-- Installing: /home/arpg/jackal_ws/install/jackal_navigation/share/jackal_navigation/config/slam.yaml
-- Installing: /home/arpg/jackal_ws/install/jackal_navigation/share/jackal_navigation/config/nav2.yaml
-- Up-to-date: /home/arpg/jackal_ws/install/jackal_navigation/share/jackal_navigation/launch
-- Installing: /home/arpg/jackal_ws/install/jackal_navigation/share/jackal_navigation/launch/localization.launch.py
-- Installing: /home/arpg/jackal_ws/install/jackal_navigation/share/jackal_navigation/launch/slam.launch.py
-- Installing: /home/arpg/jackal_ws/install/jackal_navigation/share/jackal_navigation/launch/nav2.launch.py
-- Up-to-date: /home/arpg/jackal_ws/install/jackal_navigation/share/jackal_navigation/maps
-- Installing: /home/arpg/jackal_ws/install/jackal_navigation/share/jackal_navigation/maps/office.yaml
-- Installing: /home/arpg/jackal_ws/install/jackal_navigation/share/jackal_navigation/maps/office.pgm
-- Installing: /home/arpg/jackal_ws/install/jackal_navigation/share/ament_index/resource_index/package_run_dependencies/jackal_navigation
-- Up-to-date: /home/arpg/jackal_ws/install/jackal_navigation/share/ament_index/resource_index/parent_prefix_path/jackal_navigation
-- Installing: /home/arpg/jackal_ws/install/jackal_navigation/share/jackal_navigation/environment/ament_prefix_path.sh
-- Up-to-date: /home/arpg/jackal_ws/install/jackal_navigation/share/jackal_navigation/environment/ament_prefix_path.dsv
-- Installing: /home/arpg/jackal_ws/install/jackal_navigation/share/jackal_navigation/environment/path.sh
-- Up-to-date: /home/arpg/jackal_ws/install/jackal_navigation/share/jackal_navigation/environment/path.dsv
-- Up-to-date: /home/arpg/jackal_ws/install/jackal_navigation/share/jackal_navigation/local_setup.bash
-- Up-to-date: /home/arpg/jackal_ws/install/jackal_navigation/share/jackal_navigation/local_setup.sh
-- Up-to-date: /home/arpg/jackal_ws/install/jackal_navigation/share/jackal_navigation/local_setup.zsh
-- Up-to-date: /home/arpg/jackal_ws/install/jackal_navigation/share/jackal_navigation/local_setup.dsv
-- Up-to-date: /home/arpg/jackal_ws/install/jackal_navigation/share/jackal_navigation/package.dsv
-- Installing: /home/arpg/jackal_ws/install/jackal_navigation/share/ament_index/resource_index/packages/jackal_navigation
-- Up-to-date: /home/arpg/jackal_ws/install/jackal_navigation/share/jackal_navigation/cmake/jackal_navigationConfig.cmake
-- Up-to-date: /home/arpg/jackal_ws/install/jackal_navigation/share/jackal_navigation/cmake/jackal_navigationConfig-version.cmake
-- Installing: /home/arpg/jackal_ws/install/jackal_navigation/share/jackal_navigation/package.xml
