[0.069s] Invoking command in '/home/arpg/jackal_ws/build/jackal_msgs': CMAKE_PREFIX_PATH=${CMAKE_PREFIX_PATH}:/home/arpg/jackal_ws/install/wireless_watcher:/opt/ros/humble /usr/bin/cmake /home/arpg/jackal_ws/src/jackal/jackal_msgs -DCMAKE_INSTALL_PREFIX=/home/arpg/jackal_ws/install/jackal_msgs
[0.089s] -- The C compiler identification is GNU 11.4.0
[0.113s] -- The CXX compiler identification is GNU 11.4.0
[0.116s] -- Detecting C compiler ABI info
[0.145s] -- Detecting C compiler ABI info - done
[0.148s] -- Check for working C compiler: /usr/bin/cc - skipped
[0.148s] -- Detecting C compile features
[0.149s] -- Detecting C compile features - done
[0.150s] -- Detecting CXX compiler ABI info
[0.185s] -- Detecting CXX compiler ABI info - done
[0.188s] -- Check for working CXX compiler: /usr/bin/c++ - skipped
[0.189s] -- Detecting CXX compile features
[0.189s] -- Detecting CXX compile features - done
[0.190s] -- Found ament_cmake: 1.3.5 (/opt/ros/humble/share/ament_cmake/cmake)
[0.271s] -- Found Python3: /usr/bin/python3.10 (found version "3.10.12") found components: Interpreter 
[0.316s] -- Found std_msgs: 4.2.3 (/opt/ros/humble/share/std_msgs/cmake)
[0.335s] -- Found rosidl_generator_c: 3.1.5 (/opt/ros/humble/share/rosidl_generator_c/cmake)
[0.338s] -- Found rosidl_adapter: 3.1.5 (/opt/ros/humble/share/rosidl_adapter/cmake)
[0.342s] -- Found rosidl_generator_cpp: 3.1.5 (/opt/ros/humble/share/rosidl_generator_cpp/cmake)
[0.349s] -- Using all available rosidl_typesupport_c: rosidl_typesupport_fastrtps_c;rosidl_typesupport_introspection_c
[0.358s] -- Using all available rosidl_typesupport_cpp: rosidl_typesupport_fastrtps_cpp;rosidl_typesupport_introspection_cpp
[0.385s] -- Found rosidl_default_generators: 1.2.0 (/opt/ros/humble/share/rosidl_default_generators/cmake)
[0.525s] -- Found ament_cmake_ros: 0.10.0 (/opt/ros/humble/share/ament_cmake_ros/cmake)
[0.687s] -- Using all available rosidl_typesupport_c: rosidl_typesupport_fastrtps_c;rosidl_typesupport_introspection_c
[0.751s] -- Using all available rosidl_typesupport_cpp: rosidl_typesupport_fastrtps_cpp;rosidl_typesupport_introspection_cpp
[0.762s] -- Found PythonInterp: /usr/bin/python3 (found suitable version "3.10.12", minimum required is "3.6") 
[0.763s] -- Found python_cmake_module: 0.10.0 (/opt/ros/humble/share/python_cmake_module/cmake)
[0.777s] -- Found PythonLibs: /usr/lib/x86_64-linux-gnu/libpython3.10.so (found suitable version "3.10.12", minimum required is "3.5") 
[0.777s] -- Using PYTHON_EXECUTABLE: /usr/bin/python3
[0.777s] -- Using PYTHON_INCLUDE_DIRS: /usr/include/python3.10
[0.778s] -- Using PYTHON_LIBRARIES: /usr/lib/x86_64-linux-gnu/libpython3.10.so
[0.788s] -- Found PythonExtra: .so  
[0.816s] -- Configuring done
[0.833s] -- Generating done
[0.834s] -- Build files have been written to: /home/arpg/jackal_ws/build/jackal_msgs
[0.849s] Invoked command in '/home/arpg/jackal_ws/build/jackal_msgs' returned '0': CMAKE_PREFIX_PATH=${CMAKE_PREFIX_PATH}:/home/arpg/jackal_ws/install/wireless_watcher:/opt/ros/humble /usr/bin/cmake /home/arpg/jackal_ws/src/jackal/jackal_msgs -DCMAKE_INSTALL_PREFIX=/home/arpg/jackal_ws/install/jackal_msgs
[0.850s] Invoking command in '/home/arpg/jackal_ws/build/jackal_msgs': CMAKE_PREFIX_PATH=${CMAKE_PREFIX_PATH}:/home/arpg/jackal_ws/install/wireless_watcher:/opt/ros/humble /usr/bin/cmake --build /home/arpg/jackal_ws/build/jackal_msgs -- -j32 -l32
[0.867s] [  1%] [34m[1mGenerating C code for ROS interfaces[0m
[0.871s] [  2%] [34m[1mGenerating C++ code for ROS interfaces[0m
[0.877s] [  2%] Built target ament_cmake_python_copy_jackal_msgs
[0.982s] running egg_info
[0.982s] creating jackal_msgs.egg-info
[0.982s] writing jackal_msgs.egg-info/PKG-INFO
[0.982s] writing dependency_links to jackal_msgs.egg-info/dependency_links.txt
[0.982s] writing top-level names to jackal_msgs.egg-info/top_level.txt
[0.983s] writing manifest file 'jackal_msgs.egg-info/SOURCES.txt'
[0.983s] reading manifest file 'jackal_msgs.egg-info/SOURCES.txt'
[0.983s] writing manifest file 'jackal_msgs.egg-info/SOURCES.txt'
[0.996s] [  2%] Built target ament_cmake_python_build_jackal_msgs_egg
[1.297s] [  3%] [32mBuilding C object CMakeFiles/jackal_msgs__rosidl_generator_c.dir/rosidl_generator_c/jackal_msgs/msg/detail/drive__functions.c.o[0m
[1.297s] [  5%] [32mBuilding C object CMakeFiles/jackal_msgs__rosidl_generator_c.dir/rosidl_generator_c/jackal_msgs/msg/detail/drive_feedback__functions.c.o[0m
[1.298s] [  6%] [32mBuilding C object CMakeFiles/jackal_msgs__rosidl_generator_c.dir/rosidl_generator_c/jackal_msgs/msg/detail/status__functions.c.o[0m
[1.298s] [  7%] [32mBuilding C object CMakeFiles/jackal_msgs__rosidl_generator_c.dir/rosidl_generator_c/jackal_msgs/msg/detail/feedback__functions.c.o[0m
[1.298s] [  8%] [32mBuilding C object CMakeFiles/jackal_msgs__rosidl_generator_c.dir/rosidl_generator_c/jackal_msgs/msg/detail/power__functions.c.o[0m
[1.298s] [ 10%] [32mBuilding C object CMakeFiles/jackal_msgs__rosidl_generator_c.dir/rosidl_generator_c/jackal_msgs/msg/detail/stop_status__functions.c.o[0m
[1.299s] [ 11%] [32mBuilding C object CMakeFiles/jackal_msgs__rosidl_generator_c.dir/rosidl_generator_c/jackal_msgs/srv/detail/set_domain_id__functions.c.o[0m
[1.344s] [ 12%] [32m[1mLinking C shared library libjackal_msgs__rosidl_generator_c.so[0m
[1.368s] [ 12%] Built target jackal_msgs__rosidl_generator_c
[1.376s] [ 16%] [34m[1mGenerating C type support dispatch for ROS interfaces[0m
[1.376s] [ 16%] [34m[1mGenerating C type support for eProsima Fast-RTPS[0m
[1.376s] [ 16%] [34m[1mGenerating C introspection for ROS interfaces[0m
[1.603s] [ 16%] Built target jackal_msgs__cpp
[1.611s] [ 20%] [34m[1mGenerating C++ type support dispatch for ROS interfaces[0m
[1.611s] [ 20%] [34m[1mGenerating C++ introspection for ROS interfaces[0m
[1.611s] [ 20%] [34m[1mGenerating C++ type support for eProsima Fast-RTPS[0m
[1.727s] [ 21%] [32mBuilding CXX object CMakeFiles/jackal_msgs__rosidl_typesupport_c.dir/rosidl_typesupport_c/jackal_msgs/msg/drive__type_support.cpp.o[0m
[1.729s] [ 24%] [32mBuilding CXX object CMakeFiles/jackal_msgs__rosidl_typesupport_c.dir/rosidl_typesupport_c/jackal_msgs/msg/drive_feedback__type_support.cpp.o[0m
[1.729s] [ 24%] [32mBuilding CXX object CMakeFiles/jackal_msgs__rosidl_typesupport_c.dir/rosidl_typesupport_c/jackal_msgs/msg/feedback__type_support.cpp.o[0m
[1.729s] [ 26%] [32mBuilding CXX object CMakeFiles/jackal_msgs__rosidl_typesupport_c.dir/rosidl_typesupport_c/jackal_msgs/msg/status__type_support.cpp.o[0m
[1.729s] [ 26%] [32mBuilding CXX object CMakeFiles/jackal_msgs__rosidl_typesupport_c.dir/rosidl_typesupport_c/jackal_msgs/msg/power__type_support.cpp.o[0m
[1.729s] [ 27%] [32mBuilding CXX object CMakeFiles/jackal_msgs__rosidl_typesupport_c.dir/rosidl_typesupport_c/jackal_msgs/msg/stop_status__type_support.cpp.o[0m
[1.729s] [ 29%] [32mBuilding CXX object CMakeFiles/jackal_msgs__rosidl_typesupport_c.dir/rosidl_typesupport_c/jackal_msgs/srv/set_domain_id__type_support.cpp.o[0m
[1.749s] [ 30%] [32m[1mLinking CXX shared library libjackal_msgs__rosidl_typesupport_c.so[0m
[1.770s] [ 30%] Built target jackal_msgs__rosidl_typesupport_c
[1.779s] [ 31%] [32mBuilding C object CMakeFiles/jackal_msgs__rosidl_typesupport_introspection_c.dir/rosidl_typesupport_introspection_c/jackal_msgs/msg/detail/drive__type_support.c.o[0m
[1.781s] [ 32%] [32mBuilding C object CMakeFiles/jackal_msgs__rosidl_typesupport_introspection_c.dir/rosidl_typesupport_introspection_c/jackal_msgs/msg/detail/drive_feedback__type_support.c.o[0m
[1.781s] [ 34%] [32mBuilding C object CMakeFiles/jackal_msgs__rosidl_typesupport_introspection_c.dir/rosidl_typesupport_introspection_c/jackal_msgs/msg/detail/feedback__type_support.c.o[0m
[1.781s] [ 35%] [32mBuilding C object CMakeFiles/jackal_msgs__rosidl_typesupport_introspection_c.dir/rosidl_typesupport_introspection_c/jackal_msgs/msg/detail/power__type_support.c.o[0m
[1.781s] [ 37%] [32mBuilding C object CMakeFiles/jackal_msgs__rosidl_typesupport_introspection_c.dir/rosidl_typesupport_introspection_c/jackal_msgs/msg/detail/stop_status__type_support.c.o[0m
[1.781s] [ 37%] [32mBuilding C object CMakeFiles/jackal_msgs__rosidl_typesupport_introspection_c.dir/rosidl_typesupport_introspection_c/jackal_msgs/msg/detail/status__type_support.c.o[0m
[1.782s] [ 39%] [32mBuilding C object CMakeFiles/jackal_msgs__rosidl_typesupport_introspection_c.dir/rosidl_typesupport_introspection_c/jackal_msgs/srv/detail/set_domain_id__type_support.c.o[0m
[1.806s] [ 40%] [32m[1mLinking C shared library libjackal_msgs__rosidl_typesupport_introspection_c.so[0m
[1.821s] [ 40%] Built target jackal_msgs__rosidl_typesupport_introspection_c
[1.823s] [ 41%] [32mBuilding CXX object CMakeFiles/jackal_msgs__rosidl_typesupport_fastrtps_c.dir/rosidl_typesupport_fastrtps_c/jackal_msgs/msg/detail/drive__type_support_c.cpp.o[0m
[1.825s] [ 43%] [32mBuilding CXX object CMakeFiles/jackal_msgs__rosidl_typesupport_fastrtps_c.dir/rosidl_typesupport_fastrtps_c/jackal_msgs/msg/detail/drive_feedback__type_support_c.cpp.o[0m
[1.825s] [ 44%] [32mBuilding CXX object CMakeFiles/jackal_msgs__rosidl_typesupport_fastrtps_c.dir/rosidl_typesupport_fastrtps_c/jackal_msgs/msg/detail/feedback__type_support_c.cpp.o[0m
[1.826s] [ 48%] [32mBuilding CXX object CMakeFiles/jackal_msgs__rosidl_typesupport_fastrtps_c.dir/rosidl_typesupport_fastrtps_c/jackal_msgs/msg/detail/stop_status__type_support_c.cpp.o[0m
[1.826s] [ 48%] [32mBuilding CXX object CMakeFiles/jackal_msgs__rosidl_typesupport_fastrtps_c.dir/rosidl_typesupport_fastrtps_c/jackal_msgs/msg/detail/status__type_support_c.cpp.o[0m
[1.826s] [ 48%] [32mBuilding CXX object CMakeFiles/jackal_msgs__rosidl_typesupport_fastrtps_c.dir/rosidl_typesupport_fastrtps_c/jackal_msgs/msg/detail/power__type_support_c.cpp.o[0m
[1.826s] [ 49%] [32mBuilding CXX object CMakeFiles/jackal_msgs__rosidl_typesupport_fastrtps_c.dir/rosidl_typesupport_fastrtps_c/jackal_msgs/srv/detail/set_domain_id__type_support_c.cpp.o[0m
[1.979s] [ 50%] [32mBuilding CXX object CMakeFiles/jackal_msgs__rosidl_typesupport_cpp.dir/rosidl_typesupport_cpp/jackal_msgs/msg/power__type_support.cpp.o[0m
[1.979s] [ 51%] [32mBuilding CXX object CMakeFiles/jackal_msgs__rosidl_typesupport_cpp.dir/rosidl_typesupport_cpp/jackal_msgs/srv/set_domain_id__type_support.cpp.o[0m
[1.980s] [ 53%] [32mBuilding CXX object CMakeFiles/jackal_msgs__rosidl_typesupport_cpp.dir/rosidl_typesupport_cpp/jackal_msgs/msg/drive_feedback__type_support.cpp.o[0m
[1.981s] [ 54%] [32mBuilding CXX object CMakeFiles/jackal_msgs__rosidl_typesupport_cpp.dir/rosidl_typesupport_cpp/jackal_msgs/msg/drive__type_support.cpp.o[0m
[1.981s] [ 55%] [32mBuilding CXX object CMakeFiles/jackal_msgs__rosidl_typesupport_cpp.dir/rosidl_typesupport_cpp/jackal_msgs/msg/feedback__type_support.cpp.o[0m
[1.981s] [ 58%] [32mBuilding CXX object CMakeFiles/jackal_msgs__rosidl_typesupport_cpp.dir/rosidl_typesupport_cpp/jackal_msgs/msg/stop_status__type_support.cpp.o[0m
[1.981s] [ 58%] [32mBuilding CXX object CMakeFiles/jackal_msgs__rosidl_typesupport_cpp.dir/rosidl_typesupport_cpp/jackal_msgs/msg/status__type_support.cpp.o[0m
[2.014s] [ 59%] [32mBuilding CXX object CMakeFiles/jackal_msgs__rosidl_typesupport_introspection_cpp.dir/rosidl_typesupport_introspection_cpp/jackal_msgs/msg/detail/feedback__type_support.cpp.o[0m
[2.016s] [ 60%] [32mBuilding CXX object CMakeFiles/jackal_msgs__rosidl_typesupport_introspection_cpp.dir/rosidl_typesupport_introspection_cpp/jackal_msgs/msg/detail/drive__type_support.cpp.o[0m
[2.016s] [ 62%] [32mBuilding CXX object CMakeFiles/jackal_msgs__rosidl_typesupport_introspection_cpp.dir/rosidl_typesupport_introspection_cpp/jackal_msgs/msg/detail/status__type_support.cpp.o[0m
[2.016s] [ 64%] [32mBuilding CXX object CMakeFiles/jackal_msgs__rosidl_typesupport_introspection_cpp.dir/rosidl_typesupport_introspection_cpp/jackal_msgs/srv/detail/set_domain_id__type_support.cpp.o[0m
[2.016s] [ 64%] [32mBuilding CXX object CMakeFiles/jackal_msgs__rosidl_typesupport_introspection_cpp.dir/rosidl_typesupport_introspection_cpp/jackal_msgs/msg/detail/power__type_support.cpp.o[0m
[2.016s] [ 65%] [32mBuilding CXX object CMakeFiles/jackal_msgs__rosidl_typesupport_introspection_cpp.dir/rosidl_typesupport_introspection_cpp/jackal_msgs/msg/detail/drive_feedback__type_support.cpp.o[0m
[2.016s] [ 67%] [32mBuilding CXX object CMakeFiles/jackal_msgs__rosidl_typesupport_introspection_cpp.dir/rosidl_typesupport_introspection_cpp/jackal_msgs/msg/detail/stop_status__type_support.cpp.o[0m
[2.021s] [ 68%] [32mBuilding CXX object CMakeFiles/jackal_msgs__rosidl_typesupport_fastrtps_cpp.dir/rosidl_typesupport_fastrtps_cpp/jackal_msgs/msg/detail/dds_fastrtps/drive_feedback__type_support.cpp.o[0m
[2.022s] [ 69%] [32mBuilding CXX object CMakeFiles/jackal_msgs__rosidl_typesupport_fastrtps_cpp.dir/rosidl_typesupport_fastrtps_cpp/jackal_msgs/msg/detail/dds_fastrtps/drive__type_support.cpp.o[0m
[2.022s] [ 70%] [32mBuilding CXX object CMakeFiles/jackal_msgs__rosidl_typesupport_fastrtps_cpp.dir/rosidl_typesupport_fastrtps_cpp/jackal_msgs/msg/detail/dds_fastrtps/status__type_support.cpp.o[0m
[2.023s] [ 72%] [32mBuilding CXX object CMakeFiles/jackal_msgs__rosidl_typesupport_fastrtps_cpp.dir/rosidl_typesupport_fastrtps_cpp/jackal_msgs/msg/detail/dds_fastrtps/feedback__type_support.cpp.o[0m
[2.023s] [ 73%] [32mBuilding CXX object CMakeFiles/jackal_msgs__rosidl_typesupport_fastrtps_cpp.dir/rosidl_typesupport_fastrtps_cpp/jackal_msgs/msg/detail/dds_fastrtps/power__type_support.cpp.o[0m
[2.023s] [ 75%] [32mBuilding CXX object CMakeFiles/jackal_msgs__rosidl_typesupport_fastrtps_cpp.dir/rosidl_typesupport_fastrtps_cpp/jackal_msgs/srv/detail/dds_fastrtps/set_domain_id__type_support.cpp.o[0m
[2.023s] [ 75%] [32mBuilding CXX object CMakeFiles/jackal_msgs__rosidl_typesupport_fastrtps_cpp.dir/rosidl_typesupport_fastrtps_cpp/jackal_msgs/msg/detail/dds_fastrtps/stop_status__type_support.cpp.o[0m
[2.099s] [ 77%] [32m[1mLinking CXX shared library libjackal_msgs__rosidl_typesupport_fastrtps_c.so[0m
[2.175s] [ 77%] Built target jackal_msgs__rosidl_typesupport_fastrtps_c
[2.203s] [ 78%] [32m[1mLinking CXX shared library libjackal_msgs__rosidl_typesupport_cpp.so[0m
[2.228s] [ 78%] Built target jackal_msgs__rosidl_typesupport_cpp
[2.333s] [ 79%] [32m[1mLinking CXX shared library libjackal_msgs__rosidl_typesupport_introspection_cpp.so[0m
[2.348s] [ 81%] [32m[1mLinking CXX shared library libjackal_msgs__rosidl_typesupport_fastrtps_cpp.so[0m
[2.371s] [ 81%] Built target jackal_msgs__rosidl_typesupport_introspection_cpp
[2.384s] [ 81%] Built target jackal_msgs__rosidl_typesupport_fastrtps_cpp
[2.392s] [ 81%] Built target jackal_msgs
[2.401s] [ 82%] [34m[1mGenerating Python code for ROS interfaces[0m
[3.085s] [ 82%] Built target jackal_msgs__py
[3.094s] [ 83%] [32mBuilding C object CMakeFiles/jackal_msgs__rosidl_generator_py.dir/rosidl_generator_py/jackal_msgs/msg/_drive_s.c.o[0m
[3.094s] [ 84%] [32mBuilding C object CMakeFiles/jackal_msgs__rosidl_generator_py.dir/rosidl_generator_py/jackal_msgs/msg/_drive_feedback_s.c.o[0m
[3.094s] [ 87%] [32mBuilding C object CMakeFiles/jackal_msgs__rosidl_generator_py.dir/rosidl_generator_py/jackal_msgs/msg/_power_s.c.o[0m
[3.094s] [ 87%] [32mBuilding C object CMakeFiles/jackal_msgs__rosidl_generator_py.dir/rosidl_generator_py/jackal_msgs/msg/_feedback_s.c.o[0m
[3.094s] [ 88%] [32mBuilding C object CMakeFiles/jackal_msgs__rosidl_generator_py.dir/rosidl_generator_py/jackal_msgs/msg/_status_s.c.o[0m
[3.094s] [ 89%] [32mBuilding C object CMakeFiles/jackal_msgs__rosidl_generator_py.dir/rosidl_generator_py/jackal_msgs/srv/_set_domain_id_s.c.o[0m
[3.095s] [ 91%] [32mBuilding C object CMakeFiles/jackal_msgs__rosidl_generator_py.dir/rosidl_generator_py/jackal_msgs/msg/_stop_status_s.c.o[0m
[3.141s] [ 92%] [32m[1mLinking C shared library rosidl_generator_py/jackal_msgs/libjackal_msgs__rosidl_generator_py.so[0m
[3.161s] [ 92%] Built target jackal_msgs__rosidl_generator_py
[3.169s] [ 93%] [32mBuilding C object CMakeFiles/jackal_msgs__rosidl_typesupport_fastrtps_c__pyext.dir/rosidl_generator_py/jackal_msgs/_jackal_msgs_s.ep.rosidl_typesupport_fastrtps_c.c.o[0m
[3.169s] [ 94%] [32mBuilding C object CMakeFiles/jackal_msgs__rosidl_typesupport_c__pyext.dir/rosidl_generator_py/jackal_msgs/_jackal_msgs_s.ep.rosidl_typesupport_c.c.o[0m
[3.169s] [ 96%] [32mBuilding C object CMakeFiles/jackal_msgs__rosidl_typesupport_introspection_c__pyext.dir/rosidl_generator_py/jackal_msgs/_jackal_msgs_s.ep.rosidl_typesupport_introspection_c.c.o[0m
[3.219s] [100%] [32m[1mLinking C shared library rosidl_generator_py/jackal_msgs/jackal_msgs_s__rosidl_typesupport_introspection_c.cpython-310-x86_64-linux-gnu.so[0m
[3.219s] [100%] [32m[1mLinking C shared library rosidl_generator_py/jackal_msgs/jackal_msgs_s__rosidl_typesupport_fastrtps_c.cpython-310-x86_64-linux-gnu.so[0m
[3.219s] [100%] [32m[1mLinking C shared library rosidl_generator_py/jackal_msgs/jackal_msgs_s__rosidl_typesupport_c.cpython-310-x86_64-linux-gnu.so[0m
[3.235s] [100%] Built target jackal_msgs__rosidl_typesupport_c__pyext
[3.235s] [100%] Built target jackal_msgs__rosidl_typesupport_fastrtps_c__pyext
[3.235s] [100%] Built target jackal_msgs__rosidl_typesupport_introspection_c__pyext
[3.241s] Invoked command in '/home/arpg/jackal_ws/build/jackal_msgs' returned '0': CMAKE_PREFIX_PATH=${CMAKE_PREFIX_PATH}:/home/arpg/jackal_ws/install/wireless_watcher:/opt/ros/humble /usr/bin/cmake --build /home/arpg/jackal_ws/build/jackal_msgs -- -j32 -l32
[3.312s] Invoking command in '/home/arpg/jackal_ws/build/jackal_msgs': CMAKE_PREFIX_PATH=${CMAKE_PREFIX_PATH}:/home/arpg/jackal_ws/install/wireless_watcher:/opt/ros/humble /usr/bin/cmake --install /home/arpg/jackal_ws/build/jackal_msgs
[3.315s] -- Install configuration: ""
[3.315s] -- Installing: /home/arpg/jackal_ws/install/jackal_msgs/share/ament_index/resource_index/rosidl_interfaces/jackal_msgs
[3.315s] -- Up-to-date: /home/arpg/jackal_ws/install/jackal_msgs/include/jackal_msgs/jackal_msgs
[3.316s] -- Up-to-date: /home/arpg/jackal_ws/install/jackal_msgs/include/jackal_msgs/jackal_msgs/srv
[3.316s] -- Up-to-date: /home/arpg/jackal_ws/install/jackal_msgs/include/jackal_msgs/jackal_msgs/srv/detail
[3.316s] -- Installing: /home/arpg/jackal_ws/install/jackal_msgs/include/jackal_msgs/jackal_msgs/srv/detail/set_domain_id__functions.c
[3.316s] -- Installing: /home/arpg/jackal_ws/install/jackal_msgs/include/jackal_msgs/jackal_msgs/srv/detail/set_domain_id__functions.h
[3.316s] -- Installing: /home/arpg/jackal_ws/install/jackal_msgs/include/jackal_msgs/jackal_msgs/srv/detail/set_domain_id__struct.h
[3.316s] -- Installing: /home/arpg/jackal_ws/install/jackal_msgs/include/jackal_msgs/jackal_msgs/srv/detail/set_domain_id__type_support.h
[3.316s] -- Installing: /home/arpg/jackal_ws/install/jackal_msgs/include/jackal_msgs/jackal_msgs/srv/set_domain_id.h
[3.316s] -- Up-to-date: /home/arpg/jackal_ws/install/jackal_msgs/include/jackal_msgs/jackal_msgs/msg
[3.316s] -- Installing: /home/arpg/jackal_ws/install/jackal_msgs/include/jackal_msgs/jackal_msgs/msg/drive.h
[3.316s] -- Installing: /home/arpg/jackal_ws/install/jackal_msgs/include/jackal_msgs/jackal_msgs/msg/status.h
[3.316s] -- Installing: /home/arpg/jackal_ws/install/jackal_msgs/include/jackal_msgs/jackal_msgs/msg/stop_status.h
[3.316s] -- Up-to-date: /home/arpg/jackal_ws/install/jackal_msgs/include/jackal_msgs/jackal_msgs/msg/detail
[3.316s] -- Installing: /home/arpg/jackal_ws/install/jackal_msgs/include/jackal_msgs/jackal_msgs/msg/detail/status__functions.c
[3.316s] -- Installing: /home/arpg/jackal_ws/install/jackal_msgs/include/jackal_msgs/jackal_msgs/msg/detail/drive_feedback__type_support.h
[3.316s] -- Installing: /home/arpg/jackal_ws/install/jackal_msgs/include/jackal_msgs/jackal_msgs/msg/detail/stop_status__functions.h
[3.316s] -- Installing: /home/arpg/jackal_ws/install/jackal_msgs/include/jackal_msgs/jackal_msgs/msg/detail/drive_feedback__struct.h
[3.317s] -- Installing: /home/arpg/jackal_ws/install/jackal_msgs/include/jackal_msgs/jackal_msgs/msg/detail/power__functions.h
[3.317s] -- Installing: /home/arpg/jackal_ws/install/jackal_msgs/include/jackal_msgs/jackal_msgs/msg/detail/stop_status__struct.h
[3.317s] -- Installing: /home/arpg/jackal_ws/install/jackal_msgs/include/jackal_msgs/jackal_msgs/msg/detail/drive__functions.h
[3.317s] -- Installing: /home/arpg/jackal_ws/install/jackal_msgs/include/jackal_msgs/jackal_msgs/msg/detail/stop_status__functions.c
[3.317s] -- Installing: /home/arpg/jackal_ws/install/jackal_msgs/include/jackal_msgs/jackal_msgs/msg/detail/power__type_support.h
[3.317s] -- Installing: /home/arpg/jackal_ws/install/jackal_msgs/include/jackal_msgs/jackal_msgs/msg/detail/status__struct.h
[3.317s] -- Installing: /home/arpg/jackal_ws/install/jackal_msgs/include/jackal_msgs/jackal_msgs/msg/detail/feedback__functions.h
[3.317s] -- Installing: /home/arpg/jackal_ws/install/jackal_msgs/include/jackal_msgs/jackal_msgs/msg/detail/drive__struct.h
[3.317s] -- Installing: /home/arpg/jackal_ws/install/jackal_msgs/include/jackal_msgs/jackal_msgs/msg/detail/drive_feedback__functions.h
[3.317s] -- Installing: /home/arpg/jackal_ws/install/jackal_msgs/include/jackal_msgs/jackal_msgs/msg/detail/drive__functions.c
[3.317s] -- Installing: /home/arpg/jackal_ws/install/jackal_msgs/include/jackal_msgs/jackal_msgs/msg/detail/drive_feedback__functions.c
[3.317s] -- Installing: /home/arpg/jackal_ws/install/jackal_msgs/include/jackal_msgs/jackal_msgs/msg/detail/status__type_support.h
[3.317s] -- Installing: /home/arpg/jackal_ws/install/jackal_msgs/include/jackal_msgs/jackal_msgs/msg/detail/power__struct.h
[3.317s] -- Installing: /home/arpg/jackal_ws/install/jackal_msgs/include/jackal_msgs/jackal_msgs/msg/detail/feedback__functions.c
[3.317s] -- Installing: /home/arpg/jackal_ws/install/jackal_msgs/include/jackal_msgs/jackal_msgs/msg/detail/drive__type_support.h
[3.318s] -- Installing: /home/arpg/jackal_ws/install/jackal_msgs/include/jackal_msgs/jackal_msgs/msg/detail/feedback__struct.h
[3.318s] -- Installing: /home/arpg/jackal_ws/install/jackal_msgs/include/jackal_msgs/jackal_msgs/msg/detail/status__functions.h
[3.318s] -- Installing: /home/arpg/jackal_ws/install/jackal_msgs/include/jackal_msgs/jackal_msgs/msg/detail/power__functions.c
[3.318s] -- Installing: /home/arpg/jackal_ws/install/jackal_msgs/include/jackal_msgs/jackal_msgs/msg/detail/feedback__type_support.h
[3.318s] -- Installing: /home/arpg/jackal_ws/install/jackal_msgs/include/jackal_msgs/jackal_msgs/msg/detail/stop_status__type_support.h
[3.318s] -- Installing: /home/arpg/jackal_ws/install/jackal_msgs/include/jackal_msgs/jackal_msgs/msg/power.h
[3.318s] -- Installing: /home/arpg/jackal_ws/install/jackal_msgs/include/jackal_msgs/jackal_msgs/msg/feedback.h
[3.318s] -- Installing: /home/arpg/jackal_ws/install/jackal_msgs/include/jackal_msgs/jackal_msgs/msg/drive_feedback.h
[3.318s] -- Installing: /home/arpg/jackal_ws/install/jackal_msgs/include/jackal_msgs/jackal_msgs/msg/rosidl_generator_c__visibility_control.h
[3.320s] -- Up-to-date: /home/arpg/jackal_ws/install/jackal_msgs/share/jackal_msgs/environment/library_path.sh
[3.320s] -- Installing: /home/arpg/jackal_ws/install/jackal_msgs/share/jackal_msgs/environment/library_path.dsv
[3.320s] -- Installing: /home/arpg/jackal_ws/install/jackal_msgs/lib/libjackal_msgs__rosidl_generator_c.so
[3.322s] -- Set runtime path of "/home/arpg/jackal_ws/install/jackal_msgs/lib/libjackal_msgs__rosidl_generator_c.so" to ""
[3.322s] -- Up-to-date: /home/arpg/jackal_ws/install/jackal_msgs/include/jackal_msgs/jackal_msgs
[3.322s] -- Up-to-date: /home/arpg/jackal_ws/install/jackal_msgs/include/jackal_msgs/jackal_msgs/srv
[3.322s] -- Up-to-date: /home/arpg/jackal_ws/install/jackal_msgs/include/jackal_msgs/jackal_msgs/srv/detail
[3.322s] -- Installing: /home/arpg/jackal_ws/install/jackal_msgs/include/jackal_msgs/jackal_msgs/srv/detail/set_domain_id__rosidl_typesupport_fastrtps_c.h
[3.322s] -- Up-to-date: /home/arpg/jackal_ws/install/jackal_msgs/include/jackal_msgs/jackal_msgs/msg
[3.322s] -- Up-to-date: /home/arpg/jackal_ws/install/jackal_msgs/include/jackal_msgs/jackal_msgs/msg/detail
[3.322s] -- Installing: /home/arpg/jackal_ws/install/jackal_msgs/include/jackal_msgs/jackal_msgs/msg/detail/drive__rosidl_typesupport_fastrtps_c.h
[3.322s] -- Installing: /home/arpg/jackal_ws/install/jackal_msgs/include/jackal_msgs/jackal_msgs/msg/detail/feedback__rosidl_typesupport_fastrtps_c.h
[3.322s] -- Installing: /home/arpg/jackal_ws/install/jackal_msgs/include/jackal_msgs/jackal_msgs/msg/detail/power__rosidl_typesupport_fastrtps_c.h
[3.322s] -- Installing: /home/arpg/jackal_ws/install/jackal_msgs/include/jackal_msgs/jackal_msgs/msg/detail/drive_feedback__rosidl_typesupport_fastrtps_c.h
[3.322s] -- Installing: /home/arpg/jackal_ws/install/jackal_msgs/include/jackal_msgs/jackal_msgs/msg/detail/stop_status__rosidl_typesupport_fastrtps_c.h
[3.322s] -- Installing: /home/arpg/jackal_ws/install/jackal_msgs/include/jackal_msgs/jackal_msgs/msg/detail/status__rosidl_typesupport_fastrtps_c.h
[3.322s] -- Installing: /home/arpg/jackal_ws/install/jackal_msgs/include/jackal_msgs/jackal_msgs/msg/rosidl_typesupport_fastrtps_c__visibility_control.h
[3.322s] -- Installing: /home/arpg/jackal_ws/install/jackal_msgs/lib/libjackal_msgs__rosidl_typesupport_fastrtps_c.so
[3.322s] -- Set runtime path of "/home/arpg/jackal_ws/install/jackal_msgs/lib/libjackal_msgs__rosidl_typesupport_fastrtps_c.so" to ""
[3.322s] -- Up-to-date: /home/arpg/jackal_ws/install/jackal_msgs/include/jackal_msgs/jackal_msgs
[3.322s] -- Up-to-date: /home/arpg/jackal_ws/install/jackal_msgs/include/jackal_msgs/jackal_msgs/srv
[3.322s] -- Up-to-date: /home/arpg/jackal_ws/install/jackal_msgs/include/jackal_msgs/jackal_msgs/srv/detail
[3.322s] -- Installing: /home/arpg/jackal_ws/install/jackal_msgs/include/jackal_msgs/jackal_msgs/srv/detail/set_domain_id__traits.hpp
[3.322s] -- Installing: /home/arpg/jackal_ws/install/jackal_msgs/include/jackal_msgs/jackal_msgs/srv/detail/set_domain_id__builder.hpp
[3.322s] -- Installing: /home/arpg/jackal_ws/install/jackal_msgs/include/jackal_msgs/jackal_msgs/srv/detail/set_domain_id__struct.hpp
[3.322s] -- Installing: /home/arpg/jackal_ws/install/jackal_msgs/include/jackal_msgs/jackal_msgs/srv/set_domain_id.hpp
[3.322s] -- Up-to-date: /home/arpg/jackal_ws/install/jackal_msgs/include/jackal_msgs/jackal_msgs/msg
[3.322s] -- Up-to-date: /home/arpg/jackal_ws/install/jackal_msgs/include/jackal_msgs/jackal_msgs/msg/detail
[3.322s] -- Installing: /home/arpg/jackal_ws/install/jackal_msgs/include/jackal_msgs/jackal_msgs/msg/detail/drive_feedback__builder.hpp
[3.322s] -- Installing: /home/arpg/jackal_ws/install/jackal_msgs/include/jackal_msgs/jackal_msgs/msg/detail/power__builder.hpp
[3.322s] -- Installing: /home/arpg/jackal_ws/install/jackal_msgs/include/jackal_msgs/jackal_msgs/msg/detail/status__traits.hpp
[3.322s] -- Installing: /home/arpg/jackal_ws/install/jackal_msgs/include/jackal_msgs/jackal_msgs/msg/detail/drive__struct.hpp
[3.322s] -- Installing: /home/arpg/jackal_ws/install/jackal_msgs/include/jackal_msgs/jackal_msgs/msg/detail/stop_status__struct.hpp
[3.322s] -- Installing: /home/arpg/jackal_ws/install/jackal_msgs/include/jackal_msgs/jackal_msgs/msg/detail/status__builder.hpp
[3.322s] -- Installing: /home/arpg/jackal_ws/install/jackal_msgs/include/jackal_msgs/jackal_msgs/msg/detail/feedback__traits.hpp
[3.322s] -- Installing: /home/arpg/jackal_ws/install/jackal_msgs/include/jackal_msgs/jackal_msgs/msg/detail/drive__traits.hpp
[3.323s] -- Installing: /home/arpg/jackal_ws/install/jackal_msgs/include/jackal_msgs/jackal_msgs/msg/detail/drive_feedback__traits.hpp
[3.323s] -- Installing: /home/arpg/jackal_ws/install/jackal_msgs/include/jackal_msgs/jackal_msgs/msg/detail/status__struct.hpp
[3.323s] -- Installing: /home/arpg/jackal_ws/install/jackal_msgs/include/jackal_msgs/jackal_msgs/msg/detail/drive__builder.hpp
[3.323s] -- Installing: /home/arpg/jackal_ws/install/jackal_msgs/include/jackal_msgs/jackal_msgs/msg/detail/stop_status__traits.hpp
[3.323s] -- Installing: /home/arpg/jackal_ws/install/jackal_msgs/include/jackal_msgs/jackal_msgs/msg/detail/feedback__builder.hpp
[3.323s] -- Installing: /home/arpg/jackal_ws/install/jackal_msgs/include/jackal_msgs/jackal_msgs/msg/detail/power__struct.hpp
[3.323s] -- Installing: /home/arpg/jackal_ws/install/jackal_msgs/include/jackal_msgs/jackal_msgs/msg/detail/drive_feedback__struct.hpp
[3.323s] -- Installing: /home/arpg/jackal_ws/install/jackal_msgs/include/jackal_msgs/jackal_msgs/msg/detail/feedback__struct.hpp
[3.323s] -- Installing: /home/arpg/jackal_ws/install/jackal_msgs/include/jackal_msgs/jackal_msgs/msg/detail/power__traits.hpp
[3.323s] -- Installing: /home/arpg/jackal_ws/install/jackal_msgs/include/jackal_msgs/jackal_msgs/msg/detail/stop_status__builder.hpp
[3.323s] -- Installing: /home/arpg/jackal_ws/install/jackal_msgs/include/jackal_msgs/jackal_msgs/msg/stop_status.hpp
[3.323s] -- Installing: /home/arpg/jackal_ws/install/jackal_msgs/include/jackal_msgs/jackal_msgs/msg/power.hpp
[3.323s] -- Installing: /home/arpg/jackal_ws/install/jackal_msgs/include/jackal_msgs/jackal_msgs/msg/drive_feedback.hpp
[3.323s] -- Installing: /home/arpg/jackal_ws/install/jackal_msgs/include/jackal_msgs/jackal_msgs/msg/drive.hpp
[3.323s] -- Installing: /home/arpg/jackal_ws/install/jackal_msgs/include/jackal_msgs/jackal_msgs/msg/feedback.hpp
[3.323s] -- Installing: /home/arpg/jackal_ws/install/jackal_msgs/include/jackal_msgs/jackal_msgs/msg/status.hpp
[3.323s] -- Up-to-date: /home/arpg/jackal_ws/install/jackal_msgs/include/jackal_msgs/jackal_msgs
[3.323s] -- Up-to-date: /home/arpg/jackal_ws/install/jackal_msgs/include/jackal_msgs/jackal_msgs/srv
[3.323s] -- Up-to-date: /home/arpg/jackal_ws/install/jackal_msgs/include/jackal_msgs/jackal_msgs/srv/detail
[3.323s] -- Installing: /home/arpg/jackal_ws/install/jackal_msgs/include/jackal_msgs/jackal_msgs/srv/detail/set_domain_id__rosidl_typesupport_fastrtps_cpp.hpp
[3.323s] -- Up-to-date: /home/arpg/jackal_ws/install/jackal_msgs/include/jackal_msgs/jackal_msgs/srv/detail/dds_fastrtps
[3.323s] -- Up-to-date: /home/arpg/jackal_ws/install/jackal_msgs/include/jackal_msgs/jackal_msgs/msg
[3.323s] -- Up-to-date: /home/arpg/jackal_ws/install/jackal_msgs/include/jackal_msgs/jackal_msgs/msg/detail
[3.323s] -- Installing: /home/arpg/jackal_ws/install/jackal_msgs/include/jackal_msgs/jackal_msgs/msg/detail/feedback__rosidl_typesupport_fastrtps_cpp.hpp
[3.323s] -- Installing: /home/arpg/jackal_ws/install/jackal_msgs/include/jackal_msgs/jackal_msgs/msg/detail/status__rosidl_typesupport_fastrtps_cpp.hpp
[3.323s] -- Installing: /home/arpg/jackal_ws/install/jackal_msgs/include/jackal_msgs/jackal_msgs/msg/detail/drive_feedback__rosidl_typesupport_fastrtps_cpp.hpp
[3.323s] -- Installing: /home/arpg/jackal_ws/install/jackal_msgs/include/jackal_msgs/jackal_msgs/msg/detail/power__rosidl_typesupport_fastrtps_cpp.hpp
[3.323s] -- Installing: /home/arpg/jackal_ws/install/jackal_msgs/include/jackal_msgs/jackal_msgs/msg/detail/stop_status__rosidl_typesupport_fastrtps_cpp.hpp
[3.323s] -- Installing: /home/arpg/jackal_ws/install/jackal_msgs/include/jackal_msgs/jackal_msgs/msg/detail/drive__rosidl_typesupport_fastrtps_cpp.hpp
[3.323s] -- Up-to-date: /home/arpg/jackal_ws/install/jackal_msgs/include/jackal_msgs/jackal_msgs/msg/detail/dds_fastrtps
[3.323s] -- Installing: /home/arpg/jackal_ws/install/jackal_msgs/include/jackal_msgs/jackal_msgs/msg/rosidl_typesupport_fastrtps_cpp__visibility_control.h
[3.323s] -- Installing: /home/arpg/jackal_ws/install/jackal_msgs/lib/libjackal_msgs__rosidl_typesupport_fastrtps_cpp.so
[3.323s] -- Set runtime path of "/home/arpg/jackal_ws/install/jackal_msgs/lib/libjackal_msgs__rosidl_typesupport_fastrtps_cpp.so" to ""
[3.323s] -- Up-to-date: /home/arpg/jackal_ws/install/jackal_msgs/include/jackal_msgs/jackal_msgs
[3.323s] -- Up-to-date: /home/arpg/jackal_ws/install/jackal_msgs/include/jackal_msgs/jackal_msgs/srv
[3.323s] -- Up-to-date: /home/arpg/jackal_ws/install/jackal_msgs/include/jackal_msgs/jackal_msgs/srv/detail
[3.323s] -- Installing: /home/arpg/jackal_ws/install/jackal_msgs/include/jackal_msgs/jackal_msgs/srv/detail/set_domain_id__type_support.c
[3.323s] -- Installing: /home/arpg/jackal_ws/install/jackal_msgs/include/jackal_msgs/jackal_msgs/srv/detail/set_domain_id__rosidl_typesupport_introspection_c.h
[3.323s] -- Up-to-date: /home/arpg/jackal_ws/install/jackal_msgs/include/jackal_msgs/jackal_msgs/msg
[3.323s] -- Installing: /home/arpg/jackal_ws/install/jackal_msgs/include/jackal_msgs/jackal_msgs/msg/rosidl_typesupport_introspection_c__visibility_control.h
[3.323s] -- Up-to-date: /home/arpg/jackal_ws/install/jackal_msgs/include/jackal_msgs/jackal_msgs/msg/detail
[3.323s] -- Installing: /home/arpg/jackal_ws/install/jackal_msgs/include/jackal_msgs/jackal_msgs/msg/detail/status__rosidl_typesupport_introspection_c.h
[3.323s] -- Installing: /home/arpg/jackal_ws/install/jackal_msgs/include/jackal_msgs/jackal_msgs/msg/detail/power__rosidl_typesupport_introspection_c.h
[3.323s] -- Installing: /home/arpg/jackal_ws/install/jackal_msgs/include/jackal_msgs/jackal_msgs/msg/detail/drive__rosidl_typesupport_introspection_c.h
[3.323s] -- Installing: /home/arpg/jackal_ws/install/jackal_msgs/include/jackal_msgs/jackal_msgs/msg/detail/stop_status__type_support.c
[3.323s] -- Installing: /home/arpg/jackal_ws/install/jackal_msgs/include/jackal_msgs/jackal_msgs/msg/detail/feedback__rosidl_typesupport_introspection_c.h
[3.323s] -- Installing: /home/arpg/jackal_ws/install/jackal_msgs/include/jackal_msgs/jackal_msgs/msg/detail/feedback__type_support.c
[3.323s] -- Installing: /home/arpg/jackal_ws/install/jackal_msgs/include/jackal_msgs/jackal_msgs/msg/detail/drive__type_support.c
[3.323s] -- Installing: /home/arpg/jackal_ws/install/jackal_msgs/include/jackal_msgs/jackal_msgs/msg/detail/status__type_support.c
[3.323s] -- Installing: /home/arpg/jackal_ws/install/jackal_msgs/include/jackal_msgs/jackal_msgs/msg/detail/power__type_support.c
[3.323s] -- Installing: /home/arpg/jackal_ws/install/jackal_msgs/include/jackal_msgs/jackal_msgs/msg/detail/drive_feedback__rosidl_typesupport_introspection_c.h
[3.323s] -- Installing: /home/arpg/jackal_ws/install/jackal_msgs/include/jackal_msgs/jackal_msgs/msg/detail/drive_feedback__type_support.c
[3.323s] -- Installing: /home/arpg/jackal_ws/install/jackal_msgs/include/jackal_msgs/jackal_msgs/msg/detail/stop_status__rosidl_typesupport_introspection_c.h
[3.324s] -- Installing: /home/arpg/jackal_ws/install/jackal_msgs/lib/libjackal_msgs__rosidl_typesupport_introspection_c.so
[3.324s] -- Set runtime path of "/home/arpg/jackal_ws/install/jackal_msgs/lib/libjackal_msgs__rosidl_typesupport_introspection_c.so" to ""
[3.324s] -- Installing: /home/arpg/jackal_ws/install/jackal_msgs/lib/libjackal_msgs__rosidl_typesupport_c.so
[3.324s] -- Set runtime path of "/home/arpg/jackal_ws/install/jackal_msgs/lib/libjackal_msgs__rosidl_typesupport_c.so" to ""
[3.324s] -- Up-to-date: /home/arpg/jackal_ws/install/jackal_msgs/include/jackal_msgs/jackal_msgs
[3.324s] -- Up-to-date: /home/arpg/jackal_ws/install/jackal_msgs/include/jackal_msgs/jackal_msgs/srv
[3.324s] -- Up-to-date: /home/arpg/jackal_ws/install/jackal_msgs/include/jackal_msgs/jackal_msgs/srv/detail
[3.324s] -- Installing: /home/arpg/jackal_ws/install/jackal_msgs/include/jackal_msgs/jackal_msgs/srv/detail/set_domain_id__rosidl_typesupport_introspection_cpp.hpp
[3.324s] -- Installing: /home/arpg/jackal_ws/install/jackal_msgs/include/jackal_msgs/jackal_msgs/srv/detail/set_domain_id__type_support.cpp
[3.324s] -- Up-to-date: /home/arpg/jackal_ws/install/jackal_msgs/include/jackal_msgs/jackal_msgs/msg
[3.324s] -- Up-to-date: /home/arpg/jackal_ws/install/jackal_msgs/include/jackal_msgs/jackal_msgs/msg/detail
[3.324s] -- Installing: /home/arpg/jackal_ws/install/jackal_msgs/include/jackal_msgs/jackal_msgs/msg/detail/drive_feedback__type_support.cpp
[3.324s] -- Installing: /home/arpg/jackal_ws/install/jackal_msgs/include/jackal_msgs/jackal_msgs/msg/detail/drive__type_support.cpp
[3.324s] -- Installing: /home/arpg/jackal_ws/install/jackal_msgs/include/jackal_msgs/jackal_msgs/msg/detail/feedback__rosidl_typesupport_introspection_cpp.hpp
[3.324s] -- Installing: /home/arpg/jackal_ws/install/jackal_msgs/include/jackal_msgs/jackal_msgs/msg/detail/stop_status__type_support.cpp
[3.324s] -- Installing: /home/arpg/jackal_ws/install/jackal_msgs/include/jackal_msgs/jackal_msgs/msg/detail/stop_status__rosidl_typesupport_introspection_cpp.hpp
[3.324s] -- Installing: /home/arpg/jackal_ws/install/jackal_msgs/include/jackal_msgs/jackal_msgs/msg/detail/status__type_support.cpp
[3.324s] -- Installing: /home/arpg/jackal_ws/install/jackal_msgs/include/jackal_msgs/jackal_msgs/msg/detail/drive_feedback__rosidl_typesupport_introspection_cpp.hpp
[3.324s] -- Installing: /home/arpg/jackal_ws/install/jackal_msgs/include/jackal_msgs/jackal_msgs/msg/detail/drive__rosidl_typesupport_introspection_cpp.hpp
[3.324s] -- Installing: /home/arpg/jackal_ws/install/jackal_msgs/include/jackal_msgs/jackal_msgs/msg/detail/power__rosidl_typesupport_introspection_cpp.hpp
[3.324s] -- Installing: /home/arpg/jackal_ws/install/jackal_msgs/include/jackal_msgs/jackal_msgs/msg/detail/power__type_support.cpp
[3.324s] -- Installing: /home/arpg/jackal_ws/install/jackal_msgs/include/jackal_msgs/jackal_msgs/msg/detail/status__rosidl_typesupport_introspection_cpp.hpp
[3.324s] -- Installing: /home/arpg/jackal_ws/install/jackal_msgs/include/jackal_msgs/jackal_msgs/msg/detail/feedback__type_support.cpp
[3.324s] -- Installing: /home/arpg/jackal_ws/install/jackal_msgs/lib/libjackal_msgs__rosidl_typesupport_introspection_cpp.so
[3.324s] -- Set runtime path of "/home/arpg/jackal_ws/install/jackal_msgs/lib/libjackal_msgs__rosidl_typesupport_introspection_cpp.so" to ""
[3.324s] -- Installing: /home/arpg/jackal_ws/install/jackal_msgs/lib/libjackal_msgs__rosidl_typesupport_cpp.so
[3.324s] -- Set runtime path of "/home/arpg/jackal_ws/install/jackal_msgs/lib/libjackal_msgs__rosidl_typesupport_cpp.so" to ""
[3.324s] -- Installing: /home/arpg/jackal_ws/install/jackal_msgs/share/jackal_msgs/environment/pythonpath.sh
[3.324s] -- Installing: /home/arpg/jackal_ws/install/jackal_msgs/share/jackal_msgs/environment/pythonpath.dsv
[3.324s] -- Up-to-date: /home/arpg/jackal_ws/install/jackal_msgs/local/lib/python3.10/dist-packages/jackal_msgs-1.0.4-py3.10.egg-info
[3.324s] -- Installing: /home/arpg/jackal_ws/install/jackal_msgs/local/lib/python3.10/dist-packages/jackal_msgs-1.0.4-py3.10.egg-info/PKG-INFO
[3.324s] -- Installing: /home/arpg/jackal_ws/install/jackal_msgs/local/lib/python3.10/dist-packages/jackal_msgs-1.0.4-py3.10.egg-info/SOURCES.txt
[3.324s] -- Installing: /home/arpg/jackal_ws/install/jackal_msgs/local/lib/python3.10/dist-packages/jackal_msgs-1.0.4-py3.10.egg-info/top_level.txt
[3.324s] -- Installing: /home/arpg/jackal_ws/install/jackal_msgs/local/lib/python3.10/dist-packages/jackal_msgs-1.0.4-py3.10.egg-info/dependency_links.txt
[3.324s] -- Up-to-date: /home/arpg/jackal_ws/install/jackal_msgs/local/lib/python3.10/dist-packages/jackal_msgs
[3.324s] -- Installing: /home/arpg/jackal_ws/install/jackal_msgs/local/lib/python3.10/dist-packages/jackal_msgs/jackal_msgs_s__rosidl_typesupport_introspection_c.cpython-310-x86_64-linux-gnu.so
[3.324s] -- Installing: /home/arpg/jackal_ws/install/jackal_msgs/local/lib/python3.10/dist-packages/jackal_msgs/_jackal_msgs_s.ep.rosidl_typesupport_c.c
[3.324s] -- Installing: /home/arpg/jackal_ws/install/jackal_msgs/local/lib/python3.10/dist-packages/jackal_msgs/jackal_msgs_s__rosidl_typesupport_c.cpython-310-x86_64-linux-gnu.so
[3.324s] -- Up-to-date: /home/arpg/jackal_ws/install/jackal_msgs/local/lib/python3.10/dist-packages/jackal_msgs/srv
[3.324s] -- Installing: /home/arpg/jackal_ws/install/jackal_msgs/local/lib/python3.10/dist-packages/jackal_msgs/srv/_set_domain_id.py
[3.324s] -- Installing: /home/arpg/jackal_ws/install/jackal_msgs/local/lib/python3.10/dist-packages/jackal_msgs/srv/_set_domain_id_s.c
[3.324s] -- Installing: /home/arpg/jackal_ws/install/jackal_msgs/local/lib/python3.10/dist-packages/jackal_msgs/srv/__init__.py
[3.324s] -- Installing: /home/arpg/jackal_ws/install/jackal_msgs/local/lib/python3.10/dist-packages/jackal_msgs/__init__.py
[3.324s] -- Installing: /home/arpg/jackal_ws/install/jackal_msgs/local/lib/python3.10/dist-packages/jackal_msgs/jackal_msgs_s__rosidl_typesupport_fastrtps_c.cpython-310-x86_64-linux-gnu.so
[3.324s] -- Installing: /home/arpg/jackal_ws/install/jackal_msgs/local/lib/python3.10/dist-packages/jackal_msgs/libjackal_msgs__rosidl_generator_py.so
[3.324s] -- Up-to-date: /home/arpg/jackal_ws/install/jackal_msgs/local/lib/python3.10/dist-packages/jackal_msgs/msg
[3.324s] -- Installing: /home/arpg/jackal_ws/install/jackal_msgs/local/lib/python3.10/dist-packages/jackal_msgs/msg/_drive_feedback_s.c
[3.324s] -- Installing: /home/arpg/jackal_ws/install/jackal_msgs/local/lib/python3.10/dist-packages/jackal_msgs/msg/_drive.py
[3.324s] -- Installing: /home/arpg/jackal_ws/install/jackal_msgs/local/lib/python3.10/dist-packages/jackal_msgs/msg/_feedback.py
[3.324s] -- Installing: /home/arpg/jackal_ws/install/jackal_msgs/local/lib/python3.10/dist-packages/jackal_msgs/msg/_status_s.c
[3.324s] -- Installing: /home/arpg/jackal_ws/install/jackal_msgs/local/lib/python3.10/dist-packages/jackal_msgs/msg/_power_s.c
[3.325s] -- Installing: /home/arpg/jackal_ws/install/jackal_msgs/local/lib/python3.10/dist-packages/jackal_msgs/msg/_drive_feedback.py
[3.325s] -- Installing: /home/arpg/jackal_ws/install/jackal_msgs/local/lib/python3.10/dist-packages/jackal_msgs/msg/_drive_s.c
[3.325s] -- Installing: /home/arpg/jackal_ws/install/jackal_msgs/local/lib/python3.10/dist-packages/jackal_msgs/msg/_power.py
[3.325s] -- Installing: /home/arpg/jackal_ws/install/jackal_msgs/local/lib/python3.10/dist-packages/jackal_msgs/msg/_stop_status.py
[3.325s] -- Installing: /home/arpg/jackal_ws/install/jackal_msgs/local/lib/python3.10/dist-packages/jackal_msgs/msg/__init__.py
[3.325s] -- Installing: /home/arpg/jackal_ws/install/jackal_msgs/local/lib/python3.10/dist-packages/jackal_msgs/msg/_feedback_s.c
[3.325s] -- Installing: /home/arpg/jackal_ws/install/jackal_msgs/local/lib/python3.10/dist-packages/jackal_msgs/msg/_status.py
[3.325s] -- Installing: /home/arpg/jackal_ws/install/jackal_msgs/local/lib/python3.10/dist-packages/jackal_msgs/msg/_stop_status_s.c
[3.325s] -- Installing: /home/arpg/jackal_ws/install/jackal_msgs/local/lib/python3.10/dist-packages/jackal_msgs/_jackal_msgs_s.ep.rosidl_typesupport_introspection_c.c
[3.325s] -- Installing: /home/arpg/jackal_ws/install/jackal_msgs/local/lib/python3.10/dist-packages/jackal_msgs/_jackal_msgs_s.ep.rosidl_typesupport_fastrtps_c.c
[3.342s] Listing '/home/arpg/jackal_ws/install/jackal_msgs/local/lib/python3.10/dist-packages/jackal_msgs'...
[3.342s] Compiling '/home/arpg/jackal_ws/install/jackal_msgs/local/lib/python3.10/dist-packages/jackal_msgs/__init__.py'...
[3.342s] Listing '/home/arpg/jackal_ws/install/jackal_msgs/local/lib/python3.10/dist-packages/jackal_msgs/msg'...
[3.342s] Compiling '/home/arpg/jackal_ws/install/jackal_msgs/local/lib/python3.10/dist-packages/jackal_msgs/msg/__init__.py'...
[3.342s] Compiling '/home/arpg/jackal_ws/install/jackal_msgs/local/lib/python3.10/dist-packages/jackal_msgs/msg/_drive.py'...
[3.342s] Compiling '/home/arpg/jackal_ws/install/jackal_msgs/local/lib/python3.10/dist-packages/jackal_msgs/msg/_drive_feedback.py'...
[3.342s] Compiling '/home/arpg/jackal_ws/install/jackal_msgs/local/lib/python3.10/dist-packages/jackal_msgs/msg/_feedback.py'...
[3.342s] Compiling '/home/arpg/jackal_ws/install/jackal_msgs/local/lib/python3.10/dist-packages/jackal_msgs/msg/_power.py'...
[3.342s] Compiling '/home/arpg/jackal_ws/install/jackal_msgs/local/lib/python3.10/dist-packages/jackal_msgs/msg/_status.py'...
[3.342s] Compiling '/home/arpg/jackal_ws/install/jackal_msgs/local/lib/python3.10/dist-packages/jackal_msgs/msg/_stop_status.py'...
[3.342s] Listing '/home/arpg/jackal_ws/install/jackal_msgs/local/lib/python3.10/dist-packages/jackal_msgs/srv'...
[3.342s] Compiling '/home/arpg/jackal_ws/install/jackal_msgs/local/lib/python3.10/dist-packages/jackal_msgs/srv/__init__.py'...
[3.342s] Compiling '/home/arpg/jackal_ws/install/jackal_msgs/local/lib/python3.10/dist-packages/jackal_msgs/srv/_set_domain_id.py'...
[3.344s] -- Installing: /home/arpg/jackal_ws/install/jackal_msgs/local/lib/python3.10/dist-packages/jackal_msgs/jackal_msgs_s__rosidl_typesupport_fastrtps_c.cpython-310-x86_64-linux-gnu.so
[3.344s] -- Set runtime path of "/home/arpg/jackal_ws/install/jackal_msgs/local/lib/python3.10/dist-packages/jackal_msgs/jackal_msgs_s__rosidl_typesupport_fastrtps_c.cpython-310-x86_64-linux-gnu.so" to ""
[3.345s] -- Installing: /home/arpg/jackal_ws/install/jackal_msgs/local/lib/python3.10/dist-packages/jackal_msgs/jackal_msgs_s__rosidl_typesupport_introspection_c.cpython-310-x86_64-linux-gnu.so
[3.345s] -- Set runtime path of "/home/arpg/jackal_ws/install/jackal_msgs/local/lib/python3.10/dist-packages/jackal_msgs/jackal_msgs_s__rosidl_typesupport_introspection_c.cpython-310-x86_64-linux-gnu.so" to ""
[3.345s] -- Installing: /home/arpg/jackal_ws/install/jackal_msgs/local/lib/python3.10/dist-packages/jackal_msgs/jackal_msgs_s__rosidl_typesupport_c.cpython-310-x86_64-linux-gnu.so
[3.345s] -- Set runtime path of "/home/arpg/jackal_ws/install/jackal_msgs/local/lib/python3.10/dist-packages/jackal_msgs/jackal_msgs_s__rosidl_typesupport_c.cpython-310-x86_64-linux-gnu.so" to ""
[3.345s] -- Installing: /home/arpg/jackal_ws/install/jackal_msgs/lib/libjackal_msgs__rosidl_generator_py.so
[3.345s] -- Set runtime path of "/home/arpg/jackal_ws/install/jackal_msgs/lib/libjackal_msgs__rosidl_generator_py.so" to ""
[3.345s] -- Installing: /home/arpg/jackal_ws/install/jackal_msgs/share/jackal_msgs/msg/Drive.idl
[3.345s] -- Installing: /home/arpg/jackal_ws/install/jackal_msgs/share/jackal_msgs/msg/DriveFeedback.idl
[3.345s] -- Installing: /home/arpg/jackal_ws/install/jackal_msgs/share/jackal_msgs/msg/Feedback.idl
[3.345s] -- Installing: /home/arpg/jackal_ws/install/jackal_msgs/share/jackal_msgs/msg/Power.idl
[3.345s] -- Installing: /home/arpg/jackal_ws/install/jackal_msgs/share/jackal_msgs/msg/Status.idl
[3.345s] -- Installing: /home/arpg/jackal_ws/install/jackal_msgs/share/jackal_msgs/msg/StopStatus.idl
[3.345s] -- Installing: /home/arpg/jackal_ws/install/jackal_msgs/share/jackal_msgs/srv/SetDomainId.idl
[3.345s] -- Up-to-date: /home/arpg/jackal_ws/install/jackal_msgs/share/jackal_msgs/msg/Drive.msg
[3.345s] -- Up-to-date: /home/arpg/jackal_ws/install/jackal_msgs/share/jackal_msgs/msg/DriveFeedback.msg
[3.345s] -- Up-to-date: /home/arpg/jackal_ws/install/jackal_msgs/share/jackal_msgs/msg/Feedback.msg
[3.345s] -- Up-to-date: /home/arpg/jackal_ws/install/jackal_msgs/share/jackal_msgs/msg/Power.msg
[3.345s] -- Up-to-date: /home/arpg/jackal_ws/install/jackal_msgs/share/jackal_msgs/msg/Status.msg
[3.345s] -- Up-to-date: /home/arpg/jackal_ws/install/jackal_msgs/share/jackal_msgs/msg/StopStatus.msg
[3.345s] -- Up-to-date: /home/arpg/jackal_ws/install/jackal_msgs/share/jackal_msgs/srv/SetDomainId.srv
[3.345s] -- Installing: /home/arpg/jackal_ws/install/jackal_msgs/share/jackal_msgs/srv/SetDomainId_Request.msg
[3.345s] -- Installing: /home/arpg/jackal_ws/install/jackal_msgs/share/jackal_msgs/srv/SetDomainId_Response.msg
[3.345s] -- Installing: /home/arpg/jackal_ws/install/jackal_msgs/share/ament_index/resource_index/package_run_dependencies/jackal_msgs
[3.345s] -- Installing: /home/arpg/jackal_ws/install/jackal_msgs/share/ament_index/resource_index/parent_prefix_path/jackal_msgs
[3.345s] -- Up-to-date: /home/arpg/jackal_ws/install/jackal_msgs/share/jackal_msgs/environment/ament_prefix_path.sh
[3.346s] -- Installing: /home/arpg/jackal_ws/install/jackal_msgs/share/jackal_msgs/environment/ament_prefix_path.dsv
[3.346s] -- Up-to-date: /home/arpg/jackal_ws/install/jackal_msgs/share/jackal_msgs/environment/path.sh
[3.346s] -- Installing: /home/arpg/jackal_ws/install/jackal_msgs/share/jackal_msgs/environment/path.dsv
[3.346s] -- Installing: /home/arpg/jackal_ws/install/jackal_msgs/share/jackal_msgs/local_setup.bash
[3.346s] -- Installing: /home/arpg/jackal_ws/install/jackal_msgs/share/jackal_msgs/local_setup.sh
[3.346s] -- Installing: /home/arpg/jackal_ws/install/jackal_msgs/share/jackal_msgs/local_setup.zsh
[3.346s] -- Installing: /home/arpg/jackal_ws/install/jackal_msgs/share/jackal_msgs/local_setup.dsv
[3.346s] -- Installing: /home/arpg/jackal_ws/install/jackal_msgs/share/jackal_msgs/package.dsv
[3.346s] -- Installing: /home/arpg/jackal_ws/install/jackal_msgs/share/ament_index/resource_index/packages/jackal_msgs
[3.346s] -- Installing: /home/arpg/jackal_ws/install/jackal_msgs/share/jackal_msgs/cmake/export_jackal_msgs__rosidl_generator_cExport.cmake
[3.346s] -- Installing: /home/arpg/jackal_ws/install/jackal_msgs/share/jackal_msgs/cmake/export_jackal_msgs__rosidl_generator_cExport-noconfig.cmake
[3.346s] -- Installing: /home/arpg/jackal_ws/install/jackal_msgs/share/jackal_msgs/cmake/export_jackal_msgs__rosidl_typesupport_fastrtps_cExport.cmake
[3.346s] -- Installing: /home/arpg/jackal_ws/install/jackal_msgs/share/jackal_msgs/cmake/export_jackal_msgs__rosidl_typesupport_fastrtps_cExport-noconfig.cmake
[3.346s] -- Installing: /home/arpg/jackal_ws/install/jackal_msgs/share/jackal_msgs/cmake/export_jackal_msgs__rosidl_generator_cppExport.cmake
[3.346s] -- Installing: /home/arpg/jackal_ws/install/jackal_msgs/share/jackal_msgs/cmake/export_jackal_msgs__rosidl_typesupport_fastrtps_cppExport.cmake
[3.346s] -- Installing: /home/arpg/jackal_ws/install/jackal_msgs/share/jackal_msgs/cmake/export_jackal_msgs__rosidl_typesupport_fastrtps_cppExport-noconfig.cmake
[3.346s] -- Installing: /home/arpg/jackal_ws/install/jackal_msgs/share/jackal_msgs/cmake/jackal_msgs__rosidl_typesupport_introspection_cExport.cmake
[3.346s] -- Installing: /home/arpg/jackal_ws/install/jackal_msgs/share/jackal_msgs/cmake/jackal_msgs__rosidl_typesupport_introspection_cExport-noconfig.cmake
[3.346s] -- Installing: /home/arpg/jackal_ws/install/jackal_msgs/share/jackal_msgs/cmake/jackal_msgs__rosidl_typesupport_cExport.cmake
[3.346s] -- Installing: /home/arpg/jackal_ws/install/jackal_msgs/share/jackal_msgs/cmake/jackal_msgs__rosidl_typesupport_cExport-noconfig.cmake
[3.346s] -- Installing: /home/arpg/jackal_ws/install/jackal_msgs/share/jackal_msgs/cmake/jackal_msgs__rosidl_typesupport_introspection_cppExport.cmake
[3.346s] -- Installing: /home/arpg/jackal_ws/install/jackal_msgs/share/jackal_msgs/cmake/jackal_msgs__rosidl_typesupport_introspection_cppExport-noconfig.cmake
[3.346s] -- Installing: /home/arpg/jackal_ws/install/jackal_msgs/share/jackal_msgs/cmake/jackal_msgs__rosidl_typesupport_cppExport.cmake
[3.346s] -- Installing: /home/arpg/jackal_ws/install/jackal_msgs/share/jackal_msgs/cmake/jackal_msgs__rosidl_typesupport_cppExport-noconfig.cmake
[3.346s] -- Installing: /home/arpg/jackal_ws/install/jackal_msgs/share/jackal_msgs/cmake/export_jackal_msgs__rosidl_generator_pyExport.cmake
[3.347s] -- Installing: /home/arpg/jackal_ws/install/jackal_msgs/share/jackal_msgs/cmake/export_jackal_msgs__rosidl_generator_pyExport-noconfig.cmake
[3.347s] -- Installing: /home/arpg/jackal_ws/install/jackal_msgs/share/jackal_msgs/cmake/rosidl_cmake-extras.cmake
[3.347s] -- Installing: /home/arpg/jackal_ws/install/jackal_msgs/share/jackal_msgs/cmake/ament_cmake_export_dependencies-extras.cmake
[3.347s] -- Installing: /home/arpg/jackal_ws/install/jackal_msgs/share/jackal_msgs/cmake/ament_cmake_export_include_directories-extras.cmake
[3.347s] -- Installing: /home/arpg/jackal_ws/install/jackal_msgs/share/jackal_msgs/cmake/ament_cmake_export_libraries-extras.cmake
[3.347s] -- Installing: /home/arpg/jackal_ws/install/jackal_msgs/share/jackal_msgs/cmake/ament_cmake_export_targets-extras.cmake
[3.347s] -- Installing: /home/arpg/jackal_ws/install/jackal_msgs/share/jackal_msgs/cmake/rosidl_cmake_export_typesupport_targets-extras.cmake
[3.347s] -- Installing: /home/arpg/jackal_ws/install/jackal_msgs/share/jackal_msgs/cmake/rosidl_cmake_export_typesupport_libraries-extras.cmake
[3.347s] -- Installing: /home/arpg/jackal_ws/install/jackal_msgs/share/jackal_msgs/cmake/jackal_msgsConfig.cmake
[3.347s] -- Installing: /home/arpg/jackal_ws/install/jackal_msgs/share/jackal_msgs/cmake/jackal_msgsConfig-version.cmake
[3.347s] -- Up-to-date: /home/arpg/jackal_ws/install/jackal_msgs/share/jackal_msgs/package.xml
[3.348s] Invoked command in '/home/arpg/jackal_ws/build/jackal_msgs' returned '0': CMAKE_PREFIX_PATH=${CMAKE_PREFIX_PATH}:/home/arpg/jackal_ws/install/wireless_watcher:/opt/ros/humble /usr/bin/cmake --install /home/arpg/jackal_ws/build/jackal_msgs
