[0.091s] Invoking command in '/home/arpg/jackal_ws/build/wireless_msgs': CMAKE_PREFIX_PATH=${CMAKE_PREFIX_PATH}:/home/arpg/jackal_ws/install/wireless_watcher:/opt/ros/humble /usr/bin/cmake --build /home/arpg/jackal_ws/build/wireless_msgs -- -j32 -l32
[0.112s] [  1%] Built target wireless_msgs__cpp
[0.112s] [ 12%] Built target wireless_msgs__rosidl_generator_c
[0.119s] [ 12%] Built target ament_cmake_python_copy_wireless_msgs
[0.125s] [ 23%] Built target wireless_msgs__rosidl_typesupport_fastrtps_cpp
[0.128s] [ 34%] Built target wireless_msgs__rosidl_typesupport_introspection_cpp
[0.128s] [ 45%] Built target wireless_msgs__rosidl_typesupport_cpp
[0.136s] [ 58%] Built target wireless_msgs__rosidl_typesupport_c
[0.136s] [ 67%] Built target wireless_msgs__rosidl_typesupport_introspection_c
[0.139s] [ 78%] Built target wireless_msgs__rosidl_typesupport_fastrtps_c
[0.152s] [ 78%] Built target wireless_msgs
[0.152s] [ 80%] Built target wireless_msgs__py
[0.160s] [ 89%] Built target wireless_msgs__rosidl_generator_py
[0.168s] [ 92%] Built target wireless_msgs__rosidl_typesupport_fastrtps_c__pyext
[0.169s] [ 96%] Built target wireless_msgs__rosidl_typesupport_c__pyext
[0.173s] [100%] Built target wireless_msgs__rosidl_typesupport_introspection_c__pyext
[0.232s] running egg_info
[0.232s] writing wireless_msgs.egg-info/PKG-INFO
[0.232s] writing dependency_links to wireless_msgs.egg-info/dependency_links.txt
[0.233s] writing top-level names to wireless_msgs.egg-info/top_level.txt
[0.233s] reading manifest file 'wireless_msgs.egg-info/SOURCES.txt'
[0.233s] writing manifest file 'wireless_msgs.egg-info/SOURCES.txt'
[0.241s] [100%] Built target ament_cmake_python_build_wireless_msgs_egg
[0.315s] Invoked command in '/home/arpg/jackal_ws/build/wireless_msgs' returned '0': CMAKE_PREFIX_PATH=${CMAKE_PREFIX_PATH}:/home/arpg/jackal_ws/install/wireless_watcher:/opt/ros/humble /usr/bin/cmake --build /home/arpg/jackal_ws/build/wireless_msgs -- -j32 -l32
[0.363s] Invoking command in '/home/arpg/jackal_ws/build/wireless_msgs': CMAKE_PREFIX_PATH=${CMAKE_PREFIX_PATH}:/home/arpg/jackal_ws/install/wireless_watcher:/opt/ros/humble /usr/bin/cmake --install /home/arpg/jackal_ws/build/wireless_msgs
[0.367s] -- Install configuration: ""
[0.368s] -- Up-to-date: /home/arpg/jackal_ws/install/wireless_msgs/share/ament_index/resource_index/rosidl_interfaces/wireless_msgs
[0.368s] -- Up-to-date: /home/arpg/jackal_ws/install/wireless_msgs/include/wireless_msgs/wireless_msgs
[0.369s] -- Up-to-date: /home/arpg/jackal_ws/install/wireless_msgs/include/wireless_msgs/wireless_msgs/msg
[0.369s] -- Up-to-date: /home/arpg/jackal_ws/install/wireless_msgs/include/wireless_msgs/wireless_msgs/msg/detail
[0.369s] -- Up-to-date: /home/arpg/jackal_ws/install/wireless_msgs/include/wireless_msgs/wireless_msgs/msg/detail/connection__struct.h
[0.369s] -- Up-to-date: /home/arpg/jackal_ws/install/wireless_msgs/include/wireless_msgs/wireless_msgs/msg/detail/network__type_support.h
[0.369s] -- Up-to-date: /home/arpg/jackal_ws/install/wireless_msgs/include/wireless_msgs/wireless_msgs/msg/detail/scan__struct.h
[0.370s] -- Up-to-date: /home/arpg/jackal_ws/install/wireless_msgs/include/wireless_msgs/wireless_msgs/msg/detail/connection__type_support.h
[0.370s] -- Up-to-date: /home/arpg/jackal_ws/install/wireless_msgs/include/wireless_msgs/wireless_msgs/msg/detail/network__functions.c
[0.370s] -- Up-to-date: /home/arpg/jackal_ws/install/wireless_msgs/include/wireless_msgs/wireless_msgs/msg/detail/quality__functions.c
[0.370s] -- Up-to-date: /home/arpg/jackal_ws/install/wireless_msgs/include/wireless_msgs/wireless_msgs/msg/detail/scan__type_support.h
[0.370s] -- Up-to-date: /home/arpg/jackal_ws/install/wireless_msgs/include/wireless_msgs/wireless_msgs/msg/detail/scan__functions.h
[0.370s] -- Up-to-date: /home/arpg/jackal_ws/install/wireless_msgs/include/wireless_msgs/wireless_msgs/msg/detail/quality__functions.h
[0.372s] -- Up-to-date: /home/arpg/jackal_ws/install/wireless_msgs/include/wireless_msgs/wireless_msgs/msg/detail/network__functions.h
[0.372s] -- Up-to-date: /home/arpg/jackal_ws/install/wireless_msgs/include/wireless_msgs/wireless_msgs/msg/detail/connection__functions.h
[0.372s] -- Up-to-date: /home/arpg/jackal_ws/install/wireless_msgs/include/wireless_msgs/wireless_msgs/msg/detail/quality__struct.h
[0.372s] -- Up-to-date: /home/arpg/jackal_ws/install/wireless_msgs/include/wireless_msgs/wireless_msgs/msg/detail/scan__functions.c
[0.373s] -- Up-to-date: /home/arpg/jackal_ws/install/wireless_msgs/include/wireless_msgs/wireless_msgs/msg/detail/connection__functions.c
[0.373s] -- Up-to-date: /home/arpg/jackal_ws/install/wireless_msgs/include/wireless_msgs/wireless_msgs/msg/detail/quality__type_support.h
[0.373s] -- Up-to-date: /home/arpg/jackal_ws/install/wireless_msgs/include/wireless_msgs/wireless_msgs/msg/detail/network__struct.h
[0.373s] -- Up-to-date: /home/arpg/jackal_ws/install/wireless_msgs/include/wireless_msgs/wireless_msgs/msg/network.h
[0.373s] -- Up-to-date: /home/arpg/jackal_ws/install/wireless_msgs/include/wireless_msgs/wireless_msgs/msg/connection.h
[0.373s] -- Up-to-date: /home/arpg/jackal_ws/install/wireless_msgs/include/wireless_msgs/wireless_msgs/msg/scan.h
[0.374s] -- Up-to-date: /home/arpg/jackal_ws/install/wireless_msgs/include/wireless_msgs/wireless_msgs/msg/quality.h
[0.374s] -- Up-to-date: /home/arpg/jackal_ws/install/wireless_msgs/include/wireless_msgs/wireless_msgs/msg/rosidl_generator_c__visibility_control.h
[0.374s] -- Up-to-date: /home/arpg/jackal_ws/install/wireless_msgs/share/wireless_msgs/environment/library_path.sh
[0.375s] -- Up-to-date: /home/arpg/jackal_ws/install/wireless_msgs/share/wireless_msgs/environment/library_path.dsv
[0.376s] -- Up-to-date: /home/arpg/jackal_ws/install/wireless_msgs/lib/libwireless_msgs__rosidl_generator_c.so
[0.376s] -- Up-to-date: /home/arpg/jackal_ws/install/wireless_msgs/include/wireless_msgs/wireless_msgs
[0.377s] -- Up-to-date: /home/arpg/jackal_ws/install/wireless_msgs/include/wireless_msgs/wireless_msgs/msg
[0.377s] -- Up-to-date: /home/arpg/jackal_ws/install/wireless_msgs/include/wireless_msgs/wireless_msgs/msg/detail
[0.377s] -- Up-to-date: /home/arpg/jackal_ws/install/wireless_msgs/include/wireless_msgs/wireless_msgs/msg/detail/network__rosidl_typesupport_fastrtps_c.h
[0.377s] -- Up-to-date: /home/arpg/jackal_ws/install/wireless_msgs/include/wireless_msgs/wireless_msgs/msg/detail/scan__rosidl_typesupport_fastrtps_c.h
[0.377s] -- Up-to-date: /home/arpg/jackal_ws/install/wireless_msgs/include/wireless_msgs/wireless_msgs/msg/detail/connection__rosidl_typesupport_fastrtps_c.h
[0.378s] -- Up-to-date: /home/arpg/jackal_ws/install/wireless_msgs/include/wireless_msgs/wireless_msgs/msg/detail/quality__rosidl_typesupport_fastrtps_c.h
[0.378s] -- Up-to-date: /home/arpg/jackal_ws/install/wireless_msgs/include/wireless_msgs/wireless_msgs/msg/rosidl_typesupport_fastrtps_c__visibility_control.h
[0.378s] -- Up-to-date: /home/arpg/jackal_ws/install/wireless_msgs/lib/libwireless_msgs__rosidl_typesupport_fastrtps_c.so
[0.379s] -- Up-to-date: /home/arpg/jackal_ws/install/wireless_msgs/include/wireless_msgs/wireless_msgs
[0.379s] -- Up-to-date: /home/arpg/jackal_ws/install/wireless_msgs/include/wireless_msgs/wireless_msgs/msg
[0.379s] -- Up-to-date: /home/arpg/jackal_ws/install/wireless_msgs/include/wireless_msgs/wireless_msgs/msg/connection.hpp
[0.379s] -- Up-to-date: /home/arpg/jackal_ws/install/wireless_msgs/include/wireless_msgs/wireless_msgs/msg/detail
[0.379s] -- Up-to-date: /home/arpg/jackal_ws/install/wireless_msgs/include/wireless_msgs/wireless_msgs/msg/detail/scan__builder.hpp
[0.379s] -- Up-to-date: /home/arpg/jackal_ws/install/wireless_msgs/include/wireless_msgs/wireless_msgs/msg/detail/network__struct.hpp
[0.379s] -- Up-to-date: /home/arpg/jackal_ws/install/wireless_msgs/include/wireless_msgs/wireless_msgs/msg/detail/scan__traits.hpp
[0.379s] -- Up-to-date: /home/arpg/jackal_ws/install/wireless_msgs/include/wireless_msgs/wireless_msgs/msg/detail/quality__struct.hpp
[0.379s] -- Up-to-date: /home/arpg/jackal_ws/install/wireless_msgs/include/wireless_msgs/wireless_msgs/msg/detail/quality__traits.hpp
[0.379s] -- Up-to-date: /home/arpg/jackal_ws/install/wireless_msgs/include/wireless_msgs/wireless_msgs/msg/detail/network__builder.hpp
[0.379s] -- Up-to-date: /home/arpg/jackal_ws/install/wireless_msgs/include/wireless_msgs/wireless_msgs/msg/detail/scan__struct.hpp
[0.379s] -- Up-to-date: /home/arpg/jackal_ws/install/wireless_msgs/include/wireless_msgs/wireless_msgs/msg/detail/connection__struct.hpp
[0.379s] -- Up-to-date: /home/arpg/jackal_ws/install/wireless_msgs/include/wireless_msgs/wireless_msgs/msg/detail/network__traits.hpp
[0.379s] -- Up-to-date: /home/arpg/jackal_ws/install/wireless_msgs/include/wireless_msgs/wireless_msgs/msg/detail/quality__builder.hpp
[0.379s] -- Up-to-date: /home/arpg/jackal_ws/install/wireless_msgs/include/wireless_msgs/wireless_msgs/msg/detail/connection__traits.hpp
[0.379s] -- Up-to-date: /home/arpg/jackal_ws/install/wireless_msgs/include/wireless_msgs/wireless_msgs/msg/detail/connection__builder.hpp
[0.379s] -- Up-to-date: /home/arpg/jackal_ws/install/wireless_msgs/include/wireless_msgs/wireless_msgs/msg/quality.hpp
[0.379s] -- Up-to-date: /home/arpg/jackal_ws/install/wireless_msgs/include/wireless_msgs/wireless_msgs/msg/network.hpp
[0.379s] -- Up-to-date: /home/arpg/jackal_ws/install/wireless_msgs/include/wireless_msgs/wireless_msgs/msg/scan.hpp
[0.379s] -- Up-to-date: /home/arpg/jackal_ws/install/wireless_msgs/include/wireless_msgs/wireless_msgs
[0.379s] -- Up-to-date: /home/arpg/jackal_ws/install/wireless_msgs/include/wireless_msgs/wireless_msgs/msg
[0.379s] -- Up-to-date: /home/arpg/jackal_ws/install/wireless_msgs/include/wireless_msgs/wireless_msgs/msg/detail
[0.379s] -- Up-to-date: /home/arpg/jackal_ws/install/wireless_msgs/include/wireless_msgs/wireless_msgs/msg/detail/network__rosidl_typesupport_fastrtps_cpp.hpp
[0.379s] -- Up-to-date: /home/arpg/jackal_ws/install/wireless_msgs/include/wireless_msgs/wireless_msgs/msg/detail/scan__rosidl_typesupport_fastrtps_cpp.hpp
[0.379s] -- Up-to-date: /home/arpg/jackal_ws/install/wireless_msgs/include/wireless_msgs/wireless_msgs/msg/detail/connection__rosidl_typesupport_fastrtps_cpp.hpp
[0.379s] -- Up-to-date: /home/arpg/jackal_ws/install/wireless_msgs/include/wireless_msgs/wireless_msgs/msg/detail/quality__rosidl_typesupport_fastrtps_cpp.hpp
[0.380s] -- Up-to-date: /home/arpg/jackal_ws/install/wireless_msgs/include/wireless_msgs/wireless_msgs/msg/detail/dds_fastrtps
[0.380s] -- Up-to-date: /home/arpg/jackal_ws/install/wireless_msgs/include/wireless_msgs/wireless_msgs/msg/rosidl_typesupport_fastrtps_cpp__visibility_control.h
[0.380s] -- Up-to-date: /home/arpg/jackal_ws/install/wireless_msgs/lib/libwireless_msgs__rosidl_typesupport_fastrtps_cpp.so
[0.380s] -- Up-to-date: /home/arpg/jackal_ws/install/wireless_msgs/include/wireless_msgs/wireless_msgs
[0.380s] -- Up-to-date: /home/arpg/jackal_ws/install/wireless_msgs/include/wireless_msgs/wireless_msgs/msg
[0.380s] -- Up-to-date: /home/arpg/jackal_ws/install/wireless_msgs/include/wireless_msgs/wireless_msgs/msg/rosidl_typesupport_introspection_c__visibility_control.h
[0.380s] -- Up-to-date: /home/arpg/jackal_ws/install/wireless_msgs/include/wireless_msgs/wireless_msgs/msg/detail
[0.380s] -- Up-to-date: /home/arpg/jackal_ws/install/wireless_msgs/include/wireless_msgs/wireless_msgs/msg/detail/quality__rosidl_typesupport_introspection_c.h
[0.380s] -- Up-to-date: /home/arpg/jackal_ws/install/wireless_msgs/include/wireless_msgs/wireless_msgs/msg/detail/network__rosidl_typesupport_introspection_c.h
[0.380s] -- Up-to-date: /home/arpg/jackal_ws/install/wireless_msgs/include/wireless_msgs/wireless_msgs/msg/detail/network__type_support.c
[0.380s] -- Up-to-date: /home/arpg/jackal_ws/install/wireless_msgs/include/wireless_msgs/wireless_msgs/msg/detail/quality__type_support.c
[0.380s] -- Up-to-date: /home/arpg/jackal_ws/install/wireless_msgs/include/wireless_msgs/wireless_msgs/msg/detail/scan__rosidl_typesupport_introspection_c.h
[0.380s] -- Up-to-date: /home/arpg/jackal_ws/install/wireless_msgs/include/wireless_msgs/wireless_msgs/msg/detail/scan__type_support.c
[0.380s] -- Up-to-date: /home/arpg/jackal_ws/install/wireless_msgs/include/wireless_msgs/wireless_msgs/msg/detail/connection__type_support.c
[0.380s] -- Up-to-date: /home/arpg/jackal_ws/install/wireless_msgs/include/wireless_msgs/wireless_msgs/msg/detail/connection__rosidl_typesupport_introspection_c.h
[0.380s] -- Up-to-date: /home/arpg/jackal_ws/install/wireless_msgs/lib/libwireless_msgs__rosidl_typesupport_introspection_c.so
[0.382s] -- Up-to-date: /home/arpg/jackal_ws/install/wireless_msgs/lib/libwireless_msgs__rosidl_typesupport_c.so
[0.383s] -- Up-to-date: /home/arpg/jackal_ws/install/wireless_msgs/include/wireless_msgs/wireless_msgs
[0.383s] -- Up-to-date: /home/arpg/jackal_ws/install/wireless_msgs/include/wireless_msgs/wireless_msgs/msg
[0.383s] -- Up-to-date: /home/arpg/jackal_ws/install/wireless_msgs/include/wireless_msgs/wireless_msgs/msg/detail
[0.383s] -- Up-to-date: /home/arpg/jackal_ws/install/wireless_msgs/include/wireless_msgs/wireless_msgs/msg/detail/network__type_support.cpp
[0.383s] -- Up-to-date: /home/arpg/jackal_ws/install/wireless_msgs/include/wireless_msgs/wireless_msgs/msg/detail/quality__rosidl_typesupport_introspection_cpp.hpp
[0.383s] -- Up-to-date: /home/arpg/jackal_ws/install/wireless_msgs/include/wireless_msgs/wireless_msgs/msg/detail/connection__rosidl_typesupport_introspection_cpp.hpp
[0.383s] -- Up-to-date: /home/arpg/jackal_ws/install/wireless_msgs/include/wireless_msgs/wireless_msgs/msg/detail/scan__type_support.cpp
[0.383s] -- Up-to-date: /home/arpg/jackal_ws/install/wireless_msgs/include/wireless_msgs/wireless_msgs/msg/detail/quality__type_support.cpp
[0.383s] -- Up-to-date: /home/arpg/jackal_ws/install/wireless_msgs/include/wireless_msgs/wireless_msgs/msg/detail/connection__type_support.cpp
[0.383s] -- Up-to-date: /home/arpg/jackal_ws/install/wireless_msgs/include/wireless_msgs/wireless_msgs/msg/detail/scan__rosidl_typesupport_introspection_cpp.hpp
[0.383s] -- Up-to-date: /home/arpg/jackal_ws/install/wireless_msgs/include/wireless_msgs/wireless_msgs/msg/detail/network__rosidl_typesupport_introspection_cpp.hpp
[0.383s] -- Up-to-date: /home/arpg/jackal_ws/install/wireless_msgs/lib/libwireless_msgs__rosidl_typesupport_introspection_cpp.so
[0.383s] -- Up-to-date: /home/arpg/jackal_ws/install/wireless_msgs/lib/libwireless_msgs__rosidl_typesupport_cpp.so
[0.383s] -- Up-to-date: /home/arpg/jackal_ws/install/wireless_msgs/share/wireless_msgs/environment/pythonpath.sh
[0.384s] -- Up-to-date: /home/arpg/jackal_ws/install/wireless_msgs/share/wireless_msgs/environment/pythonpath.dsv
[0.384s] -- Up-to-date: /home/arpg/jackal_ws/install/wireless_msgs/local/lib/python3.10/dist-packages/wireless_msgs-1.0.1-py3.10.egg-info
[0.384s] -- Installing: /home/arpg/jackal_ws/install/wireless_msgs/local/lib/python3.10/dist-packages/wireless_msgs-1.0.1-py3.10.egg-info/PKG-INFO
[0.385s] -- Installing: /home/arpg/jackal_ws/install/wireless_msgs/local/lib/python3.10/dist-packages/wireless_msgs-1.0.1-py3.10.egg-info/SOURCES.txt
[0.386s] -- Installing: /home/arpg/jackal_ws/install/wireless_msgs/local/lib/python3.10/dist-packages/wireless_msgs-1.0.1-py3.10.egg-info/top_level.txt
[0.386s] -- Installing: /home/arpg/jackal_ws/install/wireless_msgs/local/lib/python3.10/dist-packages/wireless_msgs-1.0.1-py3.10.egg-info/dependency_links.txt
[0.386s] -- Up-to-date: /home/arpg/jackal_ws/install/wireless_msgs/local/lib/python3.10/dist-packages/wireless_msgs
[0.386s] -- Up-to-date: /home/arpg/jackal_ws/install/wireless_msgs/local/lib/python3.10/dist-packages/wireless_msgs/_wireless_msgs_s.ep.rosidl_typesupport_fastrtps_c.c
[0.386s] -- Up-to-date: /home/arpg/jackal_ws/install/wireless_msgs/local/lib/python3.10/dist-packages/wireless_msgs/_wireless_msgs_s.ep.rosidl_typesupport_introspection_c.c
[0.387s] -- Up-to-date: /home/arpg/jackal_ws/install/wireless_msgs/local/lib/python3.10/dist-packages/wireless_msgs/wireless_msgs_s__rosidl_typesupport_c.cpython-310-x86_64-linux-gnu.so
[0.387s] -- Up-to-date: /home/arpg/jackal_ws/install/wireless_msgs/local/lib/python3.10/dist-packages/wireless_msgs/libwireless_msgs__rosidl_generator_py.so
[0.387s] -- Up-to-date: /home/arpg/jackal_ws/install/wireless_msgs/local/lib/python3.10/dist-packages/wireless_msgs/__init__.py
[0.387s] -- Up-to-date: /home/arpg/jackal_ws/install/wireless_msgs/local/lib/python3.10/dist-packages/wireless_msgs/msg
[0.387s] -- Up-to-date: /home/arpg/jackal_ws/install/wireless_msgs/local/lib/python3.10/dist-packages/wireless_msgs/msg/_connection_s.c
[0.387s] -- Up-to-date: /home/arpg/jackal_ws/install/wireless_msgs/local/lib/python3.10/dist-packages/wireless_msgs/msg/_scan.py
[0.387s] -- Up-to-date: /home/arpg/jackal_ws/install/wireless_msgs/local/lib/python3.10/dist-packages/wireless_msgs/msg/_quality.py
[0.387s] -- Up-to-date: /home/arpg/jackal_ws/install/wireless_msgs/local/lib/python3.10/dist-packages/wireless_msgs/msg/_network.py
[0.387s] -- Up-to-date: /home/arpg/jackal_ws/install/wireless_msgs/local/lib/python3.10/dist-packages/wireless_msgs/msg/_network_s.c
[0.388s] -- Up-to-date: /home/arpg/jackal_ws/install/wireless_msgs/local/lib/python3.10/dist-packages/wireless_msgs/msg/__init__.py
[0.388s] -- Up-to-date: /home/arpg/jackal_ws/install/wireless_msgs/local/lib/python3.10/dist-packages/wireless_msgs/msg/_quality_s.c
[0.388s] -- Up-to-date: /home/arpg/jackal_ws/install/wireless_msgs/local/lib/python3.10/dist-packages/wireless_msgs/msg/_scan_s.c
[0.388s] -- Up-to-date: /home/arpg/jackal_ws/install/wireless_msgs/local/lib/python3.10/dist-packages/wireless_msgs/msg/_connection.py
[0.388s] -- Up-to-date: /home/arpg/jackal_ws/install/wireless_msgs/local/lib/python3.10/dist-packages/wireless_msgs/wireless_msgs_s__rosidl_typesupport_introspection_c.cpython-310-x86_64-linux-gnu.so
[0.388s] -- Up-to-date: /home/arpg/jackal_ws/install/wireless_msgs/local/lib/python3.10/dist-packages/wireless_msgs/_wireless_msgs_s.ep.rosidl_typesupport_c.c
[0.388s] -- Up-to-date: /home/arpg/jackal_ws/install/wireless_msgs/local/lib/python3.10/dist-packages/wireless_msgs/wireless_msgs_s__rosidl_typesupport_fastrtps_c.cpython-310-x86_64-linux-gnu.so
[0.389s] Listing '/home/arpg/jackal_ws/install/wireless_msgs/local/lib/python3.10/dist-packages/wireless_msgs'...
[0.389s] Listing '/home/arpg/jackal_ws/install/wireless_msgs/local/lib/python3.10/dist-packages/wireless_msgs/msg'...
[0.390s] -- Up-to-date: /home/arpg/jackal_ws/install/wireless_msgs/local/lib/python3.10/dist-packages/wireless_msgs/wireless_msgs_s__rosidl_typesupport_fastrtps_c.cpython-310-x86_64-linux-gnu.so
[0.390s] -- Up-to-date: /home/arpg/jackal_ws/install/wireless_msgs/local/lib/python3.10/dist-packages/wireless_msgs/wireless_msgs_s__rosidl_typesupport_introspection_c.cpython-310-x86_64-linux-gnu.so
[0.391s] -- Up-to-date: /home/arpg/jackal_ws/install/wireless_msgs/local/lib/python3.10/dist-packages/wireless_msgs/wireless_msgs_s__rosidl_typesupport_c.cpython-310-x86_64-linux-gnu.so
[0.391s] -- Up-to-date: /home/arpg/jackal_ws/install/wireless_msgs/lib/libwireless_msgs__rosidl_generator_py.so
[0.391s] -- Up-to-date: /home/arpg/jackal_ws/install/wireless_msgs/share/wireless_msgs/msg/Connection.idl
[0.391s] -- Up-to-date: /home/arpg/jackal_ws/install/wireless_msgs/share/wireless_msgs/msg/Network.idl
[0.391s] -- Up-to-date: /home/arpg/jackal_ws/install/wireless_msgs/share/wireless_msgs/msg/Quality.idl
[0.391s] -- Up-to-date: /home/arpg/jackal_ws/install/wireless_msgs/share/wireless_msgs/msg/Scan.idl
[0.391s] -- Up-to-date: /home/arpg/jackal_ws/install/wireless_msgs/share/wireless_msgs/msg/Connection.msg
[0.391s] -- Up-to-date: /home/arpg/jackal_ws/install/wireless_msgs/share/wireless_msgs/msg/Network.msg
[0.391s] -- Up-to-date: /home/arpg/jackal_ws/install/wireless_msgs/share/wireless_msgs/msg/Quality.msg
[0.391s] -- Up-to-date: /home/arpg/jackal_ws/install/wireless_msgs/share/wireless_msgs/msg/Scan.msg
[0.391s] -- Up-to-date: /home/arpg/jackal_ws/install/wireless_msgs/share/ament_index/resource_index/package_run_dependencies/wireless_msgs
[0.391s] -- Up-to-date: /home/arpg/jackal_ws/install/wireless_msgs/share/ament_index/resource_index/parent_prefix_path/wireless_msgs
[0.392s] -- Up-to-date: /home/arpg/jackal_ws/install/wireless_msgs/share/wireless_msgs/environment/ament_prefix_path.sh
[0.392s] -- Up-to-date: /home/arpg/jackal_ws/install/wireless_msgs/share/wireless_msgs/environment/ament_prefix_path.dsv
[0.392s] -- Up-to-date: /home/arpg/jackal_ws/install/wireless_msgs/share/wireless_msgs/environment/path.sh
[0.392s] -- Up-to-date: /home/arpg/jackal_ws/install/wireless_msgs/share/wireless_msgs/environment/path.dsv
[0.392s] -- Up-to-date: /home/arpg/jackal_ws/install/wireless_msgs/share/wireless_msgs/local_setup.bash
[0.392s] -- Up-to-date: /home/arpg/jackal_ws/install/wireless_msgs/share/wireless_msgs/local_setup.sh
[0.392s] -- Up-to-date: /home/arpg/jackal_ws/install/wireless_msgs/share/wireless_msgs/local_setup.zsh
[0.392s] -- Up-to-date: /home/arpg/jackal_ws/install/wireless_msgs/share/wireless_msgs/local_setup.dsv
[0.392s] -- Installing: /home/arpg/jackal_ws/install/wireless_msgs/share/wireless_msgs/package.dsv
[0.392s] -- Up-to-date: /home/arpg/jackal_ws/install/wireless_msgs/share/ament_index/resource_index/packages/wireless_msgs
[0.392s] -- Up-to-date: /home/arpg/jackal_ws/install/wireless_msgs/share/wireless_msgs/cmake/export_wireless_msgs__rosidl_generator_cExport.cmake
[0.392s] -- Up-to-date: /home/arpg/jackal_ws/install/wireless_msgs/share/wireless_msgs/cmake/export_wireless_msgs__rosidl_generator_cExport-noconfig.cmake
[0.392s] -- Up-to-date: /home/arpg/jackal_ws/install/wireless_msgs/share/wireless_msgs/cmake/export_wireless_msgs__rosidl_typesupport_fastrtps_cExport.cmake
[0.392s] -- Up-to-date: /home/arpg/jackal_ws/install/wireless_msgs/share/wireless_msgs/cmake/export_wireless_msgs__rosidl_typesupport_fastrtps_cExport-noconfig.cmake
[0.392s] -- Up-to-date: /home/arpg/jackal_ws/install/wireless_msgs/share/wireless_msgs/cmake/export_wireless_msgs__rosidl_generator_cppExport.cmake
[0.392s] -- Up-to-date: /home/arpg/jackal_ws/install/wireless_msgs/share/wireless_msgs/cmake/export_wireless_msgs__rosidl_typesupport_fastrtps_cppExport.cmake
[0.392s] -- Up-to-date: /home/arpg/jackal_ws/install/wireless_msgs/share/wireless_msgs/cmake/export_wireless_msgs__rosidl_typesupport_fastrtps_cppExport-noconfig.cmake
[0.392s] -- Up-to-date: /home/arpg/jackal_ws/install/wireless_msgs/share/wireless_msgs/cmake/wireless_msgs__rosidl_typesupport_introspection_cExport.cmake
[0.392s] -- Up-to-date: /home/arpg/jackal_ws/install/wireless_msgs/share/wireless_msgs/cmake/wireless_msgs__rosidl_typesupport_introspection_cExport-noconfig.cmake
[0.392s] -- Up-to-date: /home/arpg/jackal_ws/install/wireless_msgs/share/wireless_msgs/cmake/wireless_msgs__rosidl_typesupport_cExport.cmake
[0.392s] -- Up-to-date: /home/arpg/jackal_ws/install/wireless_msgs/share/wireless_msgs/cmake/wireless_msgs__rosidl_typesupport_cExport-noconfig.cmake
[0.392s] -- Up-to-date: /home/arpg/jackal_ws/install/wireless_msgs/share/wireless_msgs/cmake/wireless_msgs__rosidl_typesupport_introspection_cppExport.cmake
[0.392s] -- Up-to-date: /home/arpg/jackal_ws/install/wireless_msgs/share/wireless_msgs/cmake/wireless_msgs__rosidl_typesupport_introspection_cppExport-noconfig.cmake
[0.392s] -- Up-to-date: /home/arpg/jackal_ws/install/wireless_msgs/share/wireless_msgs/cmake/wireless_msgs__rosidl_typesupport_cppExport.cmake
[0.392s] -- Up-to-date: /home/arpg/jackal_ws/install/wireless_msgs/share/wireless_msgs/cmake/wireless_msgs__rosidl_typesupport_cppExport-noconfig.cmake
[0.392s] -- Up-to-date: /home/arpg/jackal_ws/install/wireless_msgs/share/wireless_msgs/cmake/export_wireless_msgs__rosidl_generator_pyExport.cmake
[0.392s] -- Up-to-date: /home/arpg/jackal_ws/install/wireless_msgs/share/wireless_msgs/cmake/export_wireless_msgs__rosidl_generator_pyExport-noconfig.cmake
[0.392s] -- Up-to-date: /home/arpg/jackal_ws/install/wireless_msgs/share/wireless_msgs/cmake/rosidl_cmake-extras.cmake
[0.393s] -- Up-to-date: /home/arpg/jackal_ws/install/wireless_msgs/share/wireless_msgs/cmake/ament_cmake_export_dependencies-extras.cmake
[0.393s] -- Up-to-date: /home/arpg/jackal_ws/install/wireless_msgs/share/wireless_msgs/cmake/ament_cmake_export_include_directories-extras.cmake
[0.393s] -- Up-to-date: /home/arpg/jackal_ws/install/wireless_msgs/share/wireless_msgs/cmake/ament_cmake_export_libraries-extras.cmake
[0.393s] -- Up-to-date: /home/arpg/jackal_ws/install/wireless_msgs/share/wireless_msgs/cmake/ament_cmake_export_targets-extras.cmake
[0.393s] -- Up-to-date: /home/arpg/jackal_ws/install/wireless_msgs/share/wireless_msgs/cmake/rosidl_cmake_export_typesupport_targets-extras.cmake
[0.393s] -- Up-to-date: /home/arpg/jackal_ws/install/wireless_msgs/share/wireless_msgs/cmake/rosidl_cmake_export_typesupport_libraries-extras.cmake
[0.393s] -- Up-to-date: /home/arpg/jackal_ws/install/wireless_msgs/share/wireless_msgs/cmake/wireless_msgsConfig.cmake
[0.393s] -- Up-to-date: /home/arpg/jackal_ws/install/wireless_msgs/share/wireless_msgs/cmake/wireless_msgsConfig-version.cmake
[0.393s] -- Up-to-date: /home/arpg/jackal_ws/install/wireless_msgs/share/wireless_msgs/package.xml
[0.412s] Invoked command in '/home/arpg/jackal_ws/build/wireless_msgs' returned '0': CMAKE_PREFIX_PATH=${CMAKE_PREFIX_PATH}:/home/arpg/jackal_ws/install/wireless_watcher:/opt/ros/humble /usr/bin/cmake --install /home/arpg/jackal_ws/build/wireless_msgs
