[0.071s] Invoking command in '/home/arpg/jackal_ws/build/jackal_control': AMENT_PREFIX_PATH=/home/arpg/jackal_ws/install/jackal_description:${AMENT_PREFIX_PATH} CMAKE_PREFIX_PATH=/home/arpg/jackal_ws/install/jackal_description:/opt/ros/humble /usr/bin/cmake --build /home/arpg/jackal_ws/build/jackal_control -- -j32 -l32
[0.086s] Invoked command in '/home/arpg/jackal_ws/build/jackal_control' returned '0': AMENT_PREFIX_PATH=/home/arpg/jackal_ws/install/jackal_description:${AMENT_PREFIX_PATH} CMAKE_PREFIX_PATH=/home/arpg/jackal_ws/install/jackal_description:/opt/ros/humble /usr/bin/cmake --build /home/arpg/jackal_ws/build/jackal_control -- -j32 -l32
[0.092s] Invoking command in '/home/arpg/jackal_ws/build/jackal_control': AMENT_PREFIX_PATH=/home/arpg/jackal_ws/install/jackal_description:${AMENT_PREFIX_PATH} CMAKE_PREFIX_PATH=/home/arpg/jackal_ws/install/jackal_description:/opt/ros/humble /usr/bin/cmake --install /home/arpg/jackal_ws/build/jackal_control
[0.095s] -- Install configuration: ""
[0.095s] -- Up-to-date: /home/arpg/jackal_ws/install/jackal_control/share/jackal_control/config
[0.095s] -- Up-to-date: /home/arpg/jackal_ws/install/jackal_control/share/jackal_control/config/teleop_logitech.yaml
[0.095s] -- Up-to-date: /home/arpg/jackal_ws/install/jackal_control/share/jackal_control/config/teleop_ps4.yaml
[0.095s] -- Up-to-date: /home/arpg/jackal_ws/install/jackal_control/share/jackal_control/config/imu_filter.yaml
[0.096s] -- Up-to-date: /home/arpg/jackal_ws/install/jackal_control/share/jackal_control/config/control.yaml
[0.096s] -- Up-to-date: /home/arpg/jackal_ws/install/jackal_control/share/jackal_control/config/localization.yaml
[0.096s] -- Up-to-date: /home/arpg/jackal_ws/install/jackal_control/share/jackal_control/config/twist_mux.yaml
[0.096s] -- Up-to-date: /home/arpg/jackal_ws/install/jackal_control/share/jackal_control/config/teleop_interactive_markers.yaml
[0.096s] -- Up-to-date: /home/arpg/jackal_ws/install/jackal_control/share/jackal_control/launch
[0.096s] -- Installing: /home/arpg/jackal_ws/install/jackal_control/share/jackal_control/launch/control.launch.py
[0.096s] -- Up-to-date: /home/arpg/jackal_ws/install/jackal_control/share/jackal_control/launch/teleop_joy.launch.py
[0.097s] -- Up-to-date: /home/arpg/jackal_ws/install/jackal_control/share/jackal_control/launch/teleop_base.launch.py
[0.097s] -- Up-to-date: /home/arpg/jackal_ws/install/jackal_control/share/ament_index/resource_index/package_run_dependencies/jackal_control
[0.097s] -- Up-to-date: /home/arpg/jackal_ws/install/jackal_control/share/ament_index/resource_index/parent_prefix_path/jackal_control
[0.097s] -- Up-to-date: /home/arpg/jackal_ws/install/jackal_control/share/jackal_control/environment/ament_prefix_path.sh
[0.097s] -- Up-to-date: /home/arpg/jackal_ws/install/jackal_control/share/jackal_control/environment/ament_prefix_path.dsv
[0.097s] -- Up-to-date: /home/arpg/jackal_ws/install/jackal_control/share/jackal_control/environment/path.sh
[0.097s] -- Up-to-date: /home/arpg/jackal_ws/install/jackal_control/share/jackal_control/environment/path.dsv
[0.097s] -- Up-to-date: /home/arpg/jackal_ws/install/jackal_control/share/jackal_control/local_setup.bash
[0.098s] -- Up-to-date: /home/arpg/jackal_ws/install/jackal_control/share/jackal_control/local_setup.sh
[0.098s] -- Up-to-date: /home/arpg/jackal_ws/install/jackal_control/share/jackal_control/local_setup.zsh
[0.098s] -- Up-to-date: /home/arpg/jackal_ws/install/jackal_control/share/jackal_control/local_setup.dsv
[0.098s] -- Up-to-date: /home/arpg/jackal_ws/install/jackal_control/share/jackal_control/package.dsv
[0.098s] -- Up-to-date: /home/arpg/jackal_ws/install/jackal_control/share/ament_index/resource_index/packages/jackal_control
[0.098s] -- Up-to-date: /home/arpg/jackal_ws/install/jackal_control/share/jackal_control/cmake/jackal_controlConfig.cmake
[0.098s] -- Up-to-date: /home/arpg/jackal_ws/install/jackal_control/share/jackal_control/cmake/jackal_controlConfig-version.cmake
[0.099s] -- Up-to-date: /home/arpg/jackal_ws/install/jackal_control/share/jackal_control/package.xml
[0.099s] Invoked command in '/home/arpg/jackal_ws/build/jackal_control' returned '0': AMENT_PREFIX_PATH=/home/arpg/jackal_ws/install/jackal_description:${AMENT_PREFIX_PATH} CMAKE_PREFIX_PATH=/home/arpg/jackal_ws/install/jackal_description:/opt/ros/humble /usr/bin/cmake --install /home/arpg/jackal_ws/build/jackal_control
