running egg_info
creating ../../../build/wireless_watcher/wireless_watcher.egg-info
writing ../../../build/wireless_watcher/wireless_watcher.egg-info/PKG-INFO
writing dependency_links to ../../../build/wireless_watcher/wireless_watcher.egg-info/dependency_links.txt
writing entry points to ../../../build/wireless_watcher/wireless_watcher.egg-info/entry_points.txt
writing requirements to ../../../build/wireless_watcher/wireless_watcher.egg-info/requires.txt
writing top-level names to ../../../build/wireless_watcher/wireless_watcher.egg-info/top_level.txt
writing manifest file '../../../build/wireless_watcher/wireless_watcher.egg-info/SOURCES.txt'
reading manifest file '../../../build/wireless_watcher/wireless_watcher.egg-info/SOURCES.txt'
writing manifest file '../../../build/wireless_watcher/wireless_watcher.egg-info/SOURCES.txt'
running build
running build_py
creating /home/arpg/jackal_ws/build/wireless_watcher/build
creating /home/arpg/jackal_ws/build/wireless_watcher/build/lib
creating /home/arpg/jackal_ws/build/wireless_watcher/build/lib/wireless_watcher
copying wireless_watcher/wireless_watcher.py -> /home/arpg/jackal_ws/build/wireless_watcher/build/lib/wireless_watcher
copying wireless_watcher/__init__.py -> /home/arpg/jackal_ws/build/wireless_watcher/build/lib/wireless_watcher
running install
/usr/lib/python3/dist-packages/setuptools/command/install.py:34: SetuptoolsDeprecationWarning: setup.py install is deprecated. Use build and pip and other standards-based tools.
  warnings.warn(
running install_lib
creating /home/arpg/jackal_ws/install/wireless_watcher/lib/python3.10/site-packages/wireless_watcher
copying /home/arpg/jackal_ws/build/wireless_watcher/build/lib/wireless_watcher/wireless_watcher.py -> /home/arpg/jackal_ws/install/wireless_watcher/lib/python3.10/site-packages/wireless_watcher
copying /home/arpg/jackal_ws/build/wireless_watcher/build/lib/wireless_watcher/__init__.py -> /home/arpg/jackal_ws/install/wireless_watcher/lib/python3.10/site-packages/wireless_watcher
byte-compiling /home/arpg/jackal_ws/install/wireless_watcher/lib/python3.10/site-packages/wireless_watcher/wireless_watcher.py to wireless_watcher.cpython-310.pyc
byte-compiling /home/arpg/jackal_ws/install/wireless_watcher/lib/python3.10/site-packages/wireless_watcher/__init__.py to __init__.cpython-310.pyc
running install_data
creating /home/arpg/jackal_ws/install/wireless_watcher/share/ament_index
creating /home/arpg/jackal_ws/install/wireless_watcher/share/ament_index/resource_index
creating /home/arpg/jackal_ws/install/wireless_watcher/share/ament_index/resource_index/packages
copying resource/wireless_watcher -> /home/arpg/jackal_ws/install/wireless_watcher/share/ament_index/resource_index/packages
copying package.xml -> /home/arpg/jackal_ws/install/wireless_watcher/share/wireless_watcher
creating /home/arpg/jackal_ws/install/wireless_watcher/share/wireless_watcher/launch
copying launch/watcher.launch.py -> /home/arpg/jackal_ws/install/wireless_watcher/share/wireless_watcher/launch
running install_egg_info
Copying ../../../build/wireless_watcher/wireless_watcher.egg-info to /home/arpg/jackal_ws/install/wireless_watcher/lib/python3.10/site-packages/wireless_watcher-1.0.1-py3.10.egg-info
running install_scripts
Installing wireless_watcher script to /home/arpg/jackal_ws/install/wireless_watcher/lib/wireless_watcher
writing list of installed files to '/home/arpg/jackal_ws/build/wireless_watcher/install.log'
