[0.358s] Invoking command in '/home/arpg/jackal_ws/src/wireless/wireless_watcher': AMENT_PREFIX_PATH=/home/arpg/jackal_ws/install/wireless_msgs:${AMENT_PREFIX_PATH} CMAKE_PREFIX_PATH=/home/arpg/jackal_ws/install/wireless_msgs LD_LIBRARY_PATH=/home/arpg/jackal_ws/install/wireless_msgs/lib:${LD_LIBRARY_PATH} PYTHONPATH=/home/arpg/jackal_ws/build/wireless_watcher/prefix_override:/home/arpg/jackal_ws/install/wireless_watcher/lib/python3.10/site-packages:/home/arpg/jackal_ws/install/wireless_msgs/local/lib/python3.10/dist-packages:${PYTHONPATH} /usr/bin/python3 setup.py egg_info --egg-base ../../../build/wireless_watcher build --build-base /home/arpg/jackal_ws/build/wireless_watcher/build install --record /home/arpg/jackal_ws/build/wireless_watcher/install.log --single-version-externally-managed
[0.456s] running egg_info
[0.456s] creating ../../../build/wireless_watcher/wireless_watcher.egg-info
[0.456s] writing ../../../build/wireless_watcher/wireless_watcher.egg-info/PKG-INFO
[0.456s] writing dependency_links to ../../../build/wireless_watcher/wireless_watcher.egg-info/dependency_links.txt
[0.456s] writing entry points to ../../../build/wireless_watcher/wireless_watcher.egg-info/entry_points.txt
[0.456s] writing requirements to ../../../build/wireless_watcher/wireless_watcher.egg-info/requires.txt
[0.456s] writing top-level names to ../../../build/wireless_watcher/wireless_watcher.egg-info/top_level.txt
[0.456s] writing manifest file '../../../build/wireless_watcher/wireless_watcher.egg-info/SOURCES.txt'
[0.457s] reading manifest file '../../../build/wireless_watcher/wireless_watcher.egg-info/SOURCES.txt'
[0.457s] writing manifest file '../../../build/wireless_watcher/wireless_watcher.egg-info/SOURCES.txt'
[0.457s] running build
[0.457s] running build_py
[0.457s] creating /home/arpg/jackal_ws/build/wireless_watcher/build
[0.457s] creating /home/arpg/jackal_ws/build/wireless_watcher/build/lib
[0.457s] creating /home/arpg/jackal_ws/build/wireless_watcher/build/lib/wireless_watcher
[0.457s] copying wireless_watcher/wireless_watcher.py -> /home/arpg/jackal_ws/build/wireless_watcher/build/lib/wireless_watcher
[0.457s] copying wireless_watcher/__init__.py -> /home/arpg/jackal_ws/build/wireless_watcher/build/lib/wireless_watcher
[0.457s] running install
[0.458s] /usr/lib/python3/dist-packages/setuptools/command/install.py:34: SetuptoolsDeprecationWarning: setup.py install is deprecated. Use build and pip and other standards-based tools.
[0.458s]   warnings.warn(
[0.458s] running install_lib
[0.458s] creating /home/arpg/jackal_ws/install/wireless_watcher/lib/python3.10/site-packages/wireless_watcher
[0.458s] copying /home/arpg/jackal_ws/build/wireless_watcher/build/lib/wireless_watcher/wireless_watcher.py -> /home/arpg/jackal_ws/install/wireless_watcher/lib/python3.10/site-packages/wireless_watcher
[0.458s] copying /home/arpg/jackal_ws/build/wireless_watcher/build/lib/wireless_watcher/__init__.py -> /home/arpg/jackal_ws/install/wireless_watcher/lib/python3.10/site-packages/wireless_watcher
[0.459s] byte-compiling /home/arpg/jackal_ws/install/wireless_watcher/lib/python3.10/site-packages/wireless_watcher/wireless_watcher.py to wireless_watcher.cpython-310.pyc
[0.459s] byte-compiling /home/arpg/jackal_ws/install/wireless_watcher/lib/python3.10/site-packages/wireless_watcher/__init__.py to __init__.cpython-310.pyc
[0.459s] running install_data
[0.459s] creating /home/arpg/jackal_ws/install/wireless_watcher/share/ament_index
[0.459s] creating /home/arpg/jackal_ws/install/wireless_watcher/share/ament_index/resource_index
[0.459s] creating /home/arpg/jackal_ws/install/wireless_watcher/share/ament_index/resource_index/packages
[0.459s] copying resource/wireless_watcher -> /home/arpg/jackal_ws/install/wireless_watcher/share/ament_index/resource_index/packages
[0.459s] copying package.xml -> /home/arpg/jackal_ws/install/wireless_watcher/share/wireless_watcher
[0.459s] creating /home/arpg/jackal_ws/install/wireless_watcher/share/wireless_watcher/launch
[0.459s] copying launch/watcher.launch.py -> /home/arpg/jackal_ws/install/wireless_watcher/share/wireless_watcher/launch
[0.459s] running install_egg_info
[0.460s] Copying ../../../build/wireless_watcher/wireless_watcher.egg-info to /home/arpg/jackal_ws/install/wireless_watcher/lib/python3.10/site-packages/wireless_watcher-1.0.1-py3.10.egg-info
[0.460s] running install_scripts
[0.470s] Installing wireless_watcher script to /home/arpg/jackal_ws/install/wireless_watcher/lib/wireless_watcher
[0.470s] writing list of installed files to '/home/arpg/jackal_ws/build/wireless_watcher/install.log'
[0.480s] Invoked command in '/home/arpg/jackal_ws/src/wireless/wireless_watcher' returned '0': AMENT_PREFIX_PATH=/home/arpg/jackal_ws/install/wireless_msgs:${AMENT_PREFIX_PATH} CMAKE_PREFIX_PATH=/home/arpg/jackal_ws/install/wireless_msgs LD_LIBRARY_PATH=/home/arpg/jackal_ws/install/wireless_msgs/lib:${LD_LIBRARY_PATH} PYTHONPATH=/home/arpg/jackal_ws/build/wireless_watcher/prefix_override:/home/arpg/jackal_ws/install/wireless_watcher/lib/python3.10/site-packages:/home/arpg/jackal_ws/install/wireless_msgs/local/lib/python3.10/dist-packages:${PYTHONPATH} /usr/bin/python3 setup.py egg_info --egg-base ../../../build/wireless_watcher build --build-base /home/arpg/jackal_ws/build/wireless_watcher/build install --record /home/arpg/jackal_ws/build/wireless_watcher/install.log --single-version-externally-managed
