[0.072s] Invoking command in '/home/arpg/jackal_ws/build/jackal_msgs': CMAKE_PREFIX_PATH=${CMAKE_PREFIX_PATH}:/home/arpg/jackal_ws/install/wireless_watcher:/opt/ros/humble /usr/bin/cmake --build /home/arpg/jackal_ws/build/jackal_msgs -- -j32 -l32
[0.089s] [35m[1mConsolidate compiler generated dependencies of target jackal_msgs__rosidl_generator_c[0m
[0.094s] [  1%] Built target jackal_msgs__cpp
[0.095s] [ 12%] Built target jackal_msgs__rosidl_generator_c
[0.097s] [ 12%] Built target ament_cmake_python_copy_jackal_msgs
[0.100s] [35m[1mConsolidate compiler generated dependencies of target jackal_msgs__rosidl_typesupport_introspection_cpp[0m
[0.101s] [35m[1mConsolidate compiler generated dependencies of target jackal_msgs__rosidl_typesupport_cpp[0m
[0.101s] [35m[1mConsolidate compiler generated dependencies of target jackal_msgs__rosidl_typesupport_c[0m
[0.101s] [35m[1mConsolidate compiler generated dependencies of target jackal_msgs__rosidl_typesupport_fastrtps_c[0m
[0.102s] [35m[1mConsolidate compiler generated dependencies of target jackal_msgs__rosidl_typesupport_fastrtps_cpp[0m
[0.104s] [35m[1mConsolidate compiler generated dependencies of target jackal_msgs__rosidl_typesupport_introspection_c[0m
[0.108s] [ 24%] Built target jackal_msgs__rosidl_typesupport_c
[0.116s] [ 35%] Built target jackal_msgs__rosidl_typesupport_fastrtps_c
[0.127s] [ 46%] Built target jackal_msgs__rosidl_typesupport_cpp
[0.138s] [ 58%] Built target jackal_msgs__rosidl_typesupport_introspection_cpp
[0.138s] [ 69%] Built target jackal_msgs__rosidl_typesupport_introspection_c
[0.138s] [ 81%] Built target jackal_msgs__rosidl_typesupport_fastrtps_cpp
[0.139s] [ 81%] Built target jackal_msgs
[0.139s] [ 82%] Built target jackal_msgs__py
[0.139s] [35m[1mConsolidate compiler generated dependencies of target jackal_msgs__rosidl_generator_py[0m
[0.141s] [ 92%] Built target jackal_msgs__rosidl_generator_py
[0.145s] [35m[1mConsolidate compiler generated dependencies of target jackal_msgs__rosidl_typesupport_fastrtps_c__pyext[0m
[0.147s] [35m[1mConsolidate compiler generated dependencies of target jackal_msgs__rosidl_typesupport_introspection_c__pyext[0m
[0.148s] [35m[1mConsolidate compiler generated dependencies of target jackal_msgs__rosidl_typesupport_c__pyext[0m
[0.151s] [ 94%] Built target jackal_msgs__rosidl_typesupport_fastrtps_c__pyext
[0.154s] [ 97%] Built target jackal_msgs__rosidl_typesupport_introspection_c__pyext
[0.154s] [100%] Built target jackal_msgs__rosidl_typesupport_c__pyext
[0.207s] running egg_info
[0.208s] writing jackal_msgs.egg-info/PKG-INFO
[0.208s] writing dependency_links to jackal_msgs.egg-info/dependency_links.txt
[0.209s] writing top-level names to jackal_msgs.egg-info/top_level.txt
[0.209s] reading manifest file 'jackal_msgs.egg-info/SOURCES.txt'
[0.209s] writing manifest file 'jackal_msgs.egg-info/SOURCES.txt'
[0.221s] [100%] Built target ament_cmake_python_build_jackal_msgs_egg
[0.283s] Invoked command in '/home/arpg/jackal_ws/build/jackal_msgs' returned '0': CMAKE_PREFIX_PATH=${CMAKE_PREFIX_PATH}:/home/arpg/jackal_ws/install/wireless_watcher:/opt/ros/humble /usr/bin/cmake --build /home/arpg/jackal_ws/build/jackal_msgs -- -j32 -l32
[0.387s] Invoking command in '/home/arpg/jackal_ws/build/jackal_msgs': CMAKE_PREFIX_PATH=${CMAKE_PREFIX_PATH}:/home/arpg/jackal_ws/install/wireless_watcher:/opt/ros/humble /usr/bin/cmake --install /home/arpg/jackal_ws/build/jackal_msgs
[0.412s] -- Install configuration: ""
[0.412s] -- Up-to-date: /home/arpg/jackal_ws/install/jackal_msgs/share/ament_index/resource_index/rosidl_interfaces/jackal_msgs
[0.412s] -- Up-to-date: /home/arpg/jackal_ws/install/jackal_msgs/include/jackal_msgs/jackal_msgs
[0.412s] -- Up-to-date: /home/arpg/jackal_ws/install/jackal_msgs/include/jackal_msgs/jackal_msgs/srv
[0.412s] -- Up-to-date: /home/arpg/jackal_ws/install/jackal_msgs/include/jackal_msgs/jackal_msgs/srv/detail
[0.412s] -- Up-to-date: /home/arpg/jackal_ws/install/jackal_msgs/include/jackal_msgs/jackal_msgs/srv/detail/set_domain_id__functions.c
[0.412s] -- Up-to-date: /home/arpg/jackal_ws/install/jackal_msgs/include/jackal_msgs/jackal_msgs/srv/detail/set_domain_id__functions.h
[0.413s] -- Up-to-date: /home/arpg/jackal_ws/install/jackal_msgs/include/jackal_msgs/jackal_msgs/srv/detail/set_domain_id__struct.h
[0.413s] -- Up-to-date: /home/arpg/jackal_ws/install/jackal_msgs/include/jackal_msgs/jackal_msgs/srv/detail/set_domain_id__type_support.h
[0.413s] -- Up-to-date: /home/arpg/jackal_ws/install/jackal_msgs/include/jackal_msgs/jackal_msgs/srv/set_domain_id.h
[0.413s] -- Up-to-date: /home/arpg/jackal_ws/install/jackal_msgs/include/jackal_msgs/jackal_msgs/msg
[0.413s] -- Up-to-date: /home/arpg/jackal_ws/install/jackal_msgs/include/jackal_msgs/jackal_msgs/msg/drive.h
[0.413s] -- Up-to-date: /home/arpg/jackal_ws/install/jackal_msgs/include/jackal_msgs/jackal_msgs/msg/status.h
[0.413s] -- Up-to-date: /home/arpg/jackal_ws/install/jackal_msgs/include/jackal_msgs/jackal_msgs/msg/stop_status.h
[0.414s] -- Up-to-date: /home/arpg/jackal_ws/install/jackal_msgs/include/jackal_msgs/jackal_msgs/msg/detail
[0.414s] -- Up-to-date: /home/arpg/jackal_ws/install/jackal_msgs/include/jackal_msgs/jackal_msgs/msg/detail/status__functions.c
[0.414s] -- Up-to-date: /home/arpg/jackal_ws/install/jackal_msgs/include/jackal_msgs/jackal_msgs/msg/detail/drive_feedback__type_support.h
[0.414s] -- Up-to-date: /home/arpg/jackal_ws/install/jackal_msgs/include/jackal_msgs/jackal_msgs/msg/detail/stop_status__functions.h
[0.415s] -- Up-to-date: /home/arpg/jackal_ws/install/jackal_msgs/include/jackal_msgs/jackal_msgs/msg/detail/drive_feedback__struct.h
[0.415s] -- Up-to-date: /home/arpg/jackal_ws/install/jackal_msgs/include/jackal_msgs/jackal_msgs/msg/detail/power__functions.h
[0.415s] -- Up-to-date: /home/arpg/jackal_ws/install/jackal_msgs/include/jackal_msgs/jackal_msgs/msg/detail/stop_status__struct.h
[0.415s] -- Up-to-date: /home/arpg/jackal_ws/install/jackal_msgs/include/jackal_msgs/jackal_msgs/msg/detail/drive__functions.h
[0.415s] -- Up-to-date: /home/arpg/jackal_ws/install/jackal_msgs/include/jackal_msgs/jackal_msgs/msg/detail/stop_status__functions.c
[0.416s] -- Up-to-date: /home/arpg/jackal_ws/install/jackal_msgs/include/jackal_msgs/jackal_msgs/msg/detail/power__type_support.h
[0.416s] -- Up-to-date: /home/arpg/jackal_ws/install/jackal_msgs/include/jackal_msgs/jackal_msgs/msg/detail/status__struct.h
[0.416s] -- Up-to-date: /home/arpg/jackal_ws/install/jackal_msgs/include/jackal_msgs/jackal_msgs/msg/detail/feedback__functions.h
[0.416s] -- Up-to-date: /home/arpg/jackal_ws/install/jackal_msgs/include/jackal_msgs/jackal_msgs/msg/detail/drive__struct.h
[0.417s] -- Up-to-date: /home/arpg/jackal_ws/install/jackal_msgs/include/jackal_msgs/jackal_msgs/msg/detail/drive_feedback__functions.h
[0.417s] -- Up-to-date: /home/arpg/jackal_ws/install/jackal_msgs/include/jackal_msgs/jackal_msgs/msg/detail/drive__functions.c
[0.417s] -- Up-to-date: /home/arpg/jackal_ws/install/jackal_msgs/include/jackal_msgs/jackal_msgs/msg/detail/drive_feedback__functions.c
[0.417s] -- Up-to-date: /home/arpg/jackal_ws/install/jackal_msgs/include/jackal_msgs/jackal_msgs/msg/detail/status__type_support.h
[0.417s] -- Up-to-date: /home/arpg/jackal_ws/install/jackal_msgs/include/jackal_msgs/jackal_msgs/msg/detail/power__struct.h
[0.418s] -- Up-to-date: /home/arpg/jackal_ws/install/jackal_msgs/include/jackal_msgs/jackal_msgs/msg/detail/feedback__functions.c
[0.418s] -- Up-to-date: /home/arpg/jackal_ws/install/jackal_msgs/include/jackal_msgs/jackal_msgs/msg/detail/drive__type_support.h
[0.418s] -- Up-to-date: /home/arpg/jackal_ws/install/jackal_msgs/include/jackal_msgs/jackal_msgs/msg/detail/feedback__struct.h
[0.418s] -- Up-to-date: /home/arpg/jackal_ws/install/jackal_msgs/include/jackal_msgs/jackal_msgs/msg/detail/status__functions.h
[0.418s] -- Up-to-date: /home/arpg/jackal_ws/install/jackal_msgs/include/jackal_msgs/jackal_msgs/msg/detail/power__functions.c
[0.419s] -- Up-to-date: /home/arpg/jackal_ws/install/jackal_msgs/include/jackal_msgs/jackal_msgs/msg/detail/feedback__type_support.h
[0.420s] -- Up-to-date: /home/arpg/jackal_ws/install/jackal_msgs/include/jackal_msgs/jackal_msgs/msg/detail/stop_status__type_support.h
[0.420s] -- Up-to-date: /home/arpg/jackal_ws/install/jackal_msgs/include/jackal_msgs/jackal_msgs/msg/power.h
[0.420s] -- Up-to-date: /home/arpg/jackal_ws/install/jackal_msgs/include/jackal_msgs/jackal_msgs/msg/feedback.h
[0.420s] -- Up-to-date: /home/arpg/jackal_ws/install/jackal_msgs/include/jackal_msgs/jackal_msgs/msg/drive_feedback.h
[0.420s] -- Up-to-date: /home/arpg/jackal_ws/install/jackal_msgs/include/jackal_msgs/jackal_msgs/msg/rosidl_generator_c__visibility_control.h
[0.420s] -- Up-to-date: /home/arpg/jackal_ws/install/jackal_msgs/share/jackal_msgs/environment/library_path.sh
[0.421s] -- Up-to-date: /home/arpg/jackal_ws/install/jackal_msgs/share/jackal_msgs/environment/library_path.dsv
[0.421s] -- Up-to-date: /home/arpg/jackal_ws/install/jackal_msgs/lib/libjackal_msgs__rosidl_generator_c.so
[0.421s] -- Up-to-date: /home/arpg/jackal_ws/install/jackal_msgs/include/jackal_msgs/jackal_msgs
[0.421s] -- Up-to-date: /home/arpg/jackal_ws/install/jackal_msgs/include/jackal_msgs/jackal_msgs/srv
[0.421s] -- Up-to-date: /home/arpg/jackal_ws/install/jackal_msgs/include/jackal_msgs/jackal_msgs/srv/detail
[0.421s] -- Up-to-date: /home/arpg/jackal_ws/install/jackal_msgs/include/jackal_msgs/jackal_msgs/srv/detail/set_domain_id__rosidl_typesupport_fastrtps_c.h
[0.422s] -- Up-to-date: /home/arpg/jackal_ws/install/jackal_msgs/include/jackal_msgs/jackal_msgs/msg
[0.422s] -- Up-to-date: /home/arpg/jackal_ws/install/jackal_msgs/include/jackal_msgs/jackal_msgs/msg/detail
[0.422s] -- Up-to-date: /home/arpg/jackal_ws/install/jackal_msgs/include/jackal_msgs/jackal_msgs/msg/detail/drive__rosidl_typesupport_fastrtps_c.h
[0.422s] -- Up-to-date: /home/arpg/jackal_ws/install/jackal_msgs/include/jackal_msgs/jackal_msgs/msg/detail/feedback__rosidl_typesupport_fastrtps_c.h
[0.422s] -- Up-to-date: /home/arpg/jackal_ws/install/jackal_msgs/include/jackal_msgs/jackal_msgs/msg/detail/power__rosidl_typesupport_fastrtps_c.h
[0.422s] -- Up-to-date: /home/arpg/jackal_ws/install/jackal_msgs/include/jackal_msgs/jackal_msgs/msg/detail/drive_feedback__rosidl_typesupport_fastrtps_c.h
[0.422s] -- Up-to-date: /home/arpg/jackal_ws/install/jackal_msgs/include/jackal_msgs/jackal_msgs/msg/detail/stop_status__rosidl_typesupport_fastrtps_c.h
[0.423s] -- Up-to-date: /home/arpg/jackal_ws/install/jackal_msgs/include/jackal_msgs/jackal_msgs/msg/detail/status__rosidl_typesupport_fastrtps_c.h
[0.423s] -- Up-to-date: /home/arpg/jackal_ws/install/jackal_msgs/include/jackal_msgs/jackal_msgs/msg/rosidl_typesupport_fastrtps_c__visibility_control.h
[0.423s] -- Up-to-date: /home/arpg/jackal_ws/install/jackal_msgs/lib/libjackal_msgs__rosidl_typesupport_fastrtps_c.so
[0.423s] -- Up-to-date: /home/arpg/jackal_ws/install/jackal_msgs/include/jackal_msgs/jackal_msgs
[0.423s] -- Up-to-date: /home/arpg/jackal_ws/install/jackal_msgs/include/jackal_msgs/jackal_msgs/srv
[0.423s] -- Up-to-date: /home/arpg/jackal_ws/install/jackal_msgs/include/jackal_msgs/jackal_msgs/srv/detail
[0.423s] -- Up-to-date: /home/arpg/jackal_ws/install/jackal_msgs/include/jackal_msgs/jackal_msgs/srv/detail/set_domain_id__traits.hpp
[0.423s] -- Up-to-date: /home/arpg/jackal_ws/install/jackal_msgs/include/jackal_msgs/jackal_msgs/srv/detail/set_domain_id__builder.hpp
[0.423s] -- Up-to-date: /home/arpg/jackal_ws/install/jackal_msgs/include/jackal_msgs/jackal_msgs/srv/detail/set_domain_id__struct.hpp
[0.423s] -- Up-to-date: /home/arpg/jackal_ws/install/jackal_msgs/include/jackal_msgs/jackal_msgs/srv/set_domain_id.hpp
[0.423s] -- Up-to-date: /home/arpg/jackal_ws/install/jackal_msgs/include/jackal_msgs/jackal_msgs/msg
[0.423s] -- Up-to-date: /home/arpg/jackal_ws/install/jackal_msgs/include/jackal_msgs/jackal_msgs/msg/detail
[0.423s] -- Up-to-date: /home/arpg/jackal_ws/install/jackal_msgs/include/jackal_msgs/jackal_msgs/msg/detail/drive_feedback__builder.hpp
[0.423s] -- Up-to-date: /home/arpg/jackal_ws/install/jackal_msgs/include/jackal_msgs/jackal_msgs/msg/detail/power__builder.hpp
[0.423s] -- Up-to-date: /home/arpg/jackal_ws/install/jackal_msgs/include/jackal_msgs/jackal_msgs/msg/detail/status__traits.hpp
[0.423s] -- Up-to-date: /home/arpg/jackal_ws/install/jackal_msgs/include/jackal_msgs/jackal_msgs/msg/detail/drive__struct.hpp
[0.423s] -- Up-to-date: /home/arpg/jackal_ws/install/jackal_msgs/include/jackal_msgs/jackal_msgs/msg/detail/stop_status__struct.hpp
[0.423s] -- Up-to-date: /home/arpg/jackal_ws/install/jackal_msgs/include/jackal_msgs/jackal_msgs/msg/detail/status__builder.hpp
[0.423s] -- Up-to-date: /home/arpg/jackal_ws/install/jackal_msgs/include/jackal_msgs/jackal_msgs/msg/detail/feedback__traits.hpp
[0.423s] -- Up-to-date: /home/arpg/jackal_ws/install/jackal_msgs/include/jackal_msgs/jackal_msgs/msg/detail/drive__traits.hpp
[0.423s] -- Up-to-date: /home/arpg/jackal_ws/install/jackal_msgs/include/jackal_msgs/jackal_msgs/msg/detail/drive_feedback__traits.hpp
[0.423s] -- Up-to-date: /home/arpg/jackal_ws/install/jackal_msgs/include/jackal_msgs/jackal_msgs/msg/detail/status__struct.hpp
[0.423s] -- Up-to-date: /home/arpg/jackal_ws/install/jackal_msgs/include/jackal_msgs/jackal_msgs/msg/detail/drive__builder.hpp
[0.423s] -- Up-to-date: /home/arpg/jackal_ws/install/jackal_msgs/include/jackal_msgs/jackal_msgs/msg/detail/stop_status__traits.hpp
[0.423s] -- Up-to-date: /home/arpg/jackal_ws/install/jackal_msgs/include/jackal_msgs/jackal_msgs/msg/detail/feedback__builder.hpp
[0.423s] -- Up-to-date: /home/arpg/jackal_ws/install/jackal_msgs/include/jackal_msgs/jackal_msgs/msg/detail/power__struct.hpp
[0.423s] -- Up-to-date: /home/arpg/jackal_ws/install/jackal_msgs/include/jackal_msgs/jackal_msgs/msg/detail/drive_feedback__struct.hpp
[0.423s] -- Up-to-date: /home/arpg/jackal_ws/install/jackal_msgs/include/jackal_msgs/jackal_msgs/msg/detail/feedback__struct.hpp
[0.423s] -- Up-to-date: /home/arpg/jackal_ws/install/jackal_msgs/include/jackal_msgs/jackal_msgs/msg/detail/power__traits.hpp
[0.423s] -- Up-to-date: /home/arpg/jackal_ws/install/jackal_msgs/include/jackal_msgs/jackal_msgs/msg/detail/stop_status__builder.hpp
[0.423s] -- Up-to-date: /home/arpg/jackal_ws/install/jackal_msgs/include/jackal_msgs/jackal_msgs/msg/stop_status.hpp
[0.423s] -- Up-to-date: /home/arpg/jackal_ws/install/jackal_msgs/include/jackal_msgs/jackal_msgs/msg/power.hpp
[0.424s] -- Up-to-date: /home/arpg/jackal_ws/install/jackal_msgs/include/jackal_msgs/jackal_msgs/msg/drive_feedback.hpp
[0.424s] -- Up-to-date: /home/arpg/jackal_ws/install/jackal_msgs/include/jackal_msgs/jackal_msgs/msg/drive.hpp
[0.424s] -- Up-to-date: /home/arpg/jackal_ws/install/jackal_msgs/include/jackal_msgs/jackal_msgs/msg/feedback.hpp
[0.424s] -- Up-to-date: /home/arpg/jackal_ws/install/jackal_msgs/include/jackal_msgs/jackal_msgs/msg/status.hpp
[0.424s] -- Up-to-date: /home/arpg/jackal_ws/install/jackal_msgs/include/jackal_msgs/jackal_msgs
[0.424s] -- Up-to-date: /home/arpg/jackal_ws/install/jackal_msgs/include/jackal_msgs/jackal_msgs/srv
[0.424s] -- Up-to-date: /home/arpg/jackal_ws/install/jackal_msgs/include/jackal_msgs/jackal_msgs/srv/detail
[0.424s] -- Up-to-date: /home/arpg/jackal_ws/install/jackal_msgs/include/jackal_msgs/jackal_msgs/srv/detail/set_domain_id__rosidl_typesupport_fastrtps_cpp.hpp
[0.424s] -- Up-to-date: /home/arpg/jackal_ws/install/jackal_msgs/include/jackal_msgs/jackal_msgs/srv/detail/dds_fastrtps
[0.424s] -- Up-to-date: /home/arpg/jackal_ws/install/jackal_msgs/include/jackal_msgs/jackal_msgs/msg
[0.424s] -- Up-to-date: /home/arpg/jackal_ws/install/jackal_msgs/include/jackal_msgs/jackal_msgs/msg/detail
[0.424s] -- Up-to-date: /home/arpg/jackal_ws/install/jackal_msgs/include/jackal_msgs/jackal_msgs/msg/detail/feedback__rosidl_typesupport_fastrtps_cpp.hpp
[0.424s] -- Up-to-date: /home/arpg/jackal_ws/install/jackal_msgs/include/jackal_msgs/jackal_msgs/msg/detail/status__rosidl_typesupport_fastrtps_cpp.hpp
[0.424s] -- Up-to-date: /home/arpg/jackal_ws/install/jackal_msgs/include/jackal_msgs/jackal_msgs/msg/detail/drive_feedback__rosidl_typesupport_fastrtps_cpp.hpp
[0.424s] -- Up-to-date: /home/arpg/jackal_ws/install/jackal_msgs/include/jackal_msgs/jackal_msgs/msg/detail/power__rosidl_typesupport_fastrtps_cpp.hpp
[0.424s] -- Up-to-date: /home/arpg/jackal_ws/install/jackal_msgs/include/jackal_msgs/jackal_msgs/msg/detail/stop_status__rosidl_typesupport_fastrtps_cpp.hpp
[0.424s] -- Up-to-date: /home/arpg/jackal_ws/install/jackal_msgs/include/jackal_msgs/jackal_msgs/msg/detail/drive__rosidl_typesupport_fastrtps_cpp.hpp
[0.424s] -- Up-to-date: /home/arpg/jackal_ws/install/jackal_msgs/include/jackal_msgs/jackal_msgs/msg/detail/dds_fastrtps
[0.424s] -- Up-to-date: /home/arpg/jackal_ws/install/jackal_msgs/include/jackal_msgs/jackal_msgs/msg/rosidl_typesupport_fastrtps_cpp__visibility_control.h
[0.424s] -- Up-to-date: /home/arpg/jackal_ws/install/jackal_msgs/lib/libjackal_msgs__rosidl_typesupport_fastrtps_cpp.so
[0.424s] -- Up-to-date: /home/arpg/jackal_ws/install/jackal_msgs/include/jackal_msgs/jackal_msgs
[0.424s] -- Up-to-date: /home/arpg/jackal_ws/install/jackal_msgs/include/jackal_msgs/jackal_msgs/srv
[0.424s] -- Up-to-date: /home/arpg/jackal_ws/install/jackal_msgs/include/jackal_msgs/jackal_msgs/srv/detail
[0.424s] -- Up-to-date: /home/arpg/jackal_ws/install/jackal_msgs/include/jackal_msgs/jackal_msgs/srv/detail/set_domain_id__type_support.c
[0.424s] -- Up-to-date: /home/arpg/jackal_ws/install/jackal_msgs/include/jackal_msgs/jackal_msgs/srv/detail/set_domain_id__rosidl_typesupport_introspection_c.h
[0.424s] -- Up-to-date: /home/arpg/jackal_ws/install/jackal_msgs/include/jackal_msgs/jackal_msgs/msg
[0.424s] -- Up-to-date: /home/arpg/jackal_ws/install/jackal_msgs/include/jackal_msgs/jackal_msgs/msg/rosidl_typesupport_introspection_c__visibility_control.h
[0.424s] -- Up-to-date: /home/arpg/jackal_ws/install/jackal_msgs/include/jackal_msgs/jackal_msgs/msg/detail
[0.424s] -- Up-to-date: /home/arpg/jackal_ws/install/jackal_msgs/include/jackal_msgs/jackal_msgs/msg/detail/status__rosidl_typesupport_introspection_c.h
[0.424s] -- Up-to-date: /home/arpg/jackal_ws/install/jackal_msgs/include/jackal_msgs/jackal_msgs/msg/detail/power__rosidl_typesupport_introspection_c.h
[0.424s] -- Up-to-date: /home/arpg/jackal_ws/install/jackal_msgs/include/jackal_msgs/jackal_msgs/msg/detail/drive__rosidl_typesupport_introspection_c.h
[0.424s] -- Up-to-date: /home/arpg/jackal_ws/install/jackal_msgs/include/jackal_msgs/jackal_msgs/msg/detail/stop_status__type_support.c
[0.424s] -- Up-to-date: /home/arpg/jackal_ws/install/jackal_msgs/include/jackal_msgs/jackal_msgs/msg/detail/feedback__rosidl_typesupport_introspection_c.h
[0.424s] -- Up-to-date: /home/arpg/jackal_ws/install/jackal_msgs/include/jackal_msgs/jackal_msgs/msg/detail/feedback__type_support.c
[0.424s] -- Up-to-date: /home/arpg/jackal_ws/install/jackal_msgs/include/jackal_msgs/jackal_msgs/msg/detail/drive__type_support.c
[0.424s] -- Up-to-date: /home/arpg/jackal_ws/install/jackal_msgs/include/jackal_msgs/jackal_msgs/msg/detail/status__type_support.c
[0.424s] -- Up-to-date: /home/arpg/jackal_ws/install/jackal_msgs/include/jackal_msgs/jackal_msgs/msg/detail/power__type_support.c
[0.424s] -- Up-to-date: /home/arpg/jackal_ws/install/jackal_msgs/include/jackal_msgs/jackal_msgs/msg/detail/drive_feedback__rosidl_typesupport_introspection_c.h
[0.425s] -- Up-to-date: /home/arpg/jackal_ws/install/jackal_msgs/include/jackal_msgs/jackal_msgs/msg/detail/drive_feedback__type_support.c
[0.425s] -- Up-to-date: /home/arpg/jackal_ws/install/jackal_msgs/include/jackal_msgs/jackal_msgs/msg/detail/stop_status__rosidl_typesupport_introspection_c.h
[0.425s] -- Up-to-date: /home/arpg/jackal_ws/install/jackal_msgs/lib/libjackal_msgs__rosidl_typesupport_introspection_c.so
[0.425s] -- Up-to-date: /home/arpg/jackal_ws/install/jackal_msgs/lib/libjackal_msgs__rosidl_typesupport_c.so
[0.425s] -- Up-to-date: /home/arpg/jackal_ws/install/jackal_msgs/include/jackal_msgs/jackal_msgs
[0.425s] -- Up-to-date: /home/arpg/jackal_ws/install/jackal_msgs/include/jackal_msgs/jackal_msgs/srv
[0.425s] -- Up-to-date: /home/arpg/jackal_ws/install/jackal_msgs/include/jackal_msgs/jackal_msgs/srv/detail
[0.425s] -- Up-to-date: /home/arpg/jackal_ws/install/jackal_msgs/include/jackal_msgs/jackal_msgs/srv/detail/set_domain_id__rosidl_typesupport_introspection_cpp.hpp
[0.425s] -- Up-to-date: /home/arpg/jackal_ws/install/jackal_msgs/include/jackal_msgs/jackal_msgs/srv/detail/set_domain_id__type_support.cpp
[0.425s] -- Up-to-date: /home/arpg/jackal_ws/install/jackal_msgs/include/jackal_msgs/jackal_msgs/msg
[0.425s] -- Up-to-date: /home/arpg/jackal_ws/install/jackal_msgs/include/jackal_msgs/jackal_msgs/msg/detail
[0.425s] -- Up-to-date: /home/arpg/jackal_ws/install/jackal_msgs/include/jackal_msgs/jackal_msgs/msg/detail/drive_feedback__type_support.cpp
[0.425s] -- Up-to-date: /home/arpg/jackal_ws/install/jackal_msgs/include/jackal_msgs/jackal_msgs/msg/detail/drive__type_support.cpp
[0.425s] -- Up-to-date: /home/arpg/jackal_ws/install/jackal_msgs/include/jackal_msgs/jackal_msgs/msg/detail/feedback__rosidl_typesupport_introspection_cpp.hpp
[0.425s] -- Up-to-date: /home/arpg/jackal_ws/install/jackal_msgs/include/jackal_msgs/jackal_msgs/msg/detail/stop_status__type_support.cpp
[0.425s] -- Up-to-date: /home/arpg/jackal_ws/install/jackal_msgs/include/jackal_msgs/jackal_msgs/msg/detail/stop_status__rosidl_typesupport_introspection_cpp.hpp
[0.426s] -- Up-to-date: /home/arpg/jackal_ws/install/jackal_msgs/include/jackal_msgs/jackal_msgs/msg/detail/status__type_support.cpp
[0.426s] -- Up-to-date: /home/arpg/jackal_ws/install/jackal_msgs/include/jackal_msgs/jackal_msgs/msg/detail/drive_feedback__rosidl_typesupport_introspection_cpp.hpp
[0.426s] -- Up-to-date: /home/arpg/jackal_ws/install/jackal_msgs/include/jackal_msgs/jackal_msgs/msg/detail/drive__rosidl_typesupport_introspection_cpp.hpp
[0.426s] -- Up-to-date: /home/arpg/jackal_ws/install/jackal_msgs/include/jackal_msgs/jackal_msgs/msg/detail/power__rosidl_typesupport_introspection_cpp.hpp
[0.426s] -- Up-to-date: /home/arpg/jackal_ws/install/jackal_msgs/include/jackal_msgs/jackal_msgs/msg/detail/power__type_support.cpp
[0.426s] -- Up-to-date: /home/arpg/jackal_ws/install/jackal_msgs/include/jackal_msgs/jackal_msgs/msg/detail/status__rosidl_typesupport_introspection_cpp.hpp
[0.426s] -- Up-to-date: /home/arpg/jackal_ws/install/jackal_msgs/include/jackal_msgs/jackal_msgs/msg/detail/feedback__type_support.cpp
[0.426s] -- Up-to-date: /home/arpg/jackal_ws/install/jackal_msgs/lib/libjackal_msgs__rosidl_typesupport_introspection_cpp.so
[0.426s] -- Up-to-date: /home/arpg/jackal_ws/install/jackal_msgs/lib/libjackal_msgs__rosidl_typesupport_cpp.so
[0.426s] -- Up-to-date: /home/arpg/jackal_ws/install/jackal_msgs/share/jackal_msgs/environment/pythonpath.sh
[0.426s] -- Up-to-date: /home/arpg/jackal_ws/install/jackal_msgs/share/jackal_msgs/environment/pythonpath.dsv
[0.426s] -- Up-to-date: /home/arpg/jackal_ws/install/jackal_msgs/local/lib/python3.10/dist-packages/jackal_msgs-1.0.4-py3.10.egg-info
[0.426s] -- Installing: /home/arpg/jackal_ws/install/jackal_msgs/local/lib/python3.10/dist-packages/jackal_msgs-1.0.4-py3.10.egg-info/PKG-INFO
[0.426s] -- Installing: /home/arpg/jackal_ws/install/jackal_msgs/local/lib/python3.10/dist-packages/jackal_msgs-1.0.4-py3.10.egg-info/SOURCES.txt
[0.426s] -- Installing: /home/arpg/jackal_ws/install/jackal_msgs/local/lib/python3.10/dist-packages/jackal_msgs-1.0.4-py3.10.egg-info/top_level.txt
[0.426s] -- Installing: /home/arpg/jackal_ws/install/jackal_msgs/local/lib/python3.10/dist-packages/jackal_msgs-1.0.4-py3.10.egg-info/dependency_links.txt
[0.426s] -- Up-to-date: /home/arpg/jackal_ws/install/jackal_msgs/local/lib/python3.10/dist-packages/jackal_msgs
[0.426s] -- Up-to-date: /home/arpg/jackal_ws/install/jackal_msgs/local/lib/python3.10/dist-packages/jackal_msgs/jackal_msgs_s__rosidl_typesupport_introspection_c.cpython-310-x86_64-linux-gnu.so
[0.426s] -- Up-to-date: /home/arpg/jackal_ws/install/jackal_msgs/local/lib/python3.10/dist-packages/jackal_msgs/_jackal_msgs_s.ep.rosidl_typesupport_c.c
[0.426s] -- Up-to-date: /home/arpg/jackal_ws/install/jackal_msgs/local/lib/python3.10/dist-packages/jackal_msgs/jackal_msgs_s__rosidl_typesupport_c.cpython-310-x86_64-linux-gnu.so
[0.426s] -- Up-to-date: /home/arpg/jackal_ws/install/jackal_msgs/local/lib/python3.10/dist-packages/jackal_msgs/srv
[0.426s] -- Up-to-date: /home/arpg/jackal_ws/install/jackal_msgs/local/lib/python3.10/dist-packages/jackal_msgs/srv/_set_domain_id.py
[0.426s] -- Up-to-date: /home/arpg/jackal_ws/install/jackal_msgs/local/lib/python3.10/dist-packages/jackal_msgs/srv/_set_domain_id_s.c
[0.426s] -- Up-to-date: /home/arpg/jackal_ws/install/jackal_msgs/local/lib/python3.10/dist-packages/jackal_msgs/srv/__init__.py
[0.426s] -- Up-to-date: /home/arpg/jackal_ws/install/jackal_msgs/local/lib/python3.10/dist-packages/jackal_msgs/__init__.py
[0.426s] -- Up-to-date: /home/arpg/jackal_ws/install/jackal_msgs/local/lib/python3.10/dist-packages/jackal_msgs/jackal_msgs_s__rosidl_typesupport_fastrtps_c.cpython-310-x86_64-linux-gnu.so
[0.426s] -- Up-to-date: /home/arpg/jackal_ws/install/jackal_msgs/local/lib/python3.10/dist-packages/jackal_msgs/libjackal_msgs__rosidl_generator_py.so
[0.426s] -- Up-to-date: /home/arpg/jackal_ws/install/jackal_msgs/local/lib/python3.10/dist-packages/jackal_msgs/msg
[0.426s] -- Up-to-date: /home/arpg/jackal_ws/install/jackal_msgs/local/lib/python3.10/dist-packages/jackal_msgs/msg/_drive_feedback_s.c
[0.426s] -- Up-to-date: /home/arpg/jackal_ws/install/jackal_msgs/local/lib/python3.10/dist-packages/jackal_msgs/msg/_drive.py
[0.426s] -- Up-to-date: /home/arpg/jackal_ws/install/jackal_msgs/local/lib/python3.10/dist-packages/jackal_msgs/msg/_feedback.py
[0.426s] -- Up-to-date: /home/arpg/jackal_ws/install/jackal_msgs/local/lib/python3.10/dist-packages/jackal_msgs/msg/_status_s.c
[0.426s] -- Up-to-date: /home/arpg/jackal_ws/install/jackal_msgs/local/lib/python3.10/dist-packages/jackal_msgs/msg/_power_s.c
[0.426s] -- Up-to-date: /home/arpg/jackal_ws/install/jackal_msgs/local/lib/python3.10/dist-packages/jackal_msgs/msg/_drive_feedback.py
[0.426s] -- Up-to-date: /home/arpg/jackal_ws/install/jackal_msgs/local/lib/python3.10/dist-packages/jackal_msgs/msg/_drive_s.c
[0.426s] -- Up-to-date: /home/arpg/jackal_ws/install/jackal_msgs/local/lib/python3.10/dist-packages/jackal_msgs/msg/_power.py
[0.427s] -- Up-to-date: /home/arpg/jackal_ws/install/jackal_msgs/local/lib/python3.10/dist-packages/jackal_msgs/msg/_stop_status.py
[0.427s] -- Up-to-date: /home/arpg/jackal_ws/install/jackal_msgs/local/lib/python3.10/dist-packages/jackal_msgs/msg/__init__.py
[0.427s] -- Up-to-date: /home/arpg/jackal_ws/install/jackal_msgs/local/lib/python3.10/dist-packages/jackal_msgs/msg/_feedback_s.c
[0.427s] -- Up-to-date: /home/arpg/jackal_ws/install/jackal_msgs/local/lib/python3.10/dist-packages/jackal_msgs/msg/_status.py
[0.427s] -- Up-to-date: /home/arpg/jackal_ws/install/jackal_msgs/local/lib/python3.10/dist-packages/jackal_msgs/msg/_stop_status_s.c
[0.427s] -- Up-to-date: /home/arpg/jackal_ws/install/jackal_msgs/local/lib/python3.10/dist-packages/jackal_msgs/_jackal_msgs_s.ep.rosidl_typesupport_introspection_c.c
[0.427s] -- Up-to-date: /home/arpg/jackal_ws/install/jackal_msgs/local/lib/python3.10/dist-packages/jackal_msgs/_jackal_msgs_s.ep.rosidl_typesupport_fastrtps_c.c
[0.427s] Listing '/home/arpg/jackal_ws/install/jackal_msgs/local/lib/python3.10/dist-packages/jackal_msgs'...
[0.427s] Listing '/home/arpg/jackal_ws/install/jackal_msgs/local/lib/python3.10/dist-packages/jackal_msgs/msg'...
[0.427s] Listing '/home/arpg/jackal_ws/install/jackal_msgs/local/lib/python3.10/dist-packages/jackal_msgs/srv'...
[0.427s] -- Up-to-date: /home/arpg/jackal_ws/install/jackal_msgs/local/lib/python3.10/dist-packages/jackal_msgs/jackal_msgs_s__rosidl_typesupport_fastrtps_c.cpython-310-x86_64-linux-gnu.so
[0.427s] -- Up-to-date: /home/arpg/jackal_ws/install/jackal_msgs/local/lib/python3.10/dist-packages/jackal_msgs/jackal_msgs_s__rosidl_typesupport_introspection_c.cpython-310-x86_64-linux-gnu.so
[0.428s] -- Up-to-date: /home/arpg/jackal_ws/install/jackal_msgs/local/lib/python3.10/dist-packages/jackal_msgs/jackal_msgs_s__rosidl_typesupport_c.cpython-310-x86_64-linux-gnu.so
[0.428s] -- Up-to-date: /home/arpg/jackal_ws/install/jackal_msgs/lib/libjackal_msgs__rosidl_generator_py.so
[0.428s] -- Up-to-date: /home/arpg/jackal_ws/install/jackal_msgs/share/jackal_msgs/msg/Drive.idl
[0.428s] -- Up-to-date: /home/arpg/jackal_ws/install/jackal_msgs/share/jackal_msgs/msg/DriveFeedback.idl
[0.428s] -- Up-to-date: /home/arpg/jackal_ws/install/jackal_msgs/share/jackal_msgs/msg/Feedback.idl
[0.428s] -- Up-to-date: /home/arpg/jackal_ws/install/jackal_msgs/share/jackal_msgs/msg/Power.idl
[0.428s] -- Up-to-date: /home/arpg/jackal_ws/install/jackal_msgs/share/jackal_msgs/msg/Status.idl
[0.428s] -- Up-to-date: /home/arpg/jackal_ws/install/jackal_msgs/share/jackal_msgs/msg/StopStatus.idl
[0.428s] -- Up-to-date: /home/arpg/jackal_ws/install/jackal_msgs/share/jackal_msgs/srv/SetDomainId.idl
[0.428s] -- Up-to-date: /home/arpg/jackal_ws/install/jackal_msgs/share/jackal_msgs/msg/Drive.msg
[0.428s] -- Up-to-date: /home/arpg/jackal_ws/install/jackal_msgs/share/jackal_msgs/msg/DriveFeedback.msg
[0.428s] -- Up-to-date: /home/arpg/jackal_ws/install/jackal_msgs/share/jackal_msgs/msg/Feedback.msg
[0.428s] -- Up-to-date: /home/arpg/jackal_ws/install/jackal_msgs/share/jackal_msgs/msg/Power.msg
[0.428s] -- Up-to-date: /home/arpg/jackal_ws/install/jackal_msgs/share/jackal_msgs/msg/Status.msg
[0.428s] -- Up-to-date: /home/arpg/jackal_ws/install/jackal_msgs/share/jackal_msgs/msg/StopStatus.msg
[0.428s] -- Up-to-date: /home/arpg/jackal_ws/install/jackal_msgs/share/jackal_msgs/srv/SetDomainId.srv
[0.429s] -- Up-to-date: /home/arpg/jackal_ws/install/jackal_msgs/share/jackal_msgs/srv/SetDomainId_Request.msg
[0.429s] -- Up-to-date: /home/arpg/jackal_ws/install/jackal_msgs/share/jackal_msgs/srv/SetDomainId_Response.msg
[0.429s] -- Up-to-date: /home/arpg/jackal_ws/install/jackal_msgs/share/ament_index/resource_index/package_run_dependencies/jackal_msgs
[0.429s] -- Up-to-date: /home/arpg/jackal_ws/install/jackal_msgs/share/ament_index/resource_index/parent_prefix_path/jackal_msgs
[0.429s] -- Up-to-date: /home/arpg/jackal_ws/install/jackal_msgs/share/jackal_msgs/environment/ament_prefix_path.sh
[0.429s] -- Up-to-date: /home/arpg/jackal_ws/install/jackal_msgs/share/jackal_msgs/environment/ament_prefix_path.dsv
[0.429s] -- Up-to-date: /home/arpg/jackal_ws/install/jackal_msgs/share/jackal_msgs/environment/path.sh
[0.429s] -- Up-to-date: /home/arpg/jackal_ws/install/jackal_msgs/share/jackal_msgs/environment/path.dsv
[0.429s] -- Up-to-date: /home/arpg/jackal_ws/install/jackal_msgs/share/jackal_msgs/local_setup.bash
[0.429s] -- Up-to-date: /home/arpg/jackal_ws/install/jackal_msgs/share/jackal_msgs/local_setup.sh
[0.429s] -- Up-to-date: /home/arpg/jackal_ws/install/jackal_msgs/share/jackal_msgs/local_setup.zsh
[0.429s] -- Up-to-date: /home/arpg/jackal_ws/install/jackal_msgs/share/jackal_msgs/local_setup.dsv
[0.429s] -- Installing: /home/arpg/jackal_ws/install/jackal_msgs/share/jackal_msgs/package.dsv
[0.429s] -- Up-to-date: /home/arpg/jackal_ws/install/jackal_msgs/share/ament_index/resource_index/packages/jackal_msgs
[0.429s] -- Up-to-date: /home/arpg/jackal_ws/install/jackal_msgs/share/jackal_msgs/cmake/export_jackal_msgs__rosidl_generator_cExport.cmake
[0.429s] -- Up-to-date: /home/arpg/jackal_ws/install/jackal_msgs/share/jackal_msgs/cmake/export_jackal_msgs__rosidl_generator_cExport-noconfig.cmake
[0.429s] -- Up-to-date: /home/arpg/jackal_ws/install/jackal_msgs/share/jackal_msgs/cmake/export_jackal_msgs__rosidl_typesupport_fastrtps_cExport.cmake
[0.429s] -- Up-to-date: /home/arpg/jackal_ws/install/jackal_msgs/share/jackal_msgs/cmake/export_jackal_msgs__rosidl_typesupport_fastrtps_cExport-noconfig.cmake
[0.429s] -- Up-to-date: /home/arpg/jackal_ws/install/jackal_msgs/share/jackal_msgs/cmake/export_jackal_msgs__rosidl_generator_cppExport.cmake
[0.429s] -- Up-to-date: /home/arpg/jackal_ws/install/jackal_msgs/share/jackal_msgs/cmake/export_jackal_msgs__rosidl_typesupport_fastrtps_cppExport.cmake
[0.429s] -- Up-to-date: /home/arpg/jackal_ws/install/jackal_msgs/share/jackal_msgs/cmake/export_jackal_msgs__rosidl_typesupport_fastrtps_cppExport-noconfig.cmake
[0.429s] -- Up-to-date: /home/arpg/jackal_ws/install/jackal_msgs/share/jackal_msgs/cmake/jackal_msgs__rosidl_typesupport_introspection_cExport.cmake
[0.429s] -- Up-to-date: /home/arpg/jackal_ws/install/jackal_msgs/share/jackal_msgs/cmake/jackal_msgs__rosidl_typesupport_introspection_cExport-noconfig.cmake
[0.429s] -- Up-to-date: /home/arpg/jackal_ws/install/jackal_msgs/share/jackal_msgs/cmake/jackal_msgs__rosidl_typesupport_cExport.cmake
[0.429s] -- Up-to-date: /home/arpg/jackal_ws/install/jackal_msgs/share/jackal_msgs/cmake/jackal_msgs__rosidl_typesupport_cExport-noconfig.cmake
[0.429s] -- Up-to-date: /home/arpg/jackal_ws/install/jackal_msgs/share/jackal_msgs/cmake/jackal_msgs__rosidl_typesupport_introspection_cppExport.cmake
[0.429s] -- Up-to-date: /home/arpg/jackal_ws/install/jackal_msgs/share/jackal_msgs/cmake/jackal_msgs__rosidl_typesupport_introspection_cppExport-noconfig.cmake
[0.429s] -- Up-to-date: /home/arpg/jackal_ws/install/jackal_msgs/share/jackal_msgs/cmake/jackal_msgs__rosidl_typesupport_cppExport.cmake
[0.429s] -- Up-to-date: /home/arpg/jackal_ws/install/jackal_msgs/share/jackal_msgs/cmake/jackal_msgs__rosidl_typesupport_cppExport-noconfig.cmake
[0.429s] -- Up-to-date: /home/arpg/jackal_ws/install/jackal_msgs/share/jackal_msgs/cmake/export_jackal_msgs__rosidl_generator_pyExport.cmake
[0.429s] -- Up-to-date: /home/arpg/jackal_ws/install/jackal_msgs/share/jackal_msgs/cmake/export_jackal_msgs__rosidl_generator_pyExport-noconfig.cmake
[0.430s] -- Up-to-date: /home/arpg/jackal_ws/install/jackal_msgs/share/jackal_msgs/cmake/rosidl_cmake-extras.cmake
[0.430s] -- Up-to-date: /home/arpg/jackal_ws/install/jackal_msgs/share/jackal_msgs/cmake/ament_cmake_export_dependencies-extras.cmake
[0.430s] -- Up-to-date: /home/arpg/jackal_ws/install/jackal_msgs/share/jackal_msgs/cmake/ament_cmake_export_include_directories-extras.cmake
[0.430s] -- Up-to-date: /home/arpg/jackal_ws/install/jackal_msgs/share/jackal_msgs/cmake/ament_cmake_export_libraries-extras.cmake
[0.430s] -- Up-to-date: /home/arpg/jackal_ws/install/jackal_msgs/share/jackal_msgs/cmake/ament_cmake_export_targets-extras.cmake
[0.430s] -- Up-to-date: /home/arpg/jackal_ws/install/jackal_msgs/share/jackal_msgs/cmake/rosidl_cmake_export_typesupport_targets-extras.cmake
[0.430s] -- Up-to-date: /home/arpg/jackal_ws/install/jackal_msgs/share/jackal_msgs/cmake/rosidl_cmake_export_typesupport_libraries-extras.cmake
[0.430s] -- Up-to-date: /home/arpg/jackal_ws/install/jackal_msgs/share/jackal_msgs/cmake/jackal_msgsConfig.cmake
[0.430s] -- Up-to-date: /home/arpg/jackal_ws/install/jackal_msgs/share/jackal_msgs/cmake/jackal_msgsConfig-version.cmake
[0.430s] -- Up-to-date: /home/arpg/jackal_ws/install/jackal_msgs/share/jackal_msgs/package.xml
[0.496s] Invoked command in '/home/arpg/jackal_ws/build/jackal_msgs' returned '0': CMAKE_PREFIX_PATH=${CMAKE_PREFIX_PATH}:/home/arpg/jackal_ws/install/wireless_watcher:/opt/ros/humble /usr/bin/cmake --install /home/arpg/jackal_ws/build/jackal_msgs
