[0.087s] Invoking command in '/home/arpg/jackal_ws/build/wireless_msgs': CMAKE_PREFIX_PATH=${CMAKE_PREFIX_PATH}:/home/arpg/jackal_ws/install/wireless_watcher:/opt/ros/humble /usr/bin/cmake --build /home/arpg/jackal_ws/build/wireless_msgs -- -j32 -l32
[0.145s] [  1%] Built target wireless_msgs__cpp
[0.155s] [ 12%] Built target wireless_msgs__rosidl_generator_c
[0.155s] [ 12%] Built target ament_cmake_python_copy_wireless_msgs
[0.167s] [ 23%] Built target wireless_msgs__rosidl_typesupport_cpp
[0.173s] [ 34%] Built target wireless_msgs__rosidl_typesupport_fastrtps_cpp
[0.174s] [ 45%] Built target wireless_msgs__rosidl_typesupport_introspection_cpp
[0.175s] [ 56%] Built target wireless_msgs__rosidl_typesupport_c
[0.175s] [ 78%] Built target wireless_msgs__rosidl_typesupport_fastrtps_c
[0.175s] [ 70%] Built target wireless_msgs__rosidl_typesupport_introspection_c
[0.180s] [ 78%] Built target wireless_msgs
[0.188s] [ 80%] Built target wireless_msgs__py
[0.199s] [ 89%] Built target wireless_msgs__rosidl_generator_py
[0.212s] [ 92%] Built target wireless_msgs__rosidl_typesupport_introspection_c__pyext
[0.213s] [ 96%] Built target wireless_msgs__rosidl_typesupport_fastrtps_c__pyext
[0.214s] [100%] Built target wireless_msgs__rosidl_typesupport_c__pyext
[0.260s] running egg_info
[0.260s] writing wireless_msgs.egg-info/PKG-INFO
[0.260s] writing dependency_links to wireless_msgs.egg-info/dependency_links.txt
[0.260s] writing top-level names to wireless_msgs.egg-info/top_level.txt
[0.261s] reading manifest file 'wireless_msgs.egg-info/SOURCES.txt'
[0.263s] writing manifest file 'wireless_msgs.egg-info/SOURCES.txt'
[0.274s] [100%] Built target ament_cmake_python_build_wireless_msgs_egg
[0.361s] Invoked command in '/home/arpg/jackal_ws/build/wireless_msgs' returned '0': CMAKE_PREFIX_PATH=${CMAKE_PREFIX_PATH}:/home/arpg/jackal_ws/install/wireless_watcher:/opt/ros/humble /usr/bin/cmake --build /home/arpg/jackal_ws/build/wireless_msgs -- -j32 -l32
[0.412s] Invoking command in '/home/arpg/jackal_ws/build/wireless_msgs': CMAKE_PREFIX_PATH=${CMAKE_PREFIX_PATH}:/home/arpg/jackal_ws/install/wireless_watcher:/opt/ros/humble /usr/bin/cmake --install /home/arpg/jackal_ws/build/wireless_msgs
[0.415s] -- Install configuration: ""
[0.416s] -- Up-to-date: /home/arpg/jackal_ws/install/wireless_msgs/share/ament_index/resource_index/rosidl_interfaces/wireless_msgs
[0.416s] -- Up-to-date: /home/arpg/jackal_ws/install/wireless_msgs/include/wireless_msgs/wireless_msgs
[0.416s] -- Up-to-date: /home/arpg/jackal_ws/install/wireless_msgs/include/wireless_msgs/wireless_msgs/msg
[0.416s] -- Up-to-date: /home/arpg/jackal_ws/install/wireless_msgs/include/wireless_msgs/wireless_msgs/msg/detail
[0.416s] -- Up-to-date: /home/arpg/jackal_ws/install/wireless_msgs/include/wireless_msgs/wireless_msgs/msg/detail/connection__struct.h
[0.416s] -- Up-to-date: /home/arpg/jackal_ws/install/wireless_msgs/include/wireless_msgs/wireless_msgs/msg/detail/network__type_support.h
[0.416s] -- Up-to-date: /home/arpg/jackal_ws/install/wireless_msgs/include/wireless_msgs/wireless_msgs/msg/detail/scan__struct.h
[0.416s] -- Up-to-date: /home/arpg/jackal_ws/install/wireless_msgs/include/wireless_msgs/wireless_msgs/msg/detail/connection__type_support.h
[0.416s] -- Up-to-date: /home/arpg/jackal_ws/install/wireless_msgs/include/wireless_msgs/wireless_msgs/msg/detail/network__functions.c
[0.416s] -- Up-to-date: /home/arpg/jackal_ws/install/wireless_msgs/include/wireless_msgs/wireless_msgs/msg/detail/quality__functions.c
[0.416s] -- Up-to-date: /home/arpg/jackal_ws/install/wireless_msgs/include/wireless_msgs/wireless_msgs/msg/detail/scan__type_support.h
[0.416s] -- Up-to-date: /home/arpg/jackal_ws/install/wireless_msgs/include/wireless_msgs/wireless_msgs/msg/detail/scan__functions.h
[0.416s] -- Up-to-date: /home/arpg/jackal_ws/install/wireless_msgs/include/wireless_msgs/wireless_msgs/msg/detail/quality__functions.h
[0.417s] -- Up-to-date: /home/arpg/jackal_ws/install/wireless_msgs/include/wireless_msgs/wireless_msgs/msg/detail/network__functions.h
[0.417s] -- Up-to-date: /home/arpg/jackal_ws/install/wireless_msgs/include/wireless_msgs/wireless_msgs/msg/detail/connection__functions.h
[0.417s] -- Up-to-date: /home/arpg/jackal_ws/install/wireless_msgs/include/wireless_msgs/wireless_msgs/msg/detail/quality__struct.h
[0.417s] -- Up-to-date: /home/arpg/jackal_ws/install/wireless_msgs/include/wireless_msgs/wireless_msgs/msg/detail/scan__functions.c
[0.417s] -- Up-to-date: /home/arpg/jackal_ws/install/wireless_msgs/include/wireless_msgs/wireless_msgs/msg/detail/connection__functions.c
[0.417s] -- Up-to-date: /home/arpg/jackal_ws/install/wireless_msgs/include/wireless_msgs/wireless_msgs/msg/detail/quality__type_support.h
[0.417s] -- Up-to-date: /home/arpg/jackal_ws/install/wireless_msgs/include/wireless_msgs/wireless_msgs/msg/detail/network__struct.h
[0.418s] -- Up-to-date: /home/arpg/jackal_ws/install/wireless_msgs/include/wireless_msgs/wireless_msgs/msg/network.h
[0.418s] -- Up-to-date: /home/arpg/jackal_ws/install/wireless_msgs/include/wireless_msgs/wireless_msgs/msg/connection.h
[0.418s] -- Up-to-date: /home/arpg/jackal_ws/install/wireless_msgs/include/wireless_msgs/wireless_msgs/msg/scan.h
[0.418s] -- Up-to-date: /home/arpg/jackal_ws/install/wireless_msgs/include/wireless_msgs/wireless_msgs/msg/quality.h
[0.418s] -- Up-to-date: /home/arpg/jackal_ws/install/wireless_msgs/include/wireless_msgs/wireless_msgs/msg/rosidl_generator_c__visibility_control.h
[0.418s] -- Up-to-date: /home/arpg/jackal_ws/install/wireless_msgs/share/wireless_msgs/environment/library_path.sh
[0.418s] -- Up-to-date: /home/arpg/jackal_ws/install/wireless_msgs/share/wireless_msgs/environment/library_path.dsv
[0.420s] -- Up-to-date: /home/arpg/jackal_ws/install/wireless_msgs/lib/libwireless_msgs__rosidl_generator_c.so
[0.421s] -- Up-to-date: /home/arpg/jackal_ws/install/wireless_msgs/include/wireless_msgs/wireless_msgs
[0.421s] -- Up-to-date: /home/arpg/jackal_ws/install/wireless_msgs/include/wireless_msgs/wireless_msgs/msg
[0.421s] -- Up-to-date: /home/arpg/jackal_ws/install/wireless_msgs/include/wireless_msgs/wireless_msgs/msg/detail
[0.421s] -- Up-to-date: /home/arpg/jackal_ws/install/wireless_msgs/include/wireless_msgs/wireless_msgs/msg/detail/network__rosidl_typesupport_fastrtps_c.h
[0.421s] -- Up-to-date: /home/arpg/jackal_ws/install/wireless_msgs/include/wireless_msgs/wireless_msgs/msg/detail/scan__rosidl_typesupport_fastrtps_c.h
[0.421s] -- Up-to-date: /home/arpg/jackal_ws/install/wireless_msgs/include/wireless_msgs/wireless_msgs/msg/detail/connection__rosidl_typesupport_fastrtps_c.h
[0.421s] -- Up-to-date: /home/arpg/jackal_ws/install/wireless_msgs/include/wireless_msgs/wireless_msgs/msg/detail/quality__rosidl_typesupport_fastrtps_c.h
[0.422s] -- Up-to-date: /home/arpg/jackal_ws/install/wireless_msgs/include/wireless_msgs/wireless_msgs/msg/rosidl_typesupport_fastrtps_c__visibility_control.h
[0.422s] -- Up-to-date: /home/arpg/jackal_ws/install/wireless_msgs/lib/libwireless_msgs__rosidl_typesupport_fastrtps_c.so
[0.422s] -- Up-to-date: /home/arpg/jackal_ws/install/wireless_msgs/include/wireless_msgs/wireless_msgs
[0.422s] -- Up-to-date: /home/arpg/jackal_ws/install/wireless_msgs/include/wireless_msgs/wireless_msgs/msg
[0.423s] -- Up-to-date: /home/arpg/jackal_ws/install/wireless_msgs/include/wireless_msgs/wireless_msgs/msg/connection.hpp
[0.423s] -- Up-to-date: /home/arpg/jackal_ws/install/wireless_msgs/include/wireless_msgs/wireless_msgs/msg/detail
[0.423s] -- Up-to-date: /home/arpg/jackal_ws/install/wireless_msgs/include/wireless_msgs/wireless_msgs/msg/detail/scan__builder.hpp
[0.423s] -- Up-to-date: /home/arpg/jackal_ws/install/wireless_msgs/include/wireless_msgs/wireless_msgs/msg/detail/network__struct.hpp
[0.424s] -- Up-to-date: /home/arpg/jackal_ws/install/wireless_msgs/include/wireless_msgs/wireless_msgs/msg/detail/scan__traits.hpp
[0.424s] -- Up-to-date: /home/arpg/jackal_ws/install/wireless_msgs/include/wireless_msgs/wireless_msgs/msg/detail/quality__struct.hpp
[0.424s] -- Up-to-date: /home/arpg/jackal_ws/install/wireless_msgs/include/wireless_msgs/wireless_msgs/msg/detail/quality__traits.hpp
[0.424s] -- Up-to-date: /home/arpg/jackal_ws/install/wireless_msgs/include/wireless_msgs/wireless_msgs/msg/detail/network__builder.hpp
[0.424s] -- Up-to-date: /home/arpg/jackal_ws/install/wireless_msgs/include/wireless_msgs/wireless_msgs/msg/detail/scan__struct.hpp
[0.424s] -- Up-to-date: /home/arpg/jackal_ws/install/wireless_msgs/include/wireless_msgs/wireless_msgs/msg/detail/connection__struct.hpp
[0.424s] -- Up-to-date: /home/arpg/jackal_ws/install/wireless_msgs/include/wireless_msgs/wireless_msgs/msg/detail/network__traits.hpp
[0.424s] -- Up-to-date: /home/arpg/jackal_ws/install/wireless_msgs/include/wireless_msgs/wireless_msgs/msg/detail/quality__builder.hpp
[0.424s] -- Up-to-date: /home/arpg/jackal_ws/install/wireless_msgs/include/wireless_msgs/wireless_msgs/msg/detail/connection__traits.hpp
[0.424s] -- Up-to-date: /home/arpg/jackal_ws/install/wireless_msgs/include/wireless_msgs/wireless_msgs/msg/detail/connection__builder.hpp
[0.424s] -- Up-to-date: /home/arpg/jackal_ws/install/wireless_msgs/include/wireless_msgs/wireless_msgs/msg/quality.hpp
[0.424s] -- Up-to-date: /home/arpg/jackal_ws/install/wireless_msgs/include/wireless_msgs/wireless_msgs/msg/network.hpp
[0.424s] -- Up-to-date: /home/arpg/jackal_ws/install/wireless_msgs/include/wireless_msgs/wireless_msgs/msg/scan.hpp
[0.424s] -- Up-to-date: /home/arpg/jackal_ws/install/wireless_msgs/include/wireless_msgs/wireless_msgs
[0.424s] -- Up-to-date: /home/arpg/jackal_ws/install/wireless_msgs/include/wireless_msgs/wireless_msgs/msg
[0.424s] -- Up-to-date: /home/arpg/jackal_ws/install/wireless_msgs/include/wireless_msgs/wireless_msgs/msg/detail
[0.424s] -- Up-to-date: /home/arpg/jackal_ws/install/wireless_msgs/include/wireless_msgs/wireless_msgs/msg/detail/network__rosidl_typesupport_fastrtps_cpp.hpp
[0.424s] -- Up-to-date: /home/arpg/jackal_ws/install/wireless_msgs/include/wireless_msgs/wireless_msgs/msg/detail/scan__rosidl_typesupport_fastrtps_cpp.hpp
[0.424s] -- Up-to-date: /home/arpg/jackal_ws/install/wireless_msgs/include/wireless_msgs/wireless_msgs/msg/detail/connection__rosidl_typesupport_fastrtps_cpp.hpp
[0.424s] -- Up-to-date: /home/arpg/jackal_ws/install/wireless_msgs/include/wireless_msgs/wireless_msgs/msg/detail/quality__rosidl_typesupport_fastrtps_cpp.hpp
[0.424s] -- Up-to-date: /home/arpg/jackal_ws/install/wireless_msgs/include/wireless_msgs/wireless_msgs/msg/detail/dds_fastrtps
[0.424s] -- Up-to-date: /home/arpg/jackal_ws/install/wireless_msgs/include/wireless_msgs/wireless_msgs/msg/rosidl_typesupport_fastrtps_cpp__visibility_control.h
[0.424s] -- Up-to-date: /home/arpg/jackal_ws/install/wireless_msgs/lib/libwireless_msgs__rosidl_typesupport_fastrtps_cpp.so
[0.424s] -- Up-to-date: /home/arpg/jackal_ws/install/wireless_msgs/include/wireless_msgs/wireless_msgs
[0.424s] -- Up-to-date: /home/arpg/jackal_ws/install/wireless_msgs/include/wireless_msgs/wireless_msgs/msg
[0.424s] -- Up-to-date: /home/arpg/jackal_ws/install/wireless_msgs/include/wireless_msgs/wireless_msgs/msg/rosidl_typesupport_introspection_c__visibility_control.h
[0.425s] -- Up-to-date: /home/arpg/jackal_ws/install/wireless_msgs/include/wireless_msgs/wireless_msgs/msg/detail
[0.425s] -- Up-to-date: /home/arpg/jackal_ws/install/wireless_msgs/include/wireless_msgs/wireless_msgs/msg/detail/quality__rosidl_typesupport_introspection_c.h
[0.425s] -- Up-to-date: /home/arpg/jackal_ws/install/wireless_msgs/include/wireless_msgs/wireless_msgs/msg/detail/network__rosidl_typesupport_introspection_c.h
[0.425s] -- Up-to-date: /home/arpg/jackal_ws/install/wireless_msgs/include/wireless_msgs/wireless_msgs/msg/detail/network__type_support.c
[0.425s] -- Up-to-date: /home/arpg/jackal_ws/install/wireless_msgs/include/wireless_msgs/wireless_msgs/msg/detail/quality__type_support.c
[0.425s] -- Up-to-date: /home/arpg/jackal_ws/install/wireless_msgs/include/wireless_msgs/wireless_msgs/msg/detail/scan__rosidl_typesupport_introspection_c.h
[0.425s] -- Up-to-date: /home/arpg/jackal_ws/install/wireless_msgs/include/wireless_msgs/wireless_msgs/msg/detail/scan__type_support.c
[0.425s] -- Up-to-date: /home/arpg/jackal_ws/install/wireless_msgs/include/wireless_msgs/wireless_msgs/msg/detail/connection__type_support.c
[0.425s] -- Up-to-date: /home/arpg/jackal_ws/install/wireless_msgs/include/wireless_msgs/wireless_msgs/msg/detail/connection__rosidl_typesupport_introspection_c.h
[0.425s] -- Up-to-date: /home/arpg/jackal_ws/install/wireless_msgs/lib/libwireless_msgs__rosidl_typesupport_introspection_c.so
[0.425s] -- Up-to-date: /home/arpg/jackal_ws/install/wireless_msgs/lib/libwireless_msgs__rosidl_typesupport_c.so
[0.425s] -- Up-to-date: /home/arpg/jackal_ws/install/wireless_msgs/include/wireless_msgs/wireless_msgs
[0.425s] -- Up-to-date: /home/arpg/jackal_ws/install/wireless_msgs/include/wireless_msgs/wireless_msgs/msg
[0.425s] -- Up-to-date: /home/arpg/jackal_ws/install/wireless_msgs/include/wireless_msgs/wireless_msgs/msg/detail
[0.425s] -- Up-to-date: /home/arpg/jackal_ws/install/wireless_msgs/include/wireless_msgs/wireless_msgs/msg/detail/network__type_support.cpp
[0.425s] -- Up-to-date: /home/arpg/jackal_ws/install/wireless_msgs/include/wireless_msgs/wireless_msgs/msg/detail/quality__rosidl_typesupport_introspection_cpp.hpp
[0.425s] -- Up-to-date: /home/arpg/jackal_ws/install/wireless_msgs/include/wireless_msgs/wireless_msgs/msg/detail/connection__rosidl_typesupport_introspection_cpp.hpp
[0.425s] -- Up-to-date: /home/arpg/jackal_ws/install/wireless_msgs/include/wireless_msgs/wireless_msgs/msg/detail/scan__type_support.cpp
[0.425s] -- Up-to-date: /home/arpg/jackal_ws/install/wireless_msgs/include/wireless_msgs/wireless_msgs/msg/detail/quality__type_support.cpp
[0.425s] -- Up-to-date: /home/arpg/jackal_ws/install/wireless_msgs/include/wireless_msgs/wireless_msgs/msg/detail/connection__type_support.cpp
[0.425s] -- Up-to-date: /home/arpg/jackal_ws/install/wireless_msgs/include/wireless_msgs/wireless_msgs/msg/detail/scan__rosidl_typesupport_introspection_cpp.hpp
[0.425s] -- Up-to-date: /home/arpg/jackal_ws/install/wireless_msgs/include/wireless_msgs/wireless_msgs/msg/detail/network__rosidl_typesupport_introspection_cpp.hpp
[0.425s] -- Up-to-date: /home/arpg/jackal_ws/install/wireless_msgs/lib/libwireless_msgs__rosidl_typesupport_introspection_cpp.so
[0.426s] -- Up-to-date: /home/arpg/jackal_ws/install/wireless_msgs/lib/libwireless_msgs__rosidl_typesupport_cpp.so
[0.426s] -- Up-to-date: /home/arpg/jackal_ws/install/wireless_msgs/share/wireless_msgs/environment/pythonpath.sh
[0.426s] -- Up-to-date: /home/arpg/jackal_ws/install/wireless_msgs/share/wireless_msgs/environment/pythonpath.dsv
[0.426s] -- Up-to-date: /home/arpg/jackal_ws/install/wireless_msgs/local/lib/python3.10/dist-packages/wireless_msgs-1.0.1-py3.10.egg-info
[0.426s] -- Installing: /home/arpg/jackal_ws/install/wireless_msgs/local/lib/python3.10/dist-packages/wireless_msgs-1.0.1-py3.10.egg-info/PKG-INFO
[0.426s] -- Installing: /home/arpg/jackal_ws/install/wireless_msgs/local/lib/python3.10/dist-packages/wireless_msgs-1.0.1-py3.10.egg-info/SOURCES.txt
[0.426s] -- Installing: /home/arpg/jackal_ws/install/wireless_msgs/local/lib/python3.10/dist-packages/wireless_msgs-1.0.1-py3.10.egg-info/top_level.txt
[0.426s] -- Installing: /home/arpg/jackal_ws/install/wireless_msgs/local/lib/python3.10/dist-packages/wireless_msgs-1.0.1-py3.10.egg-info/dependency_links.txt
[0.426s] -- Up-to-date: /home/arpg/jackal_ws/install/wireless_msgs/local/lib/python3.10/dist-packages/wireless_msgs
[0.426s] -- Up-to-date: /home/arpg/jackal_ws/install/wireless_msgs/local/lib/python3.10/dist-packages/wireless_msgs/_wireless_msgs_s.ep.rosidl_typesupport_fastrtps_c.c
[0.426s] -- Up-to-date: /home/arpg/jackal_ws/install/wireless_msgs/local/lib/python3.10/dist-packages/wireless_msgs/_wireless_msgs_s.ep.rosidl_typesupport_introspection_c.c
[0.426s] -- Up-to-date: /home/arpg/jackal_ws/install/wireless_msgs/local/lib/python3.10/dist-packages/wireless_msgs/wireless_msgs_s__rosidl_typesupport_c.cpython-310-x86_64-linux-gnu.so
[0.426s] -- Up-to-date: /home/arpg/jackal_ws/install/wireless_msgs/local/lib/python3.10/dist-packages/wireless_msgs/libwireless_msgs__rosidl_generator_py.so
[0.426s] -- Up-to-date: /home/arpg/jackal_ws/install/wireless_msgs/local/lib/python3.10/dist-packages/wireless_msgs/__init__.py
[0.426s] -- Up-to-date: /home/arpg/jackal_ws/install/wireless_msgs/local/lib/python3.10/dist-packages/wireless_msgs/msg
[0.426s] -- Up-to-date: /home/arpg/jackal_ws/install/wireless_msgs/local/lib/python3.10/dist-packages/wireless_msgs/msg/_connection_s.c
[0.426s] -- Up-to-date: /home/arpg/jackal_ws/install/wireless_msgs/local/lib/python3.10/dist-packages/wireless_msgs/msg/_scan.py
[0.426s] -- Up-to-date: /home/arpg/jackal_ws/install/wireless_msgs/local/lib/python3.10/dist-packages/wireless_msgs/msg/_quality.py
[0.426s] -- Up-to-date: /home/arpg/jackal_ws/install/wireless_msgs/local/lib/python3.10/dist-packages/wireless_msgs/msg/_network.py
[0.426s] -- Up-to-date: /home/arpg/jackal_ws/install/wireless_msgs/local/lib/python3.10/dist-packages/wireless_msgs/msg/_network_s.c
[0.426s] -- Up-to-date: /home/arpg/jackal_ws/install/wireless_msgs/local/lib/python3.10/dist-packages/wireless_msgs/msg/__init__.py
[0.426s] -- Up-to-date: /home/arpg/jackal_ws/install/wireless_msgs/local/lib/python3.10/dist-packages/wireless_msgs/msg/_quality_s.c
[0.426s] -- Up-to-date: /home/arpg/jackal_ws/install/wireless_msgs/local/lib/python3.10/dist-packages/wireless_msgs/msg/_scan_s.c
[0.427s] -- Up-to-date: /home/arpg/jackal_ws/install/wireless_msgs/local/lib/python3.10/dist-packages/wireless_msgs/msg/_connection.py
[0.427s] -- Up-to-date: /home/arpg/jackal_ws/install/wireless_msgs/local/lib/python3.10/dist-packages/wireless_msgs/wireless_msgs_s__rosidl_typesupport_introspection_c.cpython-310-x86_64-linux-gnu.so
[0.427s] -- Up-to-date: /home/arpg/jackal_ws/install/wireless_msgs/local/lib/python3.10/dist-packages/wireless_msgs/_wireless_msgs_s.ep.rosidl_typesupport_c.c
[0.427s] -- Up-to-date: /home/arpg/jackal_ws/install/wireless_msgs/local/lib/python3.10/dist-packages/wireless_msgs/wireless_msgs_s__rosidl_typesupport_fastrtps_c.cpython-310-x86_64-linux-gnu.so
[0.433s] Listing '/home/arpg/jackal_ws/install/wireless_msgs/local/lib/python3.10/dist-packages/wireless_msgs'...
[0.433s] Listing '/home/arpg/jackal_ws/install/wireless_msgs/local/lib/python3.10/dist-packages/wireless_msgs/msg'...
[0.435s] -- Up-to-date: /home/arpg/jackal_ws/install/wireless_msgs/local/lib/python3.10/dist-packages/wireless_msgs/wireless_msgs_s__rosidl_typesupport_fastrtps_c.cpython-310-x86_64-linux-gnu.so
[0.435s] -- Up-to-date: /home/arpg/jackal_ws/install/wireless_msgs/local/lib/python3.10/dist-packages/wireless_msgs/wireless_msgs_s__rosidl_typesupport_introspection_c.cpython-310-x86_64-linux-gnu.so
[0.435s] -- Up-to-date: /home/arpg/jackal_ws/install/wireless_msgs/local/lib/python3.10/dist-packages/wireless_msgs/wireless_msgs_s__rosidl_typesupport_c.cpython-310-x86_64-linux-gnu.so
[0.435s] -- Up-to-date: /home/arpg/jackal_ws/install/wireless_msgs/lib/libwireless_msgs__rosidl_generator_py.so
[0.435s] -- Up-to-date: /home/arpg/jackal_ws/install/wireless_msgs/share/wireless_msgs/msg/Connection.idl
[0.435s] -- Up-to-date: /home/arpg/jackal_ws/install/wireless_msgs/share/wireless_msgs/msg/Network.idl
[0.435s] -- Up-to-date: /home/arpg/jackal_ws/install/wireless_msgs/share/wireless_msgs/msg/Quality.idl
[0.435s] -- Up-to-date: /home/arpg/jackal_ws/install/wireless_msgs/share/wireless_msgs/msg/Scan.idl
[0.436s] -- Up-to-date: /home/arpg/jackal_ws/install/wireless_msgs/share/wireless_msgs/msg/Connection.msg
[0.436s] -- Up-to-date: /home/arpg/jackal_ws/install/wireless_msgs/share/wireless_msgs/msg/Network.msg
[0.436s] -- Up-to-date: /home/arpg/jackal_ws/install/wireless_msgs/share/wireless_msgs/msg/Quality.msg
[0.436s] -- Up-to-date: /home/arpg/jackal_ws/install/wireless_msgs/share/wireless_msgs/msg/Scan.msg
[0.436s] -- Up-to-date: /home/arpg/jackal_ws/install/wireless_msgs/share/ament_index/resource_index/package_run_dependencies/wireless_msgs
[0.436s] -- Up-to-date: /home/arpg/jackal_ws/install/wireless_msgs/share/ament_index/resource_index/parent_prefix_path/wireless_msgs
[0.436s] -- Up-to-date: /home/arpg/jackal_ws/install/wireless_msgs/share/wireless_msgs/environment/ament_prefix_path.sh
[0.436s] -- Up-to-date: /home/arpg/jackal_ws/install/wireless_msgs/share/wireless_msgs/environment/ament_prefix_path.dsv
[0.436s] -- Up-to-date: /home/arpg/jackal_ws/install/wireless_msgs/share/wireless_msgs/environment/path.sh
[0.436s] -- Up-to-date: /home/arpg/jackal_ws/install/wireless_msgs/share/wireless_msgs/environment/path.dsv
[0.436s] -- Up-to-date: /home/arpg/jackal_ws/install/wireless_msgs/share/wireless_msgs/local_setup.bash
[0.436s] -- Up-to-date: /home/arpg/jackal_ws/install/wireless_msgs/share/wireless_msgs/local_setup.sh
[0.436s] -- Up-to-date: /home/arpg/jackal_ws/install/wireless_msgs/share/wireless_msgs/local_setup.zsh
[0.436s] -- Up-to-date: /home/arpg/jackal_ws/install/wireless_msgs/share/wireless_msgs/local_setup.dsv
[0.436s] -- Installing: /home/arpg/jackal_ws/install/wireless_msgs/share/wireless_msgs/package.dsv
[0.436s] -- Up-to-date: /home/arpg/jackal_ws/install/wireless_msgs/share/ament_index/resource_index/packages/wireless_msgs
[0.437s] -- Up-to-date: /home/arpg/jackal_ws/install/wireless_msgs/share/wireless_msgs/cmake/export_wireless_msgs__rosidl_generator_cExport.cmake
[0.437s] -- Up-to-date: /home/arpg/jackal_ws/install/wireless_msgs/share/wireless_msgs/cmake/export_wireless_msgs__rosidl_generator_cExport-noconfig.cmake
[0.437s] -- Up-to-date: /home/arpg/jackal_ws/install/wireless_msgs/share/wireless_msgs/cmake/export_wireless_msgs__rosidl_typesupport_fastrtps_cExport.cmake
[0.437s] -- Up-to-date: /home/arpg/jackal_ws/install/wireless_msgs/share/wireless_msgs/cmake/export_wireless_msgs__rosidl_typesupport_fastrtps_cExport-noconfig.cmake
[0.437s] -- Up-to-date: /home/arpg/jackal_ws/install/wireless_msgs/share/wireless_msgs/cmake/export_wireless_msgs__rosidl_generator_cppExport.cmake
[0.437s] -- Up-to-date: /home/arpg/jackal_ws/install/wireless_msgs/share/wireless_msgs/cmake/export_wireless_msgs__rosidl_typesupport_fastrtps_cppExport.cmake
[0.437s] -- Up-to-date: /home/arpg/jackal_ws/install/wireless_msgs/share/wireless_msgs/cmake/export_wireless_msgs__rosidl_typesupport_fastrtps_cppExport-noconfig.cmake
[0.437s] -- Up-to-date: /home/arpg/jackal_ws/install/wireless_msgs/share/wireless_msgs/cmake/wireless_msgs__rosidl_typesupport_introspection_cExport.cmake
[0.437s] -- Up-to-date: /home/arpg/jackal_ws/install/wireless_msgs/share/wireless_msgs/cmake/wireless_msgs__rosidl_typesupport_introspection_cExport-noconfig.cmake
[0.437s] -- Up-to-date: /home/arpg/jackal_ws/install/wireless_msgs/share/wireless_msgs/cmake/wireless_msgs__rosidl_typesupport_cExport.cmake
[0.437s] -- Up-to-date: /home/arpg/jackal_ws/install/wireless_msgs/share/wireless_msgs/cmake/wireless_msgs__rosidl_typesupport_cExport-noconfig.cmake
[0.437s] -- Up-to-date: /home/arpg/jackal_ws/install/wireless_msgs/share/wireless_msgs/cmake/wireless_msgs__rosidl_typesupport_introspection_cppExport.cmake
[0.437s] -- Up-to-date: /home/arpg/jackal_ws/install/wireless_msgs/share/wireless_msgs/cmake/wireless_msgs__rosidl_typesupport_introspection_cppExport-noconfig.cmake
[0.438s] -- Up-to-date: /home/arpg/jackal_ws/install/wireless_msgs/share/wireless_msgs/cmake/wireless_msgs__rosidl_typesupport_cppExport.cmake
[0.438s] -- Up-to-date: /home/arpg/jackal_ws/install/wireless_msgs/share/wireless_msgs/cmake/wireless_msgs__rosidl_typesupport_cppExport-noconfig.cmake
[0.438s] -- Up-to-date: /home/arpg/jackal_ws/install/wireless_msgs/share/wireless_msgs/cmake/export_wireless_msgs__rosidl_generator_pyExport.cmake
[0.438s] -- Up-to-date: /home/arpg/jackal_ws/install/wireless_msgs/share/wireless_msgs/cmake/export_wireless_msgs__rosidl_generator_pyExport-noconfig.cmake
[0.438s] -- Up-to-date: /home/arpg/jackal_ws/install/wireless_msgs/share/wireless_msgs/cmake/rosidl_cmake-extras.cmake
[0.438s] -- Up-to-date: /home/arpg/jackal_ws/install/wireless_msgs/share/wireless_msgs/cmake/ament_cmake_export_dependencies-extras.cmake
[0.438s] -- Up-to-date: /home/arpg/jackal_ws/install/wireless_msgs/share/wireless_msgs/cmake/ament_cmake_export_include_directories-extras.cmake
[0.438s] -- Up-to-date: /home/arpg/jackal_ws/install/wireless_msgs/share/wireless_msgs/cmake/ament_cmake_export_libraries-extras.cmake
[0.438s] -- Up-to-date: /home/arpg/jackal_ws/install/wireless_msgs/share/wireless_msgs/cmake/ament_cmake_export_targets-extras.cmake
[0.439s] -- Up-to-date: /home/arpg/jackal_ws/install/wireless_msgs/share/wireless_msgs/cmake/rosidl_cmake_export_typesupport_targets-extras.cmake
[0.439s] -- Up-to-date: /home/arpg/jackal_ws/install/wireless_msgs/share/wireless_msgs/cmake/rosidl_cmake_export_typesupport_libraries-extras.cmake
[0.439s] -- Up-to-date: /home/arpg/jackal_ws/install/wireless_msgs/share/wireless_msgs/cmake/wireless_msgsConfig.cmake
[0.439s] -- Up-to-date: /home/arpg/jackal_ws/install/wireless_msgs/share/wireless_msgs/cmake/wireless_msgsConfig-version.cmake
[0.439s] -- Up-to-date: /home/arpg/jackal_ws/install/wireless_msgs/share/wireless_msgs/package.xml
[0.452s] Invoked command in '/home/arpg/jackal_ws/build/wireless_msgs' returned '0': CMAKE_PREFIX_PATH=${CMAKE_PREFIX_PATH}:/home/arpg/jackal_ws/install/wireless_watcher:/opt/ros/humble /usr/bin/cmake --install /home/arpg/jackal_ws/build/wireless_msgs
