[35m[1mConsolidate compiler generated dependencies of target jackal_hardware[0m
[  0%] Built target ament_cmake_python_copy_jackal_robot
[100%] Built target jackal_hardware
running egg_info
writing jackal_robot.egg-info/PKG-INFO
writing dependency_links to jackal_robot.egg-info/dependency_links.txt
writing top-level names to jackal_robot.egg-info/top_level.txt
reading manifest file 'jackal_robot.egg-info/SOURCES.txt'
writing manifest file 'jackal_robot.egg-info/SOURCES.txt'
[100%] Built target ament_cmake_python_build_jackal_robot_egg
-- Install configuration: ""
-- Up-to-date: /home/arpg/jackal_ws/install/jackal_robot/share/jackal_robot/jackal_hardware.xml
-- Up-to-date: /home/arpg/jackal_ws/install/jackal_robot/share/jackal_robot/environment/pythonpath.sh
-- Up-to-date: /home/arpg/jackal_ws/install/jackal_robot/share/jackal_robot/environment/pythonpath.dsv
-- Up-to-date: /home/arpg/jackal_ws/install/jackal_robot/local/lib/python3.10/dist-packages/jackal_robot-1.0.1-py3.10.egg-info
-- Installing: /home/arpg/jackal_ws/install/jackal_robot/local/lib/python3.10/dist-packages/jackal_robot-1.0.1-py3.10.egg-info/PKG-INFO
-- Installing: /home/arpg/jackal_ws/install/jackal_robot/local/lib/python3.10/dist-packages/jackal_robot-1.0.1-py3.10.egg-info/SOURCES.txt
-- Installing: /home/arpg/jackal_ws/install/jackal_robot/local/lib/python3.10/dist-packages/jackal_robot-1.0.1-py3.10.egg-info/top_level.txt
-- Installing: /home/arpg/jackal_ws/install/jackal_robot/local/lib/python3.10/dist-packages/jackal_robot-1.0.1-py3.10.egg-info/dependency_links.txt
-- Up-to-date: /home/arpg/jackal_ws/install/jackal_robot/local/lib/python3.10/dist-packages/jackal_robot
-- Up-to-date: /home/arpg/jackal_ws/install/jackal_robot/local/lib/python3.10/dist-packages/jackal_robot/diagnostics_updater
-- Up-to-date: /home/arpg/jackal_ws/install/jackal_robot/local/lib/python3.10/dist-packages/jackal_robot/__init__.py
Listing '/home/arpg/jackal_ws/install/jackal_robot/local/lib/python3.10/dist-packages/jackal_robot'...
-- Up-to-date: /home/arpg/jackal_ws/install/jackal_robot/lib/libjackal_hardware.so
-- Up-to-date: /home/arpg/jackal_ws/install/jackal_robot/include
-- Up-to-date: /home/arpg/jackal_ws/install/jackal_robot/include/jackal_hardware
-- Up-to-date: /home/arpg/jackal_ws/install/jackal_robot/include/jackal_hardware/jackal_hardware_interface.hpp
-- Up-to-date: /home/arpg/jackal_ws/install/jackal_robot/include/jackal_hardware/jackal_hardware.hpp
-- Up-to-date: /home/arpg/jackal_ws/install/jackal_robot/share/jackal_robot/launch
-- Up-to-date: /home/arpg/jackal_ws/install/jackal_robot/share/jackal_robot/launch/accessories.launch.py
-- Up-to-date: /home/arpg/jackal_ws/install/jackal_robot/share/jackal_robot/launch/.bringup.launch.py.swp
-- Up-to-date: /home/arpg/jackal_ws/install/jackal_robot/share/jackal_robot/launch/diagnostics.launch.py
-- Up-to-date: /home/arpg/jackal_ws/install/jackal_robot/share/jackal_robot/launch/bringup.launch.py
-- Up-to-date: /home/arpg/jackal_ws/install/jackal_robot/share/jackal_robot/config
-- Up-to-date: /home/arpg/jackal_ws/install/jackal_robot/share/jackal_robot/config/diagnostics.yaml
-- Up-to-date: /home/arpg/jackal_ws/install/jackal_robot/lib/jackal_robot/install
-- Up-to-date: /home/arpg/jackal_ws/install/jackal_robot/lib/jackal_robot/uninstall
-- Up-to-date: /home/arpg/jackal_ws/install/jackal_robot/lib/jackal_robot/diagnostics_updater
-- Up-to-date: /home/arpg/jackal_ws/install/jackal_robot/share/jackal_robot/environment/library_path.sh
-- Up-to-date: /home/arpg/jackal_ws/install/jackal_robot/share/jackal_robot/environment/library_path.dsv
-- Up-to-date: /home/arpg/jackal_ws/install/jackal_robot/share/ament_index/resource_index/package_run_dependencies/jackal_robot
-- Up-to-date: /home/arpg/jackal_ws/install/jackal_robot/share/ament_index/resource_index/parent_prefix_path/jackal_robot
-- Up-to-date: /home/arpg/jackal_ws/install/jackal_robot/share/jackal_robot/environment/ament_prefix_path.sh
-- Up-to-date: /home/arpg/jackal_ws/install/jackal_robot/share/jackal_robot/environment/ament_prefix_path.dsv
-- Up-to-date: /home/arpg/jackal_ws/install/jackal_robot/share/jackal_robot/environment/path.sh
-- Up-to-date: /home/arpg/jackal_ws/install/jackal_robot/share/jackal_robot/environment/path.dsv
-- Up-to-date: /home/arpg/jackal_ws/install/jackal_robot/share/jackal_robot/local_setup.bash
-- Up-to-date: /home/arpg/jackal_ws/install/jackal_robot/share/jackal_robot/local_setup.sh
-- Up-to-date: /home/arpg/jackal_ws/install/jackal_robot/share/jackal_robot/local_setup.zsh
-- Up-to-date: /home/arpg/jackal_ws/install/jackal_robot/share/jackal_robot/local_setup.dsv
-- Installing: /home/arpg/jackal_ws/install/jackal_robot/share/jackal_robot/package.dsv
-- Up-to-date: /home/arpg/jackal_ws/install/jackal_robot/share/ament_index/resource_index/packages/jackal_robot
-- Up-to-date: /home/arpg/jackal_ws/install/jackal_robot/share/ament_index/resource_index/hardware_interface__pluginlib__plugin/jackal_robot
-- Up-to-date: /home/arpg/jackal_ws/install/jackal_robot/share/jackal_robot/cmake/ament_cmake_export_include_directories-extras.cmake
-- Up-to-date: /home/arpg/jackal_ws/install/jackal_robot/share/jackal_robot/cmake/ament_cmake_export_libraries-extras.cmake
-- Up-to-date: /home/arpg/jackal_ws/install/jackal_robot/share/jackal_robot/cmake/ament_cmake_export_dependencies-extras.cmake
-- Up-to-date: /home/arpg/jackal_ws/install/jackal_robot/share/jackal_robot/cmake/jackal_robotConfig.cmake
-- Up-to-date: /home/arpg/jackal_ws/install/jackal_robot/share/jackal_robot/cmake/jackal_robotConfig-version.cmake
-- Up-to-date: /home/arpg/jackal_ws/install/jackal_robot/share/jackal_robot/package.xml
