-- The C compiler identification is GNU 11.4.0
-- The CXX compiler identification is GNU 11.4.0
-- Detecting C compiler ABI info
-- Detecting C compiler ABI info - done
-- Check for working C compiler: /usr/bin/cc - skipped
-- Detecting C compile features
-- Detecting C compile features - done
-- Detecting CXX compiler ABI info
-- Detecting CXX compiler ABI info - done
-- Check for working CXX compiler: /usr/bin/c++ - skipped
-- Detecting CXX compile features
-- Detecting CXX compile features - done
-- Found ament_cmake: 1.3.5 (/opt/ros/humble/share/ament_cmake/cmake)
-- Found Python3: /usr/bin/python3.10 (found version "3.10.12") found components: Interpreter 
-- Found urdf: 2.6.0 (/opt/ros/humble/share/urdf/cmake)
-- Configuring done
-- Generating done
-- Build files have been written to: /home/arpg/jackal_ws/build/jackal_description
-- Install configuration: ""
-- Up-to-date: /home/arpg/jackal_ws/install/jackal_description/share/jackal_description/launch
-- Up-to-date: /home/arpg/jackal_ws/install/jackal_description/share/jackal_description/meshes
-- Up-to-date: /home/arpg/jackal_ws/install/jackal_description/share/jackal_description/urdf
-- Up-to-date: /home/arpg/jackal_ws/install/jackal_description/share/jackal_description/urdf/accessories
-- Installing: /home/arpg/jackal_ws/install/jackal_description/share/jackal_description/package.dsv
