[0.132s] Invoking command in '/home/arpg/jackal_ws/build/jackal_description': CMAKE_PREFIX_PATH=${CMAKE_PREFIX_PATH}:/home/arpg/jackal_ws/install/wireless_watcher:/opt/ros/humble /usr/bin/cmake /home/arpg/jackal_ws/src/jackal/jackal_description -DCMAKE_INSTALL_PREFIX=/home/arpg/jackal_ws/install/jackal_description
[0.154s] -- The C compiler identification is GNU 11.4.0
[0.178s] -- The CXX compiler identification is GNU 11.4.0
[0.182s] -- Detecting C compiler ABI info
[0.210s] -- Detecting C compiler ABI info - done
[0.213s] -- Check for working C compiler: /usr/bin/cc - skipped
[0.214s] -- Detecting C compile features
[0.214s] -- Detecting C compile features - done
[0.215s] -- Detecting CXX compiler ABI info
[0.250s] -- Detecting CXX compiler ABI info - done
[0.253s] -- Check for working CXX compiler: /usr/bin/c++ - skipped
[0.253s] -- Detecting CXX compile features
[0.254s] -- Detecting CXX compile features - done
[0.255s] -- Found ament_cmake: 1.3.5 (/opt/ros/humble/share/ament_cmake/cmake)
[0.336s] -- Found Python3: /usr/bin/python3.10 (found version "3.10.12") found components: Interpreter 
[0.380s] -- Found urdf: 2.6.0 (/opt/ros/humble/share/urdf/cmake)
[0.436s] -- Configuring done
[0.436s] -- Generating done
[0.436s] -- Build files have been written to: /home/arpg/jackal_ws/build/jackal_description
[0.439s] Invoked command in '/home/arpg/jackal_ws/build/jackal_description' returned '0': CMAKE_PREFIX_PATH=${CMAKE_PREFIX_PATH}:/home/arpg/jackal_ws/install/wireless_watcher:/opt/ros/humble /usr/bin/cmake /home/arpg/jackal_ws/src/jackal/jackal_description -DCMAKE_INSTALL_PREFIX=/home/arpg/jackal_ws/install/jackal_description
[0.439s] Invoking command in '/home/arpg/jackal_ws/build/jackal_description': CMAKE_PREFIX_PATH=${CMAKE_PREFIX_PATH}:/home/arpg/jackal_ws/install/wireless_watcher:/opt/ros/humble /usr/bin/cmake --build /home/arpg/jackal_ws/build/jackal_description -- -j32 -l32
[0.455s] Invoked command in '/home/arpg/jackal_ws/build/jackal_description' returned '0': CMAKE_PREFIX_PATH=${CMAKE_PREFIX_PATH}:/home/arpg/jackal_ws/install/wireless_watcher:/opt/ros/humble /usr/bin/cmake --build /home/arpg/jackal_ws/build/jackal_description -- -j32 -l32
[0.466s] Invoking command in '/home/arpg/jackal_ws/build/jackal_description': CMAKE_PREFIX_PATH=${CMAKE_PREFIX_PATH}:/home/arpg/jackal_ws/install/wireless_watcher:/opt/ros/humble /usr/bin/cmake --install /home/arpg/jackal_ws/build/jackal_description
[0.474s] -- Install configuration: ""
[0.474s] -- Up-to-date: /home/arpg/jackal_ws/install/jackal_description/share/jackal_description/launch
[0.474s] -- Up-to-date: /home/arpg/jackal_ws/install/jackal_description/share/jackal_description/meshes
[0.474s] -- Up-to-date: /home/arpg/jackal_ws/install/jackal_description/share/jackal_description/urdf
[0.474s] -- Up-to-date: /home/arpg/jackal_ws/install/jackal_description/share/jackal_description/urdf/accessories
[0.474s] -- Installing: /home/arpg/jackal_ws/install/jackal_description/share/jackal_description/package.dsv
[0.474s] Invoked command in '/home/arpg/jackal_ws/build/jackal_description' returned '0': CMAKE_PREFIX_PATH=${CMAKE_PREFIX_PATH}:/home/arpg/jackal_ws/install/wireless_watcher:/opt/ros/humble /usr/bin/cmake --install /home/arpg/jackal_ws/build/jackal_description
