[0.029s] Invoking command in '/home/arpg/jackal_ws/build/jackal_robot': AMENT_PREFIX_PATH=/home/arpg/jackal_ws/install/wireless_watcher:/home/arpg/jackal_ws/install/jackal_robot:/home/arpg/jackal_ws/install/wireless_msgs:/home/arpg/jackal_ws/install/micro_ros_setup:/home/arpg/jackal_ws/install/micro_ros_agent:/home/arpg/jackal_ws/install/micro_ros_msgs:/home/arpg/jackal_ws/install/jackal_navigation:/home/arpg/jackal_ws/install/jackal_msgs:/home/arpg/jackal_ws/install/jackal_control:/home/arpg/jackal_ws/install/jackal_description:/opt/ros/humble CMAKE_PREFIX_PATH=/home/arpg/jackal_ws/install/micro_ros_agent:/home/arpg/jackal_ws/install/jackal_control:/home/arpg/jackal_ws/install/wireless_msgs:/home/arpg/jackal_ws/install/micro_ros_msgs:/home/arpg/jackal_ws/install/jackal_msgs:/home/arpg/jackal_ws/install/jackal_description:/home/arpg/jackal_ws/install/jackal_robot:/home/arpg/jackal_ws/install/micro_ros_setup:/home/arpg/jackal_ws/install/jackal_navigation:/home/arpg/jackal_ws/install/wireless_watcher:/opt/ros/humble LD_LIBRARY_PATH=/home/arpg/jackal_ws/install/micro_ros_agent/lib:/home/arpg/jackal_ws/install/wireless_msgs/lib:/home/arpg/jackal_ws/install/micro_ros_msgs/lib:/home/arpg/jackal_ws/install/jackal_msgs/lib:/home/arpg/jackal_ws/install/jackal_robot/lib:/usr/lib/x86_64-linux-gnu/gazebo-11/plugins:/opt/ros/humble/opt/rviz_ogre_vendor/lib:/opt/ros/humble/lib/x86_64-linux-gnu:/opt/ros/humble/lib PYTHONPATH=/home/arpg/jackal_ws/install/wireless_watcher/lib/python3.10/site-packages:/home/arpg/jackal_ws/install/jackal_robot/local/lib/python3.10/dist-packages:/home/arpg/jackal_ws/install/wireless_msgs/local/lib/python3.10/dist-packages:/home/arpg/jackal_ws/install/micro_ros_msgs/local/lib/python3.10/dist-packages:/home/arpg/jackal_ws/install/jackal_msgs/local/lib/python3.10/dist-packages:/opt/ros/humble/lib/python3.10/site-packages:/opt/ros/humble/local/lib/python3.10/dist-packages /usr/bin/cmake --build /home/arpg/jackal_ws/build/jackal_robot -- -j32 -l32
[0.064s] [  0%] Built target ament_cmake_python_copy_jackal_robot
[0.064s] [100%] Built target jackal_hardware
[0.186s] running egg_info
[0.187s] writing jackal_robot.egg-info/PKG-INFO
[0.187s] writing dependency_links to jackal_robot.egg-info/dependency_links.txt
[0.187s] writing top-level names to jackal_robot.egg-info/top_level.txt
[0.187s] reading manifest file 'jackal_robot.egg-info/SOURCES.txt'
[0.188s] writing manifest file 'jackal_robot.egg-info/SOURCES.txt'
[0.198s] [100%] Built target ament_cmake_python_build_jackal_robot_egg
[0.204s] Invoked command in '/home/arpg/jackal_ws/build/jackal_robot' returned '0': AMENT_PREFIX_PATH=/home/arpg/jackal_ws/install/wireless_watcher:/home/arpg/jackal_ws/install/jackal_robot:/home/arpg/jackal_ws/install/wireless_msgs:/home/arpg/jackal_ws/install/micro_ros_setup:/home/arpg/jackal_ws/install/micro_ros_agent:/home/arpg/jackal_ws/install/micro_ros_msgs:/home/arpg/jackal_ws/install/jackal_navigation:/home/arpg/jackal_ws/install/jackal_msgs:/home/arpg/jackal_ws/install/jackal_control:/home/arpg/jackal_ws/install/jackal_description:/opt/ros/humble CMAKE_PREFIX_PATH=/home/arpg/jackal_ws/install/micro_ros_agent:/home/arpg/jackal_ws/install/jackal_control:/home/arpg/jackal_ws/install/wireless_msgs:/home/arpg/jackal_ws/install/micro_ros_msgs:/home/arpg/jackal_ws/install/jackal_msgs:/home/arpg/jackal_ws/install/jackal_description:/home/arpg/jackal_ws/install/jackal_robot:/home/arpg/jackal_ws/install/micro_ros_setup:/home/arpg/jackal_ws/install/jackal_navigation:/home/arpg/jackal_ws/install/wireless_watcher:/opt/ros/humble LD_LIBRARY_PATH=/home/arpg/jackal_ws/install/micro_ros_agent/lib:/home/arpg/jackal_ws/install/wireless_msgs/lib:/home/arpg/jackal_ws/install/micro_ros_msgs/lib:/home/arpg/jackal_ws/install/jackal_msgs/lib:/home/arpg/jackal_ws/install/jackal_robot/lib:/usr/lib/x86_64-linux-gnu/gazebo-11/plugins:/opt/ros/humble/opt/rviz_ogre_vendor/lib:/opt/ros/humble/lib/x86_64-linux-gnu:/opt/ros/humble/lib PYTHONPATH=/home/arpg/jackal_ws/install/wireless_watcher/lib/python3.10/site-packages:/home/arpg/jackal_ws/install/jackal_robot/local/lib/python3.10/dist-packages:/home/arpg/jackal_ws/install/wireless_msgs/local/lib/python3.10/dist-packages:/home/arpg/jackal_ws/install/micro_ros_msgs/local/lib/python3.10/dist-packages:/home/arpg/jackal_ws/install/jackal_msgs/local/lib/python3.10/dist-packages:/opt/ros/humble/lib/python3.10/site-packages:/opt/ros/humble/local/lib/python3.10/dist-packages /usr/bin/cmake --build /home/arpg/jackal_ws/build/jackal_robot -- -j32 -l32
[0.219s] Invoking command in '/home/arpg/jackal_ws/build/jackal_robot': AMENT_PREFIX_PATH=/home/arpg/jackal_ws/install/wireless_watcher:/home/arpg/jackal_ws/install/jackal_robot:/home/arpg/jackal_ws/install/wireless_msgs:/home/arpg/jackal_ws/install/micro_ros_setup:/home/arpg/jackal_ws/install/micro_ros_agent:/home/arpg/jackal_ws/install/micro_ros_msgs:/home/arpg/jackal_ws/install/jackal_navigation:/home/arpg/jackal_ws/install/jackal_msgs:/home/arpg/jackal_ws/install/jackal_control:/home/arpg/jackal_ws/install/jackal_description:/opt/ros/humble CMAKE_PREFIX_PATH=/home/arpg/jackal_ws/install/micro_ros_agent:/home/arpg/jackal_ws/install/jackal_control:/home/arpg/jackal_ws/install/wireless_msgs:/home/arpg/jackal_ws/install/micro_ros_msgs:/home/arpg/jackal_ws/install/jackal_msgs:/home/arpg/jackal_ws/install/jackal_description:/home/arpg/jackal_ws/install/jackal_robot:/home/arpg/jackal_ws/install/micro_ros_setup:/home/arpg/jackal_ws/install/jackal_navigation:/home/arpg/jackal_ws/install/wireless_watcher:/opt/ros/humble LD_LIBRARY_PATH=/home/arpg/jackal_ws/install/micro_ros_agent/lib:/home/arpg/jackal_ws/install/wireless_msgs/lib:/home/arpg/jackal_ws/install/micro_ros_msgs/lib:/home/arpg/jackal_ws/install/jackal_msgs/lib:/home/arpg/jackal_ws/install/jackal_robot/lib:/usr/lib/x86_64-linux-gnu/gazebo-11/plugins:/opt/ros/humble/opt/rviz_ogre_vendor/lib:/opt/ros/humble/lib/x86_64-linux-gnu:/opt/ros/humble/lib PYTHONPATH=/home/arpg/jackal_ws/install/wireless_watcher/lib/python3.10/site-packages:/home/arpg/jackal_ws/install/jackal_robot/local/lib/python3.10/dist-packages:/home/arpg/jackal_ws/install/wireless_msgs/local/lib/python3.10/dist-packages:/home/arpg/jackal_ws/install/micro_ros_msgs/local/lib/python3.10/dist-packages:/home/arpg/jackal_ws/install/jackal_msgs/local/lib/python3.10/dist-packages:/opt/ros/humble/lib/python3.10/site-packages:/opt/ros/humble/local/lib/python3.10/dist-packages /usr/bin/cmake --install /home/arpg/jackal_ws/build/jackal_robot
[0.222s] -- Install configuration: ""
[0.222s] -- Up-to-date: /home/arpg/jackal_ws/install/jackal_robot/share/jackal_robot/jackal_hardware.xml
[0.223s] -- Up-to-date: /home/arpg/jackal_ws/install/jackal_robot/share/jackal_robot/environment/pythonpath.sh
[0.223s] -- Up-to-date: /home/arpg/jackal_ws/install/jackal_robot/share/jackal_robot/environment/pythonpath.dsv
[0.223s] -- Up-to-date: /home/arpg/jackal_ws/install/jackal_robot/local/lib/python3.10/dist-packages/jackal_robot-1.0.1-py3.10.egg-info
[0.223s] -- Installing: /home/arpg/jackal_ws/install/jackal_robot/local/lib/python3.10/dist-packages/jackal_robot-1.0.1-py3.10.egg-info/PKG-INFO
[0.223s] -- Installing: /home/arpg/jackal_ws/install/jackal_robot/local/lib/python3.10/dist-packages/jackal_robot-1.0.1-py3.10.egg-info/SOURCES.txt
[0.223s] -- Installing: /home/arpg/jackal_ws/install/jackal_robot/local/lib/python3.10/dist-packages/jackal_robot-1.0.1-py3.10.egg-info/top_level.txt
[0.223s] -- Installing: /home/arpg/jackal_ws/install/jackal_robot/local/lib/python3.10/dist-packages/jackal_robot-1.0.1-py3.10.egg-info/dependency_links.txt
[0.223s] -- Up-to-date: /home/arpg/jackal_ws/install/jackal_robot/local/lib/python3.10/dist-packages/jackal_robot
[0.223s] -- Up-to-date: /home/arpg/jackal_ws/install/jackal_robot/local/lib/python3.10/dist-packages/jackal_robot/diagnostics_updater
[0.223s] -- Up-to-date: /home/arpg/jackal_ws/install/jackal_robot/local/lib/python3.10/dist-packages/jackal_robot/__init__.py
[0.240s] Listing '/home/arpg/jackal_ws/install/jackal_robot/local/lib/python3.10/dist-packages/jackal_robot'...
[0.242s] -- Up-to-date: /home/arpg/jackal_ws/install/jackal_robot/lib/libjackal_hardware.so
[0.242s] -- Up-to-date: /home/arpg/jackal_ws/install/jackal_robot/include
[0.242s] -- Up-to-date: /home/arpg/jackal_ws/install/jackal_robot/include/jackal_hardware
[0.242s] -- Up-to-date: /home/arpg/jackal_ws/install/jackal_robot/include/jackal_hardware/jackal_hardware_interface.hpp
[0.242s] -- Up-to-date: /home/arpg/jackal_ws/install/jackal_robot/include/jackal_hardware/jackal_hardware.hpp
[0.242s] -- Up-to-date: /home/arpg/jackal_ws/install/jackal_robot/share/jackal_robot/launch
[0.242s] -- Up-to-date: /home/arpg/jackal_ws/install/jackal_robot/share/jackal_robot/launch/accessories.launch.py
[0.242s] -- Up-to-date: /home/arpg/jackal_ws/install/jackal_robot/share/jackal_robot/launch/.bringup.launch.py.swp
[0.242s] -- Up-to-date: /home/arpg/jackal_ws/install/jackal_robot/share/jackal_robot/launch/diagnostics.launch.py
[0.242s] -- Up-to-date: /home/arpg/jackal_ws/install/jackal_robot/share/jackal_robot/launch/bringup.launch.py
[0.242s] -- Up-to-date: /home/arpg/jackal_ws/install/jackal_robot/share/jackal_robot/config
[0.243s] -- Up-to-date: /home/arpg/jackal_ws/install/jackal_robot/share/jackal_robot/config/diagnostics.yaml
[0.243s] -- Up-to-date: /home/arpg/jackal_ws/install/jackal_robot/lib/jackal_robot/install
[0.243s] -- Up-to-date: /home/arpg/jackal_ws/install/jackal_robot/lib/jackal_robot/uninstall
[0.243s] -- Up-to-date: /home/arpg/jackal_ws/install/jackal_robot/lib/jackal_robot/diagnostics_updater
[0.243s] -- Up-to-date: /home/arpg/jackal_ws/install/jackal_robot/share/jackal_robot/environment/library_path.sh
[0.243s] -- Up-to-date: /home/arpg/jackal_ws/install/jackal_robot/share/jackal_robot/environment/library_path.dsv
[0.243s] -- Up-to-date: /home/arpg/jackal_ws/install/jackal_robot/share/ament_index/resource_index/package_run_dependencies/jackal_robot
[0.243s] -- Up-to-date: /home/arpg/jackal_ws/install/jackal_robot/share/ament_index/resource_index/parent_prefix_path/jackal_robot
[0.243s] -- Up-to-date: /home/arpg/jackal_ws/install/jackal_robot/share/jackal_robot/environment/ament_prefix_path.sh
[0.243s] -- Up-to-date: /home/arpg/jackal_ws/install/jackal_robot/share/jackal_robot/environment/ament_prefix_path.dsv
[0.243s] -- Up-to-date: /home/arpg/jackal_ws/install/jackal_robot/share/jackal_robot/environment/path.sh
[0.243s] -- Up-to-date: /home/arpg/jackal_ws/install/jackal_robot/share/jackal_robot/environment/path.dsv
[0.243s] -- Up-to-date: /home/arpg/jackal_ws/install/jackal_robot/share/jackal_robot/local_setup.bash
[0.243s] -- Up-to-date: /home/arpg/jackal_ws/install/jackal_robot/share/jackal_robot/local_setup.sh
[0.243s] -- Up-to-date: /home/arpg/jackal_ws/install/jackal_robot/share/jackal_robot/local_setup.zsh
[0.243s] -- Up-to-date: /home/arpg/jackal_ws/install/jackal_robot/share/jackal_robot/local_setup.dsv
[0.243s] -- Installing: /home/arpg/jackal_ws/install/jackal_robot/share/jackal_robot/package.dsv
[0.243s] -- Up-to-date: /home/arpg/jackal_ws/install/jackal_robot/share/ament_index/resource_index/packages/jackal_robot
[0.243s] -- Up-to-date: /home/arpg/jackal_ws/install/jackal_robot/share/ament_index/resource_index/hardware_interface__pluginlib__plugin/jackal_robot
[0.243s] -- Up-to-date: /home/arpg/jackal_ws/install/jackal_robot/share/jackal_robot/cmake/ament_cmake_export_include_directories-extras.cmake
[0.243s] -- Up-to-date: /home/arpg/jackal_ws/install/jackal_robot/share/jackal_robot/cmake/ament_cmake_export_libraries-extras.cmake
[0.243s] -- Up-to-date: /home/arpg/jackal_ws/install/jackal_robot/share/jackal_robot/cmake/ament_cmake_export_dependencies-extras.cmake
[0.244s] -- Up-to-date: /home/arpg/jackal_ws/install/jackal_robot/share/jackal_robot/cmake/jackal_robotConfig.cmake
[0.244s] -- Up-to-date: /home/arpg/jackal_ws/install/jackal_robot/share/jackal_robot/cmake/jackal_robotConfig-version.cmake
[0.244s] -- Up-to-date: /home/arpg/jackal_ws/install/jackal_robot/share/jackal_robot/package.xml
[0.244s] Invoked command in '/home/arpg/jackal_ws/build/jackal_robot' returned '0': AMENT_PREFIX_PATH=/home/arpg/jackal_ws/install/wireless_watcher:/home/arpg/jackal_ws/install/jackal_robot:/home/arpg/jackal_ws/install/wireless_msgs:/home/arpg/jackal_ws/install/micro_ros_setup:/home/arpg/jackal_ws/install/micro_ros_agent:/home/arpg/jackal_ws/install/micro_ros_msgs:/home/arpg/jackal_ws/install/jackal_navigation:/home/arpg/jackal_ws/install/jackal_msgs:/home/arpg/jackal_ws/install/jackal_control:/home/arpg/jackal_ws/install/jackal_description:/opt/ros/humble CMAKE_PREFIX_PATH=/home/arpg/jackal_ws/install/micro_ros_agent:/home/arpg/jackal_ws/install/jackal_control:/home/arpg/jackal_ws/install/wireless_msgs:/home/arpg/jackal_ws/install/micro_ros_msgs:/home/arpg/jackal_ws/install/jackal_msgs:/home/arpg/jackal_ws/install/jackal_description:/home/arpg/jackal_ws/install/jackal_robot:/home/arpg/jackal_ws/install/micro_ros_setup:/home/arpg/jackal_ws/install/jackal_navigation:/home/arpg/jackal_ws/install/wireless_watcher:/opt/ros/humble LD_LIBRARY_PATH=/home/arpg/jackal_ws/install/micro_ros_agent/lib:/home/arpg/jackal_ws/install/wireless_msgs/lib:/home/arpg/jackal_ws/install/micro_ros_msgs/lib:/home/arpg/jackal_ws/install/jackal_msgs/lib:/home/arpg/jackal_ws/install/jackal_robot/lib:/usr/lib/x86_64-linux-gnu/gazebo-11/plugins:/opt/ros/humble/opt/rviz_ogre_vendor/lib:/opt/ros/humble/lib/x86_64-linux-gnu:/opt/ros/humble/lib PYTHONPATH=/home/arpg/jackal_ws/install/wireless_watcher/lib/python3.10/site-packages:/home/arpg/jackal_ws/install/jackal_robot/local/lib/python3.10/dist-packages:/home/arpg/jackal_ws/install/wireless_msgs/local/lib/python3.10/dist-packages:/home/arpg/jackal_ws/install/micro_ros_msgs/local/lib/python3.10/dist-packages:/home/arpg/jackal_ws/install/jackal_msgs/local/lib/python3.10/dist-packages:/opt/ros/humble/lib/python3.10/site-packages:/opt/ros/humble/local/lib/python3.10/dist-packages /usr/bin/cmake --install /home/arpg/jackal_ws/build/jackal_robot
