[0.346s] DEBUG:colcon:Command line arguments: ['/usr/bin/colcon', 'build']
[0.346s] DEBUG:colcon:Parsed command line arguments: Namespace(log_base=None, log_level=None, verb_name='build', build_base='build', install_base='install', merge_install=False, symlink_install=False, test_result_base=None, continue_on_error=False, executor='parallel', parallel_workers=32, event_handlers=None, ignore_user_meta=False, metas=['./colcon.meta'], base_paths=['.'], packages_ignore=None, packages_ignore_regex=None, paths=None, packages_up_to=None, packages_up_to_regex=None, packages_above=None, packages_above_and_dependencies=None, packages_above_depth=None, packages_select_by_dep=None, packages_skip_by_dep=None, packages_skip_up_to=None, packages_select_build_failed=False, packages_skip_build_finished=False, packages_select_test_failures=False, packages_skip_test_passed=False, packages_select=None, packages_skip=None, packages_select_regex=None, packages_skip_regex=None, packages_start=None, packages_end=None, allow_overriding=[], cmake_args=None, cmake_target=None, cmake_target_skip_unavailable=False, cmake_clean_cache=False, cmake_clean_first=False, cmake_force_configure=False, ament_cmake_args=None, catkin_cmake_args=None, catkin_skip_building_tests=False, verb_parser=<colcon_defaults.argument_parser.defaults.DefaultArgumentsDecorator object at 0x7f69c8cfdc60>, verb_extension=<colcon_core.verb.build.BuildVerb object at 0x7f69c8cfcd60>, main=<bound method BuildVerb.main of <colcon_core.verb.build.BuildVerb object at 0x7f69c8cfcd60>>)
[0.363s] Level 1:colcon.colcon_core.package_discovery:discover_packages(colcon_meta) check parameters
[0.363s] Level 1:colcon.colcon_core.package_discovery:discover_packages(recursive) check parameters
[0.363s] Level 1:colcon.colcon_core.package_discovery:discover_packages(ignore) check parameters
[0.363s] Level 1:colcon.colcon_core.package_discovery:discover_packages(path) check parameters
[0.363s] Level 1:colcon.colcon_core.package_discovery:discover_packages(colcon_meta) discover
[0.363s] Level 1:colcon.colcon_core.package_discovery:discover_packages(recursive) discover
[0.363s] INFO:colcon.colcon_core.package_discovery:Crawling recursively for packages in '/home/arpg/jackal_ws'
[0.363s] Level 1:colcon.colcon_core.package_identification:_identify(.) by extensions ['ignore', 'ignore_ament_install']
[0.363s] Level 1:colcon.colcon_core.package_identification:_identify(.) by extension 'ignore'
[0.363s] Level 1:colcon.colcon_core.package_identification:_identify(.) by extension 'ignore_ament_install'
[0.363s] Level 1:colcon.colcon_core.package_identification:_identify(.) by extensions ['colcon_pkg']
[0.363s] Level 1:colcon.colcon_core.package_identification:_identify(.) by extension 'colcon_pkg'
[0.363s] Level 1:colcon.colcon_core.package_identification:_identify(.) by extensions ['colcon_meta']
[0.363s] Level 1:colcon.colcon_core.package_identification:_identify(.) by extension 'colcon_meta'
[0.363s] Level 1:colcon.colcon_core.package_identification:_identify(.) by extensions ['ros']
[0.363s] Level 1:colcon.colcon_core.package_identification:_identify(.) by extension 'ros'
[0.368s] Level 1:colcon.colcon_core.package_identification:_identify(.) by extensions ['cmake', 'python']
[0.368s] Level 1:colcon.colcon_core.package_identification:_identify(.) by extension 'cmake'
[0.368s] Level 1:colcon.colcon_core.package_identification:_identify(.) by extension 'python'
[0.368s] Level 1:colcon.colcon_core.package_identification:_identify(.) by extensions ['python_setup_py']
[0.368s] Level 1:colcon.colcon_core.package_identification:_identify(.) by extension 'python_setup_py'
[0.368s] Level 1:colcon.colcon_core.package_identification:_identify(build) by extensions ['ignore', 'ignore_ament_install']
[0.368s] Level 1:colcon.colcon_core.package_identification:_identify(build) by extension 'ignore'
[0.368s] Level 1:colcon.colcon_core.package_identification:_identify(build) ignored
[0.368s] Level 1:colcon.colcon_core.package_identification:_identify(install) by extensions ['ignore', 'ignore_ament_install']
[0.368s] Level 1:colcon.colcon_core.package_identification:_identify(install) by extension 'ignore'
[0.368s] Level 1:colcon.colcon_core.package_identification:_identify(install) ignored
[0.368s] Level 1:colcon.colcon_core.package_identification:_identify(log) by extensions ['ignore', 'ignore_ament_install']
[0.368s] Level 1:colcon.colcon_core.package_identification:_identify(log) by extension 'ignore'
[0.368s] Level 1:colcon.colcon_core.package_identification:_identify(log) ignored
[0.368s] Level 1:colcon.colcon_core.package_identification:_identify(src) by extensions ['ignore', 'ignore_ament_install']
[0.368s] Level 1:colcon.colcon_core.package_identification:_identify(src) by extension 'ignore'
[0.368s] Level 1:colcon.colcon_core.package_identification:_identify(src) by extension 'ignore_ament_install'
[0.368s] Level 1:colcon.colcon_core.package_identification:_identify(src) by extensions ['colcon_pkg']
[0.368s] Level 1:colcon.colcon_core.package_identification:_identify(src) by extension 'colcon_pkg'
[0.368s] Level 1:colcon.colcon_core.package_identification:_identify(src) by extensions ['colcon_meta']
[0.368s] Level 1:colcon.colcon_core.package_identification:_identify(src) by extension 'colcon_meta'
[0.368s] Level 1:colcon.colcon_core.package_identification:_identify(src) by extensions ['ros']
[0.368s] Level 1:colcon.colcon_core.package_identification:_identify(src) by extension 'ros'
[0.368s] Level 1:colcon.colcon_core.package_identification:_identify(src) by extensions ['cmake', 'python']
[0.368s] Level 1:colcon.colcon_core.package_identification:_identify(src) by extension 'cmake'
[0.368s] Level 1:colcon.colcon_core.package_identification:_identify(src) by extension 'python'
[0.368s] Level 1:colcon.colcon_core.package_identification:_identify(src) by extensions ['python_setup_py']
[0.368s] Level 1:colcon.colcon_core.package_identification:_identify(src) by extension 'python_setup_py'
[0.368s] Level 1:colcon.colcon_core.package_identification:_identify(src/jackal) by extensions ['ignore', 'ignore_ament_install']
[0.368s] Level 1:colcon.colcon_core.package_identification:_identify(src/jackal) by extension 'ignore'
[0.368s] Level 1:colcon.colcon_core.package_identification:_identify(src/jackal) by extension 'ignore_ament_install'
[0.368s] Level 1:colcon.colcon_core.package_identification:_identify(src/jackal) by extensions ['colcon_pkg']
[0.368s] Level 1:colcon.colcon_core.package_identification:_identify(src/jackal) by extension 'colcon_pkg'
[0.368s] Level 1:colcon.colcon_core.package_identification:_identify(src/jackal) by extensions ['colcon_meta']
[0.368s] Level 1:colcon.colcon_core.package_identification:_identify(src/jackal) by extension 'colcon_meta'
[0.368s] Level 1:colcon.colcon_core.package_identification:_identify(src/jackal) by extensions ['ros']
[0.368s] Level 1:colcon.colcon_core.package_identification:_identify(src/jackal) by extension 'ros'
[0.368s] Level 1:colcon.colcon_core.package_identification:_identify(src/jackal) by extensions ['cmake', 'python']
[0.368s] Level 1:colcon.colcon_core.package_identification:_identify(src/jackal) by extension 'cmake'
[0.368s] Level 1:colcon.colcon_core.package_identification:_identify(src/jackal) by extension 'python'
[0.368s] Level 1:colcon.colcon_core.package_identification:_identify(src/jackal) by extensions ['python_setup_py']
[0.368s] Level 1:colcon.colcon_core.package_identification:_identify(src/jackal) by extension 'python_setup_py'
[0.368s] Level 1:colcon.colcon_core.package_identification:_identify(src/jackal/jackal_control) by extensions ['ignore', 'ignore_ament_install']
[0.368s] Level 1:colcon.colcon_core.package_identification:_identify(src/jackal/jackal_control) by extension 'ignore'
[0.369s] Level 1:colcon.colcon_core.package_identification:_identify(src/jackal/jackal_control) by extension 'ignore_ament_install'
[0.369s] Level 1:colcon.colcon_core.package_identification:_identify(src/jackal/jackal_control) by extensions ['colcon_pkg']
[0.369s] Level 1:colcon.colcon_core.package_identification:_identify(src/jackal/jackal_control) by extension 'colcon_pkg'
[0.369s] Level 1:colcon.colcon_core.package_identification:_identify(src/jackal/jackal_control) by extensions ['colcon_meta']
[0.369s] Level 1:colcon.colcon_core.package_identification:_identify(src/jackal/jackal_control) by extension 'colcon_meta'
[0.369s] Level 1:colcon.colcon_core.package_identification:_identify(src/jackal/jackal_control) by extensions ['ros']
[0.369s] Level 1:colcon.colcon_core.package_identification:_identify(src/jackal/jackal_control) by extension 'ros'
[0.370s] DEBUG:colcon.colcon_core.package_identification:Package 'src/jackal/jackal_control' with type 'ros.ament_cmake' and name 'jackal_control'
[0.370s] Level 1:colcon.colcon_core.package_identification:_identify(src/jackal/jackal_description) by extensions ['ignore', 'ignore_ament_install']
[0.370s] Level 1:colcon.colcon_core.package_identification:_identify(src/jackal/jackal_description) by extension 'ignore'
[0.370s] Level 1:colcon.colcon_core.package_identification:_identify(src/jackal/jackal_description) by extension 'ignore_ament_install'
[0.370s] Level 1:colcon.colcon_core.package_identification:_identify(src/jackal/jackal_description) by extensions ['colcon_pkg']
[0.370s] Level 1:colcon.colcon_core.package_identification:_identify(src/jackal/jackal_description) by extension 'colcon_pkg'
[0.370s] Level 1:colcon.colcon_core.package_identification:_identify(src/jackal/jackal_description) by extensions ['colcon_meta']
[0.370s] Level 1:colcon.colcon_core.package_identification:_identify(src/jackal/jackal_description) by extension 'colcon_meta'
[0.370s] Level 1:colcon.colcon_core.package_identification:_identify(src/jackal/jackal_description) by extensions ['ros']
[0.370s] Level 1:colcon.colcon_core.package_identification:_identify(src/jackal/jackal_description) by extension 'ros'
[0.370s] DEBUG:colcon.colcon_core.package_identification:Package 'src/jackal/jackal_description' with type 'ros.ament_cmake' and name 'jackal_description'
[0.370s] Level 1:colcon.colcon_core.package_identification:_identify(src/jackal/jackal_msgs) by extensions ['ignore', 'ignore_ament_install']
[0.370s] Level 1:colcon.colcon_core.package_identification:_identify(src/jackal/jackal_msgs) by extension 'ignore'
[0.370s] Level 1:colcon.colcon_core.package_identification:_identify(src/jackal/jackal_msgs) by extension 'ignore_ament_install'
[0.370s] Level 1:colcon.colcon_core.package_identification:_identify(src/jackal/jackal_msgs) by extensions ['colcon_pkg']
[0.370s] Level 1:colcon.colcon_core.package_identification:_identify(src/jackal/jackal_msgs) by extension 'colcon_pkg'
[0.370s] Level 1:colcon.colcon_core.package_identification:_identify(src/jackal/jackal_msgs) by extensions ['colcon_meta']
[0.370s] Level 1:colcon.colcon_core.package_identification:_identify(src/jackal/jackal_msgs) by extension 'colcon_meta'
[0.370s] Level 1:colcon.colcon_core.package_identification:_identify(src/jackal/jackal_msgs) by extensions ['ros']
[0.371s] Level 1:colcon.colcon_core.package_identification:_identify(src/jackal/jackal_msgs) by extension 'ros'
[0.371s] DEBUG:colcon.colcon_core.package_identification:Package 'src/jackal/jackal_msgs' with type 'ros.ament_cmake' and name 'jackal_msgs'
[0.371s] Level 1:colcon.colcon_core.package_identification:_identify(src/jackal/jackal_navigation) by extensions ['ignore', 'ignore_ament_install']
[0.371s] Level 1:colcon.colcon_core.package_identification:_identify(src/jackal/jackal_navigation) by extension 'ignore'
[0.371s] Level 1:colcon.colcon_core.package_identification:_identify(src/jackal/jackal_navigation) by extension 'ignore_ament_install'
[0.371s] Level 1:colcon.colcon_core.package_identification:_identify(src/jackal/jackal_navigation) by extensions ['colcon_pkg']
[0.371s] Level 1:colcon.colcon_core.package_identification:_identify(src/jackal/jackal_navigation) by extension 'colcon_pkg'
[0.371s] Level 1:colcon.colcon_core.package_identification:_identify(src/jackal/jackal_navigation) by extensions ['colcon_meta']
[0.371s] Level 1:colcon.colcon_core.package_identification:_identify(src/jackal/jackal_navigation) by extension 'colcon_meta'
[0.371s] Level 1:colcon.colcon_core.package_identification:_identify(src/jackal/jackal_navigation) by extensions ['ros']
[0.371s] Level 1:colcon.colcon_core.package_identification:_identify(src/jackal/jackal_navigation) by extension 'ros'
[0.371s] DEBUG:colcon.colcon_core.package_identification:Package 'src/jackal/jackal_navigation' with type 'ros.ament_cmake' and name 'jackal_navigation'
[0.371s] Level 1:colcon.colcon_core.package_identification:_identify(src/jackal_robot) by extensions ['ignore', 'ignore_ament_install']
[0.371s] Level 1:colcon.colcon_core.package_identification:_identify(src/jackal_robot) by extension 'ignore'
[0.371s] Level 1:colcon.colcon_core.package_identification:_identify(src/jackal_robot) by extension 'ignore_ament_install'
[0.371s] Level 1:colcon.colcon_core.package_identification:_identify(src/jackal_robot) by extensions ['colcon_pkg']
[0.371s] Level 1:colcon.colcon_core.package_identification:_identify(src/jackal_robot) by extension 'colcon_pkg'
[0.371s] Level 1:colcon.colcon_core.package_identification:_identify(src/jackal_robot) by extensions ['colcon_meta']
[0.371s] Level 1:colcon.colcon_core.package_identification:_identify(src/jackal_robot) by extension 'colcon_meta'
[0.371s] Level 1:colcon.colcon_core.package_identification:_identify(src/jackal_robot) by extensions ['ros']
[0.371s] Level 1:colcon.colcon_core.package_identification:_identify(src/jackal_robot) by extension 'ros'
[0.372s] DEBUG:colcon.colcon_core.package_identification:Package 'src/jackal_robot' with type 'ros.ament_cmake' and name 'jackal_robot'
[0.372s] Level 1:colcon.colcon_core.package_identification:_identify(src/micro-ROS-Agent) by extensions ['ignore', 'ignore_ament_install']
[0.372s] Level 1:colcon.colcon_core.package_identification:_identify(src/micro-ROS-Agent) by extension 'ignore'
[0.372s] Level 1:colcon.colcon_core.package_identification:_identify(src/micro-ROS-Agent) by extension 'ignore_ament_install'
[0.372s] Level 1:colcon.colcon_core.package_identification:_identify(src/micro-ROS-Agent) by extensions ['colcon_pkg']
[0.372s] Level 1:colcon.colcon_core.package_identification:_identify(src/micro-ROS-Agent) by extension 'colcon_pkg'
[0.372s] Level 1:colcon.colcon_core.package_identification:_identify(src/micro-ROS-Agent) by extensions ['colcon_meta']
[0.372s] Level 1:colcon.colcon_core.package_identification:_identify(src/micro-ROS-Agent) by extension 'colcon_meta'
[0.372s] Level 1:colcon.colcon_core.package_identification:_identify(src/micro-ROS-Agent) by extensions ['ros']
[0.372s] Level 1:colcon.colcon_core.package_identification:_identify(src/micro-ROS-Agent) by extension 'ros'
[0.372s] Level 1:colcon.colcon_core.package_identification:_identify(src/micro-ROS-Agent) by extensions ['cmake', 'python']
[0.372s] Level 1:colcon.colcon_core.package_identification:_identify(src/micro-ROS-Agent) by extension 'cmake'
[0.372s] Level 1:colcon.colcon_core.package_identification:_identify(src/micro-ROS-Agent) by extension 'python'
[0.372s] Level 1:colcon.colcon_core.package_identification:_identify(src/micro-ROS-Agent) by extensions ['python_setup_py']
[0.372s] Level 1:colcon.colcon_core.package_identification:_identify(src/micro-ROS-Agent) by extension 'python_setup_py'
[0.372s] Level 1:colcon.colcon_core.package_identification:_identify(src/micro-ROS-Agent/micro_ros_agent) by extensions ['ignore', 'ignore_ament_install']
[0.372s] Level 1:colcon.colcon_core.package_identification:_identify(src/micro-ROS-Agent/micro_ros_agent) by extension 'ignore'
[0.372s] Level 1:colcon.colcon_core.package_identification:_identify(src/micro-ROS-Agent/micro_ros_agent) by extension 'ignore_ament_install'
[0.372s] Level 1:colcon.colcon_core.package_identification:_identify(src/micro-ROS-Agent/micro_ros_agent) by extensions ['colcon_pkg']
[0.372s] Level 1:colcon.colcon_core.package_identification:_identify(src/micro-ROS-Agent/micro_ros_agent) by extension 'colcon_pkg'
[0.372s] Level 1:colcon.colcon_core.package_identification:_identify(src/micro-ROS-Agent/micro_ros_agent) by extensions ['colcon_meta']
[0.372s] Level 1:colcon.colcon_core.package_identification:_identify(src/micro-ROS-Agent/micro_ros_agent) by extension 'colcon_meta'
[0.372s] Level 1:colcon.colcon_core.package_identification:_identify(src/micro-ROS-Agent/micro_ros_agent) by extensions ['ros']
[0.372s] Level 1:colcon.colcon_core.package_identification:_identify(src/micro-ROS-Agent/micro_ros_agent) by extension 'ros'
[0.373s] DEBUG:colcon.colcon_core.package_identification:Package 'src/micro-ROS-Agent/micro_ros_agent' with type 'ros.ament_cmake' and name 'micro_ros_agent'
[0.373s] Level 1:colcon.colcon_core.package_identification:_identify(src/micro-ROS-Agent/snap) by extensions ['ignore', 'ignore_ament_install']
[0.373s] Level 1:colcon.colcon_core.package_identification:_identify(src/micro-ROS-Agent/snap) by extension 'ignore'
[0.373s] Level 1:colcon.colcon_core.package_identification:_identify(src/micro-ROS-Agent/snap) by extension 'ignore_ament_install'
[0.373s] Level 1:colcon.colcon_core.package_identification:_identify(src/micro-ROS-Agent/snap) by extensions ['colcon_pkg']
[0.373s] Level 1:colcon.colcon_core.package_identification:_identify(src/micro-ROS-Agent/snap) by extension 'colcon_pkg'
[0.373s] Level 1:colcon.colcon_core.package_identification:_identify(src/micro-ROS-Agent/snap) by extensions ['colcon_meta']
[0.373s] Level 1:colcon.colcon_core.package_identification:_identify(src/micro-ROS-Agent/snap) by extension 'colcon_meta'
[0.373s] Level 1:colcon.colcon_core.package_identification:_identify(src/micro-ROS-Agent/snap) by extensions ['ros']
[0.373s] Level 1:colcon.colcon_core.package_identification:_identify(src/micro-ROS-Agent/snap) by extension 'ros'
[0.373s] Level 1:colcon.colcon_core.package_identification:_identify(src/micro-ROS-Agent/snap) by extensions ['cmake', 'python']
[0.373s] Level 1:colcon.colcon_core.package_identification:_identify(src/micro-ROS-Agent/snap) by extension 'cmake'
[0.373s] Level 1:colcon.colcon_core.package_identification:_identify(src/micro-ROS-Agent/snap) by extension 'python'
[0.373s] Level 1:colcon.colcon_core.package_identification:_identify(src/micro-ROS-Agent/snap) by extensions ['python_setup_py']
[0.373s] Level 1:colcon.colcon_core.package_identification:_identify(src/micro-ROS-Agent/snap) by extension 'python_setup_py'
[0.373s] Level 1:colcon.colcon_core.package_identification:_identify(src/micro-ROS-Agent/snap/hooks) by extensions ['ignore', 'ignore_ament_install']
[0.373s] Level 1:colcon.colcon_core.package_identification:_identify(src/micro-ROS-Agent/snap/hooks) by extension 'ignore'
[0.373s] Level 1:colcon.colcon_core.package_identification:_identify(src/micro-ROS-Agent/snap/hooks) by extension 'ignore_ament_install'
[0.373s] Level 1:colcon.colcon_core.package_identification:_identify(src/micro-ROS-Agent/snap/hooks) by extensions ['colcon_pkg']
[0.373s] Level 1:colcon.colcon_core.package_identification:_identify(src/micro-ROS-Agent/snap/hooks) by extension 'colcon_pkg'
[0.373s] Level 1:colcon.colcon_core.package_identification:_identify(src/micro-ROS-Agent/snap/hooks) by extensions ['colcon_meta']
[0.373s] Level 1:colcon.colcon_core.package_identification:_identify(src/micro-ROS-Agent/snap/hooks) by extension 'colcon_meta'
[0.373s] Level 1:colcon.colcon_core.package_identification:_identify(src/micro-ROS-Agent/snap/hooks) by extensions ['ros']
[0.373s] Level 1:colcon.colcon_core.package_identification:_identify(src/micro-ROS-Agent/snap/hooks) by extension 'ros'
[0.373s] Level 1:colcon.colcon_core.package_identification:_identify(src/micro-ROS-Agent/snap/hooks) by extensions ['cmake', 'python']
[0.373s] Level 1:colcon.colcon_core.package_identification:_identify(src/micro-ROS-Agent/snap/hooks) by extension 'cmake'
[0.373s] Level 1:colcon.colcon_core.package_identification:_identify(src/micro-ROS-Agent/snap/hooks) by extension 'python'
[0.373s] Level 1:colcon.colcon_core.package_identification:_identify(src/micro-ROS-Agent/snap/hooks) by extensions ['python_setup_py']
[0.373s] Level 1:colcon.colcon_core.package_identification:_identify(src/micro-ROS-Agent/snap/hooks) by extension 'python_setup_py'
[0.373s] Level 1:colcon.colcon_core.package_identification:_identify(src/micro-ROS-Agent/snap/local) by extensions ['ignore', 'ignore_ament_install']
[0.373s] Level 1:colcon.colcon_core.package_identification:_identify(src/micro-ROS-Agent/snap/local) by extension 'ignore'
[0.373s] Level 1:colcon.colcon_core.package_identification:_identify(src/micro-ROS-Agent/snap/local) by extension 'ignore_ament_install'
[0.373s] Level 1:colcon.colcon_core.package_identification:_identify(src/micro-ROS-Agent/snap/local) by extensions ['colcon_pkg']
[0.373s] Level 1:colcon.colcon_core.package_identification:_identify(src/micro-ROS-Agent/snap/local) by extension 'colcon_pkg'
[0.373s] Level 1:colcon.colcon_core.package_identification:_identify(src/micro-ROS-Agent/snap/local) by extensions ['colcon_meta']
[0.373s] Level 1:colcon.colcon_core.package_identification:_identify(src/micro-ROS-Agent/snap/local) by extension 'colcon_meta'
[0.373s] Level 1:colcon.colcon_core.package_identification:_identify(src/micro-ROS-Agent/snap/local) by extensions ['ros']
[0.373s] Level 1:colcon.colcon_core.package_identification:_identify(src/micro-ROS-Agent/snap/local) by extension 'ros'
[0.373s] Level 1:colcon.colcon_core.package_identification:_identify(src/micro-ROS-Agent/snap/local) by extensions ['cmake', 'python']
[0.373s] Level 1:colcon.colcon_core.package_identification:_identify(src/micro-ROS-Agent/snap/local) by extension 'cmake'
[0.373s] Level 1:colcon.colcon_core.package_identification:_identify(src/micro-ROS-Agent/snap/local) by extension 'python'
[0.373s] Level 1:colcon.colcon_core.package_identification:_identify(src/micro-ROS-Agent/snap/local) by extensions ['python_setup_py']
[0.373s] Level 1:colcon.colcon_core.package_identification:_identify(src/micro-ROS-Agent/snap/local) by extension 'python_setup_py'
[0.373s] Level 1:colcon.colcon_core.package_identification:_identify(src/micro_ros_msgs) by extensions ['ignore', 'ignore_ament_install']
[0.373s] Level 1:colcon.colcon_core.package_identification:_identify(src/micro_ros_msgs) by extension 'ignore'
[0.374s] Level 1:colcon.colcon_core.package_identification:_identify(src/micro_ros_msgs) by extension 'ignore_ament_install'
[0.374s] Level 1:colcon.colcon_core.package_identification:_identify(src/micro_ros_msgs) by extensions ['colcon_pkg']
[0.374s] Level 1:colcon.colcon_core.package_identification:_identify(src/micro_ros_msgs) by extension 'colcon_pkg'
[0.374s] Level 1:colcon.colcon_core.package_identification:_identify(src/micro_ros_msgs) by extensions ['colcon_meta']
[0.374s] Level 1:colcon.colcon_core.package_identification:_identify(src/micro_ros_msgs) by extension 'colcon_meta'
[0.374s] Level 1:colcon.colcon_core.package_identification:_identify(src/micro_ros_msgs) by extensions ['ros']
[0.374s] Level 1:colcon.colcon_core.package_identification:_identify(src/micro_ros_msgs) by extension 'ros'
[0.374s] DEBUG:colcon.colcon_core.package_identification:Package 'src/micro_ros_msgs' with type 'ros.ament_cmake' and name 'micro_ros_msgs'
[0.374s] Level 1:colcon.colcon_core.package_identification:_identify(src/micro_ros_setup) by extensions ['ignore', 'ignore_ament_install']
[0.374s] Level 1:colcon.colcon_core.package_identification:_identify(src/micro_ros_setup) by extension 'ignore'
[0.374s] Level 1:colcon.colcon_core.package_identification:_identify(src/micro_ros_setup) by extension 'ignore_ament_install'
[0.374s] Level 1:colcon.colcon_core.package_identification:_identify(src/micro_ros_setup) by extensions ['colcon_pkg']
[0.374s] Level 1:colcon.colcon_core.package_identification:_identify(src/micro_ros_setup) by extension 'colcon_pkg'
[0.374s] Level 1:colcon.colcon_core.package_identification:_identify(src/micro_ros_setup) by extensions ['colcon_meta']
[0.374s] Level 1:colcon.colcon_core.package_identification:_identify(src/micro_ros_setup) by extension 'colcon_meta'
[0.374s] Level 1:colcon.colcon_core.package_identification:_identify(src/micro_ros_setup) by extensions ['ros']
[0.374s] Level 1:colcon.colcon_core.package_identification:_identify(src/micro_ros_setup) by extension 'ros'
[0.374s] DEBUG:colcon.colcon_core.package_identification:Package 'src/micro_ros_setup' with type 'ros.ament_cmake' and name 'micro_ros_setup'
[0.374s] Level 1:colcon.colcon_core.package_identification:_identify(src/wireless) by extensions ['ignore', 'ignore_ament_install']
[0.374s] Level 1:colcon.colcon_core.package_identification:_identify(src/wireless) by extension 'ignore'
[0.374s] Level 1:colcon.colcon_core.package_identification:_identify(src/wireless) by extension 'ignore_ament_install'
[0.374s] Level 1:colcon.colcon_core.package_identification:_identify(src/wireless) by extensions ['colcon_pkg']
[0.374s] Level 1:colcon.colcon_core.package_identification:_identify(src/wireless) by extension 'colcon_pkg'
[0.374s] Level 1:colcon.colcon_core.package_identification:_identify(src/wireless) by extensions ['colcon_meta']
[0.374s] Level 1:colcon.colcon_core.package_identification:_identify(src/wireless) by extension 'colcon_meta'
[0.374s] Level 1:colcon.colcon_core.package_identification:_identify(src/wireless) by extensions ['ros']
[0.374s] Level 1:colcon.colcon_core.package_identification:_identify(src/wireless) by extension 'ros'
[0.374s] Level 1:colcon.colcon_core.package_identification:_identify(src/wireless) by extensions ['cmake', 'python']
[0.374s] Level 1:colcon.colcon_core.package_identification:_identify(src/wireless) by extension 'cmake'
[0.374s] Level 1:colcon.colcon_core.package_identification:_identify(src/wireless) by extension 'python'
[0.374s] Level 1:colcon.colcon_core.package_identification:_identify(src/wireless) by extensions ['python_setup_py']
[0.374s] Level 1:colcon.colcon_core.package_identification:_identify(src/wireless) by extension 'python_setup_py'
[0.375s] Level 1:colcon.colcon_core.package_identification:_identify(src/wireless/wireless_msgs) by extensions ['ignore', 'ignore_ament_install']
[0.375s] Level 1:colcon.colcon_core.package_identification:_identify(src/wireless/wireless_msgs) by extension 'ignore'
[0.375s] Level 1:colcon.colcon_core.package_identification:_identify(src/wireless/wireless_msgs) by extension 'ignore_ament_install'
[0.375s] Level 1:colcon.colcon_core.package_identification:_identify(src/wireless/wireless_msgs) by extensions ['colcon_pkg']
[0.375s] Level 1:colcon.colcon_core.package_identification:_identify(src/wireless/wireless_msgs) by extension 'colcon_pkg'
[0.375s] Level 1:colcon.colcon_core.package_identification:_identify(src/wireless/wireless_msgs) by extensions ['colcon_meta']
[0.375s] Level 1:colcon.colcon_core.package_identification:_identify(src/wireless/wireless_msgs) by extension 'colcon_meta'
[0.375s] Level 1:colcon.colcon_core.package_identification:_identify(src/wireless/wireless_msgs) by extensions ['ros']
[0.375s] Level 1:colcon.colcon_core.package_identification:_identify(src/wireless/wireless_msgs) by extension 'ros'
[0.375s] DEBUG:colcon.colcon_core.package_identification:Package 'src/wireless/wireless_msgs' with type 'ros.ament_cmake' and name 'wireless_msgs'
[0.375s] Level 1:colcon.colcon_core.package_identification:_identify(src/wireless/wireless_watcher) by extensions ['ignore', 'ignore_ament_install']
[0.375s] Level 1:colcon.colcon_core.package_identification:_identify(src/wireless/wireless_watcher) by extension 'ignore'
[0.375s] Level 1:colcon.colcon_core.package_identification:_identify(src/wireless/wireless_watcher) by extension 'ignore_ament_install'
[0.375s] Level 1:colcon.colcon_core.package_identification:_identify(src/wireless/wireless_watcher) by extensions ['colcon_pkg']
[0.375s] Level 1:colcon.colcon_core.package_identification:_identify(src/wireless/wireless_watcher) by extension 'colcon_pkg'
[0.375s] Level 1:colcon.colcon_core.package_identification:_identify(src/wireless/wireless_watcher) by extensions ['colcon_meta']
[0.375s] Level 1:colcon.colcon_core.package_identification:_identify(src/wireless/wireless_watcher) by extension 'colcon_meta'
[0.375s] Level 1:colcon.colcon_core.package_identification:_identify(src/wireless/wireless_watcher) by extensions ['ros']
[0.375s] Level 1:colcon.colcon_core.package_identification:_identify(src/wireless/wireless_watcher) by extension 'ros'
[0.375s] DEBUG:colcon.colcon_core.package_identification:Package 'src/wireless/wireless_watcher' with type 'ros.ament_python' and name 'wireless_watcher'
[0.375s] Level 1:colcon.colcon_core.package_discovery:discover_packages(recursive) using defaults
[0.375s] Level 1:colcon.colcon_core.package_discovery:discover_packages(ignore) discover
[0.375s] Level 1:colcon.colcon_core.package_discovery:discover_packages(ignore) using defaults
[0.375s] Level 1:colcon.colcon_core.package_discovery:discover_packages(path) discover
[0.375s] Level 1:colcon.colcon_core.package_discovery:discover_packages(path) using defaults
[0.408s] Level 1:colcon.colcon_core.package_discovery:discover_packages(prefix_path) check parameters
[0.408s] Level 1:colcon.colcon_core.package_discovery:discover_packages(prefix_path) discover
[0.418s] DEBUG:colcon.colcon_installed_package_information.package_discovery:Found 10 installed packages in /home/arpg/jackal_ws/install
[0.424s] DEBUG:colcon.colcon_installed_package_information.package_discovery:Found 397 installed packages in /opt/ros/humble
[0.428s] Level 1:colcon.colcon_core.package_discovery:discover_packages(prefix_path) using defaults
[0.466s] Level 5:colcon.colcon_core.verb:set package 'jackal_description' build argument 'cmake_args' from command line to 'None'
[0.466s] Level 5:colcon.colcon_core.verb:set package 'jackal_description' build argument 'cmake_target' from command line to 'None'
[0.466s] Level 5:colcon.colcon_core.verb:set package 'jackal_description' build argument 'cmake_target_skip_unavailable' from command line to 'False'
[0.466s] Level 5:colcon.colcon_core.verb:set package 'jackal_description' build argument 'cmake_clean_cache' from command line to 'False'
[0.466s] Level 5:colcon.colcon_core.verb:set package 'jackal_description' build argument 'cmake_clean_first' from command line to 'False'
[0.466s] Level 5:colcon.colcon_core.verb:set package 'jackal_description' build argument 'cmake_force_configure' from command line to 'False'
[0.466s] Level 5:colcon.colcon_core.verb:set package 'jackal_description' build argument 'ament_cmake_args' from command line to 'None'
[0.466s] Level 5:colcon.colcon_core.verb:set package 'jackal_description' build argument 'catkin_cmake_args' from command line to 'None'
[0.466s] Level 5:colcon.colcon_core.verb:set package 'jackal_description' build argument 'catkin_skip_building_tests' from command line to 'False'
[0.466s] DEBUG:colcon.colcon_core.verb:Building package 'jackal_description' with the following arguments: {'ament_cmake_args': None, 'build_base': '/home/arpg/jackal_ws/build/jackal_description', 'catkin_cmake_args': None, 'catkin_skip_building_tests': False, 'cmake_args': None, 'cmake_clean_cache': False, 'cmake_clean_first': False, 'cmake_force_configure': False, 'cmake_target': None, 'cmake_target_skip_unavailable': False, 'install_base': '/home/arpg/jackal_ws/install/jackal_description', 'merge_install': False, 'path': '/home/arpg/jackal_ws/src/jackal/jackal_description', 'symlink_install': False, 'test_result_base': None}
[0.471s] Level 5:colcon.colcon_core.verb:set package 'jackal_msgs' build argument 'cmake_args' from command line to 'None'
[0.471s] Level 5:colcon.colcon_core.verb:set package 'jackal_msgs' build argument 'cmake_target' from command line to 'None'
[0.471s] Level 5:colcon.colcon_core.verb:set package 'jackal_msgs' build argument 'cmake_target_skip_unavailable' from command line to 'False'
[0.471s] Level 5:colcon.colcon_core.verb:set package 'jackal_msgs' build argument 'cmake_clean_cache' from command line to 'False'
[0.471s] Level 5:colcon.colcon_core.verb:set package 'jackal_msgs' build argument 'cmake_clean_first' from command line to 'False'
[0.471s] Level 5:colcon.colcon_core.verb:set package 'jackal_msgs' build argument 'cmake_force_configure' from command line to 'False'
[0.471s] Level 5:colcon.colcon_core.verb:set package 'jackal_msgs' build argument 'ament_cmake_args' from command line to 'None'
[0.471s] Level 5:colcon.colcon_core.verb:set package 'jackal_msgs' build argument 'catkin_cmake_args' from command line to 'None'
[0.471s] Level 5:colcon.colcon_core.verb:set package 'jackal_msgs' build argument 'catkin_skip_building_tests' from command line to 'False'
[0.471s] DEBUG:colcon.colcon_core.verb:Building package 'jackal_msgs' with the following arguments: {'ament_cmake_args': None, 'build_base': '/home/arpg/jackal_ws/build/jackal_msgs', 'catkin_cmake_args': None, 'catkin_skip_building_tests': False, 'cmake_args': None, 'cmake_clean_cache': False, 'cmake_clean_first': False, 'cmake_force_configure': False, 'cmake_target': None, 'cmake_target_skip_unavailable': False, 'install_base': '/home/arpg/jackal_ws/install/jackal_msgs', 'merge_install': False, 'path': '/home/arpg/jackal_ws/src/jackal/jackal_msgs', 'symlink_install': False, 'test_result_base': None}
[0.476s] Level 5:colcon.colcon_core.verb:set package 'jackal_navigation' build argument 'cmake_args' from command line to 'None'
[0.476s] Level 5:colcon.colcon_core.verb:set package 'jackal_navigation' build argument 'cmake_target' from command line to 'None'
[0.476s] Level 5:colcon.colcon_core.verb:set package 'jackal_navigation' build argument 'cmake_target_skip_unavailable' from command line to 'False'
[0.476s] Level 5:colcon.colcon_core.verb:set package 'jackal_navigation' build argument 'cmake_clean_cache' from command line to 'False'
[0.476s] Level 5:colcon.colcon_core.verb:set package 'jackal_navigation' build argument 'cmake_clean_first' from command line to 'False'
[0.476s] Level 5:colcon.colcon_core.verb:set package 'jackal_navigation' build argument 'cmake_force_configure' from command line to 'False'
[0.476s] Level 5:colcon.colcon_core.verb:set package 'jackal_navigation' build argument 'ament_cmake_args' from command line to 'None'
[0.476s] Level 5:colcon.colcon_core.verb:set package 'jackal_navigation' build argument 'catkin_cmake_args' from command line to 'None'
[0.476s] Level 5:colcon.colcon_core.verb:set package 'jackal_navigation' build argument 'catkin_skip_building_tests' from command line to 'False'
[0.476s] DEBUG:colcon.colcon_core.verb:Building package 'jackal_navigation' with the following arguments: {'ament_cmake_args': None, 'build_base': '/home/arpg/jackal_ws/build/jackal_navigation', 'catkin_cmake_args': None, 'catkin_skip_building_tests': False, 'cmake_args': None, 'cmake_clean_cache': False, 'cmake_clean_first': False, 'cmake_force_configure': False, 'cmake_target': None, 'cmake_target_skip_unavailable': False, 'install_base': '/home/arpg/jackal_ws/install/jackal_navigation', 'merge_install': False, 'path': '/home/arpg/jackal_ws/src/jackal/jackal_navigation', 'symlink_install': False, 'test_result_base': None}
[0.481s] Level 5:colcon.colcon_core.verb:set package 'micro_ros_msgs' build argument 'cmake_args' from command line to 'None'
[0.481s] Level 5:colcon.colcon_core.verb:set package 'micro_ros_msgs' build argument 'cmake_target' from command line to 'None'
[0.481s] Level 5:colcon.colcon_core.verb:set package 'micro_ros_msgs' build argument 'cmake_target_skip_unavailable' from command line to 'False'
[0.481s] Level 5:colcon.colcon_core.verb:set package 'micro_ros_msgs' build argument 'cmake_clean_cache' from command line to 'False'
[0.481s] Level 5:colcon.colcon_core.verb:set package 'micro_ros_msgs' build argument 'cmake_clean_first' from command line to 'False'
[0.481s] Level 5:colcon.colcon_core.verb:set package 'micro_ros_msgs' build argument 'cmake_force_configure' from command line to 'False'
[0.481s] Level 5:colcon.colcon_core.verb:set package 'micro_ros_msgs' build argument 'ament_cmake_args' from command line to 'None'
[0.481s] Level 5:colcon.colcon_core.verb:set package 'micro_ros_msgs' build argument 'catkin_cmake_args' from command line to 'None'
[0.481s] Level 5:colcon.colcon_core.verb:set package 'micro_ros_msgs' build argument 'catkin_skip_building_tests' from command line to 'False'
[0.481s] DEBUG:colcon.colcon_core.verb:Building package 'micro_ros_msgs' with the following arguments: {'ament_cmake_args': None, 'build_base': '/home/arpg/jackal_ws/build/micro_ros_msgs', 'catkin_cmake_args': None, 'catkin_skip_building_tests': False, 'cmake_args': None, 'cmake_clean_cache': False, 'cmake_clean_first': False, 'cmake_force_configure': False, 'cmake_target': None, 'cmake_target_skip_unavailable': False, 'install_base': '/home/arpg/jackal_ws/install/micro_ros_msgs', 'merge_install': False, 'path': '/home/arpg/jackal_ws/src/micro_ros_msgs', 'symlink_install': False, 'test_result_base': None}
[0.486s] Level 5:colcon.colcon_core.verb:set package 'micro_ros_setup' build argument 'cmake_args' from command line to 'None'
[0.486s] Level 5:colcon.colcon_core.verb:set package 'micro_ros_setup' build argument 'cmake_target' from command line to 'None'
[0.486s] Level 5:colcon.colcon_core.verb:set package 'micro_ros_setup' build argument 'cmake_target_skip_unavailable' from command line to 'False'
[0.486s] Level 5:colcon.colcon_core.verb:set package 'micro_ros_setup' build argument 'cmake_clean_cache' from command line to 'False'
[0.486s] Level 5:colcon.colcon_core.verb:set package 'micro_ros_setup' build argument 'cmake_clean_first' from command line to 'False'
[0.486s] Level 5:colcon.colcon_core.verb:set package 'micro_ros_setup' build argument 'cmake_force_configure' from command line to 'False'
[0.486s] Level 5:colcon.colcon_core.verb:set package 'micro_ros_setup' build argument 'ament_cmake_args' from command line to 'None'
[0.486s] Level 5:colcon.colcon_core.verb:set package 'micro_ros_setup' build argument 'catkin_cmake_args' from command line to 'None'
[0.486s] Level 5:colcon.colcon_core.verb:set package 'micro_ros_setup' build argument 'catkin_skip_building_tests' from command line to 'False'
[0.486s] DEBUG:colcon.colcon_core.verb:Building package 'micro_ros_setup' with the following arguments: {'ament_cmake_args': None, 'build_base': '/home/arpg/jackal_ws/build/micro_ros_setup', 'catkin_cmake_args': None, 'catkin_skip_building_tests': False, 'cmake_args': None, 'cmake_clean_cache': False, 'cmake_clean_first': False, 'cmake_force_configure': False, 'cmake_target': None, 'cmake_target_skip_unavailable': False, 'install_base': '/home/arpg/jackal_ws/install/micro_ros_setup', 'merge_install': False, 'path': '/home/arpg/jackal_ws/src/micro_ros_setup', 'symlink_install': False, 'test_result_base': None}
[0.491s] Level 5:colcon.colcon_core.verb:set package 'wireless_msgs' build argument 'cmake_args' from command line to 'None'
[0.491s] Level 5:colcon.colcon_core.verb:set package 'wireless_msgs' build argument 'cmake_target' from command line to 'None'
[0.491s] Level 5:colcon.colcon_core.verb:set package 'wireless_msgs' build argument 'cmake_target_skip_unavailable' from command line to 'False'
[0.491s] Level 5:colcon.colcon_core.verb:set package 'wireless_msgs' build argument 'cmake_clean_cache' from command line to 'False'
[0.491s] Level 5:colcon.colcon_core.verb:set package 'wireless_msgs' build argument 'cmake_clean_first' from command line to 'False'
[0.491s] Level 5:colcon.colcon_core.verb:set package 'wireless_msgs' build argument 'cmake_force_configure' from command line to 'False'
[0.491s] Level 5:colcon.colcon_core.verb:set package 'wireless_msgs' build argument 'ament_cmake_args' from command line to 'None'
[0.491s] Level 5:colcon.colcon_core.verb:set package 'wireless_msgs' build argument 'catkin_cmake_args' from command line to 'None'
[0.491s] Level 5:colcon.colcon_core.verb:set package 'wireless_msgs' build argument 'catkin_skip_building_tests' from command line to 'False'
[0.491s] DEBUG:colcon.colcon_core.verb:Building package 'wireless_msgs' with the following arguments: {'ament_cmake_args': None, 'build_base': '/home/arpg/jackal_ws/build/wireless_msgs', 'catkin_cmake_args': None, 'catkin_skip_building_tests': False, 'cmake_args': None, 'cmake_clean_cache': False, 'cmake_clean_first': False, 'cmake_force_configure': False, 'cmake_target': None, 'cmake_target_skip_unavailable': False, 'install_base': '/home/arpg/jackal_ws/install/wireless_msgs', 'merge_install': False, 'path': '/home/arpg/jackal_ws/src/wireless/wireless_msgs', 'symlink_install': False, 'test_result_base': None}
[0.496s] Level 5:colcon.colcon_core.verb:set package 'jackal_control' build argument 'cmake_args' from command line to 'None'
[0.496s] Level 5:colcon.colcon_core.verb:set package 'jackal_control' build argument 'cmake_target' from command line to 'None'
[0.496s] Level 5:colcon.colcon_core.verb:set package 'jackal_control' build argument 'cmake_target_skip_unavailable' from command line to 'False'
[0.496s] Level 5:colcon.colcon_core.verb:set package 'jackal_control' build argument 'cmake_clean_cache' from command line to 'False'
[0.496s] Level 5:colcon.colcon_core.verb:set package 'jackal_control' build argument 'cmake_clean_first' from command line to 'False'
[0.496s] Level 5:colcon.colcon_core.verb:set package 'jackal_control' build argument 'cmake_force_configure' from command line to 'False'
[0.496s] Level 5:colcon.colcon_core.verb:set package 'jackal_control' build argument 'ament_cmake_args' from command line to 'None'
[0.496s] Level 5:colcon.colcon_core.verb:set package 'jackal_control' build argument 'catkin_cmake_args' from command line to 'None'
[0.496s] Level 5:colcon.colcon_core.verb:set package 'jackal_control' build argument 'catkin_skip_building_tests' from command line to 'False'
[0.496s] DEBUG:colcon.colcon_core.verb:Building package 'jackal_control' with the following arguments: {'ament_cmake_args': None, 'build_base': '/home/arpg/jackal_ws/build/jackal_control', 'catkin_cmake_args': None, 'catkin_skip_building_tests': False, 'cmake_args': None, 'cmake_clean_cache': False, 'cmake_clean_first': False, 'cmake_force_configure': False, 'cmake_target': None, 'cmake_target_skip_unavailable': False, 'install_base': '/home/arpg/jackal_ws/install/jackal_control', 'merge_install': False, 'path': '/home/arpg/jackal_ws/src/jackal/jackal_control', 'symlink_install': False, 'test_result_base': None}
[0.501s] Level 5:colcon.colcon_core.verb:set package 'micro_ros_agent' build argument 'cmake_args' from command line to 'None'
[0.501s] Level 5:colcon.colcon_core.verb:set package 'micro_ros_agent' build argument 'cmake_target' from command line to 'None'
[0.501s] Level 5:colcon.colcon_core.verb:set package 'micro_ros_agent' build argument 'cmake_target_skip_unavailable' from command line to 'False'
[0.501s] Level 5:colcon.colcon_core.verb:set package 'micro_ros_agent' build argument 'cmake_clean_cache' from command line to 'False'
[0.501s] Level 5:colcon.colcon_core.verb:set package 'micro_ros_agent' build argument 'cmake_clean_first' from command line to 'False'
[0.501s] Level 5:colcon.colcon_core.verb:set package 'micro_ros_agent' build argument 'cmake_force_configure' from command line to 'False'
[0.501s] Level 5:colcon.colcon_core.verb:set package 'micro_ros_agent' build argument 'ament_cmake_args' from command line to 'None'
[0.501s] Level 5:colcon.colcon_core.verb:set package 'micro_ros_agent' build argument 'catkin_cmake_args' from command line to 'None'
[0.501s] Level 5:colcon.colcon_core.verb:set package 'micro_ros_agent' build argument 'catkin_skip_building_tests' from command line to 'False'
[0.501s] DEBUG:colcon.colcon_core.verb:Building package 'micro_ros_agent' with the following arguments: {'ament_cmake_args': None, 'build_base': '/home/arpg/jackal_ws/build/micro_ros_agent', 'catkin_cmake_args': None, 'catkin_skip_building_tests': False, 'cmake_args': None, 'cmake_clean_cache': False, 'cmake_clean_first': False, 'cmake_force_configure': False, 'cmake_target': None, 'cmake_target_skip_unavailable': False, 'install_base': '/home/arpg/jackal_ws/install/micro_ros_agent', 'merge_install': False, 'path': '/home/arpg/jackal_ws/src/micro-ROS-Agent/micro_ros_agent', 'symlink_install': False, 'test_result_base': None}
[0.506s] Level 5:colcon.colcon_core.verb:set package 'wireless_watcher' build argument 'cmake_args' from command line to 'None'
[0.506s] Level 5:colcon.colcon_core.verb:set package 'wireless_watcher' build argument 'cmake_target' from command line to 'None'
[0.506s] Level 5:colcon.colcon_core.verb:set package 'wireless_watcher' build argument 'cmake_target_skip_unavailable' from command line to 'False'
[0.506s] Level 5:colcon.colcon_core.verb:set package 'wireless_watcher' build argument 'cmake_clean_cache' from command line to 'False'
[0.506s] Level 5:colcon.colcon_core.verb:set package 'wireless_watcher' build argument 'cmake_clean_first' from command line to 'False'
[0.506s] Level 5:colcon.colcon_core.verb:set package 'wireless_watcher' build argument 'cmake_force_configure' from command line to 'False'
[0.506s] Level 5:colcon.colcon_core.verb:set package 'wireless_watcher' build argument 'ament_cmake_args' from command line to 'None'
[0.506s] Level 5:colcon.colcon_core.verb:set package 'wireless_watcher' build argument 'catkin_cmake_args' from command line to 'None'
[0.506s] Level 5:colcon.colcon_core.verb:set package 'wireless_watcher' build argument 'catkin_skip_building_tests' from command line to 'False'
[0.506s] DEBUG:colcon.colcon_core.verb:Building package 'wireless_watcher' with the following arguments: {'ament_cmake_args': None, 'build_base': '/home/arpg/jackal_ws/build/wireless_watcher', 'catkin_cmake_args': None, 'catkin_skip_building_tests': False, 'cmake_args': None, 'cmake_clean_cache': False, 'cmake_clean_first': False, 'cmake_force_configure': False, 'cmake_target': None, 'cmake_target_skip_unavailable': False, 'install_base': '/home/arpg/jackal_ws/install/wireless_watcher', 'merge_install': False, 'path': '/home/arpg/jackal_ws/src/wireless/wireless_watcher', 'symlink_install': False, 'test_result_base': None}
[0.511s] Level 5:colcon.colcon_core.verb:set package 'jackal_robot' build argument 'cmake_args' from command line to 'None'
[0.511s] Level 5:colcon.colcon_core.verb:set package 'jackal_robot' build argument 'cmake_target' from command line to 'None'
[0.511s] Level 5:colcon.colcon_core.verb:set package 'jackal_robot' build argument 'cmake_target_skip_unavailable' from command line to 'False'
[0.511s] Level 5:colcon.colcon_core.verb:set package 'jackal_robot' build argument 'cmake_clean_cache' from command line to 'False'
[0.511s] Level 5:colcon.colcon_core.verb:set package 'jackal_robot' build argument 'cmake_clean_first' from command line to 'False'
[0.511s] Level 5:colcon.colcon_core.verb:set package 'jackal_robot' build argument 'cmake_force_configure' from command line to 'False'
[0.511s] Level 5:colcon.colcon_core.verb:set package 'jackal_robot' build argument 'ament_cmake_args' from command line to 'None'
[0.511s] Level 5:colcon.colcon_core.verb:set package 'jackal_robot' build argument 'catkin_cmake_args' from command line to 'None'
[0.511s] Level 5:colcon.colcon_core.verb:set package 'jackal_robot' build argument 'catkin_skip_building_tests' from command line to 'False'
[0.511s] DEBUG:colcon.colcon_core.verb:Building package 'jackal_robot' with the following arguments: {'ament_cmake_args': None, 'build_base': '/home/arpg/jackal_ws/build/jackal_robot', 'catkin_cmake_args': None, 'catkin_skip_building_tests': False, 'cmake_args': None, 'cmake_clean_cache': False, 'cmake_clean_first': False, 'cmake_force_configure': False, 'cmake_target': None, 'cmake_target_skip_unavailable': False, 'install_base': '/home/arpg/jackal_ws/install/jackal_robot', 'merge_install': False, 'path': '/home/arpg/jackal_ws/src/jackal_robot', 'symlink_install': False, 'test_result_base': None}
[0.516s] INFO:colcon.colcon_core.executor:Executing jobs using 'parallel' executor
[0.521s] DEBUG:colcon.colcon_parallel_executor.executor.parallel:run_until_complete
[0.521s] INFO:colcon.colcon_ros.task.ament_cmake.build:Building ROS package in '/home/arpg/jackal_ws/src/jackal/jackal_description' with build type 'ament_cmake'
[0.521s] INFO:colcon.colcon_cmake.task.cmake.build:Building CMake package in '/home/arpg/jackal_ws/src/jackal/jackal_description'
[0.527s] INFO:colcon.colcon_core.plugin_system:Skipping extension 'colcon_core.shell.bat': Not used on non-Windows systems
[0.527s] INFO:colcon.colcon_core.shell:Skip shell extension 'powershell' for command environment: Not usable outside of PowerShell
[0.527s] DEBUG:colcon.colcon_core.shell:Skip shell extension 'dsv' for command environment
[0.543s] INFO:colcon.colcon_ros.task.ament_cmake.build:Building ROS package in '/home/arpg/jackal_ws/src/micro_ros_msgs' with build type 'ament_cmake'
[0.543s] INFO:colcon.colcon_cmake.task.cmake.build:Building CMake package in '/home/arpg/jackal_ws/src/micro_ros_msgs'
[0.548s] INFO:colcon.colcon_core.shell:Skip shell extension 'powershell' for command environment: Not usable outside of PowerShell
[0.548s] DEBUG:colcon.colcon_core.shell:Skip shell extension 'dsv' for command environment
[0.563s] INFO:colcon.colcon_ros.task.ament_cmake.build:Building ROS package in '/home/arpg/jackal_ws/src/wireless/wireless_msgs' with build type 'ament_cmake'
[0.564s] INFO:colcon.colcon_cmake.task.cmake.build:Building CMake package in '/home/arpg/jackal_ws/src/wireless/wireless_msgs'
[0.568s] INFO:colcon.colcon_core.shell:Skip shell extension 'powershell' for command environment: Not usable outside of PowerShell
[0.569s] DEBUG:colcon.colcon_core.shell:Skip shell extension 'dsv' for command environment
[0.585s] INFO:colcon.colcon_ros.task.ament_cmake.build:Building ROS package in '/home/arpg/jackal_ws/src/jackal/jackal_msgs' with build type 'ament_cmake'
[0.585s] INFO:colcon.colcon_cmake.task.cmake.build:Building CMake package in '/home/arpg/jackal_ws/src/jackal/jackal_msgs'
[0.590s] INFO:colcon.colcon_core.shell:Skip shell extension 'powershell' for command environment: Not usable outside of PowerShell
[0.590s] DEBUG:colcon.colcon_core.shell:Skip shell extension 'dsv' for command environment
[0.606s] INFO:colcon.colcon_ros.task.ament_cmake.build:Building ROS package in '/home/arpg/jackal_ws/src/jackal/jackal_navigation' with build type 'ament_cmake'
[0.607s] INFO:colcon.colcon_cmake.task.cmake.build:Building CMake package in '/home/arpg/jackal_ws/src/jackal/jackal_navigation'
[0.612s] INFO:colcon.colcon_core.shell:Skip shell extension 'powershell' for command environment: Not usable outside of PowerShell
[0.612s] DEBUG:colcon.colcon_core.shell:Skip shell extension 'dsv' for command environment
[0.628s] INFO:colcon.colcon_ros.task.ament_cmake.build:Building ROS package in '/home/arpg/jackal_ws/src/micro_ros_setup' with build type 'ament_cmake'
[0.628s] INFO:colcon.colcon_cmake.task.cmake.build:Building CMake package in '/home/arpg/jackal_ws/src/micro_ros_setup'
[0.633s] INFO:colcon.colcon_core.shell:Skip shell extension 'powershell' for command environment: Not usable outside of PowerShell
[0.633s] DEBUG:colcon.colcon_core.shell:Skip shell extension 'dsv' for command environment
[0.651s] DEBUG:colcon.colcon_core.event_handler.log_command:Invoking command in '/home/arpg/jackal_ws/build/jackal_description': CMAKE_PREFIX_PATH=${CMAKE_PREFIX_PATH}:/home/arpg/jackal_ws/install/wireless_watcher:/opt/ros/humble /usr/bin/cmake /home/arpg/jackal_ws/src/jackal/jackal_description -DCMAKE_INSTALL_PREFIX=/home/arpg/jackal_ws/install/jackal_description
[0.652s] DEBUG:colcon.colcon_core.event_handler.log_command:Invoking command in '/home/arpg/jackal_ws/build/micro_ros_msgs': CMAKE_PREFIX_PATH=${CMAKE_PREFIX_PATH}:/home/arpg/jackal_ws/install/wireless_watcher:/opt/ros/humble /usr/bin/cmake /home/arpg/jackal_ws/src/micro_ros_msgs -DCMAKE_INSTALL_PREFIX=/home/arpg/jackal_ws/install/micro_ros_msgs
[0.653s] DEBUG:colcon.colcon_core.event_handler.log_command:Invoking command in '/home/arpg/jackal_ws/build/wireless_msgs': CMAKE_PREFIX_PATH=${CMAKE_PREFIX_PATH}:/home/arpg/jackal_ws/install/wireless_watcher:/opt/ros/humble /usr/bin/cmake /home/arpg/jackal_ws/src/wireless/wireless_msgs -DCMAKE_INSTALL_PREFIX=/home/arpg/jackal_ws/install/wireless_msgs
[0.654s] DEBUG:colcon.colcon_core.event_handler.log_command:Invoking command in '/home/arpg/jackal_ws/build/jackal_msgs': CMAKE_PREFIX_PATH=${CMAKE_PREFIX_PATH}:/home/arpg/jackal_ws/install/wireless_watcher:/opt/ros/humble /usr/bin/cmake /home/arpg/jackal_ws/src/jackal/jackal_msgs -DCMAKE_INSTALL_PREFIX=/home/arpg/jackal_ws/install/jackal_msgs
[0.655s] DEBUG:colcon.colcon_core.event_handler.log_command:Invoking command in '/home/arpg/jackal_ws/build/jackal_navigation': CMAKE_PREFIX_PATH=${CMAKE_PREFIX_PATH}:/home/arpg/jackal_ws/install/wireless_watcher:/opt/ros/humble /usr/bin/cmake /home/arpg/jackal_ws/src/jackal/jackal_navigation -DCMAKE_INSTALL_PREFIX=/home/arpg/jackal_ws/install/jackal_navigation
[0.657s] DEBUG:colcon.colcon_core.event_handler.log_command:Invoking command in '/home/arpg/jackal_ws/build/micro_ros_setup': CMAKE_PREFIX_PATH=${CMAKE_PREFIX_PATH}:/home/arpg/jackal_ws/install/wireless_watcher:/opt/ros/humble /usr/bin/cmake /home/arpg/jackal_ws/src/micro_ros_setup -DCMAKE_INSTALL_PREFIX=/home/arpg/jackal_ws/install/micro_ros_setup
[0.771s] DEBUG:colcon.colcon_core.event_handler.log_command:Invoked command in '/home/arpg/jackal_ws/build/micro_ros_setup' returned '0': CMAKE_PREFIX_PATH=${CMAKE_PREFIX_PATH}:/home/arpg/jackal_ws/install/wireless_watcher:/opt/ros/humble /usr/bin/cmake /home/arpg/jackal_ws/src/micro_ros_setup -DCMAKE_INSTALL_PREFIX=/home/arpg/jackal_ws/install/micro_ros_setup
[0.771s] DEBUG:colcon.colcon_core.event_handler.log_command:Invoking command in '/home/arpg/jackal_ws/build/micro_ros_setup': CMAKE_PREFIX_PATH=${CMAKE_PREFIX_PATH}:/home/arpg/jackal_ws/install/wireless_watcher:/opt/ros/humble /usr/bin/cmake --build /home/arpg/jackal_ws/build/micro_ros_setup -- -j32 -l32
[0.772s] DEBUG:colcon.colcon_core.event_handler.log_command:Invoked command in '/home/arpg/jackal_ws/build/jackal_description' returned '0': CMAKE_PREFIX_PATH=${CMAKE_PREFIX_PATH}:/home/arpg/jackal_ws/install/wireless_watcher:/opt/ros/humble /usr/bin/cmake /home/arpg/jackal_ws/src/jackal/jackal_description -DCMAKE_INSTALL_PREFIX=/home/arpg/jackal_ws/install/jackal_description
[0.773s] DEBUG:colcon.colcon_core.event_handler.log_command:Invoking command in '/home/arpg/jackal_ws/build/jackal_description': CMAKE_PREFIX_PATH=${CMAKE_PREFIX_PATH}:/home/arpg/jackal_ws/install/wireless_watcher:/opt/ros/humble /usr/bin/cmake --build /home/arpg/jackal_ws/build/jackal_description -- -j32 -l32
[0.786s] DEBUG:colcon.colcon_core.event_handler.log_command:Invoked command in '/home/arpg/jackal_ws/build/micro_ros_setup' returned '0': CMAKE_PREFIX_PATH=${CMAKE_PREFIX_PATH}:/home/arpg/jackal_ws/install/wireless_watcher:/opt/ros/humble /usr/bin/cmake --build /home/arpg/jackal_ws/build/micro_ros_setup -- -j32 -l32
[0.787s] DEBUG:colcon.colcon_core.event_handler.log_command:Invoked command in '/home/arpg/jackal_ws/build/jackal_description' returned '0': CMAKE_PREFIX_PATH=${CMAKE_PREFIX_PATH}:/home/arpg/jackal_ws/install/wireless_watcher:/opt/ros/humble /usr/bin/cmake --build /home/arpg/jackal_ws/build/jackal_description -- -j32 -l32
[0.799s] DEBUG:colcon.colcon_core.event_handler.log_command:Invoking command in '/home/arpg/jackal_ws/build/micro_ros_setup': CMAKE_PREFIX_PATH=${CMAKE_PREFIX_PATH}:/home/arpg/jackal_ws/install/wireless_watcher:/opt/ros/humble /usr/bin/cmake --install /home/arpg/jackal_ws/build/micro_ros_setup
[0.800s] DEBUG:colcon.colcon_core.event_handler.log_command:Invoking command in '/home/arpg/jackal_ws/build/jackal_description': CMAKE_PREFIX_PATH=${CMAKE_PREFIX_PATH}:/home/arpg/jackal_ws/install/wireless_watcher:/opt/ros/humble /usr/bin/cmake --install /home/arpg/jackal_ws/build/jackal_description
[0.809s] Level 1:colcon.colcon_core.environment:create_environment_scripts_only(jackal_description)
[0.820s] Level 1:colcon.colcon_core.environment:checking '/home/arpg/jackal_ws/install/jackal_description' for CMake module files
[0.822s] Level 1:colcon.colcon_core.environment:checking '/home/arpg/jackal_ws/install/jackal_description' for CMake config files
[0.822s] DEBUG:colcon.colcon_core.event_handler.log_command:Invoked command in '/home/arpg/jackal_ws/build/jackal_description' returned '0': CMAKE_PREFIX_PATH=${CMAKE_PREFIX_PATH}:/home/arpg/jackal_ws/install/wireless_watcher:/opt/ros/humble /usr/bin/cmake --install /home/arpg/jackal_ws/build/jackal_description
[0.822s] Level 1:colcon.colcon_core.shell:create_environment_hook('jackal_description', 'cmake_prefix_path')
[0.828s] INFO:colcon.colcon_core.shell:Creating environment hook '/home/arpg/jackal_ws/install/jackal_description/share/jackal_description/hook/cmake_prefix_path.ps1'
[0.828s] INFO:colcon.colcon_core.shell:Creating environment descriptor '/home/arpg/jackal_ws/install/jackal_description/share/jackal_description/hook/cmake_prefix_path.dsv'
[0.828s] INFO:colcon.colcon_core.shell:Creating environment hook '/home/arpg/jackal_ws/install/jackal_description/share/jackal_description/hook/cmake_prefix_path.sh'
[0.828s] Level 1:colcon.colcon_core.environment:checking '/home/arpg/jackal_ws/install/jackal_description/bin'
[0.828s] Level 1:colcon.colcon_core.environment:checking '/home/arpg/jackal_ws/install/jackal_description/lib/pkgconfig/jackal_description.pc'
[0.828s] Level 1:colcon.colcon_core.environment:checking '/home/arpg/jackal_ws/install/jackal_description/lib/python3.10/site-packages'
[0.829s] Level 1:colcon.colcon_core.environment:checking '/home/arpg/jackal_ws/install/jackal_description/bin'
[0.834s] INFO:colcon.colcon_core.shell:Creating package script '/home/arpg/jackal_ws/install/jackal_description/share/jackal_description/package.ps1'
[0.834s] INFO:colcon.colcon_core.shell:Creating package descriptor '/home/arpg/jackal_ws/install/jackal_description/share/jackal_description/package.dsv'
[0.834s] INFO:colcon.colcon_core.shell:Creating package script '/home/arpg/jackal_ws/install/jackal_description/share/jackal_description/package.sh'
[0.834s] INFO:colcon.colcon_core.shell:Creating package script '/home/arpg/jackal_ws/install/jackal_description/share/jackal_description/package.bash'
[0.835s] INFO:colcon.colcon_core.shell:Creating package script '/home/arpg/jackal_ws/install/jackal_description/share/jackal_description/package.zsh'
[0.835s] Level 1:colcon.colcon_core.environment:create_file_with_runtime_dependencies(/home/arpg/jackal_ws/install/jackal_description/share/colcon-core/packages/jackal_description)
[0.836s] Level 1:colcon.colcon_core.environment:create_environment_scripts_only(micro_ros_setup)
[0.836s] DEBUG:colcon.colcon_core.event_handler.log_command:Invoked command in '/home/arpg/jackal_ws/build/micro_ros_setup' returned '0': CMAKE_PREFIX_PATH=${CMAKE_PREFIX_PATH}:/home/arpg/jackal_ws/install/wireless_watcher:/opt/ros/humble /usr/bin/cmake --install /home/arpg/jackal_ws/build/micro_ros_setup
[0.841s] Level 1:colcon.colcon_core.environment:checking '/home/arpg/jackal_ws/install/micro_ros_setup' for CMake module files
[0.841s] Level 1:colcon.colcon_core.environment:checking '/home/arpg/jackal_ws/install/micro_ros_setup' for CMake config files
[0.842s] Level 1:colcon.colcon_core.shell:create_environment_hook('micro_ros_setup', 'cmake_prefix_path')
[0.847s] INFO:colcon.colcon_core.shell:Creating environment hook '/home/arpg/jackal_ws/install/micro_ros_setup/share/micro_ros_setup/hook/cmake_prefix_path.ps1'
[0.847s] INFO:colcon.colcon_core.shell:Creating environment descriptor '/home/arpg/jackal_ws/install/micro_ros_setup/share/micro_ros_setup/hook/cmake_prefix_path.dsv'
[0.847s] INFO:colcon.colcon_core.shell:Creating environment hook '/home/arpg/jackal_ws/install/micro_ros_setup/share/micro_ros_setup/hook/cmake_prefix_path.sh'
[0.848s] Level 1:colcon.colcon_core.environment:checking '/home/arpg/jackal_ws/install/micro_ros_setup/lib'
[0.848s] Level 1:colcon.colcon_core.environment:checking '/home/arpg/jackal_ws/install/micro_ros_setup/bin'
[0.848s] Level 1:colcon.colcon_core.environment:checking '/home/arpg/jackal_ws/install/micro_ros_setup/lib/pkgconfig/micro_ros_setup.pc'
[0.848s] Level 1:colcon.colcon_core.environment:checking '/home/arpg/jackal_ws/install/micro_ros_setup/lib/python3.10/site-packages'
[0.848s] Level 1:colcon.colcon_core.environment:checking '/home/arpg/jackal_ws/install/micro_ros_setup/bin'
[0.853s] INFO:colcon.colcon_core.shell:Creating package script '/home/arpg/jackal_ws/install/micro_ros_setup/share/micro_ros_setup/package.ps1'
[0.853s] INFO:colcon.colcon_core.shell:Creating package descriptor '/home/arpg/jackal_ws/install/micro_ros_setup/share/micro_ros_setup/package.dsv'
[0.853s] INFO:colcon.colcon_core.shell:Creating package script '/home/arpg/jackal_ws/install/micro_ros_setup/share/micro_ros_setup/package.sh'
[0.854s] INFO:colcon.colcon_core.shell:Creating package script '/home/arpg/jackal_ws/install/micro_ros_setup/share/micro_ros_setup/package.bash'
[0.854s] INFO:colcon.colcon_core.shell:Creating package script '/home/arpg/jackal_ws/install/micro_ros_setup/share/micro_ros_setup/package.zsh'
[0.854s] Level 1:colcon.colcon_core.environment:create_file_with_runtime_dependencies(/home/arpg/jackal_ws/install/micro_ros_setup/share/colcon-core/packages/micro_ros_setup)
[0.860s] Level 1:colcon.colcon_core.environment:create_environment_scripts_only(jackal_description)
[0.867s] Level 1:colcon.colcon_core.environment:checking '/home/arpg/jackal_ws/install/jackal_description' for CMake module files
[0.867s] Level 1:colcon.colcon_core.environment:checking '/home/arpg/jackal_ws/install/jackal_description' for CMake config files
[0.867s] Level 1:colcon.colcon_core.shell:create_environment_hook('jackal_description', 'cmake_prefix_path')
[0.873s] INFO:colcon.colcon_core.shell:Creating environment hook '/home/arpg/jackal_ws/install/jackal_description/share/jackal_description/hook/cmake_prefix_path.ps1'
[0.873s] INFO:colcon.colcon_core.shell:Creating environment descriptor '/home/arpg/jackal_ws/install/jackal_description/share/jackal_description/hook/cmake_prefix_path.dsv'
[0.873s] INFO:colcon.colcon_core.shell:Creating environment hook '/home/arpg/jackal_ws/install/jackal_description/share/jackal_description/hook/cmake_prefix_path.sh'
[0.873s] Level 1:colcon.colcon_core.environment:checking '/home/arpg/jackal_ws/install/jackal_description/bin'
[0.873s] Level 1:colcon.colcon_core.environment:checking '/home/arpg/jackal_ws/install/jackal_description/lib/pkgconfig/jackal_description.pc'
[0.873s] Level 1:colcon.colcon_core.environment:checking '/home/arpg/jackal_ws/install/jackal_description/lib/python3.10/site-packages'
[0.873s] Level 1:colcon.colcon_core.environment:checking '/home/arpg/jackal_ws/install/jackal_description/bin'
[0.879s] INFO:colcon.colcon_core.shell:Creating package script '/home/arpg/jackal_ws/install/jackal_description/share/jackal_description/package.ps1'
[0.879s] INFO:colcon.colcon_core.shell:Creating package descriptor '/home/arpg/jackal_ws/install/jackal_description/share/jackal_description/package.dsv'
[0.879s] INFO:colcon.colcon_core.shell:Creating package script '/home/arpg/jackal_ws/install/jackal_description/share/jackal_description/package.sh'
[0.879s] INFO:colcon.colcon_core.shell:Creating package script '/home/arpg/jackal_ws/install/jackal_description/share/jackal_description/package.bash'
[0.879s] INFO:colcon.colcon_core.shell:Creating package script '/home/arpg/jackal_ws/install/jackal_description/share/jackal_description/package.zsh'
[0.879s] Level 1:colcon.colcon_core.environment:create_file_with_runtime_dependencies(/home/arpg/jackal_ws/install/jackal_description/share/colcon-core/packages/jackal_description)
[0.880s] INFO:colcon.colcon_ros.task.ament_cmake.build:Building ROS package in '/home/arpg/jackal_ws/src/jackal/jackal_control' with build type 'ament_cmake'
[0.880s] INFO:colcon.colcon_cmake.task.cmake.build:Building CMake package in '/home/arpg/jackal_ws/src/jackal/jackal_control'
[0.885s] INFO:colcon.colcon_core.shell:Skip shell extension 'powershell' for command environment: Not usable outside of PowerShell
[0.885s] DEBUG:colcon.colcon_core.shell:Skip shell extension 'dsv' for command environment
[0.913s] Level 1:colcon.colcon_core.environment:create_environment_scripts_only(micro_ros_setup)
[0.918s] Level 1:colcon.colcon_core.environment:checking '/home/arpg/jackal_ws/install/micro_ros_setup' for CMake module files
[0.918s] Level 1:colcon.colcon_core.environment:checking '/home/arpg/jackal_ws/install/micro_ros_setup' for CMake config files
[0.918s] Level 1:colcon.colcon_core.shell:create_environment_hook('micro_ros_setup', 'cmake_prefix_path')
[0.924s] INFO:colcon.colcon_core.shell:Creating environment hook '/home/arpg/jackal_ws/install/micro_ros_setup/share/micro_ros_setup/hook/cmake_prefix_path.ps1'
[0.924s] INFO:colcon.colcon_core.shell:Creating environment descriptor '/home/arpg/jackal_ws/install/micro_ros_setup/share/micro_ros_setup/hook/cmake_prefix_path.dsv'
[0.924s] INFO:colcon.colcon_core.shell:Creating environment hook '/home/arpg/jackal_ws/install/micro_ros_setup/share/micro_ros_setup/hook/cmake_prefix_path.sh'
[0.924s] Level 1:colcon.colcon_core.environment:checking '/home/arpg/jackal_ws/install/micro_ros_setup/lib'
[0.924s] Level 1:colcon.colcon_core.environment:checking '/home/arpg/jackal_ws/install/micro_ros_setup/bin'
[0.924s] Level 1:colcon.colcon_core.environment:checking '/home/arpg/jackal_ws/install/micro_ros_setup/lib/pkgconfig/micro_ros_setup.pc'
[0.924s] Level 1:colcon.colcon_core.environment:checking '/home/arpg/jackal_ws/install/micro_ros_setup/lib/python3.10/site-packages'
[0.924s] Level 1:colcon.colcon_core.environment:checking '/home/arpg/jackal_ws/install/micro_ros_setup/bin'
[0.930s] INFO:colcon.colcon_core.shell:Creating package script '/home/arpg/jackal_ws/install/micro_ros_setup/share/micro_ros_setup/package.ps1'
[0.930s] INFO:colcon.colcon_core.shell:Creating package descriptor '/home/arpg/jackal_ws/install/micro_ros_setup/share/micro_ros_setup/package.dsv'
[0.930s] INFO:colcon.colcon_core.shell:Creating package script '/home/arpg/jackal_ws/install/micro_ros_setup/share/micro_ros_setup/package.sh'
[0.930s] INFO:colcon.colcon_core.shell:Creating package script '/home/arpg/jackal_ws/install/micro_ros_setup/share/micro_ros_setup/package.bash'
[0.930s] INFO:colcon.colcon_core.shell:Creating package script '/home/arpg/jackal_ws/install/micro_ros_setup/share/micro_ros_setup/package.zsh'
[0.930s] Level 1:colcon.colcon_core.environment:create_file_with_runtime_dependencies(/home/arpg/jackal_ws/install/micro_ros_setup/share/colcon-core/packages/micro_ros_setup)
[0.932s] DEBUG:colcon.colcon_core.event_handler.log_command:Invoking command in '/home/arpg/jackal_ws/build/jackal_control': CMAKE_PREFIX_PATH=/home/arpg/jackal_ws/install/jackal_description:/home/arpg/jackal_ws/install/jackal_robot:/home/arpg/jackal_ws/install/wireless_msgs:/home/arpg/jackal_ws/install/micro_ros_setup:/home/arpg/jackal_ws/install/micro_ros_agent:/home/arpg/jackal_ws/install/micro_ros_msgs:/home/arpg/jackal_ws/install/jackal_navigation:/home/arpg/jackal_ws/install/jackal_msgs:/home/arpg/jackal_ws/install/jackal_control:/home/arpg/jackal_ws/install/wireless_watcher:/opt/ros/humble /usr/bin/cmake /home/arpg/jackal_ws/src/jackal/jackal_control -DCMAKE_INSTALL_PREFIX=/home/arpg/jackal_ws/install/jackal_control
[1.034s] DEBUG:colcon.colcon_core.event_handler.log_command:Invoked command in '/home/arpg/jackal_ws/build/jackal_control' returned '0': CMAKE_PREFIX_PATH=/home/arpg/jackal_ws/install/jackal_description:/home/arpg/jackal_ws/install/jackal_robot:/home/arpg/jackal_ws/install/wireless_msgs:/home/arpg/jackal_ws/install/micro_ros_setup:/home/arpg/jackal_ws/install/micro_ros_agent:/home/arpg/jackal_ws/install/micro_ros_msgs:/home/arpg/jackal_ws/install/jackal_navigation:/home/arpg/jackal_ws/install/jackal_msgs:/home/arpg/jackal_ws/install/jackal_control:/home/arpg/jackal_ws/install/wireless_watcher:/opt/ros/humble /usr/bin/cmake /home/arpg/jackal_ws/src/jackal/jackal_control -DCMAKE_INSTALL_PREFIX=/home/arpg/jackal_ws/install/jackal_control
[1.034s] DEBUG:colcon.colcon_core.event_handler.log_command:Invoking command in '/home/arpg/jackal_ws/build/jackal_control': CMAKE_PREFIX_PATH=/home/arpg/jackal_ws/install/jackal_description:/home/arpg/jackal_ws/install/jackal_robot:/home/arpg/jackal_ws/install/wireless_msgs:/home/arpg/jackal_ws/install/micro_ros_setup:/home/arpg/jackal_ws/install/micro_ros_agent:/home/arpg/jackal_ws/install/micro_ros_msgs:/home/arpg/jackal_ws/install/jackal_navigation:/home/arpg/jackal_ws/install/jackal_msgs:/home/arpg/jackal_ws/install/jackal_control:/home/arpg/jackal_ws/install/wireless_watcher:/opt/ros/humble /usr/bin/cmake --build /home/arpg/jackal_ws/build/jackal_control -- -j32 -l32
[1.051s] DEBUG:colcon.colcon_core.event_handler.log_command:Invoked command in '/home/arpg/jackal_ws/build/jackal_control' returned '0': CMAKE_PREFIX_PATH=/home/arpg/jackal_ws/install/jackal_description:/home/arpg/jackal_ws/install/jackal_robot:/home/arpg/jackal_ws/install/wireless_msgs:/home/arpg/jackal_ws/install/micro_ros_setup:/home/arpg/jackal_ws/install/micro_ros_agent:/home/arpg/jackal_ws/install/micro_ros_msgs:/home/arpg/jackal_ws/install/jackal_navigation:/home/arpg/jackal_ws/install/jackal_msgs:/home/arpg/jackal_ws/install/jackal_control:/home/arpg/jackal_ws/install/wireless_watcher:/opt/ros/humble /usr/bin/cmake --build /home/arpg/jackal_ws/build/jackal_control -- -j32 -l32
[1.059s] DEBUG:colcon.colcon_core.event_handler.log_command:Invoking command in '/home/arpg/jackal_ws/build/jackal_control': CMAKE_PREFIX_PATH=/home/arpg/jackal_ws/install/jackal_description:/home/arpg/jackal_ws/install/jackal_robot:/home/arpg/jackal_ws/install/wireless_msgs:/home/arpg/jackal_ws/install/micro_ros_setup:/home/arpg/jackal_ws/install/micro_ros_agent:/home/arpg/jackal_ws/install/micro_ros_msgs:/home/arpg/jackal_ws/install/jackal_navigation:/home/arpg/jackal_ws/install/jackal_msgs:/home/arpg/jackal_ws/install/jackal_control:/home/arpg/jackal_ws/install/wireless_watcher:/opt/ros/humble /usr/bin/cmake --install /home/arpg/jackal_ws/build/jackal_control
[1.064s] Level 1:colcon.colcon_core.environment:create_environment_scripts_only(jackal_control)
[1.065s] DEBUG:colcon.colcon_core.event_handler.log_command:Invoked command in '/home/arpg/jackal_ws/build/jackal_control' returned '0': CMAKE_PREFIX_PATH=/home/arpg/jackal_ws/install/jackal_description:/home/arpg/jackal_ws/install/jackal_robot:/home/arpg/jackal_ws/install/wireless_msgs:/home/arpg/jackal_ws/install/micro_ros_setup:/home/arpg/jackal_ws/install/micro_ros_agent:/home/arpg/jackal_ws/install/micro_ros_msgs:/home/arpg/jackal_ws/install/jackal_navigation:/home/arpg/jackal_ws/install/jackal_msgs:/home/arpg/jackal_ws/install/jackal_control:/home/arpg/jackal_ws/install/wireless_watcher:/opt/ros/humble /usr/bin/cmake --install /home/arpg/jackal_ws/build/jackal_control
[1.071s] Level 1:colcon.colcon_core.environment:checking '/home/arpg/jackal_ws/install/jackal_control' for CMake module files
[1.072s] Level 1:colcon.colcon_core.environment:checking '/home/arpg/jackal_ws/install/jackal_control' for CMake config files
[1.072s] Level 1:colcon.colcon_core.shell:create_environment_hook('jackal_control', 'cmake_prefix_path')
[1.077s] INFO:colcon.colcon_core.shell:Creating environment hook '/home/arpg/jackal_ws/install/jackal_control/share/jackal_control/hook/cmake_prefix_path.ps1'
[1.077s] INFO:colcon.colcon_core.shell:Creating environment descriptor '/home/arpg/jackal_ws/install/jackal_control/share/jackal_control/hook/cmake_prefix_path.dsv'
[1.077s] INFO:colcon.colcon_core.shell:Creating environment hook '/home/arpg/jackal_ws/install/jackal_control/share/jackal_control/hook/cmake_prefix_path.sh'
[1.078s] Level 1:colcon.colcon_core.environment:checking '/home/arpg/jackal_ws/install/jackal_control/bin'
[1.078s] Level 1:colcon.colcon_core.environment:checking '/home/arpg/jackal_ws/install/jackal_control/lib/pkgconfig/jackal_control.pc'
[1.078s] Level 1:colcon.colcon_core.environment:checking '/home/arpg/jackal_ws/install/jackal_control/lib/python3.10/site-packages'
[1.078s] Level 1:colcon.colcon_core.environment:checking '/home/arpg/jackal_ws/install/jackal_control/bin'
[1.083s] INFO:colcon.colcon_core.shell:Creating package script '/home/arpg/jackal_ws/install/jackal_control/share/jackal_control/package.ps1'
[1.083s] INFO:colcon.colcon_core.shell:Creating package descriptor '/home/arpg/jackal_ws/install/jackal_control/share/jackal_control/package.dsv'
[1.083s] INFO:colcon.colcon_core.shell:Creating package script '/home/arpg/jackal_ws/install/jackal_control/share/jackal_control/package.sh'
[1.084s] INFO:colcon.colcon_core.shell:Creating package script '/home/arpg/jackal_ws/install/jackal_control/share/jackal_control/package.bash'
[1.084s] INFO:colcon.colcon_core.shell:Creating package script '/home/arpg/jackal_ws/install/jackal_control/share/jackal_control/package.zsh'
[1.084s] Level 1:colcon.colcon_core.environment:create_file_with_runtime_dependencies(/home/arpg/jackal_ws/install/jackal_control/share/colcon-core/packages/jackal_control)
[1.100s] Level 1:colcon.colcon_core.environment:create_environment_scripts_only(jackal_control)
[1.105s] Level 1:colcon.colcon_core.environment:checking '/home/arpg/jackal_ws/install/jackal_control' for CMake module files
[1.105s] Level 1:colcon.colcon_core.environment:checking '/home/arpg/jackal_ws/install/jackal_control' for CMake config files
[1.106s] Level 1:colcon.colcon_core.shell:create_environment_hook('jackal_control', 'cmake_prefix_path')
[1.111s] INFO:colcon.colcon_core.shell:Creating environment hook '/home/arpg/jackal_ws/install/jackal_control/share/jackal_control/hook/cmake_prefix_path.ps1'
[1.111s] INFO:colcon.colcon_core.shell:Creating environment descriptor '/home/arpg/jackal_ws/install/jackal_control/share/jackal_control/hook/cmake_prefix_path.dsv'
[1.111s] INFO:colcon.colcon_core.shell:Creating environment hook '/home/arpg/jackal_ws/install/jackal_control/share/jackal_control/hook/cmake_prefix_path.sh'
[1.111s] Level 1:colcon.colcon_core.environment:checking '/home/arpg/jackal_ws/install/jackal_control/bin'
[1.111s] Level 1:colcon.colcon_core.environment:checking '/home/arpg/jackal_ws/install/jackal_control/lib/pkgconfig/jackal_control.pc'
[1.111s] Level 1:colcon.colcon_core.environment:checking '/home/arpg/jackal_ws/install/jackal_control/lib/python3.10/site-packages'
[1.111s] Level 1:colcon.colcon_core.environment:checking '/home/arpg/jackal_ws/install/jackal_control/bin'
[1.117s] INFO:colcon.colcon_core.shell:Creating package script '/home/arpg/jackal_ws/install/jackal_control/share/jackal_control/package.ps1'
[1.117s] INFO:colcon.colcon_core.shell:Creating package descriptor '/home/arpg/jackal_ws/install/jackal_control/share/jackal_control/package.dsv'
[1.117s] INFO:colcon.colcon_core.shell:Creating package script '/home/arpg/jackal_ws/install/jackal_control/share/jackal_control/package.sh'
[1.117s] INFO:colcon.colcon_core.shell:Creating package script '/home/arpg/jackal_ws/install/jackal_control/share/jackal_control/package.bash'
[1.117s] INFO:colcon.colcon_core.shell:Creating package script '/home/arpg/jackal_ws/install/jackal_control/share/jackal_control/package.zsh'
[1.117s] Level 1:colcon.colcon_core.environment:create_file_with_runtime_dependencies(/home/arpg/jackal_ws/install/jackal_control/share/colcon-core/packages/jackal_control)
[1.118s] DEBUG:colcon.colcon_core.event_handler.log_command:Invoked command in '/home/arpg/jackal_ws/build/micro_ros_msgs' returned '0': CMAKE_PREFIX_PATH=${CMAKE_PREFIX_PATH}:/home/arpg/jackal_ws/install/wireless_watcher:/opt/ros/humble /usr/bin/cmake /home/arpg/jackal_ws/src/micro_ros_msgs -DCMAKE_INSTALL_PREFIX=/home/arpg/jackal_ws/install/micro_ros_msgs
[1.119s] DEBUG:colcon.colcon_core.event_handler.log_command:Invoking command in '/home/arpg/jackal_ws/build/micro_ros_msgs': CMAKE_PREFIX_PATH=${CMAKE_PREFIX_PATH}:/home/arpg/jackal_ws/install/wireless_watcher:/opt/ros/humble /usr/bin/cmake --build /home/arpg/jackal_ws/build/micro_ros_msgs -- -j32 -l32
[1.141s] DEBUG:colcon.colcon_core.event_handler.log_command:Invoked command in '/home/arpg/jackal_ws/build/micro_ros_msgs' returned '2': CMAKE_PREFIX_PATH=${CMAKE_PREFIX_PATH}:/home/arpg/jackal_ws/install/wireless_watcher:/opt/ros/humble /usr/bin/cmake --build /home/arpg/jackal_ws/build/micro_ros_msgs -- -j32 -l32
[1.181s] Level 1:colcon.colcon_core.environment:create_environment_scripts_only(micro_ros_msgs)
[1.187s] Level 1:colcon.colcon_core.environment:checking '/home/arpg/jackal_ws/install/micro_ros_msgs' for CMake module files
[1.187s] Level 1:colcon.colcon_core.environment:checking '/home/arpg/jackal_ws/install/micro_ros_msgs' for CMake config files
[1.187s] Level 1:colcon.colcon_core.shell:create_environment_hook('micro_ros_msgs', 'cmake_prefix_path')
[1.192s] INFO:colcon.colcon_core.shell:Creating environment hook '/home/arpg/jackal_ws/install/micro_ros_msgs/share/micro_ros_msgs/hook/cmake_prefix_path.ps1'
[1.193s] INFO:colcon.colcon_core.shell:Creating environment descriptor '/home/arpg/jackal_ws/install/micro_ros_msgs/share/micro_ros_msgs/hook/cmake_prefix_path.dsv'
[1.193s] INFO:colcon.colcon_core.shell:Creating environment hook '/home/arpg/jackal_ws/install/micro_ros_msgs/share/micro_ros_msgs/hook/cmake_prefix_path.sh'
[1.193s] Level 1:colcon.colcon_core.environment:checking '/home/arpg/jackal_ws/install/micro_ros_msgs/lib'
[1.193s] Level 1:colcon.colcon_core.shell:create_environment_hook('micro_ros_msgs', 'ld_library_path_lib')
[1.198s] INFO:colcon.colcon_core.shell:Creating environment hook '/home/arpg/jackal_ws/install/micro_ros_msgs/share/micro_ros_msgs/hook/ld_library_path_lib.ps1'
[1.198s] INFO:colcon.colcon_core.shell:Creating environment descriptor '/home/arpg/jackal_ws/install/micro_ros_msgs/share/micro_ros_msgs/hook/ld_library_path_lib.dsv'
[1.198s] INFO:colcon.colcon_core.shell:Creating environment hook '/home/arpg/jackal_ws/install/micro_ros_msgs/share/micro_ros_msgs/hook/ld_library_path_lib.sh'
[1.198s] Level 1:colcon.colcon_core.environment:checking '/home/arpg/jackal_ws/install/micro_ros_msgs/bin'
[1.198s] Level 1:colcon.colcon_core.environment:checking '/home/arpg/jackal_ws/install/micro_ros_msgs/lib/pkgconfig/micro_ros_msgs.pc'
[1.199s] Level 1:colcon.colcon_core.environment:checking '/home/arpg/jackal_ws/install/micro_ros_msgs/lib/python3.10/site-packages'
[1.199s] Level 1:colcon.colcon_core.environment:checking '/home/arpg/jackal_ws/install/micro_ros_msgs/bin'
[1.204s] INFO:colcon.colcon_core.shell:Creating package script '/home/arpg/jackal_ws/install/micro_ros_msgs/share/micro_ros_msgs/package.ps1'
[1.204s] INFO:colcon.colcon_core.shell:Creating package descriptor '/home/arpg/jackal_ws/install/micro_ros_msgs/share/micro_ros_msgs/package.dsv'
[1.204s] INFO:colcon.colcon_core.shell:Creating package script '/home/arpg/jackal_ws/install/micro_ros_msgs/share/micro_ros_msgs/package.sh'
[1.205s] INFO:colcon.colcon_core.shell:Creating package script '/home/arpg/jackal_ws/install/micro_ros_msgs/share/micro_ros_msgs/package.bash'
[1.205s] INFO:colcon.colcon_core.shell:Creating package script '/home/arpg/jackal_ws/install/micro_ros_msgs/share/micro_ros_msgs/package.zsh'
[1.205s] Level 1:colcon.colcon_core.environment:create_file_with_runtime_dependencies(/home/arpg/jackal_ws/install/micro_ros_msgs/share/colcon-core/packages/micro_ros_msgs)
[1.684s] DEBUG:colcon.colcon_parallel_executor.executor.parallel:closing loop
[1.684s] DEBUG:colcon.colcon_parallel_executor.executor.parallel:loop closed
[1.684s] DEBUG:colcon.colcon_parallel_executor.executor.parallel:run_until_complete finished with '2'
[1.684s] DEBUG:colcon.colcon_core.event_reactor:joining thread
[1.697s] INFO:colcon.colcon_core.plugin_system:Skipping extension 'colcon_notification.desktop_notification.terminal_notifier': Not used on non-Darwin systems
[1.697s] INFO:colcon.colcon_core.plugin_system:Skipping extension 'colcon_notification.desktop_notification.win32': Not used on non-Windows systems
[1.697s] INFO:colcon.colcon_notification.desktop_notification:Sending desktop notification using 'notify2'
[1.698s] DEBUG:colcon.colcon_notification.desktop_notification.notify2:Failed to initialize notify2: org.freedesktop.DBus.Error.ServiceUnknown: The name org.freedesktop.Notifications was not provided by any .service files
[1.698s] DEBUG:colcon.colcon_core.event_reactor:joined thread
[1.707s] INFO:colcon.colcon_core.shell:Creating prefix script '/home/arpg/jackal_ws/install/local_setup.ps1'
[1.707s] INFO:colcon.colcon_core.shell:Creating prefix util module '/home/arpg/jackal_ws/install/_local_setup_util_ps1.py'
[1.707s] INFO:colcon.colcon_core.shell:Creating prefix chain script '/home/arpg/jackal_ws/install/setup.ps1'
[1.713s] INFO:colcon.colcon_core.shell:Creating prefix script '/home/arpg/jackal_ws/install/local_setup.sh'
[1.713s] INFO:colcon.colcon_core.shell:Creating prefix util module '/home/arpg/jackal_ws/install/_local_setup_util_sh.py'
[1.713s] INFO:colcon.colcon_core.shell:Creating prefix chain script '/home/arpg/jackal_ws/install/setup.sh'
[1.719s] INFO:colcon.colcon_core.shell:Creating prefix script '/home/arpg/jackal_ws/install/local_setup.bash'
[1.719s] INFO:colcon.colcon_core.shell:Creating prefix chain script '/home/arpg/jackal_ws/install/setup.bash'
[1.724s] INFO:colcon.colcon_core.shell:Creating prefix script '/home/arpg/jackal_ws/install/local_setup.zsh'
[1.724s] INFO:colcon.colcon_core.shell:Creating prefix chain script '/home/arpg/jackal_ws/install/setup.zsh'
