[0.075s] Invoking command in '/home/arpg/jackal_ws/build/jackal_control': CMAKE_PREFIX_PATH=/home/arpg/jackal_ws/install/jackal_description:/home/arpg/jackal_ws/install/jackal_robot:/home/arpg/jackal_ws/install/wireless_msgs:/home/arpg/jackal_ws/install/micro_ros_setup:/home/arpg/jackal_ws/install/micro_ros_agent:/home/arpg/jackal_ws/install/micro_ros_msgs:/home/arpg/jackal_ws/install/jackal_navigation:/home/arpg/jackal_ws/install/jackal_msgs:/home/arpg/jackal_ws/install/jackal_control:/home/arpg/jackal_ws/install/wireless_watcher:/opt/ros/humble /usr/bin/cmake --build /home/arpg/jackal_ws/build/jackal_control -- -j32 -l32
[0.091s] Invoked command in '/home/arpg/jackal_ws/build/jackal_control' returned '0': CMAKE_PREFIX_PATH=/home/arpg/jackal_ws/install/jackal_description:/home/arpg/jackal_ws/install/jackal_robot:/home/arpg/jackal_ws/install/wireless_msgs:/home/arpg/jackal_ws/install/micro_ros_setup:/home/arpg/jackal_ws/install/micro_ros_agent:/home/arpg/jackal_ws/install/micro_ros_msgs:/home/arpg/jackal_ws/install/jackal_navigation:/home/arpg/jackal_ws/install/jackal_msgs:/home/arpg/jackal_ws/install/jackal_control:/home/arpg/jackal_ws/install/wireless_watcher:/opt/ros/humble /usr/bin/cmake --build /home/arpg/jackal_ws/build/jackal_control -- -j32 -l32
[0.099s] Invoking command in '/home/arpg/jackal_ws/build/jackal_control': CMAKE_PREFIX_PATH=/home/arpg/jackal_ws/install/jackal_description:/home/arpg/jackal_ws/install/jackal_robot:/home/arpg/jackal_ws/install/wireless_msgs:/home/arpg/jackal_ws/install/micro_ros_setup:/home/arpg/jackal_ws/install/micro_ros_agent:/home/arpg/jackal_ws/install/micro_ros_msgs:/home/arpg/jackal_ws/install/jackal_navigation:/home/arpg/jackal_ws/install/jackal_msgs:/home/arpg/jackal_ws/install/jackal_control:/home/arpg/jackal_ws/install/wireless_watcher:/opt/ros/humble /usr/bin/cmake --install /home/arpg/jackal_ws/build/jackal_control
[0.102s] -- Install configuration: ""
[0.102s] -- Up-to-date: /home/arpg/jackal_ws/install/jackal_control/share/jackal_control/config
[0.102s] -- Up-to-date: /home/arpg/jackal_ws/install/jackal_control/share/jackal_control/config/teleop_logitech.yaml
[0.102s] -- Up-to-date: /home/arpg/jackal_ws/install/jackal_control/share/jackal_control/config/teleop_ps4.yaml
[0.102s] -- Up-to-date: /home/arpg/jackal_ws/install/jackal_control/share/jackal_control/config/imu_filter.yaml
[0.102s] -- Up-to-date: /home/arpg/jackal_ws/install/jackal_control/share/jackal_control/config/control.yaml
[0.102s] -- Up-to-date: /home/arpg/jackal_ws/install/jackal_control/share/jackal_control/config/localization.yaml
[0.102s] -- Up-to-date: /home/arpg/jackal_ws/install/jackal_control/share/jackal_control/config/twist_mux.yaml
[0.102s] -- Up-to-date: /home/arpg/jackal_ws/install/jackal_control/share/jackal_control/config/teleop_interactive_markers.yaml
[0.103s] -- Up-to-date: /home/arpg/jackal_ws/install/jackal_control/share/jackal_control/launch
[0.103s] -- Up-to-date: /home/arpg/jackal_ws/install/jackal_control/share/jackal_control/launch/control.launch.py
[0.103s] -- Up-to-date: /home/arpg/jackal_ws/install/jackal_control/share/jackal_control/launch/teleop_joy.launch.py
[0.103s] -- Up-to-date: /home/arpg/jackal_ws/install/jackal_control/share/jackal_control/launch/teleop_base.launch.py
[0.103s] -- Up-to-date: /home/arpg/jackal_ws/install/jackal_control/share/ament_index/resource_index/package_run_dependencies/jackal_control
[0.103s] -- Up-to-date: /home/arpg/jackal_ws/install/jackal_control/share/ament_index/resource_index/parent_prefix_path/jackal_control
[0.104s] -- Up-to-date: /home/arpg/jackal_ws/install/jackal_control/share/jackal_control/environment/ament_prefix_path.sh
[0.104s] -- Up-to-date: /home/arpg/jackal_ws/install/jackal_control/share/jackal_control/environment/ament_prefix_path.dsv
[0.104s] -- Up-to-date: /home/arpg/jackal_ws/install/jackal_control/share/jackal_control/environment/path.sh
[0.104s] -- Up-to-date: /home/arpg/jackal_ws/install/jackal_control/share/jackal_control/environment/path.dsv
[0.104s] -- Up-to-date: /home/arpg/jackal_ws/install/jackal_control/share/jackal_control/local_setup.bash
[0.104s] -- Up-to-date: /home/arpg/jackal_ws/install/jackal_control/share/jackal_control/local_setup.sh
[0.104s] -- Up-to-date: /home/arpg/jackal_ws/install/jackal_control/share/jackal_control/local_setup.zsh
[0.104s] -- Up-to-date: /home/arpg/jackal_ws/install/jackal_control/share/jackal_control/local_setup.dsv
[0.104s] -- Installing: /home/arpg/jackal_ws/install/jackal_control/share/jackal_control/package.dsv
[0.104s] -- Up-to-date: /home/arpg/jackal_ws/install/jackal_control/share/ament_index/resource_index/packages/jackal_control
[0.104s] -- Up-to-date: /home/arpg/jackal_ws/install/jackal_control/share/jackal_control/cmake/jackal_controlConfig.cmake
[0.104s] -- Up-to-date: /home/arpg/jackal_ws/install/jackal_control/share/jackal_control/cmake/jackal_controlConfig-version.cmake
[0.104s] -- Up-to-date: /home/arpg/jackal_ws/install/jackal_control/share/jackal_control/package.xml
[0.104s] Invoked command in '/home/arpg/jackal_ws/build/jackal_control' returned '0': CMAKE_PREFIX_PATH=/home/arpg/jackal_ws/install/jackal_description:/home/arpg/jackal_ws/install/jackal_robot:/home/arpg/jackal_ws/install/wireless_msgs:/home/arpg/jackal_ws/install/micro_ros_setup:/home/arpg/jackal_ws/install/micro_ros_agent:/home/arpg/jackal_ws/install/micro_ros_msgs:/home/arpg/jackal_ws/install/jackal_navigation:/home/arpg/jackal_ws/install/jackal_msgs:/home/arpg/jackal_ws/install/jackal_control:/home/arpg/jackal_ws/install/wireless_watcher:/opt/ros/humble /usr/bin/cmake --install /home/arpg/jackal_ws/build/jackal_control
