[0.040s] Invoking command in '/home/arpg/jackal_ws/build/jackal_navigation': CMAKE_PREFIX_PATH=/opt/ros/humble /usr/bin/cmake --build /home/arpg/jackal_ws/build/jackal_navigation -- -j32 -l32
[0.076s] Invoked command in '/home/arpg/jackal_ws/build/jackal_navigation' returned '0': CMAKE_PREFIX_PATH=/opt/ros/humble /usr/bin/cmake --build /home/arpg/jackal_ws/build/jackal_navigation -- -j32 -l32
[0.121s] Invoking command in '/home/arpg/jackal_ws/build/jackal_navigation': CMAKE_PREFIX_PATH=/opt/ros/humble /usr/bin/cmake --install /home/arpg/jackal_ws/build/jackal_navigation
[0.126s] -- Install configuration: ""
[0.126s] -- Up-to-date: /home/arpg/jackal_ws/install/jackal_navigation/share/jackal_navigation/config
[0.126s] -- Up-to-date: /home/arpg/jackal_ws/install/jackal_navigation/share/jackal_navigation/config/slam.yaml
[0.126s] -- Up-to-date: /home/arpg/jackal_ws/install/jackal_navigation/share/jackal_navigation/config/nav2.yaml
[0.126s] -- Up-to-date: /home/arpg/jackal_ws/install/jackal_navigation/share/jackal_navigation/launch
[0.126s] -- Up-to-date: /home/arpg/jackal_ws/install/jackal_navigation/share/jackal_navigation/launch/localization.launch.py
[0.126s] -- Up-to-date: /home/arpg/jackal_ws/install/jackal_navigation/share/jackal_navigation/launch/slam.launch.py
[0.126s] -- Up-to-date: /home/arpg/jackal_ws/install/jackal_navigation/share/jackal_navigation/launch/nav2.launch.py
[0.127s] -- Up-to-date: /home/arpg/jackal_ws/install/jackal_navigation/share/jackal_navigation/maps
[0.127s] -- Up-to-date: /home/arpg/jackal_ws/install/jackal_navigation/share/jackal_navigation/maps/office.yaml
[0.127s] -- Up-to-date: /home/arpg/jackal_ws/install/jackal_navigation/share/jackal_navigation/maps/office.pgm
[0.127s] -- Up-to-date: /home/arpg/jackal_ws/install/jackal_navigation/share/ament_index/resource_index/package_run_dependencies/jackal_navigation
[0.127s] -- Up-to-date: /home/arpg/jackal_ws/install/jackal_navigation/share/ament_index/resource_index/parent_prefix_path/jackal_navigation
[0.127s] -- Up-to-date: /home/arpg/jackal_ws/install/jackal_navigation/share/jackal_navigation/environment/ament_prefix_path.sh
[0.127s] -- Up-to-date: /home/arpg/jackal_ws/install/jackal_navigation/share/jackal_navigation/environment/ament_prefix_path.dsv
[0.127s] -- Up-to-date: /home/arpg/jackal_ws/install/jackal_navigation/share/jackal_navigation/environment/path.sh
[0.128s] -- Up-to-date: /home/arpg/jackal_ws/install/jackal_navigation/share/jackal_navigation/environment/path.dsv
[0.128s] -- Up-to-date: /home/arpg/jackal_ws/install/jackal_navigation/share/jackal_navigation/local_setup.bash
[0.128s] -- Up-to-date: /home/arpg/jackal_ws/install/jackal_navigation/share/jackal_navigation/local_setup.sh
[0.128s] -- Up-to-date: /home/arpg/jackal_ws/install/jackal_navigation/share/jackal_navigation/local_setup.zsh
[0.128s] -- Up-to-date: /home/arpg/jackal_ws/install/jackal_navigation/share/jackal_navigation/local_setup.dsv
[0.128s] -- Installing: /home/arpg/jackal_ws/install/jackal_navigation/share/jackal_navigation/package.dsv
[0.129s] -- Up-to-date: /home/arpg/jackal_ws/install/jackal_navigation/share/ament_index/resource_index/packages/jackal_navigation
[0.129s] -- Up-to-date: /home/arpg/jackal_ws/install/jackal_navigation/share/jackal_navigation/cmake/jackal_navigationConfig.cmake
[0.129s] -- Up-to-date: /home/arpg/jackal_ws/install/jackal_navigation/share/jackal_navigation/cmake/jackal_navigationConfig-version.cmake
[0.129s] -- Up-to-date: /home/arpg/jackal_ws/install/jackal_navigation/share/jackal_navigation/package.xml
[0.191s] Invoked command in '/home/arpg/jackal_ws/build/jackal_navigation' returned '0': CMAKE_PREFIX_PATH=/opt/ros/humble /usr/bin/cmake --install /home/arpg/jackal_ws/build/jackal_navigation
