[0.341s] DEBUG:colcon:Command line arguments: ['/usr/bin/colcon', 'build']
[0.341s] DEBUG:colcon:Parsed command line arguments: Namespace(log_base=None, log_level=None, verb_name='build', build_base='build', install_base='install', merge_install=False, symlink_install=False, test_result_base=None, continue_on_error=False, executor='parallel', parallel_workers=32, event_handlers=None, ignore_user_meta=False, metas=['./colcon.meta'], base_paths=['.'], packages_ignore=None, packages_ignore_regex=None, paths=None, packages_up_to=None, packages_up_to_regex=None, packages_above=None, packages_above_and_dependencies=None, packages_above_depth=None, packages_select_by_dep=None, packages_skip_by_dep=None, packages_skip_up_to=None, packages_select_build_failed=False, packages_skip_build_finished=False, packages_select_test_failures=False, packages_skip_test_passed=False, packages_select=None, packages_skip=None, packages_select_regex=None, packages_skip_regex=None, packages_start=None, packages_end=None, allow_overriding=[], cmake_args=None, cmake_target=None, cmake_target_skip_unavailable=False, cmake_clean_cache=False, cmake_clean_first=False, cmake_force_configure=False, ament_cmake_args=None, catkin_cmake_args=None, catkin_skip_building_tests=False, verb_parser=<colcon_defaults.argument_parser.defaults.DefaultArgumentsDecorator object at 0x7f1cf9e2cc70>, verb_extension=<colcon_core.verb.build.BuildVerb object at 0x7f1cf9e2d780>, main=<bound method BuildVerb.main of <colcon_core.verb.build.BuildVerb object at 0x7f1cf9e2d780>>)
[0.358s] Level 1:colcon.colcon_core.package_discovery:discover_packages(colcon_meta) check parameters
[0.358s] Level 1:colcon.colcon_core.package_discovery:discover_packages(recursive) check parameters
[0.358s] Level 1:colcon.colcon_core.package_discovery:discover_packages(ignore) check parameters
[0.358s] Level 1:colcon.colcon_core.package_discovery:discover_packages(path) check parameters
[0.358s] Level 1:colcon.colcon_core.package_discovery:discover_packages(colcon_meta) discover
[0.358s] Level 1:colcon.colcon_core.package_discovery:discover_packages(recursive) discover
[0.358s] INFO:colcon.colcon_core.package_discovery:Crawling recursively for packages in '/home/arpg/jackal_ws'
[0.358s] Level 1:colcon.colcon_core.package_identification:_identify(.) by extensions ['ignore', 'ignore_ament_install']
[0.358s] Level 1:colcon.colcon_core.package_identification:_identify(.) by extension 'ignore'
[0.358s] Level 1:colcon.colcon_core.package_identification:_identify(.) by extension 'ignore_ament_install'
[0.358s] Level 1:colcon.colcon_core.package_identification:_identify(.) by extensions ['colcon_pkg']
[0.358s] Level 1:colcon.colcon_core.package_identification:_identify(.) by extension 'colcon_pkg'
[0.358s] Level 1:colcon.colcon_core.package_identification:_identify(.) by extensions ['colcon_meta']
[0.358s] Level 1:colcon.colcon_core.package_identification:_identify(.) by extension 'colcon_meta'
[0.358s] Level 1:colcon.colcon_core.package_identification:_identify(.) by extensions ['ros']
[0.358s] Level 1:colcon.colcon_core.package_identification:_identify(.) by extension 'ros'
[0.362s] Level 1:colcon.colcon_core.package_identification:_identify(.) by extensions ['cmake', 'python']
[0.362s] Level 1:colcon.colcon_core.package_identification:_identify(.) by extension 'cmake'
[0.362s] Level 1:colcon.colcon_core.package_identification:_identify(.) by extension 'python'
[0.362s] Level 1:colcon.colcon_core.package_identification:_identify(.) by extensions ['python_setup_py']
[0.362s] Level 1:colcon.colcon_core.package_identification:_identify(.) by extension 'python_setup_py'
[0.362s] Level 1:colcon.colcon_core.package_identification:_identify(build) by extensions ['ignore', 'ignore_ament_install']
[0.363s] Level 1:colcon.colcon_core.package_identification:_identify(build) by extension 'ignore'
[0.363s] Level 1:colcon.colcon_core.package_identification:_identify(build) ignored
[0.363s] Level 1:colcon.colcon_core.package_identification:_identify(install) by extensions ['ignore', 'ignore_ament_install']
[0.363s] Level 1:colcon.colcon_core.package_identification:_identify(install) by extension 'ignore'
[0.363s] Level 1:colcon.colcon_core.package_identification:_identify(install) ignored
[0.363s] Level 1:colcon.colcon_core.package_identification:_identify(log) by extensions ['ignore', 'ignore_ament_install']
[0.363s] Level 1:colcon.colcon_core.package_identification:_identify(log) by extension 'ignore'
[0.363s] Level 1:colcon.colcon_core.package_identification:_identify(log) ignored
[0.363s] Level 1:colcon.colcon_core.package_identification:_identify(src) by extensions ['ignore', 'ignore_ament_install']
[0.363s] Level 1:colcon.colcon_core.package_identification:_identify(src) by extension 'ignore'
[0.363s] Level 1:colcon.colcon_core.package_identification:_identify(src) by extension 'ignore_ament_install'
[0.363s] Level 1:colcon.colcon_core.package_identification:_identify(src) by extensions ['colcon_pkg']
[0.363s] Level 1:colcon.colcon_core.package_identification:_identify(src) by extension 'colcon_pkg'
[0.363s] Level 1:colcon.colcon_core.package_identification:_identify(src) by extensions ['colcon_meta']
[0.363s] Level 1:colcon.colcon_core.package_identification:_identify(src) by extension 'colcon_meta'
[0.363s] Level 1:colcon.colcon_core.package_identification:_identify(src) by extensions ['ros']
[0.363s] Level 1:colcon.colcon_core.package_identification:_identify(src) by extension 'ros'
[0.363s] Level 1:colcon.colcon_core.package_identification:_identify(src) by extensions ['cmake', 'python']
[0.363s] Level 1:colcon.colcon_core.package_identification:_identify(src) by extension 'cmake'
[0.363s] Level 1:colcon.colcon_core.package_identification:_identify(src) by extension 'python'
[0.363s] Level 1:colcon.colcon_core.package_identification:_identify(src) by extensions ['python_setup_py']
[0.363s] Level 1:colcon.colcon_core.package_identification:_identify(src) by extension 'python_setup_py'
[0.363s] Level 1:colcon.colcon_core.package_identification:_identify(src/jackal) by extensions ['ignore', 'ignore_ament_install']
[0.363s] Level 1:colcon.colcon_core.package_identification:_identify(src/jackal) by extension 'ignore'
[0.363s] Level 1:colcon.colcon_core.package_identification:_identify(src/jackal) by extension 'ignore_ament_install'
[0.363s] Level 1:colcon.colcon_core.package_identification:_identify(src/jackal) by extensions ['colcon_pkg']
[0.363s] Level 1:colcon.colcon_core.package_identification:_identify(src/jackal) by extension 'colcon_pkg'
[0.363s] Level 1:colcon.colcon_core.package_identification:_identify(src/jackal) by extensions ['colcon_meta']
[0.363s] Level 1:colcon.colcon_core.package_identification:_identify(src/jackal) by extension 'colcon_meta'
[0.363s] Level 1:colcon.colcon_core.package_identification:_identify(src/jackal) by extensions ['ros']
[0.363s] Level 1:colcon.colcon_core.package_identification:_identify(src/jackal) by extension 'ros'
[0.363s] Level 1:colcon.colcon_core.package_identification:_identify(src/jackal) by extensions ['cmake', 'python']
[0.363s] Level 1:colcon.colcon_core.package_identification:_identify(src/jackal) by extension 'cmake'
[0.363s] Level 1:colcon.colcon_core.package_identification:_identify(src/jackal) by extension 'python'
[0.363s] Level 1:colcon.colcon_core.package_identification:_identify(src/jackal) by extensions ['python_setup_py']
[0.363s] Level 1:colcon.colcon_core.package_identification:_identify(src/jackal) by extension 'python_setup_py'
[0.363s] Level 1:colcon.colcon_core.package_identification:_identify(src/jackal/jackal_control) by extensions ['ignore', 'ignore_ament_install']
[0.363s] Level 1:colcon.colcon_core.package_identification:_identify(src/jackal/jackal_control) by extension 'ignore'
[0.363s] Level 1:colcon.colcon_core.package_identification:_identify(src/jackal/jackal_control) by extension 'ignore_ament_install'
[0.363s] Level 1:colcon.colcon_core.package_identification:_identify(src/jackal/jackal_control) by extensions ['colcon_pkg']
[0.363s] Level 1:colcon.colcon_core.package_identification:_identify(src/jackal/jackal_control) by extension 'colcon_pkg'
[0.363s] Level 1:colcon.colcon_core.package_identification:_identify(src/jackal/jackal_control) by extensions ['colcon_meta']
[0.363s] Level 1:colcon.colcon_core.package_identification:_identify(src/jackal/jackal_control) by extension 'colcon_meta'
[0.363s] Level 1:colcon.colcon_core.package_identification:_identify(src/jackal/jackal_control) by extensions ['ros']
[0.363s] Level 1:colcon.colcon_core.package_identification:_identify(src/jackal/jackal_control) by extension 'ros'
[0.365s] DEBUG:colcon.colcon_core.package_identification:Package 'src/jackal/jackal_control' with type 'ros.ament_cmake' and name 'jackal_control'
[0.365s] Level 1:colcon.colcon_core.package_identification:_identify(src/jackal/jackal_description) by extensions ['ignore', 'ignore_ament_install']
[0.365s] Level 1:colcon.colcon_core.package_identification:_identify(src/jackal/jackal_description) by extension 'ignore'
[0.365s] Level 1:colcon.colcon_core.package_identification:_identify(src/jackal/jackal_description) by extension 'ignore_ament_install'
[0.365s] Level 1:colcon.colcon_core.package_identification:_identify(src/jackal/jackal_description) by extensions ['colcon_pkg']
[0.365s] Level 1:colcon.colcon_core.package_identification:_identify(src/jackal/jackal_description) by extension 'colcon_pkg'
[0.365s] Level 1:colcon.colcon_core.package_identification:_identify(src/jackal/jackal_description) by extensions ['colcon_meta']
[0.365s] Level 1:colcon.colcon_core.package_identification:_identify(src/jackal/jackal_description) by extension 'colcon_meta'
[0.365s] Level 1:colcon.colcon_core.package_identification:_identify(src/jackal/jackal_description) by extensions ['ros']
[0.365s] Level 1:colcon.colcon_core.package_identification:_identify(src/jackal/jackal_description) by extension 'ros'
[0.365s] DEBUG:colcon.colcon_core.package_identification:Package 'src/jackal/jackal_description' with type 'ros.ament_cmake' and name 'jackal_description'
[0.365s] Level 1:colcon.colcon_core.package_identification:_identify(src/jackal/jackal_msgs) by extensions ['ignore', 'ignore_ament_install']
[0.365s] Level 1:colcon.colcon_core.package_identification:_identify(src/jackal/jackal_msgs) by extension 'ignore'
[0.365s] Level 1:colcon.colcon_core.package_identification:_identify(src/jackal/jackal_msgs) by extension 'ignore_ament_install'
[0.365s] Level 1:colcon.colcon_core.package_identification:_identify(src/jackal/jackal_msgs) by extensions ['colcon_pkg']
[0.365s] Level 1:colcon.colcon_core.package_identification:_identify(src/jackal/jackal_msgs) by extension 'colcon_pkg'
[0.365s] Level 1:colcon.colcon_core.package_identification:_identify(src/jackal/jackal_msgs) by extensions ['colcon_meta']
[0.365s] Level 1:colcon.colcon_core.package_identification:_identify(src/jackal/jackal_msgs) by extension 'colcon_meta'
[0.365s] Level 1:colcon.colcon_core.package_identification:_identify(src/jackal/jackal_msgs) by extensions ['ros']
[0.365s] Level 1:colcon.colcon_core.package_identification:_identify(src/jackal/jackal_msgs) by extension 'ros'
[0.366s] DEBUG:colcon.colcon_core.package_identification:Package 'src/jackal/jackal_msgs' with type 'ros.ament_cmake' and name 'jackal_msgs'
[0.366s] Level 1:colcon.colcon_core.package_identification:_identify(src/jackal/jackal_navigation) by extensions ['ignore', 'ignore_ament_install']
[0.366s] Level 1:colcon.colcon_core.package_identification:_identify(src/jackal/jackal_navigation) by extension 'ignore'
[0.366s] Level 1:colcon.colcon_core.package_identification:_identify(src/jackal/jackal_navigation) by extension 'ignore_ament_install'
[0.366s] Level 1:colcon.colcon_core.package_identification:_identify(src/jackal/jackal_navigation) by extensions ['colcon_pkg']
[0.366s] Level 1:colcon.colcon_core.package_identification:_identify(src/jackal/jackal_navigation) by extension 'colcon_pkg'
[0.366s] Level 1:colcon.colcon_core.package_identification:_identify(src/jackal/jackal_navigation) by extensions ['colcon_meta']
[0.366s] Level 1:colcon.colcon_core.package_identification:_identify(src/jackal/jackal_navigation) by extension 'colcon_meta'
[0.366s] Level 1:colcon.colcon_core.package_identification:_identify(src/jackal/jackal_navigation) by extensions ['ros']
[0.366s] Level 1:colcon.colcon_core.package_identification:_identify(src/jackal/jackal_navigation) by extension 'ros'
[0.366s] DEBUG:colcon.colcon_core.package_identification:Package 'src/jackal/jackal_navigation' with type 'ros.ament_cmake' and name 'jackal_navigation'
[0.366s] Level 1:colcon.colcon_core.package_identification:_identify(src/jackal_robot) by extensions ['ignore', 'ignore_ament_install']
[0.366s] Level 1:colcon.colcon_core.package_identification:_identify(src/jackal_robot) by extension 'ignore'
[0.366s] Level 1:colcon.colcon_core.package_identification:_identify(src/jackal_robot) by extension 'ignore_ament_install'
[0.366s] Level 1:colcon.colcon_core.package_identification:_identify(src/jackal_robot) by extensions ['colcon_pkg']
[0.366s] Level 1:colcon.colcon_core.package_identification:_identify(src/jackal_robot) by extension 'colcon_pkg'
[0.366s] Level 1:colcon.colcon_core.package_identification:_identify(src/jackal_robot) by extensions ['colcon_meta']
[0.366s] Level 1:colcon.colcon_core.package_identification:_identify(src/jackal_robot) by extension 'colcon_meta'
[0.366s] Level 1:colcon.colcon_core.package_identification:_identify(src/jackal_robot) by extensions ['ros']
[0.366s] Level 1:colcon.colcon_core.package_identification:_identify(src/jackal_robot) by extension 'ros'
[0.367s] DEBUG:colcon.colcon_core.package_identification:Package 'src/jackal_robot' with type 'ros.ament_cmake' and name 'jackal_robot'
[0.367s] Level 1:colcon.colcon_core.package_identification:_identify(src/micro-ROS-Agent) by extensions ['ignore', 'ignore_ament_install']
[0.367s] Level 1:colcon.colcon_core.package_identification:_identify(src/micro-ROS-Agent) by extension 'ignore'
[0.367s] Level 1:colcon.colcon_core.package_identification:_identify(src/micro-ROS-Agent) by extension 'ignore_ament_install'
[0.367s] Level 1:colcon.colcon_core.package_identification:_identify(src/micro-ROS-Agent) by extensions ['colcon_pkg']
[0.367s] Level 1:colcon.colcon_core.package_identification:_identify(src/micro-ROS-Agent) by extension 'colcon_pkg'
[0.367s] Level 1:colcon.colcon_core.package_identification:_identify(src/micro-ROS-Agent) by extensions ['colcon_meta']
[0.367s] Level 1:colcon.colcon_core.package_identification:_identify(src/micro-ROS-Agent) by extension 'colcon_meta'
[0.367s] Level 1:colcon.colcon_core.package_identification:_identify(src/micro-ROS-Agent) by extensions ['ros']
[0.367s] Level 1:colcon.colcon_core.package_identification:_identify(src/micro-ROS-Agent) by extension 'ros'
[0.367s] Level 1:colcon.colcon_core.package_identification:_identify(src/micro-ROS-Agent) by extensions ['cmake', 'python']
[0.367s] Level 1:colcon.colcon_core.package_identification:_identify(src/micro-ROS-Agent) by extension 'cmake'
[0.367s] Level 1:colcon.colcon_core.package_identification:_identify(src/micro-ROS-Agent) by extension 'python'
[0.367s] Level 1:colcon.colcon_core.package_identification:_identify(src/micro-ROS-Agent) by extensions ['python_setup_py']
[0.367s] Level 1:colcon.colcon_core.package_identification:_identify(src/micro-ROS-Agent) by extension 'python_setup_py'
[0.367s] Level 1:colcon.colcon_core.package_identification:_identify(src/micro-ROS-Agent/micro_ros_agent) by extensions ['ignore', 'ignore_ament_install']
[0.367s] Level 1:colcon.colcon_core.package_identification:_identify(src/micro-ROS-Agent/micro_ros_agent) by extension 'ignore'
[0.367s] Level 1:colcon.colcon_core.package_identification:_identify(src/micro-ROS-Agent/micro_ros_agent) by extension 'ignore_ament_install'
[0.367s] Level 1:colcon.colcon_core.package_identification:_identify(src/micro-ROS-Agent/micro_ros_agent) by extensions ['colcon_pkg']
[0.367s] Level 1:colcon.colcon_core.package_identification:_identify(src/micro-ROS-Agent/micro_ros_agent) by extension 'colcon_pkg'
[0.367s] Level 1:colcon.colcon_core.package_identification:_identify(src/micro-ROS-Agent/micro_ros_agent) by extensions ['colcon_meta']
[0.367s] Level 1:colcon.colcon_core.package_identification:_identify(src/micro-ROS-Agent/micro_ros_agent) by extension 'colcon_meta'
[0.367s] Level 1:colcon.colcon_core.package_identification:_identify(src/micro-ROS-Agent/micro_ros_agent) by extensions ['ros']
[0.367s] Level 1:colcon.colcon_core.package_identification:_identify(src/micro-ROS-Agent/micro_ros_agent) by extension 'ros'
[0.368s] DEBUG:colcon.colcon_core.package_identification:Package 'src/micro-ROS-Agent/micro_ros_agent' with type 'ros.ament_cmake' and name 'micro_ros_agent'
[0.368s] Level 1:colcon.colcon_core.package_identification:_identify(src/micro-ROS-Agent/snap) by extensions ['ignore', 'ignore_ament_install']
[0.368s] Level 1:colcon.colcon_core.package_identification:_identify(src/micro-ROS-Agent/snap) by extension 'ignore'
[0.368s] Level 1:colcon.colcon_core.package_identification:_identify(src/micro-ROS-Agent/snap) by extension 'ignore_ament_install'
[0.368s] Level 1:colcon.colcon_core.package_identification:_identify(src/micro-ROS-Agent/snap) by extensions ['colcon_pkg']
[0.368s] Level 1:colcon.colcon_core.package_identification:_identify(src/micro-ROS-Agent/snap) by extension 'colcon_pkg'
[0.368s] Level 1:colcon.colcon_core.package_identification:_identify(src/micro-ROS-Agent/snap) by extensions ['colcon_meta']
[0.368s] Level 1:colcon.colcon_core.package_identification:_identify(src/micro-ROS-Agent/snap) by extension 'colcon_meta'
[0.368s] Level 1:colcon.colcon_core.package_identification:_identify(src/micro-ROS-Agent/snap) by extensions ['ros']
[0.368s] Level 1:colcon.colcon_core.package_identification:_identify(src/micro-ROS-Agent/snap) by extension 'ros'
[0.368s] Level 1:colcon.colcon_core.package_identification:_identify(src/micro-ROS-Agent/snap) by extensions ['cmake', 'python']
[0.368s] Level 1:colcon.colcon_core.package_identification:_identify(src/micro-ROS-Agent/snap) by extension 'cmake'
[0.368s] Level 1:colcon.colcon_core.package_identification:_identify(src/micro-ROS-Agent/snap) by extension 'python'
[0.368s] Level 1:colcon.colcon_core.package_identification:_identify(src/micro-ROS-Agent/snap) by extensions ['python_setup_py']
[0.368s] Level 1:colcon.colcon_core.package_identification:_identify(src/micro-ROS-Agent/snap) by extension 'python_setup_py'
[0.368s] Level 1:colcon.colcon_core.package_identification:_identify(src/micro-ROS-Agent/snap/hooks) by extensions ['ignore', 'ignore_ament_install']
[0.368s] Level 1:colcon.colcon_core.package_identification:_identify(src/micro-ROS-Agent/snap/hooks) by extension 'ignore'
[0.368s] Level 1:colcon.colcon_core.package_identification:_identify(src/micro-ROS-Agent/snap/hooks) by extension 'ignore_ament_install'
[0.368s] Level 1:colcon.colcon_core.package_identification:_identify(src/micro-ROS-Agent/snap/hooks) by extensions ['colcon_pkg']
[0.368s] Level 1:colcon.colcon_core.package_identification:_identify(src/micro-ROS-Agent/snap/hooks) by extension 'colcon_pkg'
[0.368s] Level 1:colcon.colcon_core.package_identification:_identify(src/micro-ROS-Agent/snap/hooks) by extensions ['colcon_meta']
[0.368s] Level 1:colcon.colcon_core.package_identification:_identify(src/micro-ROS-Agent/snap/hooks) by extension 'colcon_meta'
[0.368s] Level 1:colcon.colcon_core.package_identification:_identify(src/micro-ROS-Agent/snap/hooks) by extensions ['ros']
[0.368s] Level 1:colcon.colcon_core.package_identification:_identify(src/micro-ROS-Agent/snap/hooks) by extension 'ros'
[0.368s] Level 1:colcon.colcon_core.package_identification:_identify(src/micro-ROS-Agent/snap/hooks) by extensions ['cmake', 'python']
[0.368s] Level 1:colcon.colcon_core.package_identification:_identify(src/micro-ROS-Agent/snap/hooks) by extension 'cmake'
[0.368s] Level 1:colcon.colcon_core.package_identification:_identify(src/micro-ROS-Agent/snap/hooks) by extension 'python'
[0.368s] Level 1:colcon.colcon_core.package_identification:_identify(src/micro-ROS-Agent/snap/hooks) by extensions ['python_setup_py']
[0.368s] Level 1:colcon.colcon_core.package_identification:_identify(src/micro-ROS-Agent/snap/hooks) by extension 'python_setup_py'
[0.368s] Level 1:colcon.colcon_core.package_identification:_identify(src/micro-ROS-Agent/snap/local) by extensions ['ignore', 'ignore_ament_install']
[0.368s] Level 1:colcon.colcon_core.package_identification:_identify(src/micro-ROS-Agent/snap/local) by extension 'ignore'
[0.368s] Level 1:colcon.colcon_core.package_identification:_identify(src/micro-ROS-Agent/snap/local) by extension 'ignore_ament_install'
[0.368s] Level 1:colcon.colcon_core.package_identification:_identify(src/micro-ROS-Agent/snap/local) by extensions ['colcon_pkg']
[0.368s] Level 1:colcon.colcon_core.package_identification:_identify(src/micro-ROS-Agent/snap/local) by extension 'colcon_pkg'
[0.368s] Level 1:colcon.colcon_core.package_identification:_identify(src/micro-ROS-Agent/snap/local) by extensions ['colcon_meta']
[0.368s] Level 1:colcon.colcon_core.package_identification:_identify(src/micro-ROS-Agent/snap/local) by extension 'colcon_meta'
[0.368s] Level 1:colcon.colcon_core.package_identification:_identify(src/micro-ROS-Agent/snap/local) by extensions ['ros']
[0.368s] Level 1:colcon.colcon_core.package_identification:_identify(src/micro-ROS-Agent/snap/local) by extension 'ros'
[0.368s] Level 1:colcon.colcon_core.package_identification:_identify(src/micro-ROS-Agent/snap/local) by extensions ['cmake', 'python']
[0.368s] Level 1:colcon.colcon_core.package_identification:_identify(src/micro-ROS-Agent/snap/local) by extension 'cmake'
[0.368s] Level 1:colcon.colcon_core.package_identification:_identify(src/micro-ROS-Agent/snap/local) by extension 'python'
[0.368s] Level 1:colcon.colcon_core.package_identification:_identify(src/micro-ROS-Agent/snap/local) by extensions ['python_setup_py']
[0.368s] Level 1:colcon.colcon_core.package_identification:_identify(src/micro-ROS-Agent/snap/local) by extension 'python_setup_py'
[0.368s] Level 1:colcon.colcon_core.package_identification:_identify(src/micro_ros_msgs) by extensions ['ignore', 'ignore_ament_install']
[0.369s] Level 1:colcon.colcon_core.package_identification:_identify(src/micro_ros_msgs) by extension 'ignore'
[0.369s] Level 1:colcon.colcon_core.package_identification:_identify(src/micro_ros_msgs) by extension 'ignore_ament_install'
[0.369s] Level 1:colcon.colcon_core.package_identification:_identify(src/micro_ros_msgs) by extensions ['colcon_pkg']
[0.369s] Level 1:colcon.colcon_core.package_identification:_identify(src/micro_ros_msgs) by extension 'colcon_pkg'
[0.369s] Level 1:colcon.colcon_core.package_identification:_identify(src/micro_ros_msgs) by extensions ['colcon_meta']
[0.369s] Level 1:colcon.colcon_core.package_identification:_identify(src/micro_ros_msgs) by extension 'colcon_meta'
[0.369s] Level 1:colcon.colcon_core.package_identification:_identify(src/micro_ros_msgs) by extensions ['ros']
[0.369s] Level 1:colcon.colcon_core.package_identification:_identify(src/micro_ros_msgs) by extension 'ros'
[0.369s] DEBUG:colcon.colcon_core.package_identification:Package 'src/micro_ros_msgs' with type 'ros.ament_cmake' and name 'micro_ros_msgs'
[0.369s] Level 1:colcon.colcon_core.package_identification:_identify(src/micro_ros_setup) by extensions ['ignore', 'ignore_ament_install']
[0.369s] Level 1:colcon.colcon_core.package_identification:_identify(src/micro_ros_setup) by extension 'ignore'
[0.369s] Level 1:colcon.colcon_core.package_identification:_identify(src/micro_ros_setup) by extension 'ignore_ament_install'
[0.369s] Level 1:colcon.colcon_core.package_identification:_identify(src/micro_ros_setup) by extensions ['colcon_pkg']
[0.369s] Level 1:colcon.colcon_core.package_identification:_identify(src/micro_ros_setup) by extension 'colcon_pkg'
[0.369s] Level 1:colcon.colcon_core.package_identification:_identify(src/micro_ros_setup) by extensions ['colcon_meta']
[0.369s] Level 1:colcon.colcon_core.package_identification:_identify(src/micro_ros_setup) by extension 'colcon_meta'
[0.369s] Level 1:colcon.colcon_core.package_identification:_identify(src/micro_ros_setup) by extensions ['ros']
[0.369s] Level 1:colcon.colcon_core.package_identification:_identify(src/micro_ros_setup) by extension 'ros'
[0.369s] DEBUG:colcon.colcon_core.package_identification:Package 'src/micro_ros_setup' with type 'ros.ament_cmake' and name 'micro_ros_setup'
[0.369s] Level 1:colcon.colcon_core.package_identification:_identify(src/wireless) by extensions ['ignore', 'ignore_ament_install']
[0.369s] Level 1:colcon.colcon_core.package_identification:_identify(src/wireless) by extension 'ignore'
[0.369s] Level 1:colcon.colcon_core.package_identification:_identify(src/wireless) by extension 'ignore_ament_install'
[0.369s] Level 1:colcon.colcon_core.package_identification:_identify(src/wireless) by extensions ['colcon_pkg']
[0.369s] Level 1:colcon.colcon_core.package_identification:_identify(src/wireless) by extension 'colcon_pkg'
[0.369s] Level 1:colcon.colcon_core.package_identification:_identify(src/wireless) by extensions ['colcon_meta']
[0.369s] Level 1:colcon.colcon_core.package_identification:_identify(src/wireless) by extension 'colcon_meta'
[0.369s] Level 1:colcon.colcon_core.package_identification:_identify(src/wireless) by extensions ['ros']
[0.370s] Level 1:colcon.colcon_core.package_identification:_identify(src/wireless) by extension 'ros'
[0.370s] Level 1:colcon.colcon_core.package_identification:_identify(src/wireless) by extensions ['cmake', 'python']
[0.370s] Level 1:colcon.colcon_core.package_identification:_identify(src/wireless) by extension 'cmake'
[0.370s] Level 1:colcon.colcon_core.package_identification:_identify(src/wireless) by extension 'python'
[0.370s] Level 1:colcon.colcon_core.package_identification:_identify(src/wireless) by extensions ['python_setup_py']
[0.370s] Level 1:colcon.colcon_core.package_identification:_identify(src/wireless) by extension 'python_setup_py'
[0.370s] Level 1:colcon.colcon_core.package_identification:_identify(src/wireless/wireless_msgs) by extensions ['ignore', 'ignore_ament_install']
[0.370s] Level 1:colcon.colcon_core.package_identification:_identify(src/wireless/wireless_msgs) by extension 'ignore'
[0.370s] Level 1:colcon.colcon_core.package_identification:_identify(src/wireless/wireless_msgs) by extension 'ignore_ament_install'
[0.370s] Level 1:colcon.colcon_core.package_identification:_identify(src/wireless/wireless_msgs) by extensions ['colcon_pkg']
[0.370s] Level 1:colcon.colcon_core.package_identification:_identify(src/wireless/wireless_msgs) by extension 'colcon_pkg'
[0.370s] Level 1:colcon.colcon_core.package_identification:_identify(src/wireless/wireless_msgs) by extensions ['colcon_meta']
[0.370s] Level 1:colcon.colcon_core.package_identification:_identify(src/wireless/wireless_msgs) by extension 'colcon_meta'
[0.370s] Level 1:colcon.colcon_core.package_identification:_identify(src/wireless/wireless_msgs) by extensions ['ros']
[0.370s] Level 1:colcon.colcon_core.package_identification:_identify(src/wireless/wireless_msgs) by extension 'ros'
[0.370s] DEBUG:colcon.colcon_core.package_identification:Package 'src/wireless/wireless_msgs' with type 'ros.ament_cmake' and name 'wireless_msgs'
[0.370s] Level 1:colcon.colcon_core.package_identification:_identify(src/wireless/wireless_watcher) by extensions ['ignore', 'ignore_ament_install']
[0.370s] Level 1:colcon.colcon_core.package_identification:_identify(src/wireless/wireless_watcher) by extension 'ignore'
[0.370s] Level 1:colcon.colcon_core.package_identification:_identify(src/wireless/wireless_watcher) by extension 'ignore_ament_install'
[0.370s] Level 1:colcon.colcon_core.package_identification:_identify(src/wireless/wireless_watcher) by extensions ['colcon_pkg']
[0.370s] Level 1:colcon.colcon_core.package_identification:_identify(src/wireless/wireless_watcher) by extension 'colcon_pkg'
[0.370s] Level 1:colcon.colcon_core.package_identification:_identify(src/wireless/wireless_watcher) by extensions ['colcon_meta']
[0.370s] Level 1:colcon.colcon_core.package_identification:_identify(src/wireless/wireless_watcher) by extension 'colcon_meta'
[0.370s] Level 1:colcon.colcon_core.package_identification:_identify(src/wireless/wireless_watcher) by extensions ['ros']
[0.370s] Level 1:colcon.colcon_core.package_identification:_identify(src/wireless/wireless_watcher) by extension 'ros'
[0.370s] DEBUG:colcon.colcon_core.package_identification:Package 'src/wireless/wireless_watcher' with type 'ros.ament_python' and name 'wireless_watcher'
[0.370s] Level 1:colcon.colcon_core.package_discovery:discover_packages(recursive) using defaults
[0.370s] Level 1:colcon.colcon_core.package_discovery:discover_packages(ignore) discover
[0.370s] Level 1:colcon.colcon_core.package_discovery:discover_packages(ignore) using defaults
[0.370s] Level 1:colcon.colcon_core.package_discovery:discover_packages(path) discover
[0.370s] Level 1:colcon.colcon_core.package_discovery:discover_packages(path) using defaults
[0.404s] Level 1:colcon.colcon_core.package_discovery:discover_packages(prefix_path) check parameters
[0.404s] Level 1:colcon.colcon_core.package_discovery:discover_packages(prefix_path) discover
[0.414s] DEBUG:colcon.colcon_installed_package_information.package_discovery:Found 397 installed packages in /opt/ros/humble
[0.415s] Level 1:colcon.colcon_core.package_discovery:discover_packages(prefix_path) using defaults
[0.457s] Level 5:colcon.colcon_core.verb:set package 'jackal_description' build argument 'cmake_args' from command line to 'None'
[0.457s] Level 5:colcon.colcon_core.verb:set package 'jackal_description' build argument 'cmake_target' from command line to 'None'
[0.457s] Level 5:colcon.colcon_core.verb:set package 'jackal_description' build argument 'cmake_target_skip_unavailable' from command line to 'False'
[0.457s] Level 5:colcon.colcon_core.verb:set package 'jackal_description' build argument 'cmake_clean_cache' from command line to 'False'
[0.457s] Level 5:colcon.colcon_core.verb:set package 'jackal_description' build argument 'cmake_clean_first' from command line to 'False'
[0.457s] Level 5:colcon.colcon_core.verb:set package 'jackal_description' build argument 'cmake_force_configure' from command line to 'False'
[0.457s] Level 5:colcon.colcon_core.verb:set package 'jackal_description' build argument 'ament_cmake_args' from command line to 'None'
[0.457s] Level 5:colcon.colcon_core.verb:set package 'jackal_description' build argument 'catkin_cmake_args' from command line to 'None'
[0.457s] Level 5:colcon.colcon_core.verb:set package 'jackal_description' build argument 'catkin_skip_building_tests' from command line to 'False'
[0.457s] DEBUG:colcon.colcon_core.verb:Building package 'jackal_description' with the following arguments: {'ament_cmake_args': None, 'build_base': '/home/arpg/jackal_ws/build/jackal_description', 'catkin_cmake_args': None, 'catkin_skip_building_tests': False, 'cmake_args': None, 'cmake_clean_cache': False, 'cmake_clean_first': False, 'cmake_force_configure': False, 'cmake_target': None, 'cmake_target_skip_unavailable': False, 'install_base': '/home/arpg/jackal_ws/install/jackal_description', 'merge_install': False, 'path': '/home/arpg/jackal_ws/src/jackal/jackal_description', 'symlink_install': False, 'test_result_base': None}
[0.462s] Level 5:colcon.colcon_core.verb:set package 'jackal_msgs' build argument 'cmake_args' from command line to 'None'
[0.462s] Level 5:colcon.colcon_core.verb:set package 'jackal_msgs' build argument 'cmake_target' from command line to 'None'
[0.462s] Level 5:colcon.colcon_core.verb:set package 'jackal_msgs' build argument 'cmake_target_skip_unavailable' from command line to 'False'
[0.462s] Level 5:colcon.colcon_core.verb:set package 'jackal_msgs' build argument 'cmake_clean_cache' from command line to 'False'
[0.462s] Level 5:colcon.colcon_core.verb:set package 'jackal_msgs' build argument 'cmake_clean_first' from command line to 'False'
[0.462s] Level 5:colcon.colcon_core.verb:set package 'jackal_msgs' build argument 'cmake_force_configure' from command line to 'False'
[0.462s] Level 5:colcon.colcon_core.verb:set package 'jackal_msgs' build argument 'ament_cmake_args' from command line to 'None'
[0.462s] Level 5:colcon.colcon_core.verb:set package 'jackal_msgs' build argument 'catkin_cmake_args' from command line to 'None'
[0.462s] Level 5:colcon.colcon_core.verb:set package 'jackal_msgs' build argument 'catkin_skip_building_tests' from command line to 'False'
[0.462s] DEBUG:colcon.colcon_core.verb:Building package 'jackal_msgs' with the following arguments: {'ament_cmake_args': None, 'build_base': '/home/arpg/jackal_ws/build/jackal_msgs', 'catkin_cmake_args': None, 'catkin_skip_building_tests': False, 'cmake_args': None, 'cmake_clean_cache': False, 'cmake_clean_first': False, 'cmake_force_configure': False, 'cmake_target': None, 'cmake_target_skip_unavailable': False, 'install_base': '/home/arpg/jackal_ws/install/jackal_msgs', 'merge_install': False, 'path': '/home/arpg/jackal_ws/src/jackal/jackal_msgs', 'symlink_install': False, 'test_result_base': None}
[0.467s] Level 5:colcon.colcon_core.verb:set package 'jackal_navigation' build argument 'cmake_args' from command line to 'None'
[0.467s] Level 5:colcon.colcon_core.verb:set package 'jackal_navigation' build argument 'cmake_target' from command line to 'None'
[0.467s] Level 5:colcon.colcon_core.verb:set package 'jackal_navigation' build argument 'cmake_target_skip_unavailable' from command line to 'False'
[0.467s] Level 5:colcon.colcon_core.verb:set package 'jackal_navigation' build argument 'cmake_clean_cache' from command line to 'False'
[0.467s] Level 5:colcon.colcon_core.verb:set package 'jackal_navigation' build argument 'cmake_clean_first' from command line to 'False'
[0.467s] Level 5:colcon.colcon_core.verb:set package 'jackal_navigation' build argument 'cmake_force_configure' from command line to 'False'
[0.467s] Level 5:colcon.colcon_core.verb:set package 'jackal_navigation' build argument 'ament_cmake_args' from command line to 'None'
[0.467s] Level 5:colcon.colcon_core.verb:set package 'jackal_navigation' build argument 'catkin_cmake_args' from command line to 'None'
[0.467s] Level 5:colcon.colcon_core.verb:set package 'jackal_navigation' build argument 'catkin_skip_building_tests' from command line to 'False'
[0.467s] DEBUG:colcon.colcon_core.verb:Building package 'jackal_navigation' with the following arguments: {'ament_cmake_args': None, 'build_base': '/home/arpg/jackal_ws/build/jackal_navigation', 'catkin_cmake_args': None, 'catkin_skip_building_tests': False, 'cmake_args': None, 'cmake_clean_cache': False, 'cmake_clean_first': False, 'cmake_force_configure': False, 'cmake_target': None, 'cmake_target_skip_unavailable': False, 'install_base': '/home/arpg/jackal_ws/install/jackal_navigation', 'merge_install': False, 'path': '/home/arpg/jackal_ws/src/jackal/jackal_navigation', 'symlink_install': False, 'test_result_base': None}
[0.471s] Level 5:colcon.colcon_core.verb:set package 'micro_ros_msgs' build argument 'cmake_args' from command line to 'None'
[0.471s] Level 5:colcon.colcon_core.verb:set package 'micro_ros_msgs' build argument 'cmake_target' from command line to 'None'
[0.471s] Level 5:colcon.colcon_core.verb:set package 'micro_ros_msgs' build argument 'cmake_target_skip_unavailable' from command line to 'False'
[0.472s] Level 5:colcon.colcon_core.verb:set package 'micro_ros_msgs' build argument 'cmake_clean_cache' from command line to 'False'
[0.472s] Level 5:colcon.colcon_core.verb:set package 'micro_ros_msgs' build argument 'cmake_clean_first' from command line to 'False'
[0.472s] Level 5:colcon.colcon_core.verb:set package 'micro_ros_msgs' build argument 'cmake_force_configure' from command line to 'False'
[0.472s] Level 5:colcon.colcon_core.verb:set package 'micro_ros_msgs' build argument 'ament_cmake_args' from command line to 'None'
[0.472s] Level 5:colcon.colcon_core.verb:set package 'micro_ros_msgs' build argument 'catkin_cmake_args' from command line to 'None'
[0.472s] Level 5:colcon.colcon_core.verb:set package 'micro_ros_msgs' build argument 'catkin_skip_building_tests' from command line to 'False'
[0.472s] DEBUG:colcon.colcon_core.verb:Building package 'micro_ros_msgs' with the following arguments: {'ament_cmake_args': None, 'build_base': '/home/arpg/jackal_ws/build/micro_ros_msgs', 'catkin_cmake_args': None, 'catkin_skip_building_tests': False, 'cmake_args': None, 'cmake_clean_cache': False, 'cmake_clean_first': False, 'cmake_force_configure': False, 'cmake_target': None, 'cmake_target_skip_unavailable': False, 'install_base': '/home/arpg/jackal_ws/install/micro_ros_msgs', 'merge_install': False, 'path': '/home/arpg/jackal_ws/src/micro_ros_msgs', 'symlink_install': False, 'test_result_base': None}
[0.476s] Level 5:colcon.colcon_core.verb:set package 'micro_ros_setup' build argument 'cmake_args' from command line to 'None'
[0.476s] Level 5:colcon.colcon_core.verb:set package 'micro_ros_setup' build argument 'cmake_target' from command line to 'None'
[0.476s] Level 5:colcon.colcon_core.verb:set package 'micro_ros_setup' build argument 'cmake_target_skip_unavailable' from command line to 'False'
[0.476s] Level 5:colcon.colcon_core.verb:set package 'micro_ros_setup' build argument 'cmake_clean_cache' from command line to 'False'
[0.476s] Level 5:colcon.colcon_core.verb:set package 'micro_ros_setup' build argument 'cmake_clean_first' from command line to 'False'
[0.476s] Level 5:colcon.colcon_core.verb:set package 'micro_ros_setup' build argument 'cmake_force_configure' from command line to 'False'
[0.476s] Level 5:colcon.colcon_core.verb:set package 'micro_ros_setup' build argument 'ament_cmake_args' from command line to 'None'
[0.476s] Level 5:colcon.colcon_core.verb:set package 'micro_ros_setup' build argument 'catkin_cmake_args' from command line to 'None'
[0.476s] Level 5:colcon.colcon_core.verb:set package 'micro_ros_setup' build argument 'catkin_skip_building_tests' from command line to 'False'
[0.476s] DEBUG:colcon.colcon_core.verb:Building package 'micro_ros_setup' with the following arguments: {'ament_cmake_args': None, 'build_base': '/home/arpg/jackal_ws/build/micro_ros_setup', 'catkin_cmake_args': None, 'catkin_skip_building_tests': False, 'cmake_args': None, 'cmake_clean_cache': False, 'cmake_clean_first': False, 'cmake_force_configure': False, 'cmake_target': None, 'cmake_target_skip_unavailable': False, 'install_base': '/home/arpg/jackal_ws/install/micro_ros_setup', 'merge_install': False, 'path': '/home/arpg/jackal_ws/src/micro_ros_setup', 'symlink_install': False, 'test_result_base': None}
[0.481s] Level 5:colcon.colcon_core.verb:set package 'wireless_msgs' build argument 'cmake_args' from command line to 'None'
[0.481s] Level 5:colcon.colcon_core.verb:set package 'wireless_msgs' build argument 'cmake_target' from command line to 'None'
[0.481s] Level 5:colcon.colcon_core.verb:set package 'wireless_msgs' build argument 'cmake_target_skip_unavailable' from command line to 'False'
[0.481s] Level 5:colcon.colcon_core.verb:set package 'wireless_msgs' build argument 'cmake_clean_cache' from command line to 'False'
[0.481s] Level 5:colcon.colcon_core.verb:set package 'wireless_msgs' build argument 'cmake_clean_first' from command line to 'False'
[0.481s] Level 5:colcon.colcon_core.verb:set package 'wireless_msgs' build argument 'cmake_force_configure' from command line to 'False'
[0.481s] Level 5:colcon.colcon_core.verb:set package 'wireless_msgs' build argument 'ament_cmake_args' from command line to 'None'
[0.481s] Level 5:colcon.colcon_core.verb:set package 'wireless_msgs' build argument 'catkin_cmake_args' from command line to 'None'
[0.481s] Level 5:colcon.colcon_core.verb:set package 'wireless_msgs' build argument 'catkin_skip_building_tests' from command line to 'False'
[0.481s] DEBUG:colcon.colcon_core.verb:Building package 'wireless_msgs' with the following arguments: {'ament_cmake_args': None, 'build_base': '/home/arpg/jackal_ws/build/wireless_msgs', 'catkin_cmake_args': None, 'catkin_skip_building_tests': False, 'cmake_args': None, 'cmake_clean_cache': False, 'cmake_clean_first': False, 'cmake_force_configure': False, 'cmake_target': None, 'cmake_target_skip_unavailable': False, 'install_base': '/home/arpg/jackal_ws/install/wireless_msgs', 'merge_install': False, 'path': '/home/arpg/jackal_ws/src/wireless/wireless_msgs', 'symlink_install': False, 'test_result_base': None}
[0.486s] Level 5:colcon.colcon_core.verb:set package 'jackal_control' build argument 'cmake_args' from command line to 'None'
[0.486s] Level 5:colcon.colcon_core.verb:set package 'jackal_control' build argument 'cmake_target' from command line to 'None'
[0.486s] Level 5:colcon.colcon_core.verb:set package 'jackal_control' build argument 'cmake_target_skip_unavailable' from command line to 'False'
[0.486s] Level 5:colcon.colcon_core.verb:set package 'jackal_control' build argument 'cmake_clean_cache' from command line to 'False'
[0.486s] Level 5:colcon.colcon_core.verb:set package 'jackal_control' build argument 'cmake_clean_first' from command line to 'False'
[0.486s] Level 5:colcon.colcon_core.verb:set package 'jackal_control' build argument 'cmake_force_configure' from command line to 'False'
[0.486s] Level 5:colcon.colcon_core.verb:set package 'jackal_control' build argument 'ament_cmake_args' from command line to 'None'
[0.486s] Level 5:colcon.colcon_core.verb:set package 'jackal_control' build argument 'catkin_cmake_args' from command line to 'None'
[0.486s] Level 5:colcon.colcon_core.verb:set package 'jackal_control' build argument 'catkin_skip_building_tests' from command line to 'False'
[0.486s] DEBUG:colcon.colcon_core.verb:Building package 'jackal_control' with the following arguments: {'ament_cmake_args': None, 'build_base': '/home/arpg/jackal_ws/build/jackal_control', 'catkin_cmake_args': None, 'catkin_skip_building_tests': False, 'cmake_args': None, 'cmake_clean_cache': False, 'cmake_clean_first': False, 'cmake_force_configure': False, 'cmake_target': None, 'cmake_target_skip_unavailable': False, 'install_base': '/home/arpg/jackal_ws/install/jackal_control', 'merge_install': False, 'path': '/home/arpg/jackal_ws/src/jackal/jackal_control', 'symlink_install': False, 'test_result_base': None}
[0.491s] Level 5:colcon.colcon_core.verb:set package 'micro_ros_agent' build argument 'cmake_args' from command line to 'None'
[0.491s] Level 5:colcon.colcon_core.verb:set package 'micro_ros_agent' build argument 'cmake_target' from command line to 'None'
[0.491s] Level 5:colcon.colcon_core.verb:set package 'micro_ros_agent' build argument 'cmake_target_skip_unavailable' from command line to 'False'
[0.491s] Level 5:colcon.colcon_core.verb:set package 'micro_ros_agent' build argument 'cmake_clean_cache' from command line to 'False'
[0.491s] Level 5:colcon.colcon_core.verb:set package 'micro_ros_agent' build argument 'cmake_clean_first' from command line to 'False'
[0.491s] Level 5:colcon.colcon_core.verb:set package 'micro_ros_agent' build argument 'cmake_force_configure' from command line to 'False'
[0.491s] Level 5:colcon.colcon_core.verb:set package 'micro_ros_agent' build argument 'ament_cmake_args' from command line to 'None'
[0.491s] Level 5:colcon.colcon_core.verb:set package 'micro_ros_agent' build argument 'catkin_cmake_args' from command line to 'None'
[0.491s] Level 5:colcon.colcon_core.verb:set package 'micro_ros_agent' build argument 'catkin_skip_building_tests' from command line to 'False'
[0.491s] DEBUG:colcon.colcon_core.verb:Building package 'micro_ros_agent' with the following arguments: {'ament_cmake_args': None, 'build_base': '/home/arpg/jackal_ws/build/micro_ros_agent', 'catkin_cmake_args': None, 'catkin_skip_building_tests': False, 'cmake_args': None, 'cmake_clean_cache': False, 'cmake_clean_first': False, 'cmake_force_configure': False, 'cmake_target': None, 'cmake_target_skip_unavailable': False, 'install_base': '/home/arpg/jackal_ws/install/micro_ros_agent', 'merge_install': False, 'path': '/home/arpg/jackal_ws/src/micro-ROS-Agent/micro_ros_agent', 'symlink_install': False, 'test_result_base': None}
[0.496s] Level 5:colcon.colcon_core.verb:set package 'wireless_watcher' build argument 'cmake_args' from command line to 'None'
[0.496s] Level 5:colcon.colcon_core.verb:set package 'wireless_watcher' build argument 'cmake_target' from command line to 'None'
[0.496s] Level 5:colcon.colcon_core.verb:set package 'wireless_watcher' build argument 'cmake_target_skip_unavailable' from command line to 'False'
[0.496s] Level 5:colcon.colcon_core.verb:set package 'wireless_watcher' build argument 'cmake_clean_cache' from command line to 'False'
[0.496s] Level 5:colcon.colcon_core.verb:set package 'wireless_watcher' build argument 'cmake_clean_first' from command line to 'False'
[0.496s] Level 5:colcon.colcon_core.verb:set package 'wireless_watcher' build argument 'cmake_force_configure' from command line to 'False'
[0.496s] Level 5:colcon.colcon_core.verb:set package 'wireless_watcher' build argument 'ament_cmake_args' from command line to 'None'
[0.496s] Level 5:colcon.colcon_core.verb:set package 'wireless_watcher' build argument 'catkin_cmake_args' from command line to 'None'
[0.496s] Level 5:colcon.colcon_core.verb:set package 'wireless_watcher' build argument 'catkin_skip_building_tests' from command line to 'False'
[0.496s] DEBUG:colcon.colcon_core.verb:Building package 'wireless_watcher' with the following arguments: {'ament_cmake_args': None, 'build_base': '/home/arpg/jackal_ws/build/wireless_watcher', 'catkin_cmake_args': None, 'catkin_skip_building_tests': False, 'cmake_args': None, 'cmake_clean_cache': False, 'cmake_clean_first': False, 'cmake_force_configure': False, 'cmake_target': None, 'cmake_target_skip_unavailable': False, 'install_base': '/home/arpg/jackal_ws/install/wireless_watcher', 'merge_install': False, 'path': '/home/arpg/jackal_ws/src/wireless/wireless_watcher', 'symlink_install': False, 'test_result_base': None}
[0.501s] Level 5:colcon.colcon_core.verb:set package 'jackal_robot' build argument 'cmake_args' from command line to 'None'
[0.501s] Level 5:colcon.colcon_core.verb:set package 'jackal_robot' build argument 'cmake_target' from command line to 'None'
[0.501s] Level 5:colcon.colcon_core.verb:set package 'jackal_robot' build argument 'cmake_target_skip_unavailable' from command line to 'False'
[0.501s] Level 5:colcon.colcon_core.verb:set package 'jackal_robot' build argument 'cmake_clean_cache' from command line to 'False'
[0.501s] Level 5:colcon.colcon_core.verb:set package 'jackal_robot' build argument 'cmake_clean_first' from command line to 'False'
[0.501s] Level 5:colcon.colcon_core.verb:set package 'jackal_robot' build argument 'cmake_force_configure' from command line to 'False'
[0.501s] Level 5:colcon.colcon_core.verb:set package 'jackal_robot' build argument 'ament_cmake_args' from command line to 'None'
[0.501s] Level 5:colcon.colcon_core.verb:set package 'jackal_robot' build argument 'catkin_cmake_args' from command line to 'None'
[0.501s] Level 5:colcon.colcon_core.verb:set package 'jackal_robot' build argument 'catkin_skip_building_tests' from command line to 'False'
[0.501s] DEBUG:colcon.colcon_core.verb:Building package 'jackal_robot' with the following arguments: {'ament_cmake_args': None, 'build_base': '/home/arpg/jackal_ws/build/jackal_robot', 'catkin_cmake_args': None, 'catkin_skip_building_tests': False, 'cmake_args': None, 'cmake_clean_cache': False, 'cmake_clean_first': False, 'cmake_force_configure': False, 'cmake_target': None, 'cmake_target_skip_unavailable': False, 'install_base': '/home/arpg/jackal_ws/install/jackal_robot', 'merge_install': False, 'path': '/home/arpg/jackal_ws/src/jackal_robot', 'symlink_install': False, 'test_result_base': None}
[0.506s] INFO:colcon.colcon_core.executor:Executing jobs using 'parallel' executor
[0.511s] DEBUG:colcon.colcon_parallel_executor.executor.parallel:run_until_complete
[0.511s] INFO:colcon.colcon_ros.task.ament_cmake.build:Building ROS package in '/home/arpg/jackal_ws/src/jackal/jackal_description' with build type 'ament_cmake'
[0.511s] INFO:colcon.colcon_cmake.task.cmake.build:Building CMake package in '/home/arpg/jackal_ws/src/jackal/jackal_description'
[0.517s] INFO:colcon.colcon_core.plugin_system:Skipping extension 'colcon_core.shell.bat': Not used on non-Windows systems
[0.517s] INFO:colcon.colcon_core.shell:Skip shell extension 'powershell' for command environment: Not usable outside of PowerShell
[0.517s] DEBUG:colcon.colcon_core.shell:Skip shell extension 'dsv' for command environment
[0.528s] INFO:colcon.colcon_ros.task.ament_cmake.build:Building ROS package in '/home/arpg/jackal_ws/src/micro_ros_msgs' with build type 'ament_cmake'
[0.528s] INFO:colcon.colcon_cmake.task.cmake.build:Building CMake package in '/home/arpg/jackal_ws/src/micro_ros_msgs'
[0.533s] INFO:colcon.colcon_core.shell:Skip shell extension 'powershell' for command environment: Not usable outside of PowerShell
[0.533s] DEBUG:colcon.colcon_core.shell:Skip shell extension 'dsv' for command environment
[0.544s] INFO:colcon.colcon_ros.task.ament_cmake.build:Building ROS package in '/home/arpg/jackal_ws/src/wireless/wireless_msgs' with build type 'ament_cmake'
[0.544s] INFO:colcon.colcon_cmake.task.cmake.build:Building CMake package in '/home/arpg/jackal_ws/src/wireless/wireless_msgs'
[0.549s] INFO:colcon.colcon_core.shell:Skip shell extension 'powershell' for command environment: Not usable outside of PowerShell
[0.549s] DEBUG:colcon.colcon_core.shell:Skip shell extension 'dsv' for command environment
[0.560s] INFO:colcon.colcon_ros.task.ament_cmake.build:Building ROS package in '/home/arpg/jackal_ws/src/jackal/jackal_msgs' with build type 'ament_cmake'
[0.560s] INFO:colcon.colcon_cmake.task.cmake.build:Building CMake package in '/home/arpg/jackal_ws/src/jackal/jackal_msgs'
[0.566s] INFO:colcon.colcon_core.shell:Skip shell extension 'powershell' for command environment: Not usable outside of PowerShell
[0.566s] DEBUG:colcon.colcon_core.shell:Skip shell extension 'dsv' for command environment
[0.576s] INFO:colcon.colcon_ros.task.ament_cmake.build:Building ROS package in '/home/arpg/jackal_ws/src/jackal/jackal_navigation' with build type 'ament_cmake'
[0.577s] INFO:colcon.colcon_cmake.task.cmake.build:Building CMake package in '/home/arpg/jackal_ws/src/jackal/jackal_navigation'
[0.582s] INFO:colcon.colcon_core.shell:Skip shell extension 'powershell' for command environment: Not usable outside of PowerShell
[0.582s] DEBUG:colcon.colcon_core.shell:Skip shell extension 'dsv' for command environment
[0.593s] INFO:colcon.colcon_ros.task.ament_cmake.build:Building ROS package in '/home/arpg/jackal_ws/src/micro_ros_setup' with build type 'ament_cmake'
[0.593s] INFO:colcon.colcon_cmake.task.cmake.build:Building CMake package in '/home/arpg/jackal_ws/src/micro_ros_setup'
[0.598s] INFO:colcon.colcon_core.shell:Skip shell extension 'powershell' for command environment: Not usable outside of PowerShell
[0.598s] DEBUG:colcon.colcon_core.shell:Skip shell extension 'dsv' for command environment
[0.611s] DEBUG:colcon.colcon_core.event_handler.log_command:Invoking command in '/home/arpg/jackal_ws/build/jackal_description': CMAKE_PREFIX_PATH=/opt/ros/humble /usr/bin/cmake /home/arpg/jackal_ws/src/jackal/jackal_description -DCMAKE_INSTALL_PREFIX=/home/arpg/jackal_ws/install/jackal_description
[0.612s] DEBUG:colcon.colcon_core.event_handler.log_command:Invoking command in '/home/arpg/jackal_ws/build/micro_ros_msgs': CMAKE_PREFIX_PATH=/opt/ros/humble /usr/bin/cmake /home/arpg/jackal_ws/src/micro_ros_msgs -DCMAKE_INSTALL_PREFIX=/home/arpg/jackal_ws/install/micro_ros_msgs
[0.612s] DEBUG:colcon.colcon_core.event_handler.log_command:Invoking command in '/home/arpg/jackal_ws/build/wireless_msgs': CMAKE_PREFIX_PATH=/opt/ros/humble /usr/bin/cmake /home/arpg/jackal_ws/src/wireless/wireless_msgs -DCMAKE_INSTALL_PREFIX=/home/arpg/jackal_ws/install/wireless_msgs
[0.613s] DEBUG:colcon.colcon_core.event_handler.log_command:Invoking command in '/home/arpg/jackal_ws/build/jackal_msgs': CMAKE_PREFIX_PATH=/opt/ros/humble /usr/bin/cmake /home/arpg/jackal_ws/src/jackal/jackal_msgs -DCMAKE_INSTALL_PREFIX=/home/arpg/jackal_ws/install/jackal_msgs
[0.615s] DEBUG:colcon.colcon_core.event_handler.log_command:Invoking command in '/home/arpg/jackal_ws/build/jackal_navigation': CMAKE_PREFIX_PATH=/opt/ros/humble /usr/bin/cmake /home/arpg/jackal_ws/src/jackal/jackal_navigation -DCMAKE_INSTALL_PREFIX=/home/arpg/jackal_ws/install/jackal_navigation
[0.616s] DEBUG:colcon.colcon_core.event_handler.log_command:Invoking command in '/home/arpg/jackal_ws/build/micro_ros_setup': CMAKE_PREFIX_PATH=/opt/ros/humble /usr/bin/cmake /home/arpg/jackal_ws/src/micro_ros_setup -DCMAKE_INSTALL_PREFIX=/home/arpg/jackal_ws/install/micro_ros_setup
[0.726s] DEBUG:colcon.colcon_core.event_handler.log_command:Invoked command in '/home/arpg/jackal_ws/build/jackal_description' returned '0': CMAKE_PREFIX_PATH=/opt/ros/humble /usr/bin/cmake /home/arpg/jackal_ws/src/jackal/jackal_description -DCMAKE_INSTALL_PREFIX=/home/arpg/jackal_ws/install/jackal_description
[0.727s] DEBUG:colcon.colcon_core.event_handler.log_command:Invoking command in '/home/arpg/jackal_ws/build/jackal_description': CMAKE_PREFIX_PATH=/opt/ros/humble /usr/bin/cmake --build /home/arpg/jackal_ws/build/jackal_description -- -j32 -l32
[0.728s] DEBUG:colcon.colcon_core.event_handler.log_command:Invoked command in '/home/arpg/jackal_ws/build/micro_ros_setup' returned '0': CMAKE_PREFIX_PATH=/opt/ros/humble /usr/bin/cmake /home/arpg/jackal_ws/src/micro_ros_setup -DCMAKE_INSTALL_PREFIX=/home/arpg/jackal_ws/install/micro_ros_setup
[0.729s] DEBUG:colcon.colcon_core.event_handler.log_command:Invoking command in '/home/arpg/jackal_ws/build/micro_ros_setup': CMAKE_PREFIX_PATH=/opt/ros/humble /usr/bin/cmake --build /home/arpg/jackal_ws/build/micro_ros_setup -- -j32 -l32
[0.742s] DEBUG:colcon.colcon_core.event_handler.log_command:Invoked command in '/home/arpg/jackal_ws/build/jackal_description' returned '0': CMAKE_PREFIX_PATH=/opt/ros/humble /usr/bin/cmake --build /home/arpg/jackal_ws/build/jackal_description -- -j32 -l32
[0.743s] DEBUG:colcon.colcon_core.event_handler.log_command:Invoked command in '/home/arpg/jackal_ws/build/micro_ros_setup' returned '0': CMAKE_PREFIX_PATH=/opt/ros/humble /usr/bin/cmake --build /home/arpg/jackal_ws/build/micro_ros_setup -- -j32 -l32
[0.754s] DEBUG:colcon.colcon_core.event_handler.log_command:Invoking command in '/home/arpg/jackal_ws/build/jackal_description': CMAKE_PREFIX_PATH=/opt/ros/humble /usr/bin/cmake --install /home/arpg/jackal_ws/build/jackal_description
[0.755s] DEBUG:colcon.colcon_core.event_handler.log_command:Invoking command in '/home/arpg/jackal_ws/build/micro_ros_setup': CMAKE_PREFIX_PATH=/opt/ros/humble /usr/bin/cmake --install /home/arpg/jackal_ws/build/micro_ros_setup
[0.760s] Level 1:colcon.colcon_core.environment:create_environment_scripts_only(jackal_description)
[0.764s] DEBUG:colcon.colcon_core.event_handler.log_command:Invoked command in '/home/arpg/jackal_ws/build/jackal_description' returned '0': CMAKE_PREFIX_PATH=/opt/ros/humble /usr/bin/cmake --install /home/arpg/jackal_ws/build/jackal_description
[0.774s] Level 1:colcon.colcon_core.environment:checking '/home/arpg/jackal_ws/install/jackal_description' for CMake module files
[0.774s] Level 1:colcon.colcon_core.environment:checking '/home/arpg/jackal_ws/install/jackal_description' for CMake config files
[0.774s] Level 1:colcon.colcon_core.shell:create_environment_hook('jackal_description', 'cmake_prefix_path')
[0.780s] INFO:colcon.colcon_core.shell:Creating environment hook '/home/arpg/jackal_ws/install/jackal_description/share/jackal_description/hook/cmake_prefix_path.ps1'
[0.780s] INFO:colcon.colcon_core.shell:Creating environment descriptor '/home/arpg/jackal_ws/install/jackal_description/share/jackal_description/hook/cmake_prefix_path.dsv'
[0.780s] INFO:colcon.colcon_core.shell:Creating environment hook '/home/arpg/jackal_ws/install/jackal_description/share/jackal_description/hook/cmake_prefix_path.sh'
[0.780s] Level 1:colcon.colcon_core.environment:checking '/home/arpg/jackal_ws/install/jackal_description/bin'
[0.780s] Level 1:colcon.colcon_core.environment:checking '/home/arpg/jackal_ws/install/jackal_description/lib/pkgconfig/jackal_description.pc'
[0.780s] Level 1:colcon.colcon_core.environment:checking '/home/arpg/jackal_ws/install/jackal_description/lib/python3.10/site-packages'
[0.781s] Level 1:colcon.colcon_core.environment:checking '/home/arpg/jackal_ws/install/jackal_description/bin'
[0.786s] INFO:colcon.colcon_core.shell:Creating package script '/home/arpg/jackal_ws/install/jackal_description/share/jackal_description/package.ps1'
[0.786s] INFO:colcon.colcon_core.shell:Creating package descriptor '/home/arpg/jackal_ws/install/jackal_description/share/jackal_description/package.dsv'
[0.786s] INFO:colcon.colcon_core.shell:Creating package script '/home/arpg/jackal_ws/install/jackal_description/share/jackal_description/package.sh'
[0.786s] INFO:colcon.colcon_core.shell:Creating package script '/home/arpg/jackal_ws/install/jackal_description/share/jackal_description/package.bash'
[0.787s] INFO:colcon.colcon_core.shell:Creating package script '/home/arpg/jackal_ws/install/jackal_description/share/jackal_description/package.zsh'
[0.787s] Level 1:colcon.colcon_core.environment:create_file_with_runtime_dependencies(/home/arpg/jackal_ws/install/jackal_description/share/colcon-core/packages/jackal_description)
[0.788s] Level 1:colcon.colcon_core.environment:create_environment_scripts_only(micro_ros_setup)
[0.788s] DEBUG:colcon.colcon_core.event_handler.log_command:Invoked command in '/home/arpg/jackal_ws/build/micro_ros_setup' returned '0': CMAKE_PREFIX_PATH=/opt/ros/humble /usr/bin/cmake --install /home/arpg/jackal_ws/build/micro_ros_setup
[0.793s] Level 1:colcon.colcon_core.environment:checking '/home/arpg/jackal_ws/install/micro_ros_setup' for CMake module files
[0.793s] Level 1:colcon.colcon_core.environment:checking '/home/arpg/jackal_ws/install/micro_ros_setup' for CMake config files
[0.793s] Level 1:colcon.colcon_core.shell:create_environment_hook('micro_ros_setup', 'cmake_prefix_path')
[0.799s] INFO:colcon.colcon_core.shell:Creating environment hook '/home/arpg/jackal_ws/install/micro_ros_setup/share/micro_ros_setup/hook/cmake_prefix_path.ps1'
[0.799s] INFO:colcon.colcon_core.shell:Creating environment descriptor '/home/arpg/jackal_ws/install/micro_ros_setup/share/micro_ros_setup/hook/cmake_prefix_path.dsv'
[0.799s] INFO:colcon.colcon_core.shell:Creating environment hook '/home/arpg/jackal_ws/install/micro_ros_setup/share/micro_ros_setup/hook/cmake_prefix_path.sh'
[0.799s] Level 1:colcon.colcon_core.environment:checking '/home/arpg/jackal_ws/install/micro_ros_setup/lib'
[0.799s] Level 1:colcon.colcon_core.environment:checking '/home/arpg/jackal_ws/install/micro_ros_setup/bin'
[0.799s] Level 1:colcon.colcon_core.environment:checking '/home/arpg/jackal_ws/install/micro_ros_setup/lib/pkgconfig/micro_ros_setup.pc'
[0.799s] Level 1:colcon.colcon_core.environment:checking '/home/arpg/jackal_ws/install/micro_ros_setup/lib/python3.10/site-packages'
[0.799s] Level 1:colcon.colcon_core.environment:checking '/home/arpg/jackal_ws/install/micro_ros_setup/bin'
[0.804s] INFO:colcon.colcon_core.shell:Creating package script '/home/arpg/jackal_ws/install/micro_ros_setup/share/micro_ros_setup/package.ps1'
[0.805s] INFO:colcon.colcon_core.shell:Creating package descriptor '/home/arpg/jackal_ws/install/micro_ros_setup/share/micro_ros_setup/package.dsv'
[0.805s] INFO:colcon.colcon_core.shell:Creating package script '/home/arpg/jackal_ws/install/micro_ros_setup/share/micro_ros_setup/package.sh'
[0.805s] INFO:colcon.colcon_core.shell:Creating package script '/home/arpg/jackal_ws/install/micro_ros_setup/share/micro_ros_setup/package.bash'
[0.805s] INFO:colcon.colcon_core.shell:Creating package script '/home/arpg/jackal_ws/install/micro_ros_setup/share/micro_ros_setup/package.zsh'
[0.805s] Level 1:colcon.colcon_core.environment:create_file_with_runtime_dependencies(/home/arpg/jackal_ws/install/micro_ros_setup/share/colcon-core/packages/micro_ros_setup)
[0.811s] Level 1:colcon.colcon_core.environment:create_environment_scripts_only(jackal_description)
[0.817s] Level 1:colcon.colcon_core.environment:checking '/home/arpg/jackal_ws/install/jackal_description' for CMake module files
[0.817s] Level 1:colcon.colcon_core.environment:checking '/home/arpg/jackal_ws/install/jackal_description' for CMake config files
[0.818s] Level 1:colcon.colcon_core.shell:create_environment_hook('jackal_description', 'cmake_prefix_path')
[0.823s] INFO:colcon.colcon_core.shell:Creating environment hook '/home/arpg/jackal_ws/install/jackal_description/share/jackal_description/hook/cmake_prefix_path.ps1'
[0.823s] INFO:colcon.colcon_core.shell:Creating environment descriptor '/home/arpg/jackal_ws/install/jackal_description/share/jackal_description/hook/cmake_prefix_path.dsv'
[0.823s] INFO:colcon.colcon_core.shell:Creating environment hook '/home/arpg/jackal_ws/install/jackal_description/share/jackal_description/hook/cmake_prefix_path.sh'
[0.823s] Level 1:colcon.colcon_core.environment:checking '/home/arpg/jackal_ws/install/jackal_description/bin'
[0.823s] Level 1:colcon.colcon_core.environment:checking '/home/arpg/jackal_ws/install/jackal_description/lib/pkgconfig/jackal_description.pc'
[0.823s] Level 1:colcon.colcon_core.environment:checking '/home/arpg/jackal_ws/install/jackal_description/lib/python3.10/site-packages'
[0.823s] Level 1:colcon.colcon_core.environment:checking '/home/arpg/jackal_ws/install/jackal_description/bin'
[0.829s] INFO:colcon.colcon_core.shell:Creating package script '/home/arpg/jackal_ws/install/jackal_description/share/jackal_description/package.ps1'
[0.829s] INFO:colcon.colcon_core.shell:Creating package descriptor '/home/arpg/jackal_ws/install/jackal_description/share/jackal_description/package.dsv'
[0.829s] INFO:colcon.colcon_core.shell:Creating package script '/home/arpg/jackal_ws/install/jackal_description/share/jackal_description/package.sh'
[0.829s] INFO:colcon.colcon_core.shell:Creating package script '/home/arpg/jackal_ws/install/jackal_description/share/jackal_description/package.bash'
[0.829s] INFO:colcon.colcon_core.shell:Creating package script '/home/arpg/jackal_ws/install/jackal_description/share/jackal_description/package.zsh'
[0.829s] Level 1:colcon.colcon_core.environment:create_file_with_runtime_dependencies(/home/arpg/jackal_ws/install/jackal_description/share/colcon-core/packages/jackal_description)
[0.830s] INFO:colcon.colcon_ros.task.ament_cmake.build:Building ROS package in '/home/arpg/jackal_ws/src/jackal/jackal_control' with build type 'ament_cmake'
[0.830s] INFO:colcon.colcon_cmake.task.cmake.build:Building CMake package in '/home/arpg/jackal_ws/src/jackal/jackal_control'
[0.835s] INFO:colcon.colcon_core.shell:Skip shell extension 'powershell' for command environment: Not usable outside of PowerShell
[0.835s] DEBUG:colcon.colcon_core.shell:Skip shell extension 'dsv' for command environment
[0.851s] Level 1:colcon.colcon_core.environment:create_environment_scripts_only(micro_ros_setup)
[0.857s] Level 1:colcon.colcon_core.environment:checking '/home/arpg/jackal_ws/install/micro_ros_setup' for CMake module files
[0.857s] Level 1:colcon.colcon_core.environment:checking '/home/arpg/jackal_ws/install/micro_ros_setup' for CMake config files
[0.857s] Level 1:colcon.colcon_core.shell:create_environment_hook('micro_ros_setup', 'cmake_prefix_path')
[0.862s] INFO:colcon.colcon_core.shell:Creating environment hook '/home/arpg/jackal_ws/install/micro_ros_setup/share/micro_ros_setup/hook/cmake_prefix_path.ps1'
[0.862s] INFO:colcon.colcon_core.shell:Creating environment descriptor '/home/arpg/jackal_ws/install/micro_ros_setup/share/micro_ros_setup/hook/cmake_prefix_path.dsv'
[0.862s] INFO:colcon.colcon_core.shell:Creating environment hook '/home/arpg/jackal_ws/install/micro_ros_setup/share/micro_ros_setup/hook/cmake_prefix_path.sh'
[0.863s] Level 1:colcon.colcon_core.environment:checking '/home/arpg/jackal_ws/install/micro_ros_setup/lib'
[0.863s] Level 1:colcon.colcon_core.environment:checking '/home/arpg/jackal_ws/install/micro_ros_setup/bin'
[0.863s] Level 1:colcon.colcon_core.environment:checking '/home/arpg/jackal_ws/install/micro_ros_setup/lib/pkgconfig/micro_ros_setup.pc'
[0.863s] Level 1:colcon.colcon_core.environment:checking '/home/arpg/jackal_ws/install/micro_ros_setup/lib/python3.10/site-packages'
[0.863s] Level 1:colcon.colcon_core.environment:checking '/home/arpg/jackal_ws/install/micro_ros_setup/bin'
[0.868s] INFO:colcon.colcon_core.shell:Creating package script '/home/arpg/jackal_ws/install/micro_ros_setup/share/micro_ros_setup/package.ps1'
[0.868s] INFO:colcon.colcon_core.shell:Creating package descriptor '/home/arpg/jackal_ws/install/micro_ros_setup/share/micro_ros_setup/package.dsv'
[0.869s] INFO:colcon.colcon_core.shell:Creating package script '/home/arpg/jackal_ws/install/micro_ros_setup/share/micro_ros_setup/package.sh'
[0.869s] INFO:colcon.colcon_core.shell:Creating package script '/home/arpg/jackal_ws/install/micro_ros_setup/share/micro_ros_setup/package.bash'
[0.869s] INFO:colcon.colcon_core.shell:Creating package script '/home/arpg/jackal_ws/install/micro_ros_setup/share/micro_ros_setup/package.zsh'
[0.869s] Level 1:colcon.colcon_core.environment:create_file_with_runtime_dependencies(/home/arpg/jackal_ws/install/micro_ros_setup/share/colcon-core/packages/micro_ros_setup)
[0.870s] DEBUG:colcon.colcon_core.event_handler.log_command:Invoking command in '/home/arpg/jackal_ws/build/jackal_control': AMENT_PREFIX_PATH=/home/arpg/jackal_ws/install/jackal_description:${AMENT_PREFIX_PATH} CMAKE_PREFIX_PATH=/home/arpg/jackal_ws/install/jackal_description:/opt/ros/humble /usr/bin/cmake /home/arpg/jackal_ws/src/jackal/jackal_control -DCMAKE_INSTALL_PREFIX=/home/arpg/jackal_ws/install/jackal_control
[0.968s] DEBUG:colcon.colcon_core.event_handler.log_command:Invoked command in '/home/arpg/jackal_ws/build/jackal_control' returned '0': AMENT_PREFIX_PATH=/home/arpg/jackal_ws/install/jackal_description:${AMENT_PREFIX_PATH} CMAKE_PREFIX_PATH=/home/arpg/jackal_ws/install/jackal_description:/opt/ros/humble /usr/bin/cmake /home/arpg/jackal_ws/src/jackal/jackal_control -DCMAKE_INSTALL_PREFIX=/home/arpg/jackal_ws/install/jackal_control
[0.969s] DEBUG:colcon.colcon_core.event_handler.log_command:Invoking command in '/home/arpg/jackal_ws/build/jackal_control': AMENT_PREFIX_PATH=/home/arpg/jackal_ws/install/jackal_description:${AMENT_PREFIX_PATH} CMAKE_PREFIX_PATH=/home/arpg/jackal_ws/install/jackal_description:/opt/ros/humble /usr/bin/cmake --build /home/arpg/jackal_ws/build/jackal_control -- -j32 -l32
[0.985s] DEBUG:colcon.colcon_core.event_handler.log_command:Invoked command in '/home/arpg/jackal_ws/build/jackal_control' returned '0': AMENT_PREFIX_PATH=/home/arpg/jackal_ws/install/jackal_description:${AMENT_PREFIX_PATH} CMAKE_PREFIX_PATH=/home/arpg/jackal_ws/install/jackal_description:/opt/ros/humble /usr/bin/cmake --build /home/arpg/jackal_ws/build/jackal_control -- -j32 -l32
[0.992s] DEBUG:colcon.colcon_core.event_handler.log_command:Invoking command in '/home/arpg/jackal_ws/build/jackal_control': AMENT_PREFIX_PATH=/home/arpg/jackal_ws/install/jackal_description:${AMENT_PREFIX_PATH} CMAKE_PREFIX_PATH=/home/arpg/jackal_ws/install/jackal_description:/opt/ros/humble /usr/bin/cmake --install /home/arpg/jackal_ws/build/jackal_control
[0.997s] Level 1:colcon.colcon_core.environment:create_environment_scripts_only(jackal_control)
[0.997s] DEBUG:colcon.colcon_core.event_handler.log_command:Invoked command in '/home/arpg/jackal_ws/build/jackal_control' returned '0': AMENT_PREFIX_PATH=/home/arpg/jackal_ws/install/jackal_description:${AMENT_PREFIX_PATH} CMAKE_PREFIX_PATH=/home/arpg/jackal_ws/install/jackal_description:/opt/ros/humble /usr/bin/cmake --install /home/arpg/jackal_ws/build/jackal_control
[1.003s] Level 1:colcon.colcon_core.environment:checking '/home/arpg/jackal_ws/install/jackal_control' for CMake module files
[1.003s] Level 1:colcon.colcon_core.environment:checking '/home/arpg/jackal_ws/install/jackal_control' for CMake config files
[1.003s] Level 1:colcon.colcon_core.shell:create_environment_hook('jackal_control', 'cmake_prefix_path')
[1.013s] INFO:colcon.colcon_core.shell:Creating environment hook '/home/arpg/jackal_ws/install/jackal_control/share/jackal_control/hook/cmake_prefix_path.ps1'
[1.014s] INFO:colcon.colcon_core.shell:Creating environment descriptor '/home/arpg/jackal_ws/install/jackal_control/share/jackal_control/hook/cmake_prefix_path.dsv'
[1.014s] INFO:colcon.colcon_core.shell:Creating environment hook '/home/arpg/jackal_ws/install/jackal_control/share/jackal_control/hook/cmake_prefix_path.sh'
[1.014s] Level 1:colcon.colcon_core.environment:checking '/home/arpg/jackal_ws/install/jackal_control/bin'
[1.014s] Level 1:colcon.colcon_core.environment:checking '/home/arpg/jackal_ws/install/jackal_control/lib/pkgconfig/jackal_control.pc'
[1.014s] Level 1:colcon.colcon_core.environment:checking '/home/arpg/jackal_ws/install/jackal_control/lib/python3.10/site-packages'
[1.014s] Level 1:colcon.colcon_core.environment:checking '/home/arpg/jackal_ws/install/jackal_control/bin'
[1.020s] INFO:colcon.colcon_core.shell:Creating package script '/home/arpg/jackal_ws/install/jackal_control/share/jackal_control/package.ps1'
[1.020s] INFO:colcon.colcon_core.shell:Creating package descriptor '/home/arpg/jackal_ws/install/jackal_control/share/jackal_control/package.dsv'
[1.021s] INFO:colcon.colcon_core.shell:Creating package script '/home/arpg/jackal_ws/install/jackal_control/share/jackal_control/package.sh'
[1.021s] INFO:colcon.colcon_core.shell:Creating package script '/home/arpg/jackal_ws/install/jackal_control/share/jackal_control/package.bash'
[1.021s] INFO:colcon.colcon_core.shell:Creating package script '/home/arpg/jackal_ws/install/jackal_control/share/jackal_control/package.zsh'
[1.021s] Level 1:colcon.colcon_core.environment:create_file_with_runtime_dependencies(/home/arpg/jackal_ws/install/jackal_control/share/colcon-core/packages/jackal_control)
[1.035s] Level 1:colcon.colcon_core.environment:create_environment_scripts_only(jackal_control)
[1.040s] Level 1:colcon.colcon_core.environment:checking '/home/arpg/jackal_ws/install/jackal_control' for CMake module files
[1.040s] Level 1:colcon.colcon_core.environment:checking '/home/arpg/jackal_ws/install/jackal_control' for CMake config files
[1.040s] Level 1:colcon.colcon_core.shell:create_environment_hook('jackal_control', 'cmake_prefix_path')
[1.046s] INFO:colcon.colcon_core.shell:Creating environment hook '/home/arpg/jackal_ws/install/jackal_control/share/jackal_control/hook/cmake_prefix_path.ps1'
[1.046s] INFO:colcon.colcon_core.shell:Creating environment descriptor '/home/arpg/jackal_ws/install/jackal_control/share/jackal_control/hook/cmake_prefix_path.dsv'
[1.046s] INFO:colcon.colcon_core.shell:Creating environment hook '/home/arpg/jackal_ws/install/jackal_control/share/jackal_control/hook/cmake_prefix_path.sh'
[1.046s] Level 1:colcon.colcon_core.environment:checking '/home/arpg/jackal_ws/install/jackal_control/bin'
[1.046s] Level 1:colcon.colcon_core.environment:checking '/home/arpg/jackal_ws/install/jackal_control/lib/pkgconfig/jackal_control.pc'
[1.046s] Level 1:colcon.colcon_core.environment:checking '/home/arpg/jackal_ws/install/jackal_control/lib/python3.10/site-packages'
[1.046s] Level 1:colcon.colcon_core.environment:checking '/home/arpg/jackal_ws/install/jackal_control/bin'
[1.051s] INFO:colcon.colcon_core.shell:Creating package script '/home/arpg/jackal_ws/install/jackal_control/share/jackal_control/package.ps1'
[1.052s] INFO:colcon.colcon_core.shell:Creating package descriptor '/home/arpg/jackal_ws/install/jackal_control/share/jackal_control/package.dsv'
[1.052s] INFO:colcon.colcon_core.shell:Creating package script '/home/arpg/jackal_ws/install/jackal_control/share/jackal_control/package.sh'
[1.052s] INFO:colcon.colcon_core.shell:Creating package script '/home/arpg/jackal_ws/install/jackal_control/share/jackal_control/package.bash'
[1.052s] INFO:colcon.colcon_core.shell:Creating package script '/home/arpg/jackal_ws/install/jackal_control/share/jackal_control/package.zsh'
[1.052s] Level 1:colcon.colcon_core.environment:create_file_with_runtime_dependencies(/home/arpg/jackal_ws/install/jackal_control/share/colcon-core/packages/jackal_control)
[1.054s] DEBUG:colcon.colcon_core.event_handler.log_command:Invoked command in '/home/arpg/jackal_ws/build/micro_ros_msgs' returned '0': CMAKE_PREFIX_PATH=/opt/ros/humble /usr/bin/cmake /home/arpg/jackal_ws/src/micro_ros_msgs -DCMAKE_INSTALL_PREFIX=/home/arpg/jackal_ws/install/micro_ros_msgs
[1.054s] DEBUG:colcon.colcon_core.event_handler.log_command:Invoking command in '/home/arpg/jackal_ws/build/micro_ros_msgs': CMAKE_PREFIX_PATH=/opt/ros/humble /usr/bin/cmake --build /home/arpg/jackal_ws/build/micro_ros_msgs -- -j32 -l32
[1.076s] DEBUG:colcon.colcon_core.event_handler.log_command:Invoked command in '/home/arpg/jackal_ws/build/micro_ros_msgs' returned '2': CMAKE_PREFIX_PATH=/opt/ros/humble /usr/bin/cmake --build /home/arpg/jackal_ws/build/micro_ros_msgs -- -j32 -l32
[1.111s] Level 1:colcon.colcon_core.environment:create_environment_scripts_only(micro_ros_msgs)
[1.116s] Level 1:colcon.colcon_core.environment:checking '/home/arpg/jackal_ws/install/micro_ros_msgs' for CMake module files
[1.116s] Level 1:colcon.colcon_core.environment:checking '/home/arpg/jackal_ws/install/micro_ros_msgs' for CMake config files
[1.116s] Level 1:colcon.colcon_core.shell:create_environment_hook('micro_ros_msgs', 'cmake_prefix_path')
[1.122s] INFO:colcon.colcon_core.shell:Creating environment hook '/home/arpg/jackal_ws/install/micro_ros_msgs/share/micro_ros_msgs/hook/cmake_prefix_path.ps1'
[1.122s] INFO:colcon.colcon_core.shell:Creating environment descriptor '/home/arpg/jackal_ws/install/micro_ros_msgs/share/micro_ros_msgs/hook/cmake_prefix_path.dsv'
[1.122s] INFO:colcon.colcon_core.shell:Creating environment hook '/home/arpg/jackal_ws/install/micro_ros_msgs/share/micro_ros_msgs/hook/cmake_prefix_path.sh'
[1.122s] Level 1:colcon.colcon_core.environment:checking '/home/arpg/jackal_ws/install/micro_ros_msgs/lib'
[1.122s] Level 1:colcon.colcon_core.shell:create_environment_hook('micro_ros_msgs', 'ld_library_path_lib')
[1.128s] INFO:colcon.colcon_core.shell:Creating environment hook '/home/arpg/jackal_ws/install/micro_ros_msgs/share/micro_ros_msgs/hook/ld_library_path_lib.ps1'
[1.128s] INFO:colcon.colcon_core.shell:Creating environment descriptor '/home/arpg/jackal_ws/install/micro_ros_msgs/share/micro_ros_msgs/hook/ld_library_path_lib.dsv'
[1.128s] INFO:colcon.colcon_core.shell:Creating environment hook '/home/arpg/jackal_ws/install/micro_ros_msgs/share/micro_ros_msgs/hook/ld_library_path_lib.sh'
[1.128s] Level 1:colcon.colcon_core.environment:checking '/home/arpg/jackal_ws/install/micro_ros_msgs/bin'
[1.128s] Level 1:colcon.colcon_core.environment:checking '/home/arpg/jackal_ws/install/micro_ros_msgs/lib/pkgconfig/micro_ros_msgs.pc'
[1.128s] Level 1:colcon.colcon_core.environment:checking '/home/arpg/jackal_ws/install/micro_ros_msgs/lib/python3.10/site-packages'
[1.128s] Level 1:colcon.colcon_core.environment:checking '/home/arpg/jackal_ws/install/micro_ros_msgs/bin'
[1.133s] INFO:colcon.colcon_core.shell:Creating package script '/home/arpg/jackal_ws/install/micro_ros_msgs/share/micro_ros_msgs/package.ps1'
[1.134s] INFO:colcon.colcon_core.shell:Creating package descriptor '/home/arpg/jackal_ws/install/micro_ros_msgs/share/micro_ros_msgs/package.dsv'
[1.134s] INFO:colcon.colcon_core.shell:Creating package script '/home/arpg/jackal_ws/install/micro_ros_msgs/share/micro_ros_msgs/package.sh'
[1.134s] INFO:colcon.colcon_core.shell:Creating package script '/home/arpg/jackal_ws/install/micro_ros_msgs/share/micro_ros_msgs/package.bash'
[1.134s] INFO:colcon.colcon_core.shell:Creating package script '/home/arpg/jackal_ws/install/micro_ros_msgs/share/micro_ros_msgs/package.zsh'
[1.134s] Level 1:colcon.colcon_core.environment:create_file_with_runtime_dependencies(/home/arpg/jackal_ws/install/micro_ros_msgs/share/colcon-core/packages/micro_ros_msgs)
[1.633s] DEBUG:colcon.colcon_parallel_executor.executor.parallel:closing loop
[1.633s] DEBUG:colcon.colcon_parallel_executor.executor.parallel:loop closed
[1.633s] DEBUG:colcon.colcon_parallel_executor.executor.parallel:run_until_complete finished with '2'
[1.633s] DEBUG:colcon.colcon_core.event_reactor:joining thread
[1.644s] INFO:colcon.colcon_core.plugin_system:Skipping extension 'colcon_notification.desktop_notification.terminal_notifier': Not used on non-Darwin systems
[1.644s] INFO:colcon.colcon_core.plugin_system:Skipping extension 'colcon_notification.desktop_notification.win32': Not used on non-Windows systems
[1.644s] INFO:colcon.colcon_notification.desktop_notification:Sending desktop notification using 'notify2'
[1.645s] DEBUG:colcon.colcon_notification.desktop_notification.notify2:Failed to initialize notify2: org.freedesktop.DBus.Error.ServiceUnknown: The name org.freedesktop.Notifications was not provided by any .service files
[1.645s] DEBUG:colcon.colcon_core.event_reactor:joined thread
[1.655s] INFO:colcon.colcon_core.shell:Creating prefix script '/home/arpg/jackal_ws/install/local_setup.ps1'
[1.655s] INFO:colcon.colcon_core.shell:Creating prefix util module '/home/arpg/jackal_ws/install/_local_setup_util_ps1.py'
[1.656s] INFO:colcon.colcon_core.shell:Creating prefix chain script '/home/arpg/jackal_ws/install/setup.ps1'
[1.664s] INFO:colcon.colcon_core.shell:Creating prefix script '/home/arpg/jackal_ws/install/local_setup.sh'
[1.664s] INFO:colcon.colcon_core.shell:Creating prefix util module '/home/arpg/jackal_ws/install/_local_setup_util_sh.py'
[1.664s] INFO:colcon.colcon_core.shell:Creating prefix chain script '/home/arpg/jackal_ws/install/setup.sh'
[1.669s] INFO:colcon.colcon_core.shell:Creating prefix script '/home/arpg/jackal_ws/install/local_setup.bash'
[1.670s] INFO:colcon.colcon_core.shell:Creating prefix chain script '/home/arpg/jackal_ws/install/setup.bash'
[1.675s] INFO:colcon.colcon_core.shell:Creating prefix script '/home/arpg/jackal_ws/install/local_setup.zsh'
[1.675s] INFO:colcon.colcon_core.shell:Creating prefix chain script '/home/arpg/jackal_ws/install/setup.zsh'
