[0.025s] Invoking command in '/home/arpg/jackal_ws/build/jackal_control': CMAKE_PREFIX_PATH=/home/arpg/jackal_ws/install/jackal_description:/home/arpg/jackal_ws/install/jackal_robot:/home/arpg/jackal_ws/install/wireless_msgs:/home/arpg/jackal_ws/install/micro_ros_setup:/home/arpg/jackal_ws/install/micro_ros_agent:/home/arpg/jackal_ws/install/micro_ros_msgs:/home/arpg/jackal_ws/install/jackal_navigation:/home/arpg/jackal_ws/install/jackal_msgs:/home/arpg/jackal_ws/install/jackal_control:/home/arpg/jackal_ws/install/wireless_watcher:/opt/ros/humble /usr/bin/cmake /home/arpg/jackal_ws/src/jackal/jackal_control -DAMENT_CMAKE_SYMLINK_INSTALL=1 -DCMAKE_INSTALL_PREFIX=/home/arpg/jackal_ws/install/jackal_control
[0.030s] -- Found ament_cmake: 1.3.5 (/opt/ros/humble/share/ament_cmake/cmake)
[0.093s] -- Override CMake install command with custom implementation using symlinks instead of copying resources
[0.128s] -- Configuring done
[0.131s] -- Generating done
[0.132s] -- Build files have been written to: /home/arpg/jackal_ws/build/jackal_control
[0.134s] Invoked command in '/home/arpg/jackal_ws/build/jackal_control' returned '0': CMAKE_PREFIX_PATH=/home/arpg/jackal_ws/install/jackal_description:/home/arpg/jackal_ws/install/jackal_robot:/home/arpg/jackal_ws/install/wireless_msgs:/home/arpg/jackal_ws/install/micro_ros_setup:/home/arpg/jackal_ws/install/micro_ros_agent:/home/arpg/jackal_ws/install/micro_ros_msgs:/home/arpg/jackal_ws/install/jackal_navigation:/home/arpg/jackal_ws/install/jackal_msgs:/home/arpg/jackal_ws/install/jackal_control:/home/arpg/jackal_ws/install/wireless_watcher:/opt/ros/humble /usr/bin/cmake /home/arpg/jackal_ws/src/jackal/jackal_control -DAMENT_CMAKE_SYMLINK_INSTALL=1 -DCMAKE_INSTALL_PREFIX=/home/arpg/jackal_ws/install/jackal_control
[0.135s] Invoking command in '/home/arpg/jackal_ws/build/jackal_control': CMAKE_PREFIX_PATH=/home/arpg/jackal_ws/install/jackal_description:/home/arpg/jackal_ws/install/jackal_robot:/home/arpg/jackal_ws/install/wireless_msgs:/home/arpg/jackal_ws/install/micro_ros_setup:/home/arpg/jackal_ws/install/micro_ros_agent:/home/arpg/jackal_ws/install/micro_ros_msgs:/home/arpg/jackal_ws/install/jackal_navigation:/home/arpg/jackal_ws/install/jackal_msgs:/home/arpg/jackal_ws/install/jackal_control:/home/arpg/jackal_ws/install/wireless_watcher:/opt/ros/humble /usr/bin/cmake --build /home/arpg/jackal_ws/build/jackal_control -- -j32 -l32
[0.148s] Invoked command in '/home/arpg/jackal_ws/build/jackal_control' returned '0': CMAKE_PREFIX_PATH=/home/arpg/jackal_ws/install/jackal_description:/home/arpg/jackal_ws/install/jackal_robot:/home/arpg/jackal_ws/install/wireless_msgs:/home/arpg/jackal_ws/install/micro_ros_setup:/home/arpg/jackal_ws/install/micro_ros_agent:/home/arpg/jackal_ws/install/micro_ros_msgs:/home/arpg/jackal_ws/install/jackal_navigation:/home/arpg/jackal_ws/install/jackal_msgs:/home/arpg/jackal_ws/install/jackal_control:/home/arpg/jackal_ws/install/wireless_watcher:/opt/ros/humble /usr/bin/cmake --build /home/arpg/jackal_ws/build/jackal_control -- -j32 -l32
[0.157s] Invoking command in '/home/arpg/jackal_ws/build/jackal_control': CMAKE_PREFIX_PATH=/home/arpg/jackal_ws/install/jackal_description:/home/arpg/jackal_ws/install/jackal_robot:/home/arpg/jackal_ws/install/wireless_msgs:/home/arpg/jackal_ws/install/micro_ros_setup:/home/arpg/jackal_ws/install/micro_ros_agent:/home/arpg/jackal_ws/install/micro_ros_msgs:/home/arpg/jackal_ws/install/jackal_navigation:/home/arpg/jackal_ws/install/jackal_msgs:/home/arpg/jackal_ws/install/jackal_control:/home/arpg/jackal_ws/install/wireless_watcher:/opt/ros/humble /usr/bin/cmake --install /home/arpg/jackal_ws/build/jackal_control
[0.159s] -- Install configuration: ""
[0.160s] -- Execute custom install script
[0.160s] -- Symlinking: /home/arpg/jackal_ws/install/jackal_control/share/jackal_control/config/control.yaml
[0.163s] -- Symlinking: /home/arpg/jackal_ws/install/jackal_control/share/jackal_control/config/imu_filter.yaml
[0.166s] -- Symlinking: /home/arpg/jackal_ws/install/jackal_control/share/jackal_control/config/localization.yaml
[0.170s] -- Symlinking: /home/arpg/jackal_ws/install/jackal_control/share/jackal_control/config/teleop_interactive_markers.yaml
[0.174s] -- Symlinking: /home/arpg/jackal_ws/install/jackal_control/share/jackal_control/config/teleop_logitech.yaml
[0.177s] -- Symlinking: /home/arpg/jackal_ws/install/jackal_control/share/jackal_control/config/teleop_ps4.yaml
[0.180s] -- Symlinking: /home/arpg/jackal_ws/install/jackal_control/share/jackal_control/config/twist_mux.yaml
[0.184s] -- Symlinking: /home/arpg/jackal_ws/install/jackal_control/share/jackal_control/launch/control.launch.py
[0.187s] -- Symlinking: /home/arpg/jackal_ws/install/jackal_control/share/jackal_control/launch/teleop_base.launch.py
[0.190s] -- Symlinking: /home/arpg/jackal_ws/install/jackal_control/share/jackal_control/launch/teleop_joy.launch.py
[0.194s] -- Symlinking: /home/arpg/jackal_ws/install/jackal_control/share/ament_index/resource_index/package_run_dependencies/jackal_control
[0.197s] -- Symlinking: /home/arpg/jackal_ws/install/jackal_control/share/ament_index/resource_index/parent_prefix_path/jackal_control
[0.201s] -- Symlinking: /home/arpg/jackal_ws/install/jackal_control/share/jackal_control/environment/ament_prefix_path.sh
[0.204s] -- Symlinking: /home/arpg/jackal_ws/install/jackal_control/share/jackal_control/environment/ament_prefix_path.dsv
[0.208s] -- Symlinking: /home/arpg/jackal_ws/install/jackal_control/share/jackal_control/environment/path.sh
[0.211s] -- Symlinking: /home/arpg/jackal_ws/install/jackal_control/share/jackal_control/environment/path.dsv
[0.214s] -- Symlinking: /home/arpg/jackal_ws/install/jackal_control/share/jackal_control/local_setup.bash
[0.217s] -- Symlinking: /home/arpg/jackal_ws/install/jackal_control/share/jackal_control/local_setup.sh
[0.221s] -- Symlinking: /home/arpg/jackal_ws/install/jackal_control/share/jackal_control/local_setup.zsh
[0.224s] -- Symlinking: /home/arpg/jackal_ws/install/jackal_control/share/jackal_control/local_setup.dsv
[0.227s] -- Symlinking: /home/arpg/jackal_ws/install/jackal_control/share/jackal_control/package.dsv
[0.230s] -- Symlinking: /home/arpg/jackal_ws/install/jackal_control/share/ament_index/resource_index/packages/jackal_control
[0.234s] -- Symlinking: /home/arpg/jackal_ws/install/jackal_control/share/jackal_control/cmake/jackal_controlConfig.cmake
[0.237s] -- Symlinking: /home/arpg/jackal_ws/install/jackal_control/share/jackal_control/cmake/jackal_controlConfig-version.cmake
[0.240s] -- Symlinking: /home/arpg/jackal_ws/install/jackal_control/share/jackal_control/package.xml
