[0.347s] DEBUG:colcon:Command line arguments: ['/usr/bin/colcon', 'build', '--packages-select', 'jackal_robot']
[0.348s] DEBUG:colcon:Parsed command line arguments: Namespace(log_base=None, log_level=None, verb_name='build', build_base='build', install_base='install', merge_install=False, symlink_install=False, test_result_base=None, continue_on_error=False, executor='parallel', parallel_workers=32, event_handlers=None, ignore_user_meta=False, metas=['./colcon.meta'], base_paths=['.'], packages_ignore=None, packages_ignore_regex=None, paths=None, packages_up_to=None, packages_up_to_regex=None, packages_above=None, packages_above_and_dependencies=None, packages_above_depth=None, packages_select_by_dep=None, packages_skip_by_dep=None, packages_skip_up_to=None, packages_select_build_failed=False, packages_skip_build_finished=False, packages_select_test_failures=False, packages_skip_test_passed=False, packages_select=['jackal_robot'], packages_skip=None, packages_select_regex=None, packages_skip_regex=None, packages_start=None, packages_end=None, allow_overriding=[], cmake_args=None, cmake_target=None, cmake_target_skip_unavailable=False, cmake_clean_cache=False, cmake_clean_first=False, cmake_force_configure=False, ament_cmake_args=None, catkin_cmake_args=None, catkin_skip_building_tests=False, verb_parser=<colcon_defaults.argument_parser.defaults.DefaultArgumentsDecorator object at 0x7f1b010fc7c0>, verb_extension=<colcon_core.verb.build.BuildVerb object at 0x7f1b010fc280>, main=<bound method BuildVerb.main of <colcon_core.verb.build.BuildVerb object at 0x7f1b010fc280>>)
[0.365s] Level 1:colcon.colcon_core.package_discovery:discover_packages(colcon_meta) check parameters
[0.365s] Level 1:colcon.colcon_core.package_discovery:discover_packages(recursive) check parameters
[0.365s] Level 1:colcon.colcon_core.package_discovery:discover_packages(ignore) check parameters
[0.365s] Level 1:colcon.colcon_core.package_discovery:discover_packages(path) check parameters
[0.365s] Level 1:colcon.colcon_core.package_discovery:discover_packages(colcon_meta) discover
[0.365s] Level 1:colcon.colcon_core.package_discovery:discover_packages(recursive) discover
[0.365s] INFO:colcon.colcon_core.package_discovery:Crawling recursively for packages in '/home/arpg/jackal_ws'
[0.365s] Level 1:colcon.colcon_core.package_identification:_identify(.) by extensions ['ignore', 'ignore_ament_install']
[0.365s] Level 1:colcon.colcon_core.package_identification:_identify(.) by extension 'ignore'
[0.365s] Level 1:colcon.colcon_core.package_identification:_identify(.) by extension 'ignore_ament_install'
[0.365s] Level 1:colcon.colcon_core.package_identification:_identify(.) by extensions ['colcon_pkg']
[0.365s] Level 1:colcon.colcon_core.package_identification:_identify(.) by extension 'colcon_pkg'
[0.365s] Level 1:colcon.colcon_core.package_identification:_identify(.) by extensions ['colcon_meta']
[0.365s] Level 1:colcon.colcon_core.package_identification:_identify(.) by extension 'colcon_meta'
[0.365s] Level 1:colcon.colcon_core.package_identification:_identify(.) by extensions ['ros']
[0.365s] Level 1:colcon.colcon_core.package_identification:_identify(.) by extension 'ros'
[0.370s] Level 1:colcon.colcon_core.package_identification:_identify(.) by extensions ['cmake', 'python']
[0.370s] Level 1:colcon.colcon_core.package_identification:_identify(.) by extension 'cmake'
[0.370s] Level 1:colcon.colcon_core.package_identification:_identify(.) by extension 'python'
[0.370s] Level 1:colcon.colcon_core.package_identification:_identify(.) by extensions ['python_setup_py']
[0.370s] Level 1:colcon.colcon_core.package_identification:_identify(.) by extension 'python_setup_py'
[0.370s] Level 1:colcon.colcon_core.package_identification:_identify(build) by extensions ['ignore', 'ignore_ament_install']
[0.370s] Level 1:colcon.colcon_core.package_identification:_identify(build) by extension 'ignore'
[0.370s] Level 1:colcon.colcon_core.package_identification:_identify(build) ignored
[0.370s] Level 1:colcon.colcon_core.package_identification:_identify(install) by extensions ['ignore', 'ignore_ament_install']
[0.370s] Level 1:colcon.colcon_core.package_identification:_identify(install) by extension 'ignore'
[0.370s] Level 1:colcon.colcon_core.package_identification:_identify(install) ignored
[0.370s] Level 1:colcon.colcon_core.package_identification:_identify(log) by extensions ['ignore', 'ignore_ament_install']
[0.370s] Level 1:colcon.colcon_core.package_identification:_identify(log) by extension 'ignore'
[0.370s] Level 1:colcon.colcon_core.package_identification:_identify(log) ignored
[0.370s] Level 1:colcon.colcon_core.package_identification:_identify(src) by extensions ['ignore', 'ignore_ament_install']
[0.370s] Level 1:colcon.colcon_core.package_identification:_identify(src) by extension 'ignore'
[0.370s] Level 1:colcon.colcon_core.package_identification:_identify(src) by extension 'ignore_ament_install'
[0.370s] Level 1:colcon.colcon_core.package_identification:_identify(src) by extensions ['colcon_pkg']
[0.370s] Level 1:colcon.colcon_core.package_identification:_identify(src) by extension 'colcon_pkg'
[0.370s] Level 1:colcon.colcon_core.package_identification:_identify(src) by extensions ['colcon_meta']
[0.370s] Level 1:colcon.colcon_core.package_identification:_identify(src) by extension 'colcon_meta'
[0.370s] Level 1:colcon.colcon_core.package_identification:_identify(src) by extensions ['ros']
[0.370s] Level 1:colcon.colcon_core.package_identification:_identify(src) by extension 'ros'
[0.370s] Level 1:colcon.colcon_core.package_identification:_identify(src) by extensions ['cmake', 'python']
[0.370s] Level 1:colcon.colcon_core.package_identification:_identify(src) by extension 'cmake'
[0.370s] Level 1:colcon.colcon_core.package_identification:_identify(src) by extension 'python'
[0.370s] Level 1:colcon.colcon_core.package_identification:_identify(src) by extensions ['python_setup_py']
[0.370s] Level 1:colcon.colcon_core.package_identification:_identify(src) by extension 'python_setup_py'
[0.370s] Level 1:colcon.colcon_core.package_identification:_identify(src/jackal) by extensions ['ignore', 'ignore_ament_install']
[0.370s] Level 1:colcon.colcon_core.package_identification:_identify(src/jackal) by extension 'ignore'
[0.370s] Level 1:colcon.colcon_core.package_identification:_identify(src/jackal) by extension 'ignore_ament_install'
[0.370s] Level 1:colcon.colcon_core.package_identification:_identify(src/jackal) by extensions ['colcon_pkg']
[0.370s] Level 1:colcon.colcon_core.package_identification:_identify(src/jackal) by extension 'colcon_pkg'
[0.370s] Level 1:colcon.colcon_core.package_identification:_identify(src/jackal) by extensions ['colcon_meta']
[0.370s] Level 1:colcon.colcon_core.package_identification:_identify(src/jackal) by extension 'colcon_meta'
[0.370s] Level 1:colcon.colcon_core.package_identification:_identify(src/jackal) by extensions ['ros']
[0.370s] Level 1:colcon.colcon_core.package_identification:_identify(src/jackal) by extension 'ros'
[0.370s] Level 1:colcon.colcon_core.package_identification:_identify(src/jackal) by extensions ['cmake', 'python']
[0.370s] Level 1:colcon.colcon_core.package_identification:_identify(src/jackal) by extension 'cmake'
[0.370s] Level 1:colcon.colcon_core.package_identification:_identify(src/jackal) by extension 'python'
[0.370s] Level 1:colcon.colcon_core.package_identification:_identify(src/jackal) by extensions ['python_setup_py']
[0.371s] Level 1:colcon.colcon_core.package_identification:_identify(src/jackal) by extension 'python_setup_py'
[0.371s] Level 1:colcon.colcon_core.package_identification:_identify(src/jackal/jackal_control) by extensions ['ignore', 'ignore_ament_install']
[0.371s] Level 1:colcon.colcon_core.package_identification:_identify(src/jackal/jackal_control) by extension 'ignore'
[0.371s] Level 1:colcon.colcon_core.package_identification:_identify(src/jackal/jackal_control) by extension 'ignore_ament_install'
[0.371s] Level 1:colcon.colcon_core.package_identification:_identify(src/jackal/jackal_control) by extensions ['colcon_pkg']
[0.371s] Level 1:colcon.colcon_core.package_identification:_identify(src/jackal/jackal_control) by extension 'colcon_pkg'
[0.371s] Level 1:colcon.colcon_core.package_identification:_identify(src/jackal/jackal_control) by extensions ['colcon_meta']
[0.371s] Level 1:colcon.colcon_core.package_identification:_identify(src/jackal/jackal_control) by extension 'colcon_meta'
[0.371s] Level 1:colcon.colcon_core.package_identification:_identify(src/jackal/jackal_control) by extensions ['ros']
[0.371s] Level 1:colcon.colcon_core.package_identification:_identify(src/jackal/jackal_control) by extension 'ros'
[0.372s] DEBUG:colcon.colcon_core.package_identification:Package 'src/jackal/jackal_control' with type 'ros.ament_cmake' and name 'jackal_control'
[0.372s] Level 1:colcon.colcon_core.package_identification:_identify(src/jackal/jackal_description) by extensions ['ignore', 'ignore_ament_install']
[0.372s] Level 1:colcon.colcon_core.package_identification:_identify(src/jackal/jackal_description) by extension 'ignore'
[0.372s] Level 1:colcon.colcon_core.package_identification:_identify(src/jackal/jackal_description) by extension 'ignore_ament_install'
[0.372s] Level 1:colcon.colcon_core.package_identification:_identify(src/jackal/jackal_description) by extensions ['colcon_pkg']
[0.372s] Level 1:colcon.colcon_core.package_identification:_identify(src/jackal/jackal_description) by extension 'colcon_pkg'
[0.372s] Level 1:colcon.colcon_core.package_identification:_identify(src/jackal/jackal_description) by extensions ['colcon_meta']
[0.372s] Level 1:colcon.colcon_core.package_identification:_identify(src/jackal/jackal_description) by extension 'colcon_meta'
[0.372s] Level 1:colcon.colcon_core.package_identification:_identify(src/jackal/jackal_description) by extensions ['ros']
[0.372s] Level 1:colcon.colcon_core.package_identification:_identify(src/jackal/jackal_description) by extension 'ros'
[0.373s] DEBUG:colcon.colcon_core.package_identification:Package 'src/jackal/jackal_description' with type 'ros.ament_cmake' and name 'jackal_description'
[0.373s] Level 1:colcon.colcon_core.package_identification:_identify(src/jackal/jackal_msgs) by extensions ['ignore', 'ignore_ament_install']
[0.373s] Level 1:colcon.colcon_core.package_identification:_identify(src/jackal/jackal_msgs) by extension 'ignore'
[0.373s] Level 1:colcon.colcon_core.package_identification:_identify(src/jackal/jackal_msgs) by extension 'ignore_ament_install'
[0.373s] Level 1:colcon.colcon_core.package_identification:_identify(src/jackal/jackal_msgs) by extensions ['colcon_pkg']
[0.373s] Level 1:colcon.colcon_core.package_identification:_identify(src/jackal/jackal_msgs) by extension 'colcon_pkg'
[0.373s] Level 1:colcon.colcon_core.package_identification:_identify(src/jackal/jackal_msgs) by extensions ['colcon_meta']
[0.373s] Level 1:colcon.colcon_core.package_identification:_identify(src/jackal/jackal_msgs) by extension 'colcon_meta'
[0.373s] Level 1:colcon.colcon_core.package_identification:_identify(src/jackal/jackal_msgs) by extensions ['ros']
[0.373s] Level 1:colcon.colcon_core.package_identification:_identify(src/jackal/jackal_msgs) by extension 'ros'
[0.373s] DEBUG:colcon.colcon_core.package_identification:Package 'src/jackal/jackal_msgs' with type 'ros.ament_cmake' and name 'jackal_msgs'
[0.373s] Level 1:colcon.colcon_core.package_identification:_identify(src/jackal/jackal_navigation) by extensions ['ignore', 'ignore_ament_install']
[0.373s] Level 1:colcon.colcon_core.package_identification:_identify(src/jackal/jackal_navigation) by extension 'ignore'
[0.373s] Level 1:colcon.colcon_core.package_identification:_identify(src/jackal/jackal_navigation) by extension 'ignore_ament_install'
[0.373s] Level 1:colcon.colcon_core.package_identification:_identify(src/jackal/jackal_navigation) by extensions ['colcon_pkg']
[0.373s] Level 1:colcon.colcon_core.package_identification:_identify(src/jackal/jackal_navigation) by extension 'colcon_pkg'
[0.373s] Level 1:colcon.colcon_core.package_identification:_identify(src/jackal/jackal_navigation) by extensions ['colcon_meta']
[0.373s] Level 1:colcon.colcon_core.package_identification:_identify(src/jackal/jackal_navigation) by extension 'colcon_meta'
[0.373s] Level 1:colcon.colcon_core.package_identification:_identify(src/jackal/jackal_navigation) by extensions ['ros']
[0.373s] Level 1:colcon.colcon_core.package_identification:_identify(src/jackal/jackal_navigation) by extension 'ros'
[0.373s] DEBUG:colcon.colcon_core.package_identification:Package 'src/jackal/jackal_navigation' with type 'ros.ament_cmake' and name 'jackal_navigation'
[0.373s] Level 1:colcon.colcon_core.package_identification:_identify(src/jackal_robot) by extensions ['ignore', 'ignore_ament_install']
[0.374s] Level 1:colcon.colcon_core.package_identification:_identify(src/jackal_robot) by extension 'ignore'
[0.374s] Level 1:colcon.colcon_core.package_identification:_identify(src/jackal_robot) by extension 'ignore_ament_install'
[0.374s] Level 1:colcon.colcon_core.package_identification:_identify(src/jackal_robot) by extensions ['colcon_pkg']
[0.374s] Level 1:colcon.colcon_core.package_identification:_identify(src/jackal_robot) by extension 'colcon_pkg'
[0.374s] Level 1:colcon.colcon_core.package_identification:_identify(src/jackal_robot) by extensions ['colcon_meta']
[0.374s] Level 1:colcon.colcon_core.package_identification:_identify(src/jackal_robot) by extension 'colcon_meta'
[0.374s] Level 1:colcon.colcon_core.package_identification:_identify(src/jackal_robot) by extensions ['ros']
[0.374s] Level 1:colcon.colcon_core.package_identification:_identify(src/jackal_robot) by extension 'ros'
[0.374s] DEBUG:colcon.colcon_core.package_identification:Package 'src/jackal_robot' with type 'ros.ament_cmake' and name 'jackal_robot'
[0.374s] Level 1:colcon.colcon_core.package_identification:_identify(src/micro-ROS-Agent) by extensions ['ignore', 'ignore_ament_install']
[0.374s] Level 1:colcon.colcon_core.package_identification:_identify(src/micro-ROS-Agent) by extension 'ignore'
[0.374s] Level 1:colcon.colcon_core.package_identification:_identify(src/micro-ROS-Agent) by extension 'ignore_ament_install'
[0.374s] Level 1:colcon.colcon_core.package_identification:_identify(src/micro-ROS-Agent) by extensions ['colcon_pkg']
[0.374s] Level 1:colcon.colcon_core.package_identification:_identify(src/micro-ROS-Agent) by extension 'colcon_pkg'
[0.374s] Level 1:colcon.colcon_core.package_identification:_identify(src/micro-ROS-Agent) by extensions ['colcon_meta']
[0.374s] Level 1:colcon.colcon_core.package_identification:_identify(src/micro-ROS-Agent) by extension 'colcon_meta'
[0.375s] Level 1:colcon.colcon_core.package_identification:_identify(src/micro-ROS-Agent) by extensions ['ros']
[0.375s] Level 1:colcon.colcon_core.package_identification:_identify(src/micro-ROS-Agent) by extension 'ros'
[0.375s] Level 1:colcon.colcon_core.package_identification:_identify(src/micro-ROS-Agent) by extensions ['cmake', 'python']
[0.375s] Level 1:colcon.colcon_core.package_identification:_identify(src/micro-ROS-Agent) by extension 'cmake'
[0.375s] Level 1:colcon.colcon_core.package_identification:_identify(src/micro-ROS-Agent) by extension 'python'
[0.375s] Level 1:colcon.colcon_core.package_identification:_identify(src/micro-ROS-Agent) by extensions ['python_setup_py']
[0.375s] Level 1:colcon.colcon_core.package_identification:_identify(src/micro-ROS-Agent) by extension 'python_setup_py'
[0.375s] Level 1:colcon.colcon_core.package_identification:_identify(src/micro-ROS-Agent/micro_ros_agent) by extensions ['ignore', 'ignore_ament_install']
[0.375s] Level 1:colcon.colcon_core.package_identification:_identify(src/micro-ROS-Agent/micro_ros_agent) by extension 'ignore'
[0.375s] Level 1:colcon.colcon_core.package_identification:_identify(src/micro-ROS-Agent/micro_ros_agent) by extension 'ignore_ament_install'
[0.375s] Level 1:colcon.colcon_core.package_identification:_identify(src/micro-ROS-Agent/micro_ros_agent) by extensions ['colcon_pkg']
[0.375s] Level 1:colcon.colcon_core.package_identification:_identify(src/micro-ROS-Agent/micro_ros_agent) by extension 'colcon_pkg'
[0.375s] Level 1:colcon.colcon_core.package_identification:_identify(src/micro-ROS-Agent/micro_ros_agent) by extensions ['colcon_meta']
[0.375s] Level 1:colcon.colcon_core.package_identification:_identify(src/micro-ROS-Agent/micro_ros_agent) by extension 'colcon_meta'
[0.375s] Level 1:colcon.colcon_core.package_identification:_identify(src/micro-ROS-Agent/micro_ros_agent) by extensions ['ros']
[0.375s] Level 1:colcon.colcon_core.package_identification:_identify(src/micro-ROS-Agent/micro_ros_agent) by extension 'ros'
[0.375s] DEBUG:colcon.colcon_core.package_identification:Package 'src/micro-ROS-Agent/micro_ros_agent' with type 'ros.ament_cmake' and name 'micro_ros_agent'
[0.375s] Level 1:colcon.colcon_core.package_identification:_identify(src/micro-ROS-Agent/snap) by extensions ['ignore', 'ignore_ament_install']
[0.375s] Level 1:colcon.colcon_core.package_identification:_identify(src/micro-ROS-Agent/snap) by extension 'ignore'
[0.375s] Level 1:colcon.colcon_core.package_identification:_identify(src/micro-ROS-Agent/snap) by extension 'ignore_ament_install'
[0.375s] Level 1:colcon.colcon_core.package_identification:_identify(src/micro-ROS-Agent/snap) by extensions ['colcon_pkg']
[0.375s] Level 1:colcon.colcon_core.package_identification:_identify(src/micro-ROS-Agent/snap) by extension 'colcon_pkg'
[0.375s] Level 1:colcon.colcon_core.package_identification:_identify(src/micro-ROS-Agent/snap) by extensions ['colcon_meta']
[0.375s] Level 1:colcon.colcon_core.package_identification:_identify(src/micro-ROS-Agent/snap) by extension 'colcon_meta'
[0.375s] Level 1:colcon.colcon_core.package_identification:_identify(src/micro-ROS-Agent/snap) by extensions ['ros']
[0.375s] Level 1:colcon.colcon_core.package_identification:_identify(src/micro-ROS-Agent/snap) by extension 'ros'
[0.375s] Level 1:colcon.colcon_core.package_identification:_identify(src/micro-ROS-Agent/snap) by extensions ['cmake', 'python']
[0.375s] Level 1:colcon.colcon_core.package_identification:_identify(src/micro-ROS-Agent/snap) by extension 'cmake'
[0.375s] Level 1:colcon.colcon_core.package_identification:_identify(src/micro-ROS-Agent/snap) by extension 'python'
[0.375s] Level 1:colcon.colcon_core.package_identification:_identify(src/micro-ROS-Agent/snap) by extensions ['python_setup_py']
[0.375s] Level 1:colcon.colcon_core.package_identification:_identify(src/micro-ROS-Agent/snap) by extension 'python_setup_py'
[0.375s] Level 1:colcon.colcon_core.package_identification:_identify(src/micro-ROS-Agent/snap/hooks) by extensions ['ignore', 'ignore_ament_install']
[0.375s] Level 1:colcon.colcon_core.package_identification:_identify(src/micro-ROS-Agent/snap/hooks) by extension 'ignore'
[0.375s] Level 1:colcon.colcon_core.package_identification:_identify(src/micro-ROS-Agent/snap/hooks) by extension 'ignore_ament_install'
[0.375s] Level 1:colcon.colcon_core.package_identification:_identify(src/micro-ROS-Agent/snap/hooks) by extensions ['colcon_pkg']
[0.375s] Level 1:colcon.colcon_core.package_identification:_identify(src/micro-ROS-Agent/snap/hooks) by extension 'colcon_pkg'
[0.375s] Level 1:colcon.colcon_core.package_identification:_identify(src/micro-ROS-Agent/snap/hooks) by extensions ['colcon_meta']
[0.375s] Level 1:colcon.colcon_core.package_identification:_identify(src/micro-ROS-Agent/snap/hooks) by extension 'colcon_meta'
[0.376s] Level 1:colcon.colcon_core.package_identification:_identify(src/micro-ROS-Agent/snap/hooks) by extensions ['ros']
[0.376s] Level 1:colcon.colcon_core.package_identification:_identify(src/micro-ROS-Agent/snap/hooks) by extension 'ros'
[0.376s] Level 1:colcon.colcon_core.package_identification:_identify(src/micro-ROS-Agent/snap/hooks) by extensions ['cmake', 'python']
[0.376s] Level 1:colcon.colcon_core.package_identification:_identify(src/micro-ROS-Agent/snap/hooks) by extension 'cmake'
[0.376s] Level 1:colcon.colcon_core.package_identification:_identify(src/micro-ROS-Agent/snap/hooks) by extension 'python'
[0.376s] Level 1:colcon.colcon_core.package_identification:_identify(src/micro-ROS-Agent/snap/hooks) by extensions ['python_setup_py']
[0.376s] Level 1:colcon.colcon_core.package_identification:_identify(src/micro-ROS-Agent/snap/hooks) by extension 'python_setup_py'
[0.376s] Level 1:colcon.colcon_core.package_identification:_identify(src/micro-ROS-Agent/snap/local) by extensions ['ignore', 'ignore_ament_install']
[0.376s] Level 1:colcon.colcon_core.package_identification:_identify(src/micro-ROS-Agent/snap/local) by extension 'ignore'
[0.376s] Level 1:colcon.colcon_core.package_identification:_identify(src/micro-ROS-Agent/snap/local) by extension 'ignore_ament_install'
[0.376s] Level 1:colcon.colcon_core.package_identification:_identify(src/micro-ROS-Agent/snap/local) by extensions ['colcon_pkg']
[0.376s] Level 1:colcon.colcon_core.package_identification:_identify(src/micro-ROS-Agent/snap/local) by extension 'colcon_pkg'
[0.376s] Level 1:colcon.colcon_core.package_identification:_identify(src/micro-ROS-Agent/snap/local) by extensions ['colcon_meta']
[0.376s] Level 1:colcon.colcon_core.package_identification:_identify(src/micro-ROS-Agent/snap/local) by extension 'colcon_meta'
[0.376s] Level 1:colcon.colcon_core.package_identification:_identify(src/micro-ROS-Agent/snap/local) by extensions ['ros']
[0.376s] Level 1:colcon.colcon_core.package_identification:_identify(src/micro-ROS-Agent/snap/local) by extension 'ros'
[0.376s] Level 1:colcon.colcon_core.package_identification:_identify(src/micro-ROS-Agent/snap/local) by extensions ['cmake', 'python']
[0.376s] Level 1:colcon.colcon_core.package_identification:_identify(src/micro-ROS-Agent/snap/local) by extension 'cmake'
[0.376s] Level 1:colcon.colcon_core.package_identification:_identify(src/micro-ROS-Agent/snap/local) by extension 'python'
[0.376s] Level 1:colcon.colcon_core.package_identification:_identify(src/micro-ROS-Agent/snap/local) by extensions ['python_setup_py']
[0.376s] Level 1:colcon.colcon_core.package_identification:_identify(src/micro-ROS-Agent/snap/local) by extension 'python_setup_py'
[0.376s] Level 1:colcon.colcon_core.package_identification:_identify(src/micro_ros_msgs) by extensions ['ignore', 'ignore_ament_install']
[0.376s] Level 1:colcon.colcon_core.package_identification:_identify(src/micro_ros_msgs) by extension 'ignore'
[0.376s] Level 1:colcon.colcon_core.package_identification:_identify(src/micro_ros_msgs) by extension 'ignore_ament_install'
[0.376s] Level 1:colcon.colcon_core.package_identification:_identify(src/micro_ros_msgs) by extensions ['colcon_pkg']
[0.376s] Level 1:colcon.colcon_core.package_identification:_identify(src/micro_ros_msgs) by extension 'colcon_pkg'
[0.376s] Level 1:colcon.colcon_core.package_identification:_identify(src/micro_ros_msgs) by extensions ['colcon_meta']
[0.376s] Level 1:colcon.colcon_core.package_identification:_identify(src/micro_ros_msgs) by extension 'colcon_meta'
[0.376s] Level 1:colcon.colcon_core.package_identification:_identify(src/micro_ros_msgs) by extensions ['ros']
[0.376s] Level 1:colcon.colcon_core.package_identification:_identify(src/micro_ros_msgs) by extension 'ros'
[0.376s] DEBUG:colcon.colcon_core.package_identification:Package 'src/micro_ros_msgs' with type 'ros.ament_cmake' and name 'micro_ros_msgs'
[0.376s] Level 1:colcon.colcon_core.package_identification:_identify(src/micro_ros_setup) by extensions ['ignore', 'ignore_ament_install']
[0.376s] Level 1:colcon.colcon_core.package_identification:_identify(src/micro_ros_setup) by extension 'ignore'
[0.376s] Level 1:colcon.colcon_core.package_identification:_identify(src/micro_ros_setup) by extension 'ignore_ament_install'
[0.376s] Level 1:colcon.colcon_core.package_identification:_identify(src/micro_ros_setup) by extensions ['colcon_pkg']
[0.376s] Level 1:colcon.colcon_core.package_identification:_identify(src/micro_ros_setup) by extension 'colcon_pkg'
[0.376s] Level 1:colcon.colcon_core.package_identification:_identify(src/micro_ros_setup) by extensions ['colcon_meta']
[0.376s] Level 1:colcon.colcon_core.package_identification:_identify(src/micro_ros_setup) by extension 'colcon_meta'
[0.376s] Level 1:colcon.colcon_core.package_identification:_identify(src/micro_ros_setup) by extensions ['ros']
[0.376s] Level 1:colcon.colcon_core.package_identification:_identify(src/micro_ros_setup) by extension 'ros'
[0.377s] DEBUG:colcon.colcon_core.package_identification:Package 'src/micro_ros_setup' with type 'ros.ament_cmake' and name 'micro_ros_setup'
[0.377s] Level 1:colcon.colcon_core.package_identification:_identify(src/wireless) by extensions ['ignore', 'ignore_ament_install']
[0.377s] Level 1:colcon.colcon_core.package_identification:_identify(src/wireless) by extension 'ignore'
[0.377s] Level 1:colcon.colcon_core.package_identification:_identify(src/wireless) by extension 'ignore_ament_install'
[0.377s] Level 1:colcon.colcon_core.package_identification:_identify(src/wireless) by extensions ['colcon_pkg']
[0.377s] Level 1:colcon.colcon_core.package_identification:_identify(src/wireless) by extension 'colcon_pkg'
[0.377s] Level 1:colcon.colcon_core.package_identification:_identify(src/wireless) by extensions ['colcon_meta']
[0.377s] Level 1:colcon.colcon_core.package_identification:_identify(src/wireless) by extension 'colcon_meta'
[0.377s] Level 1:colcon.colcon_core.package_identification:_identify(src/wireless) by extensions ['ros']
[0.377s] Level 1:colcon.colcon_core.package_identification:_identify(src/wireless) by extension 'ros'
[0.377s] Level 1:colcon.colcon_core.package_identification:_identify(src/wireless) by extensions ['cmake', 'python']
[0.377s] Level 1:colcon.colcon_core.package_identification:_identify(src/wireless) by extension 'cmake'
[0.377s] Level 1:colcon.colcon_core.package_identification:_identify(src/wireless) by extension 'python'
[0.377s] Level 1:colcon.colcon_core.package_identification:_identify(src/wireless) by extensions ['python_setup_py']
[0.377s] Level 1:colcon.colcon_core.package_identification:_identify(src/wireless) by extension 'python_setup_py'
[0.377s] Level 1:colcon.colcon_core.package_identification:_identify(src/wireless/wireless_msgs) by extensions ['ignore', 'ignore_ament_install']
[0.377s] Level 1:colcon.colcon_core.package_identification:_identify(src/wireless/wireless_msgs) by extension 'ignore'
[0.377s] Level 1:colcon.colcon_core.package_identification:_identify(src/wireless/wireless_msgs) by extension 'ignore_ament_install'
[0.377s] Level 1:colcon.colcon_core.package_identification:_identify(src/wireless/wireless_msgs) by extensions ['colcon_pkg']
[0.377s] Level 1:colcon.colcon_core.package_identification:_identify(src/wireless/wireless_msgs) by extension 'colcon_pkg'
[0.377s] Level 1:colcon.colcon_core.package_identification:_identify(src/wireless/wireless_msgs) by extensions ['colcon_meta']
[0.377s] Level 1:colcon.colcon_core.package_identification:_identify(src/wireless/wireless_msgs) by extension 'colcon_meta'
[0.377s] Level 1:colcon.colcon_core.package_identification:_identify(src/wireless/wireless_msgs) by extensions ['ros']
[0.377s] Level 1:colcon.colcon_core.package_identification:_identify(src/wireless/wireless_msgs) by extension 'ros'
[0.377s] DEBUG:colcon.colcon_core.package_identification:Package 'src/wireless/wireless_msgs' with type 'ros.ament_cmake' and name 'wireless_msgs'
[0.377s] Level 1:colcon.colcon_core.package_identification:_identify(src/wireless/wireless_watcher) by extensions ['ignore', 'ignore_ament_install']
[0.377s] Level 1:colcon.colcon_core.package_identification:_identify(src/wireless/wireless_watcher) by extension 'ignore'
[0.377s] Level 1:colcon.colcon_core.package_identification:_identify(src/wireless/wireless_watcher) by extension 'ignore_ament_install'
[0.377s] Level 1:colcon.colcon_core.package_identification:_identify(src/wireless/wireless_watcher) by extensions ['colcon_pkg']
[0.377s] Level 1:colcon.colcon_core.package_identification:_identify(src/wireless/wireless_watcher) by extension 'colcon_pkg'
[0.377s] Level 1:colcon.colcon_core.package_identification:_identify(src/wireless/wireless_watcher) by extensions ['colcon_meta']
[0.377s] Level 1:colcon.colcon_core.package_identification:_identify(src/wireless/wireless_watcher) by extension 'colcon_meta'
[0.378s] Level 1:colcon.colcon_core.package_identification:_identify(src/wireless/wireless_watcher) by extensions ['ros']
[0.378s] Level 1:colcon.colcon_core.package_identification:_identify(src/wireless/wireless_watcher) by extension 'ros'
[0.378s] DEBUG:colcon.colcon_core.package_identification:Package 'src/wireless/wireless_watcher' with type 'ros.ament_python' and name 'wireless_watcher'
[0.378s] Level 1:colcon.colcon_core.package_discovery:discover_packages(recursive) using defaults
[0.378s] Level 1:colcon.colcon_core.package_discovery:discover_packages(ignore) discover
[0.378s] Level 1:colcon.colcon_core.package_discovery:discover_packages(ignore) using defaults
[0.378s] Level 1:colcon.colcon_core.package_discovery:discover_packages(path) discover
[0.378s] Level 1:colcon.colcon_core.package_discovery:discover_packages(path) using defaults
[0.402s] INFO:colcon.colcon_core.package_selection:Skipping not selected package 'jackal_description' in 'src/jackal/jackal_description'
[0.403s] INFO:colcon.colcon_core.package_selection:Skipping not selected package 'jackal_msgs' in 'src/jackal/jackal_msgs'
[0.403s] INFO:colcon.colcon_core.package_selection:Skipping not selected package 'jackal_navigation' in 'src/jackal/jackal_navigation'
[0.403s] INFO:colcon.colcon_core.package_selection:Skipping not selected package 'micro_ros_msgs' in 'src/micro_ros_msgs'
[0.403s] INFO:colcon.colcon_core.package_selection:Skipping not selected package 'micro_ros_setup' in 'src/micro_ros_setup'
[0.403s] INFO:colcon.colcon_core.package_selection:Skipping not selected package 'wireless_msgs' in 'src/wireless/wireless_msgs'
[0.403s] INFO:colcon.colcon_core.package_selection:Skipping not selected package 'jackal_control' in 'src/jackal/jackal_control'
[0.403s] INFO:colcon.colcon_core.package_selection:Skipping not selected package 'micro_ros_agent' in 'src/micro-ROS-Agent/micro_ros_agent'
[0.403s] INFO:colcon.colcon_core.package_selection:Skipping not selected package 'wireless_watcher' in 'src/wireless/wireless_watcher'
[0.412s] Level 1:colcon.colcon_core.package_discovery:discover_packages(prefix_path) check parameters
[0.412s] Level 1:colcon.colcon_core.package_discovery:discover_packages(prefix_path) discover
[0.423s] DEBUG:colcon.colcon_installed_package_information.package_discovery:Found 10 installed packages in /home/arpg/jackal_ws/install
[0.428s] DEBUG:colcon.colcon_installed_package_information.package_discovery:Found 397 installed packages in /opt/ros/humble
[0.432s] Level 1:colcon.colcon_core.package_discovery:discover_packages(prefix_path) using defaults
[0.472s] Level 5:colcon.colcon_core.verb:set package 'jackal_robot' build argument 'cmake_args' from command line to 'None'
[0.472s] Level 5:colcon.colcon_core.verb:set package 'jackal_robot' build argument 'cmake_target' from command line to 'None'
[0.472s] Level 5:colcon.colcon_core.verb:set package 'jackal_robot' build argument 'cmake_target_skip_unavailable' from command line to 'False'
[0.472s] Level 5:colcon.colcon_core.verb:set package 'jackal_robot' build argument 'cmake_clean_cache' from command line to 'False'
[0.472s] Level 5:colcon.colcon_core.verb:set package 'jackal_robot' build argument 'cmake_clean_first' from command line to 'False'
[0.472s] Level 5:colcon.colcon_core.verb:set package 'jackal_robot' build argument 'cmake_force_configure' from command line to 'False'
[0.472s] Level 5:colcon.colcon_core.verb:set package 'jackal_robot' build argument 'ament_cmake_args' from command line to 'None'
[0.472s] Level 5:colcon.colcon_core.verb:set package 'jackal_robot' build argument 'catkin_cmake_args' from command line to 'None'
[0.472s] Level 5:colcon.colcon_core.verb:set package 'jackal_robot' build argument 'catkin_skip_building_tests' from command line to 'False'
[0.472s] DEBUG:colcon.colcon_core.verb:Building package 'jackal_robot' with the following arguments: {'ament_cmake_args': None, 'build_base': '/home/arpg/jackal_ws/build/jackal_robot', 'catkin_cmake_args': None, 'catkin_skip_building_tests': False, 'cmake_args': None, 'cmake_clean_cache': False, 'cmake_clean_first': False, 'cmake_force_configure': False, 'cmake_target': None, 'cmake_target_skip_unavailable': False, 'install_base': '/home/arpg/jackal_ws/install/jackal_robot', 'merge_install': False, 'path': '/home/arpg/jackal_ws/src/jackal_robot', 'symlink_install': False, 'test_result_base': None}
[0.477s] INFO:colcon.colcon_core.executor:Executing jobs using 'parallel' executor
[0.482s] DEBUG:colcon.colcon_parallel_executor.executor.parallel:run_until_complete
[0.482s] INFO:colcon.colcon_ros.task.ament_cmake.build:Building ROS package in '/home/arpg/jackal_ws/src/jackal_robot' with build type 'ament_cmake'
[0.482s] INFO:colcon.colcon_cmake.task.cmake.build:Building CMake package in '/home/arpg/jackal_ws/src/jackal_robot'
[0.488s] INFO:colcon.colcon_core.plugin_system:Skipping extension 'colcon_core.shell.bat': Not used on non-Windows systems
[0.488s] INFO:colcon.colcon_core.shell:Skip shell extension 'powershell' for command environment: Not usable outside of PowerShell
[0.488s] DEBUG:colcon.colcon_core.shell:Skip shell extension 'dsv' for command environment
[0.512s] DEBUG:colcon.colcon_core.event_handler.log_command:Invoking command in '/home/arpg/jackal_ws/build/jackal_robot': AMENT_PREFIX_PATH=/home/arpg/jackal_ws/install/wireless_watcher:/home/arpg/jackal_ws/install/jackal_robot:/home/arpg/jackal_ws/install/wireless_msgs:/home/arpg/jackal_ws/install/micro_ros_setup:/home/arpg/jackal_ws/install/micro_ros_agent:/home/arpg/jackal_ws/install/micro_ros_msgs:/home/arpg/jackal_ws/install/jackal_navigation:/home/arpg/jackal_ws/install/jackal_msgs:/home/arpg/jackal_ws/install/jackal_control:/home/arpg/jackal_ws/install/jackal_description:/opt/ros/humble CMAKE_PREFIX_PATH=/home/arpg/jackal_ws/install/micro_ros_agent:/home/arpg/jackal_ws/install/jackal_control:/home/arpg/jackal_ws/install/wireless_msgs:/home/arpg/jackal_ws/install/micro_ros_msgs:/home/arpg/jackal_ws/install/jackal_msgs:/home/arpg/jackal_ws/install/jackal_description:/home/arpg/jackal_ws/install/jackal_robot:/home/arpg/jackal_ws/install/micro_ros_setup:/home/arpg/jackal_ws/install/jackal_navigation:/home/arpg/jackal_ws/install/wireless_watcher:/opt/ros/humble LD_LIBRARY_PATH=/home/arpg/jackal_ws/install/micro_ros_agent/lib:/home/arpg/jackal_ws/install/wireless_msgs/lib:/home/arpg/jackal_ws/install/micro_ros_msgs/lib:/home/arpg/jackal_ws/install/jackal_msgs/lib:/home/arpg/jackal_ws/install/jackal_robot/lib:/usr/lib/x86_64-linux-gnu/gazebo-11/plugins:/opt/ros/humble/opt/rviz_ogre_vendor/lib:/opt/ros/humble/lib/x86_64-linux-gnu:/opt/ros/humble/lib PYTHONPATH=/home/arpg/jackal_ws/install/wireless_watcher/lib/python3.10/site-packages:/home/arpg/jackal_ws/install/jackal_robot/local/lib/python3.10/dist-packages:/home/arpg/jackal_ws/install/wireless_msgs/local/lib/python3.10/dist-packages:/home/arpg/jackal_ws/install/micro_ros_msgs/local/lib/python3.10/dist-packages:/home/arpg/jackal_ws/install/jackal_msgs/local/lib/python3.10/dist-packages:/opt/ros/humble/lib/python3.10/site-packages:/opt/ros/humble/local/lib/python3.10/dist-packages /usr/bin/cmake --build /home/arpg/jackal_ws/build/jackal_robot -- -j32 -l32
[0.677s] DEBUG:colcon.colcon_core.event_handler.log_command:Invoked command in '/home/arpg/jackal_ws/build/jackal_robot' returned '0': AMENT_PREFIX_PATH=/home/arpg/jackal_ws/install/wireless_watcher:/home/arpg/jackal_ws/install/jackal_robot:/home/arpg/jackal_ws/install/wireless_msgs:/home/arpg/jackal_ws/install/micro_ros_setup:/home/arpg/jackal_ws/install/micro_ros_agent:/home/arpg/jackal_ws/install/micro_ros_msgs:/home/arpg/jackal_ws/install/jackal_navigation:/home/arpg/jackal_ws/install/jackal_msgs:/home/arpg/jackal_ws/install/jackal_control:/home/arpg/jackal_ws/install/jackal_description:/opt/ros/humble CMAKE_PREFIX_PATH=/home/arpg/jackal_ws/install/micro_ros_agent:/home/arpg/jackal_ws/install/jackal_control:/home/arpg/jackal_ws/install/wireless_msgs:/home/arpg/jackal_ws/install/micro_ros_msgs:/home/arpg/jackal_ws/install/jackal_msgs:/home/arpg/jackal_ws/install/jackal_description:/home/arpg/jackal_ws/install/jackal_robot:/home/arpg/jackal_ws/install/micro_ros_setup:/home/arpg/jackal_ws/install/jackal_navigation:/home/arpg/jackal_ws/install/wireless_watcher:/opt/ros/humble LD_LIBRARY_PATH=/home/arpg/jackal_ws/install/micro_ros_agent/lib:/home/arpg/jackal_ws/install/wireless_msgs/lib:/home/arpg/jackal_ws/install/micro_ros_msgs/lib:/home/arpg/jackal_ws/install/jackal_msgs/lib:/home/arpg/jackal_ws/install/jackal_robot/lib:/usr/lib/x86_64-linux-gnu/gazebo-11/plugins:/opt/ros/humble/opt/rviz_ogre_vendor/lib:/opt/ros/humble/lib/x86_64-linux-gnu:/opt/ros/humble/lib PYTHONPATH=/home/arpg/jackal_ws/install/wireless_watcher/lib/python3.10/site-packages:/home/arpg/jackal_ws/install/jackal_robot/local/lib/python3.10/dist-packages:/home/arpg/jackal_ws/install/wireless_msgs/local/lib/python3.10/dist-packages:/home/arpg/jackal_ws/install/micro_ros_msgs/local/lib/python3.10/dist-packages:/home/arpg/jackal_ws/install/jackal_msgs/local/lib/python3.10/dist-packages:/opt/ros/humble/lib/python3.10/site-packages:/opt/ros/humble/local/lib/python3.10/dist-packages /usr/bin/cmake --build /home/arpg/jackal_ws/build/jackal_robot -- -j32 -l32
[0.695s] DEBUG:colcon.colcon_core.event_handler.log_command:Invoking command in '/home/arpg/jackal_ws/build/jackal_robot': AMENT_PREFIX_PATH=/home/arpg/jackal_ws/install/wireless_watcher:/home/arpg/jackal_ws/install/jackal_robot:/home/arpg/jackal_ws/install/wireless_msgs:/home/arpg/jackal_ws/install/micro_ros_setup:/home/arpg/jackal_ws/install/micro_ros_agent:/home/arpg/jackal_ws/install/micro_ros_msgs:/home/arpg/jackal_ws/install/jackal_navigation:/home/arpg/jackal_ws/install/jackal_msgs:/home/arpg/jackal_ws/install/jackal_control:/home/arpg/jackal_ws/install/jackal_description:/opt/ros/humble CMAKE_PREFIX_PATH=/home/arpg/jackal_ws/install/micro_ros_agent:/home/arpg/jackal_ws/install/jackal_control:/home/arpg/jackal_ws/install/wireless_msgs:/home/arpg/jackal_ws/install/micro_ros_msgs:/home/arpg/jackal_ws/install/jackal_msgs:/home/arpg/jackal_ws/install/jackal_description:/home/arpg/jackal_ws/install/jackal_robot:/home/arpg/jackal_ws/install/micro_ros_setup:/home/arpg/jackal_ws/install/jackal_navigation:/home/arpg/jackal_ws/install/wireless_watcher:/opt/ros/humble LD_LIBRARY_PATH=/home/arpg/jackal_ws/install/micro_ros_agent/lib:/home/arpg/jackal_ws/install/wireless_msgs/lib:/home/arpg/jackal_ws/install/micro_ros_msgs/lib:/home/arpg/jackal_ws/install/jackal_msgs/lib:/home/arpg/jackal_ws/install/jackal_robot/lib:/usr/lib/x86_64-linux-gnu/gazebo-11/plugins:/opt/ros/humble/opt/rviz_ogre_vendor/lib:/opt/ros/humble/lib/x86_64-linux-gnu:/opt/ros/humble/lib PYTHONPATH=/home/arpg/jackal_ws/install/wireless_watcher/lib/python3.10/site-packages:/home/arpg/jackal_ws/install/jackal_robot/local/lib/python3.10/dist-packages:/home/arpg/jackal_ws/install/wireless_msgs/local/lib/python3.10/dist-packages:/home/arpg/jackal_ws/install/micro_ros_msgs/local/lib/python3.10/dist-packages:/home/arpg/jackal_ws/install/jackal_msgs/local/lib/python3.10/dist-packages:/opt/ros/humble/lib/python3.10/site-packages:/opt/ros/humble/local/lib/python3.10/dist-packages /usr/bin/cmake --install /home/arpg/jackal_ws/build/jackal_robot
[0.729s] Level 1:colcon.colcon_core.environment:create_environment_scripts_only(jackal_robot)
[0.730s] DEBUG:colcon.colcon_core.event_handler.log_command:Invoked command in '/home/arpg/jackal_ws/build/jackal_robot' returned '0': AMENT_PREFIX_PATH=/home/arpg/jackal_ws/install/wireless_watcher:/home/arpg/jackal_ws/install/jackal_robot:/home/arpg/jackal_ws/install/wireless_msgs:/home/arpg/jackal_ws/install/micro_ros_setup:/home/arpg/jackal_ws/install/micro_ros_agent:/home/arpg/jackal_ws/install/micro_ros_msgs:/home/arpg/jackal_ws/install/jackal_navigation:/home/arpg/jackal_ws/install/jackal_msgs:/home/arpg/jackal_ws/install/jackal_control:/home/arpg/jackal_ws/install/jackal_description:/opt/ros/humble CMAKE_PREFIX_PATH=/home/arpg/jackal_ws/install/micro_ros_agent:/home/arpg/jackal_ws/install/jackal_control:/home/arpg/jackal_ws/install/wireless_msgs:/home/arpg/jackal_ws/install/micro_ros_msgs:/home/arpg/jackal_ws/install/jackal_msgs:/home/arpg/jackal_ws/install/jackal_description:/home/arpg/jackal_ws/install/jackal_robot:/home/arpg/jackal_ws/install/micro_ros_setup:/home/arpg/jackal_ws/install/jackal_navigation:/home/arpg/jackal_ws/install/wireless_watcher:/opt/ros/humble LD_LIBRARY_PATH=/home/arpg/jackal_ws/install/micro_ros_agent/lib:/home/arpg/jackal_ws/install/wireless_msgs/lib:/home/arpg/jackal_ws/install/micro_ros_msgs/lib:/home/arpg/jackal_ws/install/jackal_msgs/lib:/home/arpg/jackal_ws/install/jackal_robot/lib:/usr/lib/x86_64-linux-gnu/gazebo-11/plugins:/opt/ros/humble/opt/rviz_ogre_vendor/lib:/opt/ros/humble/lib/x86_64-linux-gnu:/opt/ros/humble/lib PYTHONPATH=/home/arpg/jackal_ws/install/wireless_watcher/lib/python3.10/site-packages:/home/arpg/jackal_ws/install/jackal_robot/local/lib/python3.10/dist-packages:/home/arpg/jackal_ws/install/wireless_msgs/local/lib/python3.10/dist-packages:/home/arpg/jackal_ws/install/micro_ros_msgs/local/lib/python3.10/dist-packages:/home/arpg/jackal_ws/install/jackal_msgs/local/lib/python3.10/dist-packages:/opt/ros/humble/lib/python3.10/site-packages:/opt/ros/humble/local/lib/python3.10/dist-packages /usr/bin/cmake --install /home/arpg/jackal_ws/build/jackal_robot
[0.744s] Level 1:colcon.colcon_core.environment:checking '/home/arpg/jackal_ws/install/jackal_robot' for CMake module files
[0.744s] Level 1:colcon.colcon_core.environment:checking '/home/arpg/jackal_ws/install/jackal_robot' for CMake config files
[0.745s] Level 1:colcon.colcon_core.shell:create_environment_hook('jackal_robot', 'cmake_prefix_path')
[0.752s] INFO:colcon.colcon_core.shell:Creating environment hook '/home/arpg/jackal_ws/install/jackal_robot/share/jackal_robot/hook/cmake_prefix_path.ps1'
[0.752s] INFO:colcon.colcon_core.shell:Creating environment descriptor '/home/arpg/jackal_ws/install/jackal_robot/share/jackal_robot/hook/cmake_prefix_path.dsv'
[0.752s] INFO:colcon.colcon_core.shell:Creating environment hook '/home/arpg/jackal_ws/install/jackal_robot/share/jackal_robot/hook/cmake_prefix_path.sh'
[0.753s] Level 1:colcon.colcon_core.environment:checking '/home/arpg/jackal_ws/install/jackal_robot/lib'
[0.753s] Level 1:colcon.colcon_core.shell:create_environment_hook('jackal_robot', 'ld_library_path_lib')
[0.758s] INFO:colcon.colcon_core.shell:Creating environment hook '/home/arpg/jackal_ws/install/jackal_robot/share/jackal_robot/hook/ld_library_path_lib.ps1'
[0.758s] INFO:colcon.colcon_core.shell:Creating environment descriptor '/home/arpg/jackal_ws/install/jackal_robot/share/jackal_robot/hook/ld_library_path_lib.dsv'
[0.758s] INFO:colcon.colcon_core.shell:Creating environment hook '/home/arpg/jackal_ws/install/jackal_robot/share/jackal_robot/hook/ld_library_path_lib.sh'
[0.758s] Level 1:colcon.colcon_core.environment:checking '/home/arpg/jackal_ws/install/jackal_robot/bin'
[0.758s] Level 1:colcon.colcon_core.environment:checking '/home/arpg/jackal_ws/install/jackal_robot/lib/pkgconfig/jackal_robot.pc'
[0.758s] Level 1:colcon.colcon_core.environment:checking '/home/arpg/jackal_ws/install/jackal_robot/lib/python3.10/site-packages'
[0.758s] Level 1:colcon.colcon_core.environment:checking '/home/arpg/jackal_ws/install/jackal_robot/bin'
[0.763s] INFO:colcon.colcon_core.shell:Creating package script '/home/arpg/jackal_ws/install/jackal_robot/share/jackal_robot/package.ps1'
[0.764s] INFO:colcon.colcon_core.shell:Creating package descriptor '/home/arpg/jackal_ws/install/jackal_robot/share/jackal_robot/package.dsv'
[0.764s] INFO:colcon.colcon_core.shell:Creating package script '/home/arpg/jackal_ws/install/jackal_robot/share/jackal_robot/package.sh'
[0.764s] INFO:colcon.colcon_core.shell:Creating package script '/home/arpg/jackal_ws/install/jackal_robot/share/jackal_robot/package.bash'
[0.764s] INFO:colcon.colcon_core.shell:Creating package script '/home/arpg/jackal_ws/install/jackal_robot/share/jackal_robot/package.zsh'
[0.765s] Level 1:colcon.colcon_core.environment:create_file_with_runtime_dependencies(/home/arpg/jackal_ws/install/jackal_robot/share/colcon-core/packages/jackal_robot)
[0.781s] Level 1:colcon.colcon_core.environment:create_environment_scripts_only(jackal_robot)
[0.787s] Level 1:colcon.colcon_core.environment:checking '/home/arpg/jackal_ws/install/jackal_robot' for CMake module files
[0.787s] Level 1:colcon.colcon_core.environment:checking '/home/arpg/jackal_ws/install/jackal_robot' for CMake config files
[0.787s] Level 1:colcon.colcon_core.shell:create_environment_hook('jackal_robot', 'cmake_prefix_path')
[0.792s] INFO:colcon.colcon_core.shell:Creating environment hook '/home/arpg/jackal_ws/install/jackal_robot/share/jackal_robot/hook/cmake_prefix_path.ps1'
[0.792s] INFO:colcon.colcon_core.shell:Creating environment descriptor '/home/arpg/jackal_ws/install/jackal_robot/share/jackal_robot/hook/cmake_prefix_path.dsv'
[0.792s] INFO:colcon.colcon_core.shell:Creating environment hook '/home/arpg/jackal_ws/install/jackal_robot/share/jackal_robot/hook/cmake_prefix_path.sh'
[0.793s] Level 1:colcon.colcon_core.environment:checking '/home/arpg/jackal_ws/install/jackal_robot/lib'
[0.793s] Level 1:colcon.colcon_core.shell:create_environment_hook('jackal_robot', 'ld_library_path_lib')
[0.798s] INFO:colcon.colcon_core.shell:Creating environment hook '/home/arpg/jackal_ws/install/jackal_robot/share/jackal_robot/hook/ld_library_path_lib.ps1'
[0.798s] INFO:colcon.colcon_core.shell:Creating environment descriptor '/home/arpg/jackal_ws/install/jackal_robot/share/jackal_robot/hook/ld_library_path_lib.dsv'
[0.798s] INFO:colcon.colcon_core.shell:Creating environment hook '/home/arpg/jackal_ws/install/jackal_robot/share/jackal_robot/hook/ld_library_path_lib.sh'
[0.798s] Level 1:colcon.colcon_core.environment:checking '/home/arpg/jackal_ws/install/jackal_robot/bin'
[0.798s] Level 1:colcon.colcon_core.environment:checking '/home/arpg/jackal_ws/install/jackal_robot/lib/pkgconfig/jackal_robot.pc'
[0.798s] Level 1:colcon.colcon_core.environment:checking '/home/arpg/jackal_ws/install/jackal_robot/lib/python3.10/site-packages'
[0.798s] Level 1:colcon.colcon_core.environment:checking '/home/arpg/jackal_ws/install/jackal_robot/bin'
[0.803s] INFO:colcon.colcon_core.shell:Creating package script '/home/arpg/jackal_ws/install/jackal_robot/share/jackal_robot/package.ps1'
[0.804s] INFO:colcon.colcon_core.shell:Creating package descriptor '/home/arpg/jackal_ws/install/jackal_robot/share/jackal_robot/package.dsv'
[0.804s] INFO:colcon.colcon_core.shell:Creating package script '/home/arpg/jackal_ws/install/jackal_robot/share/jackal_robot/package.sh'
[0.804s] INFO:colcon.colcon_core.shell:Creating package script '/home/arpg/jackal_ws/install/jackal_robot/share/jackal_robot/package.bash'
[0.804s] INFO:colcon.colcon_core.shell:Creating package script '/home/arpg/jackal_ws/install/jackal_robot/share/jackal_robot/package.zsh'
[0.804s] Level 1:colcon.colcon_core.environment:create_file_with_runtime_dependencies(/home/arpg/jackal_ws/install/jackal_robot/share/colcon-core/packages/jackal_robot)
[0.804s] DEBUG:colcon.colcon_parallel_executor.executor.parallel:closing loop
[0.804s] DEBUG:colcon.colcon_parallel_executor.executor.parallel:loop closed
[0.804s] DEBUG:colcon.colcon_parallel_executor.executor.parallel:run_until_complete finished with '0'
[0.804s] DEBUG:colcon.colcon_core.event_reactor:joining thread
[0.812s] INFO:colcon.colcon_core.plugin_system:Skipping extension 'colcon_notification.desktop_notification.terminal_notifier': Not used on non-Darwin systems
[0.812s] INFO:colcon.colcon_core.plugin_system:Skipping extension 'colcon_notification.desktop_notification.win32': Not used on non-Windows systems
[0.812s] INFO:colcon.colcon_notification.desktop_notification:Sending desktop notification using 'notify2'
[0.813s] DEBUG:colcon.colcon_notification.desktop_notification.notify2:Failed to initialize notify2: org.freedesktop.DBus.Error.ServiceUnknown: The name org.freedesktop.Notifications was not provided by any .service files
[0.813s] DEBUG:colcon.colcon_core.event_reactor:joined thread
[0.818s] INFO:colcon.colcon_core.shell:Creating prefix script '/home/arpg/jackal_ws/install/local_setup.ps1'
[0.819s] INFO:colcon.colcon_core.shell:Creating prefix util module '/home/arpg/jackal_ws/install/_local_setup_util_ps1.py'
[0.819s] INFO:colcon.colcon_core.shell:Creating prefix chain script '/home/arpg/jackal_ws/install/setup.ps1'
[0.825s] INFO:colcon.colcon_core.shell:Creating prefix script '/home/arpg/jackal_ws/install/local_setup.sh'
[0.825s] INFO:colcon.colcon_core.shell:Creating prefix util module '/home/arpg/jackal_ws/install/_local_setup_util_sh.py'
[0.825s] INFO:colcon.colcon_core.shell:Creating prefix chain script '/home/arpg/jackal_ws/install/setup.sh'
[0.831s] INFO:colcon.colcon_core.shell:Creating prefix script '/home/arpg/jackal_ws/install/local_setup.bash'
[0.831s] INFO:colcon.colcon_core.shell:Creating prefix chain script '/home/arpg/jackal_ws/install/setup.bash'
[0.836s] INFO:colcon.colcon_core.shell:Creating prefix script '/home/arpg/jackal_ws/install/local_setup.zsh'
[0.837s] INFO:colcon.colcon_core.shell:Creating prefix chain script '/home/arpg/jackal_ws/install/setup.zsh'
