-- The C compiler identification is GNU 11.4.0
-- The CXX compiler identification is GNU 11.4.0
-- Detecting C compiler ABI info
-- Detecting C compiler ABI info - done
-- Check for working C compiler: /usr/bin/cc - skipped
-- Detecting C compile features
-- Detecting C compile features - done
-- Detecting CXX compiler ABI info
-- Detecting CXX compiler ABI info - done
-- Check for working CXX compiler: /usr/bin/c++ - skipped
-- Detecting CXX compile features
-- Detecting CXX compile features - done
-- Found ament_cmake: 1.3.5 (/opt/ros/humble/share/ament_cmake/cmake)
-- Found Python3: /usr/bin/python3.10 (found version "3.10.12") found components: Interpreter 
-- Found std_msgs: 4.2.3 (/opt/ros/humble/share/std_msgs/cmake)
-- Found rosidl_generator_c: 3.1.5 (/opt/ros/humble/share/rosidl_generator_c/cmake)
-- Found rosidl_adapter: 3.1.5 (/opt/ros/humble/share/rosidl_adapter/cmake)
-- Found rosidl_generator_cpp: 3.1.5 (/opt/ros/humble/share/rosidl_generator_cpp/cmake)
-- Using all available rosidl_typesupport_c: rosidl_typesupport_fastrtps_c;rosidl_typesupport_introspection_c
-- Using all available rosidl_typesupport_cpp: rosidl_typesupport_fastrtps_cpp;rosidl_typesupport_introspection_cpp
-- Found rosidl_default_generators: 1.2.0 (/opt/ros/humble/share/rosidl_default_generators/cmake)
-- Found ament_cmake_ros: 0.10.0 (/opt/ros/humble/share/ament_cmake_ros/cmake)
-- Using all available rosidl_typesupport_c: rosidl_typesupport_fastrtps_c;rosidl_typesupport_introspection_c
-- Using all available rosidl_typesupport_cpp: rosidl_typesupport_fastrtps_cpp;rosidl_typesupport_introspection_cpp
-- Found PythonInterp: /usr/bin/python3 (found suitable version "3.10.12", minimum required is "3.6") 
-- Found python_cmake_module: 0.10.0 (/opt/ros/humble/share/python_cmake_module/cmake)
-- Found PythonLibs: /usr/lib/x86_64-linux-gnu/libpython3.10.so (found suitable version "3.10.12", minimum required is "3.5") 
-- Using PYTHON_EXECUTABLE: /usr/bin/python3
-- Using PYTHON_INCLUDE_DIRS: /usr/include/python3.10
-- Using PYTHON_LIBRARIES: /usr/lib/x86_64-linux-gnu/libpython3.10.so
-- Found PythonExtra: .so  
-- Configuring done
-- Generating done
-- Build files have been written to: /home/arpg/jackal_ws/build/wireless_msgs
[  1%] [34m[1mGenerating C code for ROS interfaces[0m
[  3%] [34m[1mGenerating C++ code for ROS interfaces[0m
[  3%] Built target ament_cmake_python_copy_wireless_msgs
running egg_info
creating wireless_msgs.egg-info
writing wireless_msgs.egg-info/PKG-INFO
writing dependency_links to wireless_msgs.egg-info/dependency_links.txt
writing top-level names to wireless_msgs.egg-info/top_level.txt
writing manifest file 'wireless_msgs.egg-info/SOURCES.txt'
reading manifest file 'wireless_msgs.egg-info/SOURCES.txt'
writing manifest file 'wireless_msgs.egg-info/SOURCES.txt'
[  3%] Built target ament_cmake_python_build_wireless_msgs_egg
[  3%] Built target wireless_msgs__cpp
[  7%] [34m[1mGenerating C++ introspection for ROS interfaces[0m
[  9%] [34m[1mGenerating C++ type support dispatch for ROS interfaces[0m
[  9%] [34m[1mGenerating C++ type support for eProsima Fast-RTPS[0m
[ 10%] [32mBuilding C object CMakeFiles/wireless_msgs__rosidl_generator_c.dir/rosidl_generator_c/wireless_msgs/msg/detail/connection__functions.c.o[0m
[ 16%] [32mBuilding C object CMakeFiles/wireless_msgs__rosidl_generator_c.dir/rosidl_generator_c/wireless_msgs/msg/detail/network__functions.c.o[0m
[ 16%] [32mBuilding C object CMakeFiles/wireless_msgs__rosidl_generator_c.dir/rosidl_generator_c/wireless_msgs/msg/detail/scan__functions.c.o[0m
[ 16%] [32mBuilding C object CMakeFiles/wireless_msgs__rosidl_generator_c.dir/rosidl_generator_c/wireless_msgs/msg/detail/quality__functions.c.o[0m
[ 18%] [32m[1mLinking C shared library libwireless_msgs__rosidl_generator_c.so[0m
[ 18%] Built target wireless_msgs__rosidl_generator_c
[ 20%] [34m[1mGenerating C introspection for ROS interfaces[0m
[ 23%] [34m[1mGenerating C type support for eProsima Fast-RTPS[0m
[ 23%] [34m[1mGenerating C type support dispatch for ROS interfaces[0m
[ 27%] [32mBuilding CXX object CMakeFiles/wireless_msgs__rosidl_typesupport_cpp.dir/rosidl_typesupport_cpp/wireless_msgs/msg/connection__type_support.cpp.o[0m
[ 27%] [32mBuilding CXX object CMakeFiles/wireless_msgs__rosidl_typesupport_cpp.dir/rosidl_typesupport_cpp/wireless_msgs/msg/quality__type_support.cpp.o[0m
[ 29%] [32mBuilding CXX object CMakeFiles/wireless_msgs__rosidl_typesupport_cpp.dir/rosidl_typesupport_cpp/wireless_msgs/msg/network__type_support.cpp.o[0m
[ 30%] [32mBuilding CXX object CMakeFiles/wireless_msgs__rosidl_typesupport_cpp.dir/rosidl_typesupport_cpp/wireless_msgs/msg/scan__type_support.cpp.o[0m
[ 32%] [32mBuilding CXX object CMakeFiles/wireless_msgs__rosidl_typesupport_introspection_cpp.dir/rosidl_typesupport_introspection_cpp/wireless_msgs/msg/detail/connection__type_support.cpp.o[0m
[ 36%] [32mBuilding CXX object CMakeFiles/wireless_msgs__rosidl_typesupport_introspection_cpp.dir/rosidl_typesupport_introspection_cpp/wireless_msgs/msg/detail/quality__type_support.cpp.o[0m
[ 36%] [32mBuilding CXX object CMakeFiles/wireless_msgs__rosidl_typesupport_introspection_cpp.dir/rosidl_typesupport_introspection_cpp/wireless_msgs/msg/detail/scan__type_support.cpp.o[0m
[ 38%] [32mBuilding CXX object CMakeFiles/wireless_msgs__rosidl_typesupport_introspection_cpp.dir/rosidl_typesupport_introspection_cpp/wireless_msgs/msg/detail/network__type_support.cpp.o[0m
[ 41%] [32mBuilding CXX object CMakeFiles/wireless_msgs__rosidl_typesupport_fastrtps_cpp.dir/rosidl_typesupport_fastrtps_cpp/wireless_msgs/msg/detail/dds_fastrtps/connection__type_support.cpp.o[0m
[ 41%] [32mBuilding CXX object CMakeFiles/wireless_msgs__rosidl_typesupport_fastrtps_cpp.dir/rosidl_typesupport_fastrtps_cpp/wireless_msgs/msg/detail/dds_fastrtps/network__type_support.cpp.o[0m
[ 43%] [32mBuilding CXX object CMakeFiles/wireless_msgs__rosidl_typesupport_fastrtps_cpp.dir/rosidl_typesupport_fastrtps_cpp/wireless_msgs/msg/detail/dds_fastrtps/quality__type_support.cpp.o[0m
[ 45%] [32mBuilding CXX object CMakeFiles/wireless_msgs__rosidl_typesupport_fastrtps_cpp.dir/rosidl_typesupport_fastrtps_cpp/wireless_msgs/msg/detail/dds_fastrtps/scan__type_support.cpp.o[0m
[ 47%] [32mBuilding C object CMakeFiles/wireless_msgs__rosidl_typesupport_introspection_c.dir/rosidl_typesupport_introspection_c/wireless_msgs/msg/detail/quality__type_support.c.o[0m
[ 49%] [32mBuilding C object CMakeFiles/wireless_msgs__rosidl_typesupport_introspection_c.dir/rosidl_typesupport_introspection_c/wireless_msgs/msg/detail/connection__type_support.c.o[0m
[ 50%] [32mBuilding C object CMakeFiles/wireless_msgs__rosidl_typesupport_introspection_c.dir/rosidl_typesupport_introspection_c/wireless_msgs/msg/detail/network__type_support.c.o[0m
[ 54%] [32mBuilding C object CMakeFiles/wireless_msgs__rosidl_typesupport_introspection_c.dir/rosidl_typesupport_introspection_c/wireless_msgs/msg/detail/scan__type_support.c.o[0m
[ 54%] [32mBuilding CXX object CMakeFiles/wireless_msgs__rosidl_typesupport_fastrtps_c.dir/rosidl_typesupport_fastrtps_c/wireless_msgs/msg/detail/connection__type_support_c.cpp.o[0m
[ 56%] [32mBuilding CXX object CMakeFiles/wireless_msgs__rosidl_typesupport_fastrtps_c.dir/rosidl_typesupport_fastrtps_c/wireless_msgs/msg/detail/network__type_support_c.cpp.o[0m
[ 58%] [32mBuilding CXX object CMakeFiles/wireless_msgs__rosidl_typesupport_fastrtps_c.dir/rosidl_typesupport_fastrtps_c/wireless_msgs/msg/detail/scan__type_support_c.cpp.o[0m
[ 60%] [32mBuilding CXX object CMakeFiles/wireless_msgs__rosidl_typesupport_fastrtps_c.dir/rosidl_typesupport_fastrtps_c/wireless_msgs/msg/detail/quality__type_support_c.cpp.o[0m
[ 67%] [32m[1mLinking C shared library libwireless_msgs__rosidl_typesupport_introspection_c.so[0m
[ 67%] [32mBuilding CXX object CMakeFiles/wireless_msgs__rosidl_typesupport_c.dir/rosidl_typesupport_c/wireless_msgs/msg/network__type_support.cpp.o[0m
[ 67%] [32mBuilding CXX object CMakeFiles/wireless_msgs__rosidl_typesupport_c.dir/rosidl_typesupport_c/wireless_msgs/msg/scan__type_support.cpp.o[0m
[ 69%] [32mBuilding CXX object CMakeFiles/wireless_msgs__rosidl_typesupport_c.dir/rosidl_typesupport_c/wireless_msgs/msg/quality__type_support.cpp.o[0m
[ 69%] [32mBuilding CXX object CMakeFiles/wireless_msgs__rosidl_typesupport_c.dir/rosidl_typesupport_c/wireless_msgs/msg/connection__type_support.cpp.o[0m
[ 70%] [32m[1mLinking CXX shared library libwireless_msgs__rosidl_typesupport_cpp.so[0m
[ 72%] [32m[1mLinking CXX shared library libwireless_msgs__rosidl_typesupport_c.so[0m
[ 72%] Built target wireless_msgs__rosidl_typesupport_introspection_c
[ 72%] Built target wireless_msgs__rosidl_typesupport_cpp
[ 72%] Built target wireless_msgs__rosidl_typesupport_c
[ 74%] [32m[1mLinking CXX shared library libwireless_msgs__rosidl_typesupport_introspection_cpp.so[0m
[ 74%] Built target wireless_msgs__rosidl_typesupport_introspection_cpp
[ 76%] [32m[1mLinking CXX shared library libwireless_msgs__rosidl_typesupport_fastrtps_cpp.so[0m
[ 78%] [32m[1mLinking CXX shared library libwireless_msgs__rosidl_typesupport_fastrtps_c.so[0m
[ 78%] Built target wireless_msgs__rosidl_typesupport_fastrtps_cpp
[ 78%] Built target wireless_msgs__rosidl_typesupport_fastrtps_c
[ 78%] Built target wireless_msgs
[ 80%] [34m[1mGenerating Python code for ROS interfaces[0m
[ 80%] Built target wireless_msgs__py
[ 81%] [32mBuilding C object CMakeFiles/wireless_msgs__rosidl_generator_py.dir/rosidl_generator_py/wireless_msgs/msg/_connection_s.c.o[0m
[ 83%] [32mBuilding C object CMakeFiles/wireless_msgs__rosidl_generator_py.dir/rosidl_generator_py/wireless_msgs/msg/_scan_s.c.o[0m
[ 87%] [32mBuilding C object CMakeFiles/wireless_msgs__rosidl_generator_py.dir/rosidl_generator_py/wireless_msgs/msg/_quality_s.c.o[0m
[ 87%] [32mBuilding C object CMakeFiles/wireless_msgs__rosidl_generator_py.dir/rosidl_generator_py/wireless_msgs/msg/_network_s.c.o[0m
[ 89%] [32m[1mLinking C shared library rosidl_generator_py/wireless_msgs/libwireless_msgs__rosidl_generator_py.so[0m
[ 89%] Built target wireless_msgs__rosidl_generator_py
[ 90%] [32mBuilding C object CMakeFiles/wireless_msgs__rosidl_typesupport_fastrtps_c__pyext.dir/rosidl_generator_py/wireless_msgs/_wireless_msgs_s.ep.rosidl_typesupport_fastrtps_c.c.o[0m
[ 92%] [32mBuilding C object CMakeFiles/wireless_msgs__rosidl_typesupport_c__pyext.dir/rosidl_generator_py/wireless_msgs/_wireless_msgs_s.ep.rosidl_typesupport_c.c.o[0m
[ 94%] [32mBuilding C object CMakeFiles/wireless_msgs__rosidl_typesupport_introspection_c__pyext.dir/rosidl_generator_py/wireless_msgs/_wireless_msgs_s.ep.rosidl_typesupport_introspection_c.c.o[0m
[ 98%] [32m[1mLinking C shared library rosidl_generator_py/wireless_msgs/wireless_msgs_s__rosidl_typesupport_c.cpython-310-x86_64-linux-gnu.so[0m
[100%] [32m[1mLinking C shared library rosidl_generator_py/wireless_msgs/wireless_msgs_s__rosidl_typesupport_introspection_c.cpython-310-x86_64-linux-gnu.so[0m
[100%] [32m[1mLinking C shared library rosidl_generator_py/wireless_msgs/wireless_msgs_s__rosidl_typesupport_fastrtps_c.cpython-310-x86_64-linux-gnu.so[0m
[100%] Built target wireless_msgs__rosidl_typesupport_introspection_c__pyext
[100%] Built target wireless_msgs__rosidl_typesupport_c__pyext
[100%] Built target wireless_msgs__rosidl_typesupport_fastrtps_c__pyext
-- Install configuration: ""
-- Installing: /home/arpg/jackal_ws/install/wireless_msgs/share/ament_index/resource_index/rosidl_interfaces/wireless_msgs
-- Up-to-date: /home/arpg/jackal_ws/install/wireless_msgs/include/wireless_msgs/wireless_msgs
-- Up-to-date: /home/arpg/jackal_ws/install/wireless_msgs/include/wireless_msgs/wireless_msgs/msg
-- Up-to-date: /home/arpg/jackal_ws/install/wireless_msgs/include/wireless_msgs/wireless_msgs/msg/detail
-- Installing: /home/arpg/jackal_ws/install/wireless_msgs/include/wireless_msgs/wireless_msgs/msg/detail/connection__struct.h
-- Installing: /home/arpg/jackal_ws/install/wireless_msgs/include/wireless_msgs/wireless_msgs/msg/detail/network__type_support.h
-- Installing: /home/arpg/jackal_ws/install/wireless_msgs/include/wireless_msgs/wireless_msgs/msg/detail/scan__struct.h
-- Installing: /home/arpg/jackal_ws/install/wireless_msgs/include/wireless_msgs/wireless_msgs/msg/detail/connection__type_support.h
-- Installing: /home/arpg/jackal_ws/install/wireless_msgs/include/wireless_msgs/wireless_msgs/msg/detail/network__functions.c
-- Installing: /home/arpg/jackal_ws/install/wireless_msgs/include/wireless_msgs/wireless_msgs/msg/detail/quality__functions.c
-- Installing: /home/arpg/jackal_ws/install/wireless_msgs/include/wireless_msgs/wireless_msgs/msg/detail/scan__type_support.h
-- Installing: /home/arpg/jackal_ws/install/wireless_msgs/include/wireless_msgs/wireless_msgs/msg/detail/scan__functions.h
-- Installing: /home/arpg/jackal_ws/install/wireless_msgs/include/wireless_msgs/wireless_msgs/msg/detail/quality__functions.h
-- Installing: /home/arpg/jackal_ws/install/wireless_msgs/include/wireless_msgs/wireless_msgs/msg/detail/network__functions.h
-- Installing: /home/arpg/jackal_ws/install/wireless_msgs/include/wireless_msgs/wireless_msgs/msg/detail/connection__functions.h
-- Installing: /home/arpg/jackal_ws/install/wireless_msgs/include/wireless_msgs/wireless_msgs/msg/detail/quality__struct.h
-- Installing: /home/arpg/jackal_ws/install/wireless_msgs/include/wireless_msgs/wireless_msgs/msg/detail/scan__functions.c
-- Installing: /home/arpg/jackal_ws/install/wireless_msgs/include/wireless_msgs/wireless_msgs/msg/detail/connection__functions.c
-- Installing: /home/arpg/jackal_ws/install/wireless_msgs/include/wireless_msgs/wireless_msgs/msg/detail/quality__type_support.h
-- Installing: /home/arpg/jackal_ws/install/wireless_msgs/include/wireless_msgs/wireless_msgs/msg/detail/network__struct.h
-- Installing: /home/arpg/jackal_ws/install/wireless_msgs/include/wireless_msgs/wireless_msgs/msg/network.h
-- Installing: /home/arpg/jackal_ws/install/wireless_msgs/include/wireless_msgs/wireless_msgs/msg/connection.h
-- Installing: /home/arpg/jackal_ws/install/wireless_msgs/include/wireless_msgs/wireless_msgs/msg/scan.h
-- Installing: /home/arpg/jackal_ws/install/wireless_msgs/include/wireless_msgs/wireless_msgs/msg/quality.h
-- Installing: /home/arpg/jackal_ws/install/wireless_msgs/include/wireless_msgs/wireless_msgs/msg/rosidl_generator_c__visibility_control.h
-- Installing: /home/arpg/jackal_ws/install/wireless_msgs/share/wireless_msgs/environment/library_path.sh
-- Installing: /home/arpg/jackal_ws/install/wireless_msgs/share/wireless_msgs/environment/library_path.dsv
-- Installing: /home/arpg/jackal_ws/install/wireless_msgs/lib/libwireless_msgs__rosidl_generator_c.so
-- Set runtime path of "/home/arpg/jackal_ws/install/wireless_msgs/lib/libwireless_msgs__rosidl_generator_c.so" to ""
-- Up-to-date: /home/arpg/jackal_ws/install/wireless_msgs/include/wireless_msgs/wireless_msgs
-- Up-to-date: /home/arpg/jackal_ws/install/wireless_msgs/include/wireless_msgs/wireless_msgs/msg
-- Up-to-date: /home/arpg/jackal_ws/install/wireless_msgs/include/wireless_msgs/wireless_msgs/msg/detail
-- Installing: /home/arpg/jackal_ws/install/wireless_msgs/include/wireless_msgs/wireless_msgs/msg/detail/network__rosidl_typesupport_fastrtps_c.h
-- Installing: /home/arpg/jackal_ws/install/wireless_msgs/include/wireless_msgs/wireless_msgs/msg/detail/scan__rosidl_typesupport_fastrtps_c.h
-- Installing: /home/arpg/jackal_ws/install/wireless_msgs/include/wireless_msgs/wireless_msgs/msg/detail/connection__rosidl_typesupport_fastrtps_c.h
-- Installing: /home/arpg/jackal_ws/install/wireless_msgs/include/wireless_msgs/wireless_msgs/msg/detail/quality__rosidl_typesupport_fastrtps_c.h
-- Installing: /home/arpg/jackal_ws/install/wireless_msgs/include/wireless_msgs/wireless_msgs/msg/rosidl_typesupport_fastrtps_c__visibility_control.h
-- Installing: /home/arpg/jackal_ws/install/wireless_msgs/lib/libwireless_msgs__rosidl_typesupport_fastrtps_c.so
-- Set runtime path of "/home/arpg/jackal_ws/install/wireless_msgs/lib/libwireless_msgs__rosidl_typesupport_fastrtps_c.so" to ""
-- Up-to-date: /home/arpg/jackal_ws/install/wireless_msgs/include/wireless_msgs/wireless_msgs
-- Up-to-date: /home/arpg/jackal_ws/install/wireless_msgs/include/wireless_msgs/wireless_msgs/msg
-- Installing: /home/arpg/jackal_ws/install/wireless_msgs/include/wireless_msgs/wireless_msgs/msg/connection.hpp
-- Up-to-date: /home/arpg/jackal_ws/install/wireless_msgs/include/wireless_msgs/wireless_msgs/msg/detail
-- Installing: /home/arpg/jackal_ws/install/wireless_msgs/include/wireless_msgs/wireless_msgs/msg/detail/scan__builder.hpp
-- Installing: /home/arpg/jackal_ws/install/wireless_msgs/include/wireless_msgs/wireless_msgs/msg/detail/network__struct.hpp
-- Installing: /home/arpg/jackal_ws/install/wireless_msgs/include/wireless_msgs/wireless_msgs/msg/detail/scan__traits.hpp
-- Installing: /home/arpg/jackal_ws/install/wireless_msgs/include/wireless_msgs/wireless_msgs/msg/detail/quality__struct.hpp
-- Installing: /home/arpg/jackal_ws/install/wireless_msgs/include/wireless_msgs/wireless_msgs/msg/detail/quality__traits.hpp
-- Installing: /home/arpg/jackal_ws/install/wireless_msgs/include/wireless_msgs/wireless_msgs/msg/detail/network__builder.hpp
-- Installing: /home/arpg/jackal_ws/install/wireless_msgs/include/wireless_msgs/wireless_msgs/msg/detail/scan__struct.hpp
-- Installing: /home/arpg/jackal_ws/install/wireless_msgs/include/wireless_msgs/wireless_msgs/msg/detail/connection__struct.hpp
-- Installing: /home/arpg/jackal_ws/install/wireless_msgs/include/wireless_msgs/wireless_msgs/msg/detail/network__traits.hpp
-- Installing: /home/arpg/jackal_ws/install/wireless_msgs/include/wireless_msgs/wireless_msgs/msg/detail/quality__builder.hpp
-- Installing: /home/arpg/jackal_ws/install/wireless_msgs/include/wireless_msgs/wireless_msgs/msg/detail/connection__traits.hpp
-- Installing: /home/arpg/jackal_ws/install/wireless_msgs/include/wireless_msgs/wireless_msgs/msg/detail/connection__builder.hpp
-- Installing: /home/arpg/jackal_ws/install/wireless_msgs/include/wireless_msgs/wireless_msgs/msg/quality.hpp
-- Installing: /home/arpg/jackal_ws/install/wireless_msgs/include/wireless_msgs/wireless_msgs/msg/network.hpp
-- Installing: /home/arpg/jackal_ws/install/wireless_msgs/include/wireless_msgs/wireless_msgs/msg/scan.hpp
-- Up-to-date: /home/arpg/jackal_ws/install/wireless_msgs/include/wireless_msgs/wireless_msgs
-- Up-to-date: /home/arpg/jackal_ws/install/wireless_msgs/include/wireless_msgs/wireless_msgs/msg
-- Up-to-date: /home/arpg/jackal_ws/install/wireless_msgs/include/wireless_msgs/wireless_msgs/msg/detail
-- Installing: /home/arpg/jackal_ws/install/wireless_msgs/include/wireless_msgs/wireless_msgs/msg/detail/network__rosidl_typesupport_fastrtps_cpp.hpp
-- Installing: /home/arpg/jackal_ws/install/wireless_msgs/include/wireless_msgs/wireless_msgs/msg/detail/scan__rosidl_typesupport_fastrtps_cpp.hpp
-- Installing: /home/arpg/jackal_ws/install/wireless_msgs/include/wireless_msgs/wireless_msgs/msg/detail/connection__rosidl_typesupport_fastrtps_cpp.hpp
-- Installing: /home/arpg/jackal_ws/install/wireless_msgs/include/wireless_msgs/wireless_msgs/msg/detail/quality__rosidl_typesupport_fastrtps_cpp.hpp
-- Up-to-date: /home/arpg/jackal_ws/install/wireless_msgs/include/wireless_msgs/wireless_msgs/msg/detail/dds_fastrtps
-- Installing: /home/arpg/jackal_ws/install/wireless_msgs/include/wireless_msgs/wireless_msgs/msg/rosidl_typesupport_fastrtps_cpp__visibility_control.h
-- Installing: /home/arpg/jackal_ws/install/wireless_msgs/lib/libwireless_msgs__rosidl_typesupport_fastrtps_cpp.so
-- Set runtime path of "/home/arpg/jackal_ws/install/wireless_msgs/lib/libwireless_msgs__rosidl_typesupport_fastrtps_cpp.so" to ""
-- Up-to-date: /home/arpg/jackal_ws/install/wireless_msgs/include/wireless_msgs/wireless_msgs
-- Up-to-date: /home/arpg/jackal_ws/install/wireless_msgs/include/wireless_msgs/wireless_msgs/msg
-- Installing: /home/arpg/jackal_ws/install/wireless_msgs/include/wireless_msgs/wireless_msgs/msg/rosidl_typesupport_introspection_c__visibility_control.h
-- Up-to-date: /home/arpg/jackal_ws/install/wireless_msgs/include/wireless_msgs/wireless_msgs/msg/detail
-- Installing: /home/arpg/jackal_ws/install/wireless_msgs/include/wireless_msgs/wireless_msgs/msg/detail/quality__rosidl_typesupport_introspection_c.h
-- Installing: /home/arpg/jackal_ws/install/wireless_msgs/include/wireless_msgs/wireless_msgs/msg/detail/network__rosidl_typesupport_introspection_c.h
-- Installing: /home/arpg/jackal_ws/install/wireless_msgs/include/wireless_msgs/wireless_msgs/msg/detail/network__type_support.c
-- Installing: /home/arpg/jackal_ws/install/wireless_msgs/include/wireless_msgs/wireless_msgs/msg/detail/quality__type_support.c
-- Installing: /home/arpg/jackal_ws/install/wireless_msgs/include/wireless_msgs/wireless_msgs/msg/detail/scan__rosidl_typesupport_introspection_c.h
-- Installing: /home/arpg/jackal_ws/install/wireless_msgs/include/wireless_msgs/wireless_msgs/msg/detail/scan__type_support.c
-- Installing: /home/arpg/jackal_ws/install/wireless_msgs/include/wireless_msgs/wireless_msgs/msg/detail/connection__type_support.c
-- Installing: /home/arpg/jackal_ws/install/wireless_msgs/include/wireless_msgs/wireless_msgs/msg/detail/connection__rosidl_typesupport_introspection_c.h
-- Installing: /home/arpg/jackal_ws/install/wireless_msgs/lib/libwireless_msgs__rosidl_typesupport_introspection_c.so
-- Set runtime path of "/home/arpg/jackal_ws/install/wireless_msgs/lib/libwireless_msgs__rosidl_typesupport_introspection_c.so" to ""
-- Installing: /home/arpg/jackal_ws/install/wireless_msgs/lib/libwireless_msgs__rosidl_typesupport_c.so
-- Set runtime path of "/home/arpg/jackal_ws/install/wireless_msgs/lib/libwireless_msgs__rosidl_typesupport_c.so" to ""
-- Up-to-date: /home/arpg/jackal_ws/install/wireless_msgs/include/wireless_msgs/wireless_msgs
-- Up-to-date: /home/arpg/jackal_ws/install/wireless_msgs/include/wireless_msgs/wireless_msgs/msg
-- Up-to-date: /home/arpg/jackal_ws/install/wireless_msgs/include/wireless_msgs/wireless_msgs/msg/detail
-- Installing: /home/arpg/jackal_ws/install/wireless_msgs/include/wireless_msgs/wireless_msgs/msg/detail/network__type_support.cpp
-- Installing: /home/arpg/jackal_ws/install/wireless_msgs/include/wireless_msgs/wireless_msgs/msg/detail/quality__rosidl_typesupport_introspection_cpp.hpp
-- Installing: /home/arpg/jackal_ws/install/wireless_msgs/include/wireless_msgs/wireless_msgs/msg/detail/connection__rosidl_typesupport_introspection_cpp.hpp
-- Installing: /home/arpg/jackal_ws/install/wireless_msgs/include/wireless_msgs/wireless_msgs/msg/detail/scan__type_support.cpp
-- Installing: /home/arpg/jackal_ws/install/wireless_msgs/include/wireless_msgs/wireless_msgs/msg/detail/quality__type_support.cpp
-- Installing: /home/arpg/jackal_ws/install/wireless_msgs/include/wireless_msgs/wireless_msgs/msg/detail/connection__type_support.cpp
-- Installing: /home/arpg/jackal_ws/install/wireless_msgs/include/wireless_msgs/wireless_msgs/msg/detail/scan__rosidl_typesupport_introspection_cpp.hpp
-- Installing: /home/arpg/jackal_ws/install/wireless_msgs/include/wireless_msgs/wireless_msgs/msg/detail/network__rosidl_typesupport_introspection_cpp.hpp
-- Installing: /home/arpg/jackal_ws/install/wireless_msgs/lib/libwireless_msgs__rosidl_typesupport_introspection_cpp.so
-- Set runtime path of "/home/arpg/jackal_ws/install/wireless_msgs/lib/libwireless_msgs__rosidl_typesupport_introspection_cpp.so" to ""
-- Installing: /home/arpg/jackal_ws/install/wireless_msgs/lib/libwireless_msgs__rosidl_typesupport_cpp.so
-- Set runtime path of "/home/arpg/jackal_ws/install/wireless_msgs/lib/libwireless_msgs__rosidl_typesupport_cpp.so" to ""
-- Installing: /home/arpg/jackal_ws/install/wireless_msgs/share/wireless_msgs/environment/pythonpath.sh
-- Installing: /home/arpg/jackal_ws/install/wireless_msgs/share/wireless_msgs/environment/pythonpath.dsv
-- Up-to-date: /home/arpg/jackal_ws/install/wireless_msgs/local/lib/python3.10/dist-packages/wireless_msgs-1.0.1-py3.10.egg-info
-- Installing: /home/arpg/jackal_ws/install/wireless_msgs/local/lib/python3.10/dist-packages/wireless_msgs-1.0.1-py3.10.egg-info/PKG-INFO
-- Installing: /home/arpg/jackal_ws/install/wireless_msgs/local/lib/python3.10/dist-packages/wireless_msgs-1.0.1-py3.10.egg-info/SOURCES.txt
-- Installing: /home/arpg/jackal_ws/install/wireless_msgs/local/lib/python3.10/dist-packages/wireless_msgs-1.0.1-py3.10.egg-info/top_level.txt
-- Installing: /home/arpg/jackal_ws/install/wireless_msgs/local/lib/python3.10/dist-packages/wireless_msgs-1.0.1-py3.10.egg-info/dependency_links.txt
-- Up-to-date: /home/arpg/jackal_ws/install/wireless_msgs/local/lib/python3.10/dist-packages/wireless_msgs
-- Installing: /home/arpg/jackal_ws/install/wireless_msgs/local/lib/python3.10/dist-packages/wireless_msgs/_wireless_msgs_s.ep.rosidl_typesupport_fastrtps_c.c
-- Installing: /home/arpg/jackal_ws/install/wireless_msgs/local/lib/python3.10/dist-packages/wireless_msgs/_wireless_msgs_s.ep.rosidl_typesupport_introspection_c.c
-- Installing: /home/arpg/jackal_ws/install/wireless_msgs/local/lib/python3.10/dist-packages/wireless_msgs/wireless_msgs_s__rosidl_typesupport_c.cpython-310-x86_64-linux-gnu.so
-- Installing: /home/arpg/jackal_ws/install/wireless_msgs/local/lib/python3.10/dist-packages/wireless_msgs/libwireless_msgs__rosidl_generator_py.so
-- Installing: /home/arpg/jackal_ws/install/wireless_msgs/local/lib/python3.10/dist-packages/wireless_msgs/__init__.py
-- Up-to-date: /home/arpg/jackal_ws/install/wireless_msgs/local/lib/python3.10/dist-packages/wireless_msgs/msg
-- Installing: /home/arpg/jackal_ws/install/wireless_msgs/local/lib/python3.10/dist-packages/wireless_msgs/msg/_connection_s.c
-- Installing: /home/arpg/jackal_ws/install/wireless_msgs/local/lib/python3.10/dist-packages/wireless_msgs/msg/_scan.py
-- Installing: /home/arpg/jackal_ws/install/wireless_msgs/local/lib/python3.10/dist-packages/wireless_msgs/msg/_quality.py
-- Installing: /home/arpg/jackal_ws/install/wireless_msgs/local/lib/python3.10/dist-packages/wireless_msgs/msg/_network.py
-- Installing: /home/arpg/jackal_ws/install/wireless_msgs/local/lib/python3.10/dist-packages/wireless_msgs/msg/_network_s.c
-- Installing: /home/arpg/jackal_ws/install/wireless_msgs/local/lib/python3.10/dist-packages/wireless_msgs/msg/__init__.py
-- Installing: /home/arpg/jackal_ws/install/wireless_msgs/local/lib/python3.10/dist-packages/wireless_msgs/msg/_quality_s.c
-- Installing: /home/arpg/jackal_ws/install/wireless_msgs/local/lib/python3.10/dist-packages/wireless_msgs/msg/_scan_s.c
-- Installing: /home/arpg/jackal_ws/install/wireless_msgs/local/lib/python3.10/dist-packages/wireless_msgs/msg/_connection.py
-- Installing: /home/arpg/jackal_ws/install/wireless_msgs/local/lib/python3.10/dist-packages/wireless_msgs/wireless_msgs_s__rosidl_typesupport_introspection_c.cpython-310-x86_64-linux-gnu.so
-- Installing: /home/arpg/jackal_ws/install/wireless_msgs/local/lib/python3.10/dist-packages/wireless_msgs/_wireless_msgs_s.ep.rosidl_typesupport_c.c
-- Installing: /home/arpg/jackal_ws/install/wireless_msgs/local/lib/python3.10/dist-packages/wireless_msgs/wireless_msgs_s__rosidl_typesupport_fastrtps_c.cpython-310-x86_64-linux-gnu.so
Listing '/home/arpg/jackal_ws/install/wireless_msgs/local/lib/python3.10/dist-packages/wireless_msgs'...
Compiling '/home/arpg/jackal_ws/install/wireless_msgs/local/lib/python3.10/dist-packages/wireless_msgs/__init__.py'...
Listing '/home/arpg/jackal_ws/install/wireless_msgs/local/lib/python3.10/dist-packages/wireless_msgs/msg'...
Compiling '/home/arpg/jackal_ws/install/wireless_msgs/local/lib/python3.10/dist-packages/wireless_msgs/msg/__init__.py'...
Compiling '/home/arpg/jackal_ws/install/wireless_msgs/local/lib/python3.10/dist-packages/wireless_msgs/msg/_connection.py'...
Compiling '/home/arpg/jackal_ws/install/wireless_msgs/local/lib/python3.10/dist-packages/wireless_msgs/msg/_network.py'...
Compiling '/home/arpg/jackal_ws/install/wireless_msgs/local/lib/python3.10/dist-packages/wireless_msgs/msg/_quality.py'...
Compiling '/home/arpg/jackal_ws/install/wireless_msgs/local/lib/python3.10/dist-packages/wireless_msgs/msg/_scan.py'...
-- Installing: /home/arpg/jackal_ws/install/wireless_msgs/local/lib/python3.10/dist-packages/wireless_msgs/wireless_msgs_s__rosidl_typesupport_fastrtps_c.cpython-310-x86_64-linux-gnu.so
-- Set runtime path of "/home/arpg/jackal_ws/install/wireless_msgs/local/lib/python3.10/dist-packages/wireless_msgs/wireless_msgs_s__rosidl_typesupport_fastrtps_c.cpython-310-x86_64-linux-gnu.so" to ""
-- Installing: /home/arpg/jackal_ws/install/wireless_msgs/local/lib/python3.10/dist-packages/wireless_msgs/wireless_msgs_s__rosidl_typesupport_introspection_c.cpython-310-x86_64-linux-gnu.so
-- Set runtime path of "/home/arpg/jackal_ws/install/wireless_msgs/local/lib/python3.10/dist-packages/wireless_msgs/wireless_msgs_s__rosidl_typesupport_introspection_c.cpython-310-x86_64-linux-gnu.so" to ""
-- Installing: /home/arpg/jackal_ws/install/wireless_msgs/local/lib/python3.10/dist-packages/wireless_msgs/wireless_msgs_s__rosidl_typesupport_c.cpython-310-x86_64-linux-gnu.so
-- Set runtime path of "/home/arpg/jackal_ws/install/wireless_msgs/local/lib/python3.10/dist-packages/wireless_msgs/wireless_msgs_s__rosidl_typesupport_c.cpython-310-x86_64-linux-gnu.so" to ""
-- Installing: /home/arpg/jackal_ws/install/wireless_msgs/lib/libwireless_msgs__rosidl_generator_py.so
-- Set runtime path of "/home/arpg/jackal_ws/install/wireless_msgs/lib/libwireless_msgs__rosidl_generator_py.so" to ""
-- Installing: /home/arpg/jackal_ws/install/wireless_msgs/share/wireless_msgs/msg/Connection.idl
-- Installing: /home/arpg/jackal_ws/install/wireless_msgs/share/wireless_msgs/msg/Network.idl
-- Installing: /home/arpg/jackal_ws/install/wireless_msgs/share/wireless_msgs/msg/Quality.idl
-- Installing: /home/arpg/jackal_ws/install/wireless_msgs/share/wireless_msgs/msg/Scan.idl
-- Installing: /home/arpg/jackal_ws/install/wireless_msgs/share/wireless_msgs/msg/Connection.msg
-- Installing: /home/arpg/jackal_ws/install/wireless_msgs/share/wireless_msgs/msg/Network.msg
-- Installing: /home/arpg/jackal_ws/install/wireless_msgs/share/wireless_msgs/msg/Quality.msg
-- Installing: /home/arpg/jackal_ws/install/wireless_msgs/share/wireless_msgs/msg/Scan.msg
-- Installing: /home/arpg/jackal_ws/install/wireless_msgs/share/ament_index/resource_index/package_run_dependencies/wireless_msgs
-- Installing: /home/arpg/jackal_ws/install/wireless_msgs/share/ament_index/resource_index/parent_prefix_path/wireless_msgs
-- Installing: /home/arpg/jackal_ws/install/wireless_msgs/share/wireless_msgs/environment/ament_prefix_path.sh
-- Installing: /home/arpg/jackal_ws/install/wireless_msgs/share/wireless_msgs/environment/ament_prefix_path.dsv
-- Installing: /home/arpg/jackal_ws/install/wireless_msgs/share/wireless_msgs/environment/path.sh
-- Installing: /home/arpg/jackal_ws/install/wireless_msgs/share/wireless_msgs/environment/path.dsv
-- Installing: /home/arpg/jackal_ws/install/wireless_msgs/share/wireless_msgs/local_setup.bash
-- Installing: /home/arpg/jackal_ws/install/wireless_msgs/share/wireless_msgs/local_setup.sh
-- Installing: /home/arpg/jackal_ws/install/wireless_msgs/share/wireless_msgs/local_setup.zsh
-- Installing: /home/arpg/jackal_ws/install/wireless_msgs/share/wireless_msgs/local_setup.dsv
-- Installing: /home/arpg/jackal_ws/install/wireless_msgs/share/wireless_msgs/package.dsv
-- Installing: /home/arpg/jackal_ws/install/wireless_msgs/share/ament_index/resource_index/packages/wireless_msgs
-- Installing: /home/arpg/jackal_ws/install/wireless_msgs/share/wireless_msgs/cmake/export_wireless_msgs__rosidl_generator_cExport.cmake
-- Installing: /home/arpg/jackal_ws/install/wireless_msgs/share/wireless_msgs/cmake/export_wireless_msgs__rosidl_generator_cExport-noconfig.cmake
-- Installing: /home/arpg/jackal_ws/install/wireless_msgs/share/wireless_msgs/cmake/export_wireless_msgs__rosidl_typesupport_fastrtps_cExport.cmake
-- Installing: /home/arpg/jackal_ws/install/wireless_msgs/share/wireless_msgs/cmake/export_wireless_msgs__rosidl_typesupport_fastrtps_cExport-noconfig.cmake
-- Installing: /home/arpg/jackal_ws/install/wireless_msgs/share/wireless_msgs/cmake/export_wireless_msgs__rosidl_generator_cppExport.cmake
-- Installing: /home/arpg/jackal_ws/install/wireless_msgs/share/wireless_msgs/cmake/export_wireless_msgs__rosidl_typesupport_fastrtps_cppExport.cmake
-- Installing: /home/arpg/jackal_ws/install/wireless_msgs/share/wireless_msgs/cmake/export_wireless_msgs__rosidl_typesupport_fastrtps_cppExport-noconfig.cmake
-- Installing: /home/arpg/jackal_ws/install/wireless_msgs/share/wireless_msgs/cmake/wireless_msgs__rosidl_typesupport_introspection_cExport.cmake
-- Installing: /home/arpg/jackal_ws/install/wireless_msgs/share/wireless_msgs/cmake/wireless_msgs__rosidl_typesupport_introspection_cExport-noconfig.cmake
-- Installing: /home/arpg/jackal_ws/install/wireless_msgs/share/wireless_msgs/cmake/wireless_msgs__rosidl_typesupport_cExport.cmake
-- Installing: /home/arpg/jackal_ws/install/wireless_msgs/share/wireless_msgs/cmake/wireless_msgs__rosidl_typesupport_cExport-noconfig.cmake
-- Installing: /home/arpg/jackal_ws/install/wireless_msgs/share/wireless_msgs/cmake/wireless_msgs__rosidl_typesupport_introspection_cppExport.cmake
-- Installing: /home/arpg/jackal_ws/install/wireless_msgs/share/wireless_msgs/cmake/wireless_msgs__rosidl_typesupport_introspection_cppExport-noconfig.cmake
-- Installing: /home/arpg/jackal_ws/install/wireless_msgs/share/wireless_msgs/cmake/wireless_msgs__rosidl_typesupport_cppExport.cmake
-- Installing: /home/arpg/jackal_ws/install/wireless_msgs/share/wireless_msgs/cmake/wireless_msgs__rosidl_typesupport_cppExport-noconfig.cmake
-- Installing: /home/arpg/jackal_ws/install/wireless_msgs/share/wireless_msgs/cmake/export_wireless_msgs__rosidl_generator_pyExport.cmake
-- Installing: /home/arpg/jackal_ws/install/wireless_msgs/share/wireless_msgs/cmake/export_wireless_msgs__rosidl_generator_pyExport-noconfig.cmake
-- Installing: /home/arpg/jackal_ws/install/wireless_msgs/share/wireless_msgs/cmake/rosidl_cmake-extras.cmake
-- Installing: /home/arpg/jackal_ws/install/wireless_msgs/share/wireless_msgs/cmake/ament_cmake_export_dependencies-extras.cmake
-- Installing: /home/arpg/jackal_ws/install/wireless_msgs/share/wireless_msgs/cmake/ament_cmake_export_include_directories-extras.cmake
-- Installing: /home/arpg/jackal_ws/install/wireless_msgs/share/wireless_msgs/cmake/ament_cmake_export_libraries-extras.cmake
-- Installing: /home/arpg/jackal_ws/install/wireless_msgs/share/wireless_msgs/cmake/ament_cmake_export_targets-extras.cmake
-- Installing: /home/arpg/jackal_ws/install/wireless_msgs/share/wireless_msgs/cmake/rosidl_cmake_export_typesupport_targets-extras.cmake
-- Installing: /home/arpg/jackal_ws/install/wireless_msgs/share/wireless_msgs/cmake/rosidl_cmake_export_typesupport_libraries-extras.cmake
-- Installing: /home/arpg/jackal_ws/install/wireless_msgs/share/wireless_msgs/cmake/wireless_msgsConfig.cmake
-- Installing: /home/arpg/jackal_ws/install/wireless_msgs/share/wireless_msgs/cmake/wireless_msgsConfig-version.cmake
-- Installing: /home/arpg/jackal_ws/install/wireless_msgs/share/wireless_msgs/package.xml
