[0.091s] Invoking command in '/home/arpg/jackal_ws/build/wireless_msgs': CMAKE_PREFIX_PATH=${CMAKE_PREFIX_PATH}:/home/arpg/jackal_ws/install/wireless_watcher:/opt/ros/humble /usr/bin/cmake /home/arpg/jackal_ws/src/wireless/wireless_msgs -DCMAKE_INSTALL_PREFIX=/home/arpg/jackal_ws/install/wireless_msgs
[0.118s] -- The C compiler identification is GNU 11.4.0
[0.144s] -- The CXX compiler identification is GNU 11.4.0
[0.149s] -- Detecting C compiler ABI info
[0.182s] -- Detecting C compiler ABI info - done
[0.185s] -- Check for working C compiler: /usr/bin/cc - skipped
[0.186s] -- Detecting C compile features
[0.186s] -- Detecting C compile features - done
[0.188s] -- Detecting CXX compiler ABI info
[0.224s] -- Detecting CXX compiler ABI info - done
[0.228s] -- Check for working CXX compiler: /usr/bin/c++ - skipped
[0.228s] -- Detecting CXX compile features
[0.228s] -- Detecting CXX compile features - done
[0.229s] -- Found ament_cmake: 1.3.5 (/opt/ros/humble/share/ament_cmake/cmake)
[0.310s] -- Found Python3: /usr/bin/python3.10 (found version "3.10.12") found components: Interpreter 
[0.356s] -- Found std_msgs: 4.2.3 (/opt/ros/humble/share/std_msgs/cmake)
[0.377s] -- Found rosidl_generator_c: 3.1.5 (/opt/ros/humble/share/rosidl_generator_c/cmake)
[0.379s] -- Found rosidl_adapter: 3.1.5 (/opt/ros/humble/share/rosidl_adapter/cmake)
[0.385s] -- Found rosidl_generator_cpp: 3.1.5 (/opt/ros/humble/share/rosidl_generator_cpp/cmake)
[0.392s] -- Using all available rosidl_typesupport_c: rosidl_typesupport_fastrtps_c;rosidl_typesupport_introspection_c
[0.401s] -- Using all available rosidl_typesupport_cpp: rosidl_typesupport_fastrtps_cpp;rosidl_typesupport_introspection_cpp
[0.428s] -- Found rosidl_default_generators: 1.2.0 (/opt/ros/humble/share/rosidl_default_generators/cmake)
[0.558s] -- Found ament_cmake_ros: 0.10.0 (/opt/ros/humble/share/ament_cmake_ros/cmake)
[0.720s] -- Using all available rosidl_typesupport_c: rosidl_typesupport_fastrtps_c;rosidl_typesupport_introspection_c
[0.784s] -- Using all available rosidl_typesupport_cpp: rosidl_typesupport_fastrtps_cpp;rosidl_typesupport_introspection_cpp
[0.795s] -- Found PythonInterp: /usr/bin/python3 (found suitable version "3.10.12", minimum required is "3.6") 
[0.797s] -- Found python_cmake_module: 0.10.0 (/opt/ros/humble/share/python_cmake_module/cmake)
[0.810s] -- Found PythonLibs: /usr/lib/x86_64-linux-gnu/libpython3.10.so (found suitable version "3.10.12", minimum required is "3.5") 
[0.811s] -- Using PYTHON_EXECUTABLE: /usr/bin/python3
[0.811s] -- Using PYTHON_INCLUDE_DIRS: /usr/include/python3.10
[0.811s] -- Using PYTHON_LIBRARIES: /usr/lib/x86_64-linux-gnu/libpython3.10.so
[0.821s] -- Found PythonExtra: .so  
[0.846s] -- Configuring done
[0.860s] -- Generating done
[0.861s] -- Build files have been written to: /home/arpg/jackal_ws/build/wireless_msgs
[0.865s] Invoked command in '/home/arpg/jackal_ws/build/wireless_msgs' returned '0': CMAKE_PREFIX_PATH=${CMAKE_PREFIX_PATH}:/home/arpg/jackal_ws/install/wireless_watcher:/opt/ros/humble /usr/bin/cmake /home/arpg/jackal_ws/src/wireless/wireless_msgs -DCMAKE_INSTALL_PREFIX=/home/arpg/jackal_ws/install/wireless_msgs
[0.866s] Invoking command in '/home/arpg/jackal_ws/build/wireless_msgs': CMAKE_PREFIX_PATH=${CMAKE_PREFIX_PATH}:/home/arpg/jackal_ws/install/wireless_watcher:/opt/ros/humble /usr/bin/cmake --build /home/arpg/jackal_ws/build/wireless_msgs -- -j32 -l32
[0.882s] [  1%] [34m[1mGenerating C code for ROS interfaces[0m
[0.886s] [  3%] [34m[1mGenerating C++ code for ROS interfaces[0m
[0.891s] [  3%] Built target ament_cmake_python_copy_wireless_msgs
[0.995s] running egg_info
[0.995s] creating wireless_msgs.egg-info
[0.995s] writing wireless_msgs.egg-info/PKG-INFO
[0.995s] writing dependency_links to wireless_msgs.egg-info/dependency_links.txt
[0.995s] writing top-level names to wireless_msgs.egg-info/top_level.txt
[0.995s] writing manifest file 'wireless_msgs.egg-info/SOURCES.txt'
[0.996s] reading manifest file 'wireless_msgs.egg-info/SOURCES.txt'
[0.996s] writing manifest file 'wireless_msgs.egg-info/SOURCES.txt'
[1.008s] [  3%] Built target ament_cmake_python_build_wireless_msgs_egg
[1.074s] [  3%] Built target wireless_msgs__cpp
[1.079s] [  7%] [34m[1mGenerating C++ introspection for ROS interfaces[0m
[1.079s] [  9%] [34m[1mGenerating C++ type support dispatch for ROS interfaces[0m
[1.079s] [  9%] [34m[1mGenerating C++ type support for eProsima Fast-RTPS[0m
[1.084s] [ 10%] [32mBuilding C object CMakeFiles/wireless_msgs__rosidl_generator_c.dir/rosidl_generator_c/wireless_msgs/msg/detail/connection__functions.c.o[0m
[1.086s] [ 16%] [32mBuilding C object CMakeFiles/wireless_msgs__rosidl_generator_c.dir/rosidl_generator_c/wireless_msgs/msg/detail/network__functions.c.o[0m
[1.086s] [ 16%] [32mBuilding C object CMakeFiles/wireless_msgs__rosidl_generator_c.dir/rosidl_generator_c/wireless_msgs/msg/detail/scan__functions.c.o[0m
[1.086s] [ 16%] [32mBuilding C object CMakeFiles/wireless_msgs__rosidl_generator_c.dir/rosidl_generator_c/wireless_msgs/msg/detail/quality__functions.c.o[0m
[1.123s] [ 18%] [32m[1mLinking C shared library libwireless_msgs__rosidl_generator_c.so[0m
[1.141s] [ 18%] Built target wireless_msgs__rosidl_generator_c
[1.146s] [ 20%] [34m[1mGenerating C introspection for ROS interfaces[0m
[1.148s] [ 23%] [34m[1mGenerating C type support for eProsima Fast-RTPS[0m
[1.149s] [ 23%] [34m[1mGenerating C type support dispatch for ROS interfaces[0m
[1.241s] [ 27%] [32mBuilding CXX object CMakeFiles/wireless_msgs__rosidl_typesupport_cpp.dir/rosidl_typesupport_cpp/wireless_msgs/msg/connection__type_support.cpp.o[0m
[1.241s] [ 27%] [32mBuilding CXX object CMakeFiles/wireless_msgs__rosidl_typesupport_cpp.dir/rosidl_typesupport_cpp/wireless_msgs/msg/quality__type_support.cpp.o[0m
[1.241s] [ 29%] [32mBuilding CXX object CMakeFiles/wireless_msgs__rosidl_typesupport_cpp.dir/rosidl_typesupport_cpp/wireless_msgs/msg/network__type_support.cpp.o[0m
[1.242s] [ 30%] [32mBuilding CXX object CMakeFiles/wireless_msgs__rosidl_typesupport_cpp.dir/rosidl_typesupport_cpp/wireless_msgs/msg/scan__type_support.cpp.o[0m
[1.258s] [ 32%] [32mBuilding CXX object CMakeFiles/wireless_msgs__rosidl_typesupport_introspection_cpp.dir/rosidl_typesupport_introspection_cpp/wireless_msgs/msg/detail/connection__type_support.cpp.o[0m
[1.258s] [ 36%] [32mBuilding CXX object CMakeFiles/wireless_msgs__rosidl_typesupport_introspection_cpp.dir/rosidl_typesupport_introspection_cpp/wireless_msgs/msg/detail/quality__type_support.cpp.o[0m
[1.258s] [ 36%] [32mBuilding CXX object CMakeFiles/wireless_msgs__rosidl_typesupport_introspection_cpp.dir/rosidl_typesupport_introspection_cpp/wireless_msgs/msg/detail/scan__type_support.cpp.o[0m
[1.258s] [ 38%] [32mBuilding CXX object CMakeFiles/wireless_msgs__rosidl_typesupport_introspection_cpp.dir/rosidl_typesupport_introspection_cpp/wireless_msgs/msg/detail/network__type_support.cpp.o[0m
[1.280s] [ 41%] [32mBuilding CXX object CMakeFiles/wireless_msgs__rosidl_typesupport_fastrtps_cpp.dir/rosidl_typesupport_fastrtps_cpp/wireless_msgs/msg/detail/dds_fastrtps/connection__type_support.cpp.o[0m
[1.281s] [ 41%] [32mBuilding CXX object CMakeFiles/wireless_msgs__rosidl_typesupport_fastrtps_cpp.dir/rosidl_typesupport_fastrtps_cpp/wireless_msgs/msg/detail/dds_fastrtps/network__type_support.cpp.o[0m
[1.281s] [ 43%] [32mBuilding CXX object CMakeFiles/wireless_msgs__rosidl_typesupport_fastrtps_cpp.dir/rosidl_typesupport_fastrtps_cpp/wireless_msgs/msg/detail/dds_fastrtps/quality__type_support.cpp.o[0m
[1.281s] [ 45%] [32mBuilding CXX object CMakeFiles/wireless_msgs__rosidl_typesupport_fastrtps_cpp.dir/rosidl_typesupport_fastrtps_cpp/wireless_msgs/msg/detail/dds_fastrtps/scan__type_support.cpp.o[0m
[1.415s] [ 47%] [32mBuilding C object CMakeFiles/wireless_msgs__rosidl_typesupport_introspection_c.dir/rosidl_typesupport_introspection_c/wireless_msgs/msg/detail/quality__type_support.c.o[0m
[1.417s] [ 49%] [32mBuilding C object CMakeFiles/wireless_msgs__rosidl_typesupport_introspection_c.dir/rosidl_typesupport_introspection_c/wireless_msgs/msg/detail/connection__type_support.c.o[0m
[1.418s] [ 50%] [32mBuilding C object CMakeFiles/wireless_msgs__rosidl_typesupport_introspection_c.dir/rosidl_typesupport_introspection_c/wireless_msgs/msg/detail/network__type_support.c.o[0m
[1.427s] [ 54%] [32mBuilding C object CMakeFiles/wireless_msgs__rosidl_typesupport_introspection_c.dir/rosidl_typesupport_introspection_c/wireless_msgs/msg/detail/scan__type_support.c.o[0m
[1.427s] [ 54%] [32mBuilding CXX object CMakeFiles/wireless_msgs__rosidl_typesupport_fastrtps_c.dir/rosidl_typesupport_fastrtps_c/wireless_msgs/msg/detail/connection__type_support_c.cpp.o[0m
[1.428s] [ 56%] [32mBuilding CXX object CMakeFiles/wireless_msgs__rosidl_typesupport_fastrtps_c.dir/rosidl_typesupport_fastrtps_c/wireless_msgs/msg/detail/network__type_support_c.cpp.o[0m
[1.434s] [ 58%] [32mBuilding CXX object CMakeFiles/wireless_msgs__rosidl_typesupport_fastrtps_c.dir/rosidl_typesupport_fastrtps_c/wireless_msgs/msg/detail/scan__type_support_c.cpp.o[0m
[1.437s] [ 60%] [32mBuilding CXX object CMakeFiles/wireless_msgs__rosidl_typesupport_fastrtps_c.dir/rosidl_typesupport_fastrtps_c/wireless_msgs/msg/detail/quality__type_support_c.cpp.o[0m
[1.456s] [ 67%] [32m[1mLinking C shared library libwireless_msgs__rosidl_typesupport_introspection_c.so[0m
[1.456s] [ 67%] [32mBuilding CXX object CMakeFiles/wireless_msgs__rosidl_typesupport_c.dir/rosidl_typesupport_c/wireless_msgs/msg/network__type_support.cpp.o[0m
[1.456s] [ 67%] [32mBuilding CXX object CMakeFiles/wireless_msgs__rosidl_typesupport_c.dir/rosidl_typesupport_c/wireless_msgs/msg/scan__type_support.cpp.o[0m
[1.456s] [ 69%] [32mBuilding CXX object CMakeFiles/wireless_msgs__rosidl_typesupport_c.dir/rosidl_typesupport_c/wireless_msgs/msg/quality__type_support.cpp.o[0m
[1.456s] [ 69%] [32mBuilding CXX object CMakeFiles/wireless_msgs__rosidl_typesupport_c.dir/rosidl_typesupport_c/wireless_msgs/msg/connection__type_support.cpp.o[0m
[1.461s] [ 70%] [32m[1mLinking CXX shared library libwireless_msgs__rosidl_typesupport_cpp.so[0m
[1.481s] [ 72%] [32m[1mLinking CXX shared library libwireless_msgs__rosidl_typesupport_c.so[0m
[1.489s] [ 72%] Built target wireless_msgs__rosidl_typesupport_introspection_c
[1.508s] [ 72%] Built target wireless_msgs__rosidl_typesupport_cpp
[1.534s] [ 72%] Built target wireless_msgs__rosidl_typesupport_c
[1.632s] [ 74%] [32m[1mLinking CXX shared library libwireless_msgs__rosidl_typesupport_introspection_cpp.so[0m
[1.672s] [ 74%] Built target wireless_msgs__rosidl_typesupport_introspection_cpp
[1.695s] [ 76%] [32m[1mLinking CXX shared library libwireless_msgs__rosidl_typesupport_fastrtps_cpp.so[0m
[1.713s] [ 78%] [32m[1mLinking CXX shared library libwireless_msgs__rosidl_typesupport_fastrtps_c.so[0m
[1.741s] [ 78%] Built target wireless_msgs__rosidl_typesupport_fastrtps_cpp
[1.758s] [ 78%] Built target wireless_msgs__rosidl_typesupport_fastrtps_c
[1.767s] [ 78%] Built target wireless_msgs
[1.776s] [ 80%] [34m[1mGenerating Python code for ROS interfaces[0m
[2.188s] [ 80%] Built target wireless_msgs__py
[2.198s] [ 81%] [32mBuilding C object CMakeFiles/wireless_msgs__rosidl_generator_py.dir/rosidl_generator_py/wireless_msgs/msg/_connection_s.c.o[0m
[2.199s] [ 83%] [32mBuilding C object CMakeFiles/wireless_msgs__rosidl_generator_py.dir/rosidl_generator_py/wireless_msgs/msg/_scan_s.c.o[0m
[2.200s] [ 87%] [32mBuilding C object CMakeFiles/wireless_msgs__rosidl_generator_py.dir/rosidl_generator_py/wireless_msgs/msg/_quality_s.c.o[0m
[2.200s] [ 87%] [32mBuilding C object CMakeFiles/wireless_msgs__rosidl_generator_py.dir/rosidl_generator_py/wireless_msgs/msg/_network_s.c.o[0m
[2.278s] [ 89%] [32m[1mLinking C shared library rosidl_generator_py/wireless_msgs/libwireless_msgs__rosidl_generator_py.so[0m
[2.298s] [ 89%] Built target wireless_msgs__rosidl_generator_py
[2.307s] [ 90%] [32mBuilding C object CMakeFiles/wireless_msgs__rosidl_typesupport_fastrtps_c__pyext.dir/rosidl_generator_py/wireless_msgs/_wireless_msgs_s.ep.rosidl_typesupport_fastrtps_c.c.o[0m
[2.308s] [ 92%] [32mBuilding C object CMakeFiles/wireless_msgs__rosidl_typesupport_c__pyext.dir/rosidl_generator_py/wireless_msgs/_wireless_msgs_s.ep.rosidl_typesupport_c.c.o[0m
[2.308s] [ 94%] [32mBuilding C object CMakeFiles/wireless_msgs__rosidl_typesupport_introspection_c__pyext.dir/rosidl_generator_py/wireless_msgs/_wireless_msgs_s.ep.rosidl_typesupport_introspection_c.c.o[0m
[2.353s] [ 98%] [32m[1mLinking C shared library rosidl_generator_py/wireless_msgs/wireless_msgs_s__rosidl_typesupport_c.cpython-310-x86_64-linux-gnu.so[0m
[2.353s] [100%] [32m[1mLinking C shared library rosidl_generator_py/wireless_msgs/wireless_msgs_s__rosidl_typesupport_introspection_c.cpython-310-x86_64-linux-gnu.so[0m
[2.353s] [100%] [32m[1mLinking C shared library rosidl_generator_py/wireless_msgs/wireless_msgs_s__rosidl_typesupport_fastrtps_c.cpython-310-x86_64-linux-gnu.so[0m
[2.370s] [100%] Built target wireless_msgs__rosidl_typesupport_introspection_c__pyext
[2.370s] [100%] Built target wireless_msgs__rosidl_typesupport_c__pyext
[2.370s] [100%] Built target wireless_msgs__rosidl_typesupport_fastrtps_c__pyext
[2.422s] Invoked command in '/home/arpg/jackal_ws/build/wireless_msgs' returned '0': CMAKE_PREFIX_PATH=${CMAKE_PREFIX_PATH}:/home/arpg/jackal_ws/install/wireless_watcher:/opt/ros/humble /usr/bin/cmake --build /home/arpg/jackal_ws/build/wireless_msgs -- -j32 -l32
[2.465s] Invoking command in '/home/arpg/jackal_ws/build/wireless_msgs': CMAKE_PREFIX_PATH=${CMAKE_PREFIX_PATH}:/home/arpg/jackal_ws/install/wireless_watcher:/opt/ros/humble /usr/bin/cmake --install /home/arpg/jackal_ws/build/wireless_msgs
[2.469s] -- Install configuration: ""
[2.469s] -- Installing: /home/arpg/jackal_ws/install/wireless_msgs/share/ament_index/resource_index/rosidl_interfaces/wireless_msgs
[2.469s] -- Up-to-date: /home/arpg/jackal_ws/install/wireless_msgs/include/wireless_msgs/wireless_msgs
[2.469s] -- Up-to-date: /home/arpg/jackal_ws/install/wireless_msgs/include/wireless_msgs/wireless_msgs/msg
[2.469s] -- Up-to-date: /home/arpg/jackal_ws/install/wireless_msgs/include/wireless_msgs/wireless_msgs/msg/detail
[2.469s] -- Installing: /home/arpg/jackal_ws/install/wireless_msgs/include/wireless_msgs/wireless_msgs/msg/detail/connection__struct.h
[2.469s] -- Installing: /home/arpg/jackal_ws/install/wireless_msgs/include/wireless_msgs/wireless_msgs/msg/detail/network__type_support.h
[2.469s] -- Installing: /home/arpg/jackal_ws/install/wireless_msgs/include/wireless_msgs/wireless_msgs/msg/detail/scan__struct.h
[2.469s] -- Installing: /home/arpg/jackal_ws/install/wireless_msgs/include/wireless_msgs/wireless_msgs/msg/detail/connection__type_support.h
[2.469s] -- Installing: /home/arpg/jackal_ws/install/wireless_msgs/include/wireless_msgs/wireless_msgs/msg/detail/network__functions.c
[2.470s] -- Installing: /home/arpg/jackal_ws/install/wireless_msgs/include/wireless_msgs/wireless_msgs/msg/detail/quality__functions.c
[2.470s] -- Installing: /home/arpg/jackal_ws/install/wireless_msgs/include/wireless_msgs/wireless_msgs/msg/detail/scan__type_support.h
[2.470s] -- Installing: /home/arpg/jackal_ws/install/wireless_msgs/include/wireless_msgs/wireless_msgs/msg/detail/scan__functions.h
[2.470s] -- Installing: /home/arpg/jackal_ws/install/wireless_msgs/include/wireless_msgs/wireless_msgs/msg/detail/quality__functions.h
[2.470s] -- Installing: /home/arpg/jackal_ws/install/wireless_msgs/include/wireless_msgs/wireless_msgs/msg/detail/network__functions.h
[2.470s] -- Installing: /home/arpg/jackal_ws/install/wireless_msgs/include/wireless_msgs/wireless_msgs/msg/detail/connection__functions.h
[2.470s] -- Installing: /home/arpg/jackal_ws/install/wireless_msgs/include/wireless_msgs/wireless_msgs/msg/detail/quality__struct.h
[2.470s] -- Installing: /home/arpg/jackal_ws/install/wireless_msgs/include/wireless_msgs/wireless_msgs/msg/detail/scan__functions.c
[2.470s] -- Installing: /home/arpg/jackal_ws/install/wireless_msgs/include/wireless_msgs/wireless_msgs/msg/detail/connection__functions.c
[2.470s] -- Installing: /home/arpg/jackal_ws/install/wireless_msgs/include/wireless_msgs/wireless_msgs/msg/detail/quality__type_support.h
[2.470s] -- Installing: /home/arpg/jackal_ws/install/wireless_msgs/include/wireless_msgs/wireless_msgs/msg/detail/network__struct.h
[2.470s] -- Installing: /home/arpg/jackal_ws/install/wireless_msgs/include/wireless_msgs/wireless_msgs/msg/network.h
[2.470s] -- Installing: /home/arpg/jackal_ws/install/wireless_msgs/include/wireless_msgs/wireless_msgs/msg/connection.h
[2.470s] -- Installing: /home/arpg/jackal_ws/install/wireless_msgs/include/wireless_msgs/wireless_msgs/msg/scan.h
[2.470s] -- Installing: /home/arpg/jackal_ws/install/wireless_msgs/include/wireless_msgs/wireless_msgs/msg/quality.h
[2.471s] -- Installing: /home/arpg/jackal_ws/install/wireless_msgs/include/wireless_msgs/wireless_msgs/msg/rosidl_generator_c__visibility_control.h
[2.471s] -- Installing: /home/arpg/jackal_ws/install/wireless_msgs/share/wireless_msgs/environment/library_path.sh
[2.471s] -- Installing: /home/arpg/jackal_ws/install/wireless_msgs/share/wireless_msgs/environment/library_path.dsv
[2.471s] -- Installing: /home/arpg/jackal_ws/install/wireless_msgs/lib/libwireless_msgs__rosidl_generator_c.so
[2.471s] -- Set runtime path of "/home/arpg/jackal_ws/install/wireless_msgs/lib/libwireless_msgs__rosidl_generator_c.so" to ""
[2.471s] -- Up-to-date: /home/arpg/jackal_ws/install/wireless_msgs/include/wireless_msgs/wireless_msgs
[2.471s] -- Up-to-date: /home/arpg/jackal_ws/install/wireless_msgs/include/wireless_msgs/wireless_msgs/msg
[2.471s] -- Up-to-date: /home/arpg/jackal_ws/install/wireless_msgs/include/wireless_msgs/wireless_msgs/msg/detail
[2.471s] -- Installing: /home/arpg/jackal_ws/install/wireless_msgs/include/wireless_msgs/wireless_msgs/msg/detail/network__rosidl_typesupport_fastrtps_c.h
[2.471s] -- Installing: /home/arpg/jackal_ws/install/wireless_msgs/include/wireless_msgs/wireless_msgs/msg/detail/scan__rosidl_typesupport_fastrtps_c.h
[2.471s] -- Installing: /home/arpg/jackal_ws/install/wireless_msgs/include/wireless_msgs/wireless_msgs/msg/detail/connection__rosidl_typesupport_fastrtps_c.h
[2.471s] -- Installing: /home/arpg/jackal_ws/install/wireless_msgs/include/wireless_msgs/wireless_msgs/msg/detail/quality__rosidl_typesupport_fastrtps_c.h
[2.471s] -- Installing: /home/arpg/jackal_ws/install/wireless_msgs/include/wireless_msgs/wireless_msgs/msg/rosidl_typesupport_fastrtps_c__visibility_control.h
[2.471s] -- Installing: /home/arpg/jackal_ws/install/wireless_msgs/lib/libwireless_msgs__rosidl_typesupport_fastrtps_c.so
[2.472s] -- Set runtime path of "/home/arpg/jackal_ws/install/wireless_msgs/lib/libwireless_msgs__rosidl_typesupport_fastrtps_c.so" to ""
[2.472s] -- Up-to-date: /home/arpg/jackal_ws/install/wireless_msgs/include/wireless_msgs/wireless_msgs
[2.472s] -- Up-to-date: /home/arpg/jackal_ws/install/wireless_msgs/include/wireless_msgs/wireless_msgs/msg
[2.472s] -- Installing: /home/arpg/jackal_ws/install/wireless_msgs/include/wireless_msgs/wireless_msgs/msg/connection.hpp
[2.472s] -- Up-to-date: /home/arpg/jackal_ws/install/wireless_msgs/include/wireless_msgs/wireless_msgs/msg/detail
[2.472s] -- Installing: /home/arpg/jackal_ws/install/wireless_msgs/include/wireless_msgs/wireless_msgs/msg/detail/scan__builder.hpp
[2.472s] -- Installing: /home/arpg/jackal_ws/install/wireless_msgs/include/wireless_msgs/wireless_msgs/msg/detail/network__struct.hpp
[2.472s] -- Installing: /home/arpg/jackal_ws/install/wireless_msgs/include/wireless_msgs/wireless_msgs/msg/detail/scan__traits.hpp
[2.472s] -- Installing: /home/arpg/jackal_ws/install/wireless_msgs/include/wireless_msgs/wireless_msgs/msg/detail/quality__struct.hpp
[2.473s] -- Installing: /home/arpg/jackal_ws/install/wireless_msgs/include/wireless_msgs/wireless_msgs/msg/detail/quality__traits.hpp
[2.473s] -- Installing: /home/arpg/jackal_ws/install/wireless_msgs/include/wireless_msgs/wireless_msgs/msg/detail/network__builder.hpp
[2.473s] -- Installing: /home/arpg/jackal_ws/install/wireless_msgs/include/wireless_msgs/wireless_msgs/msg/detail/scan__struct.hpp
[2.473s] -- Installing: /home/arpg/jackal_ws/install/wireless_msgs/include/wireless_msgs/wireless_msgs/msg/detail/connection__struct.hpp
[2.473s] -- Installing: /home/arpg/jackal_ws/install/wireless_msgs/include/wireless_msgs/wireless_msgs/msg/detail/network__traits.hpp
[2.473s] -- Installing: /home/arpg/jackal_ws/install/wireless_msgs/include/wireless_msgs/wireless_msgs/msg/detail/quality__builder.hpp
[2.473s] -- Installing: /home/arpg/jackal_ws/install/wireless_msgs/include/wireless_msgs/wireless_msgs/msg/detail/connection__traits.hpp
[2.473s] -- Installing: /home/arpg/jackal_ws/install/wireless_msgs/include/wireless_msgs/wireless_msgs/msg/detail/connection__builder.hpp
[2.473s] -- Installing: /home/arpg/jackal_ws/install/wireless_msgs/include/wireless_msgs/wireless_msgs/msg/quality.hpp
[2.473s] -- Installing: /home/arpg/jackal_ws/install/wireless_msgs/include/wireless_msgs/wireless_msgs/msg/network.hpp
[2.473s] -- Installing: /home/arpg/jackal_ws/install/wireless_msgs/include/wireless_msgs/wireless_msgs/msg/scan.hpp
[2.473s] -- Up-to-date: /home/arpg/jackal_ws/install/wireless_msgs/include/wireless_msgs/wireless_msgs
[2.473s] -- Up-to-date: /home/arpg/jackal_ws/install/wireless_msgs/include/wireless_msgs/wireless_msgs/msg
[2.473s] -- Up-to-date: /home/arpg/jackal_ws/install/wireless_msgs/include/wireless_msgs/wireless_msgs/msg/detail
[2.473s] -- Installing: /home/arpg/jackal_ws/install/wireless_msgs/include/wireless_msgs/wireless_msgs/msg/detail/network__rosidl_typesupport_fastrtps_cpp.hpp
[2.473s] -- Installing: /home/arpg/jackal_ws/install/wireless_msgs/include/wireless_msgs/wireless_msgs/msg/detail/scan__rosidl_typesupport_fastrtps_cpp.hpp
[2.473s] -- Installing: /home/arpg/jackal_ws/install/wireless_msgs/include/wireless_msgs/wireless_msgs/msg/detail/connection__rosidl_typesupport_fastrtps_cpp.hpp
[2.473s] -- Installing: /home/arpg/jackal_ws/install/wireless_msgs/include/wireless_msgs/wireless_msgs/msg/detail/quality__rosidl_typesupport_fastrtps_cpp.hpp
[2.473s] -- Up-to-date: /home/arpg/jackal_ws/install/wireless_msgs/include/wireless_msgs/wireless_msgs/msg/detail/dds_fastrtps
[2.474s] -- Installing: /home/arpg/jackal_ws/install/wireless_msgs/include/wireless_msgs/wireless_msgs/msg/rosidl_typesupport_fastrtps_cpp__visibility_control.h
[2.474s] -- Installing: /home/arpg/jackal_ws/install/wireless_msgs/lib/libwireless_msgs__rosidl_typesupport_fastrtps_cpp.so
[2.474s] -- Set runtime path of "/home/arpg/jackal_ws/install/wireless_msgs/lib/libwireless_msgs__rosidl_typesupport_fastrtps_cpp.so" to ""
[2.474s] -- Up-to-date: /home/arpg/jackal_ws/install/wireless_msgs/include/wireless_msgs/wireless_msgs
[2.474s] -- Up-to-date: /home/arpg/jackal_ws/install/wireless_msgs/include/wireless_msgs/wireless_msgs/msg
[2.474s] -- Installing: /home/arpg/jackal_ws/install/wireless_msgs/include/wireless_msgs/wireless_msgs/msg/rosidl_typesupport_introspection_c__visibility_control.h
[2.474s] -- Up-to-date: /home/arpg/jackal_ws/install/wireless_msgs/include/wireless_msgs/wireless_msgs/msg/detail
[2.474s] -- Installing: /home/arpg/jackal_ws/install/wireless_msgs/include/wireless_msgs/wireless_msgs/msg/detail/quality__rosidl_typesupport_introspection_c.h
[2.474s] -- Installing: /home/arpg/jackal_ws/install/wireless_msgs/include/wireless_msgs/wireless_msgs/msg/detail/network__rosidl_typesupport_introspection_c.h
[2.474s] -- Installing: /home/arpg/jackal_ws/install/wireless_msgs/include/wireless_msgs/wireless_msgs/msg/detail/network__type_support.c
[2.474s] -- Installing: /home/arpg/jackal_ws/install/wireless_msgs/include/wireless_msgs/wireless_msgs/msg/detail/quality__type_support.c
[2.474s] -- Installing: /home/arpg/jackal_ws/install/wireless_msgs/include/wireless_msgs/wireless_msgs/msg/detail/scan__rosidl_typesupport_introspection_c.h
[2.474s] -- Installing: /home/arpg/jackal_ws/install/wireless_msgs/include/wireless_msgs/wireless_msgs/msg/detail/scan__type_support.c
[2.474s] -- Installing: /home/arpg/jackal_ws/install/wireless_msgs/include/wireless_msgs/wireless_msgs/msg/detail/connection__type_support.c
[2.474s] -- Installing: /home/arpg/jackal_ws/install/wireless_msgs/include/wireless_msgs/wireless_msgs/msg/detail/connection__rosidl_typesupport_introspection_c.h
[2.474s] -- Installing: /home/arpg/jackal_ws/install/wireless_msgs/lib/libwireless_msgs__rosidl_typesupport_introspection_c.so
[2.474s] -- Set runtime path of "/home/arpg/jackal_ws/install/wireless_msgs/lib/libwireless_msgs__rosidl_typesupport_introspection_c.so" to ""
[2.474s] -- Installing: /home/arpg/jackal_ws/install/wireless_msgs/lib/libwireless_msgs__rosidl_typesupport_c.so
[2.474s] -- Set runtime path of "/home/arpg/jackal_ws/install/wireless_msgs/lib/libwireless_msgs__rosidl_typesupport_c.so" to ""
[2.474s] -- Up-to-date: /home/arpg/jackal_ws/install/wireless_msgs/include/wireless_msgs/wireless_msgs
[2.474s] -- Up-to-date: /home/arpg/jackal_ws/install/wireless_msgs/include/wireless_msgs/wireless_msgs/msg
[2.474s] -- Up-to-date: /home/arpg/jackal_ws/install/wireless_msgs/include/wireless_msgs/wireless_msgs/msg/detail
[2.474s] -- Installing: /home/arpg/jackal_ws/install/wireless_msgs/include/wireless_msgs/wireless_msgs/msg/detail/network__type_support.cpp
[2.474s] -- Installing: /home/arpg/jackal_ws/install/wireless_msgs/include/wireless_msgs/wireless_msgs/msg/detail/quality__rosidl_typesupport_introspection_cpp.hpp
[2.474s] -- Installing: /home/arpg/jackal_ws/install/wireless_msgs/include/wireless_msgs/wireless_msgs/msg/detail/connection__rosidl_typesupport_introspection_cpp.hpp
[2.474s] -- Installing: /home/arpg/jackal_ws/install/wireless_msgs/include/wireless_msgs/wireless_msgs/msg/detail/scan__type_support.cpp
[2.474s] -- Installing: /home/arpg/jackal_ws/install/wireless_msgs/include/wireless_msgs/wireless_msgs/msg/detail/quality__type_support.cpp
[2.474s] -- Installing: /home/arpg/jackal_ws/install/wireless_msgs/include/wireless_msgs/wireless_msgs/msg/detail/connection__type_support.cpp
[2.474s] -- Installing: /home/arpg/jackal_ws/install/wireless_msgs/include/wireless_msgs/wireless_msgs/msg/detail/scan__rosidl_typesupport_introspection_cpp.hpp
[2.474s] -- Installing: /home/arpg/jackal_ws/install/wireless_msgs/include/wireless_msgs/wireless_msgs/msg/detail/network__rosidl_typesupport_introspection_cpp.hpp
[2.474s] -- Installing: /home/arpg/jackal_ws/install/wireless_msgs/lib/libwireless_msgs__rosidl_typesupport_introspection_cpp.so
[2.474s] -- Set runtime path of "/home/arpg/jackal_ws/install/wireless_msgs/lib/libwireless_msgs__rosidl_typesupport_introspection_cpp.so" to ""
[2.474s] -- Installing: /home/arpg/jackal_ws/install/wireless_msgs/lib/libwireless_msgs__rosidl_typesupport_cpp.so
[2.474s] -- Set runtime path of "/home/arpg/jackal_ws/install/wireless_msgs/lib/libwireless_msgs__rosidl_typesupport_cpp.so" to ""
[2.474s] -- Installing: /home/arpg/jackal_ws/install/wireless_msgs/share/wireless_msgs/environment/pythonpath.sh
[2.474s] -- Installing: /home/arpg/jackal_ws/install/wireless_msgs/share/wireless_msgs/environment/pythonpath.dsv
[2.474s] -- Up-to-date: /home/arpg/jackal_ws/install/wireless_msgs/local/lib/python3.10/dist-packages/wireless_msgs-1.0.1-py3.10.egg-info
[2.474s] -- Installing: /home/arpg/jackal_ws/install/wireless_msgs/local/lib/python3.10/dist-packages/wireless_msgs-1.0.1-py3.10.egg-info/PKG-INFO
[2.474s] -- Installing: /home/arpg/jackal_ws/install/wireless_msgs/local/lib/python3.10/dist-packages/wireless_msgs-1.0.1-py3.10.egg-info/SOURCES.txt
[2.474s] -- Installing: /home/arpg/jackal_ws/install/wireless_msgs/local/lib/python3.10/dist-packages/wireless_msgs-1.0.1-py3.10.egg-info/top_level.txt
[2.474s] -- Installing: /home/arpg/jackal_ws/install/wireless_msgs/local/lib/python3.10/dist-packages/wireless_msgs-1.0.1-py3.10.egg-info/dependency_links.txt
[2.474s] -- Up-to-date: /home/arpg/jackal_ws/install/wireless_msgs/local/lib/python3.10/dist-packages/wireless_msgs
[2.474s] -- Installing: /home/arpg/jackal_ws/install/wireless_msgs/local/lib/python3.10/dist-packages/wireless_msgs/_wireless_msgs_s.ep.rosidl_typesupport_fastrtps_c.c
[2.474s] -- Installing: /home/arpg/jackal_ws/install/wireless_msgs/local/lib/python3.10/dist-packages/wireless_msgs/_wireless_msgs_s.ep.rosidl_typesupport_introspection_c.c
[2.474s] -- Installing: /home/arpg/jackal_ws/install/wireless_msgs/local/lib/python3.10/dist-packages/wireless_msgs/wireless_msgs_s__rosidl_typesupport_c.cpython-310-x86_64-linux-gnu.so
[2.474s] -- Installing: /home/arpg/jackal_ws/install/wireless_msgs/local/lib/python3.10/dist-packages/wireless_msgs/libwireless_msgs__rosidl_generator_py.so
[2.474s] -- Installing: /home/arpg/jackal_ws/install/wireless_msgs/local/lib/python3.10/dist-packages/wireless_msgs/__init__.py
[2.474s] -- Up-to-date: /home/arpg/jackal_ws/install/wireless_msgs/local/lib/python3.10/dist-packages/wireless_msgs/msg
[2.475s] -- Installing: /home/arpg/jackal_ws/install/wireless_msgs/local/lib/python3.10/dist-packages/wireless_msgs/msg/_connection_s.c
[2.475s] -- Installing: /home/arpg/jackal_ws/install/wireless_msgs/local/lib/python3.10/dist-packages/wireless_msgs/msg/_scan.py
[2.475s] -- Installing: /home/arpg/jackal_ws/install/wireless_msgs/local/lib/python3.10/dist-packages/wireless_msgs/msg/_quality.py
[2.475s] -- Installing: /home/arpg/jackal_ws/install/wireless_msgs/local/lib/python3.10/dist-packages/wireless_msgs/msg/_network.py
[2.475s] -- Installing: /home/arpg/jackal_ws/install/wireless_msgs/local/lib/python3.10/dist-packages/wireless_msgs/msg/_network_s.c
[2.475s] -- Installing: /home/arpg/jackal_ws/install/wireless_msgs/local/lib/python3.10/dist-packages/wireless_msgs/msg/__init__.py
[2.475s] -- Installing: /home/arpg/jackal_ws/install/wireless_msgs/local/lib/python3.10/dist-packages/wireless_msgs/msg/_quality_s.c
[2.475s] -- Installing: /home/arpg/jackal_ws/install/wireless_msgs/local/lib/python3.10/dist-packages/wireless_msgs/msg/_scan_s.c
[2.475s] -- Installing: /home/arpg/jackal_ws/install/wireless_msgs/local/lib/python3.10/dist-packages/wireless_msgs/msg/_connection.py
[2.475s] -- Installing: /home/arpg/jackal_ws/install/wireless_msgs/local/lib/python3.10/dist-packages/wireless_msgs/wireless_msgs_s__rosidl_typesupport_introspection_c.cpython-310-x86_64-linux-gnu.so
[2.475s] -- Installing: /home/arpg/jackal_ws/install/wireless_msgs/local/lib/python3.10/dist-packages/wireless_msgs/_wireless_msgs_s.ep.rosidl_typesupport_c.c
[2.475s] -- Installing: /home/arpg/jackal_ws/install/wireless_msgs/local/lib/python3.10/dist-packages/wireless_msgs/wireless_msgs_s__rosidl_typesupport_fastrtps_c.cpython-310-x86_64-linux-gnu.so
[2.492s] Listing '/home/arpg/jackal_ws/install/wireless_msgs/local/lib/python3.10/dist-packages/wireless_msgs'...
[2.492s] Compiling '/home/arpg/jackal_ws/install/wireless_msgs/local/lib/python3.10/dist-packages/wireless_msgs/__init__.py'...
[2.492s] Listing '/home/arpg/jackal_ws/install/wireless_msgs/local/lib/python3.10/dist-packages/wireless_msgs/msg'...
[2.492s] Compiling '/home/arpg/jackal_ws/install/wireless_msgs/local/lib/python3.10/dist-packages/wireless_msgs/msg/__init__.py'...
[2.492s] Compiling '/home/arpg/jackal_ws/install/wireless_msgs/local/lib/python3.10/dist-packages/wireless_msgs/msg/_connection.py'...
[2.492s] Compiling '/home/arpg/jackal_ws/install/wireless_msgs/local/lib/python3.10/dist-packages/wireless_msgs/msg/_network.py'...
[2.492s] Compiling '/home/arpg/jackal_ws/install/wireless_msgs/local/lib/python3.10/dist-packages/wireless_msgs/msg/_quality.py'...
[2.492s] Compiling '/home/arpg/jackal_ws/install/wireless_msgs/local/lib/python3.10/dist-packages/wireless_msgs/msg/_scan.py'...
[2.494s] -- Installing: /home/arpg/jackal_ws/install/wireless_msgs/local/lib/python3.10/dist-packages/wireless_msgs/wireless_msgs_s__rosidl_typesupport_fastrtps_c.cpython-310-x86_64-linux-gnu.so
[2.494s] -- Set runtime path of "/home/arpg/jackal_ws/install/wireless_msgs/local/lib/python3.10/dist-packages/wireless_msgs/wireless_msgs_s__rosidl_typesupport_fastrtps_c.cpython-310-x86_64-linux-gnu.so" to ""
[2.494s] -- Installing: /home/arpg/jackal_ws/install/wireless_msgs/local/lib/python3.10/dist-packages/wireless_msgs/wireless_msgs_s__rosidl_typesupport_introspection_c.cpython-310-x86_64-linux-gnu.so
[2.494s] -- Set runtime path of "/home/arpg/jackal_ws/install/wireless_msgs/local/lib/python3.10/dist-packages/wireless_msgs/wireless_msgs_s__rosidl_typesupport_introspection_c.cpython-310-x86_64-linux-gnu.so" to ""
[2.494s] -- Installing: /home/arpg/jackal_ws/install/wireless_msgs/local/lib/python3.10/dist-packages/wireless_msgs/wireless_msgs_s__rosidl_typesupport_c.cpython-310-x86_64-linux-gnu.so
[2.495s] -- Set runtime path of "/home/arpg/jackal_ws/install/wireless_msgs/local/lib/python3.10/dist-packages/wireless_msgs/wireless_msgs_s__rosidl_typesupport_c.cpython-310-x86_64-linux-gnu.so" to ""
[2.495s] -- Installing: /home/arpg/jackal_ws/install/wireless_msgs/lib/libwireless_msgs__rosidl_generator_py.so
[2.495s] -- Set runtime path of "/home/arpg/jackal_ws/install/wireless_msgs/lib/libwireless_msgs__rosidl_generator_py.so" to ""
[2.495s] -- Installing: /home/arpg/jackal_ws/install/wireless_msgs/share/wireless_msgs/msg/Connection.idl
[2.495s] -- Installing: /home/arpg/jackal_ws/install/wireless_msgs/share/wireless_msgs/msg/Network.idl
[2.495s] -- Installing: /home/arpg/jackal_ws/install/wireless_msgs/share/wireless_msgs/msg/Quality.idl
[2.495s] -- Installing: /home/arpg/jackal_ws/install/wireless_msgs/share/wireless_msgs/msg/Scan.idl
[2.495s] -- Installing: /home/arpg/jackal_ws/install/wireless_msgs/share/wireless_msgs/msg/Connection.msg
[2.495s] -- Installing: /home/arpg/jackal_ws/install/wireless_msgs/share/wireless_msgs/msg/Network.msg
[2.495s] -- Installing: /home/arpg/jackal_ws/install/wireless_msgs/share/wireless_msgs/msg/Quality.msg
[2.495s] -- Installing: /home/arpg/jackal_ws/install/wireless_msgs/share/wireless_msgs/msg/Scan.msg
[2.495s] -- Installing: /home/arpg/jackal_ws/install/wireless_msgs/share/ament_index/resource_index/package_run_dependencies/wireless_msgs
[2.495s] -- Installing: /home/arpg/jackal_ws/install/wireless_msgs/share/ament_index/resource_index/parent_prefix_path/wireless_msgs
[2.495s] -- Installing: /home/arpg/jackal_ws/install/wireless_msgs/share/wireless_msgs/environment/ament_prefix_path.sh
[2.495s] -- Installing: /home/arpg/jackal_ws/install/wireless_msgs/share/wireless_msgs/environment/ament_prefix_path.dsv
[2.495s] -- Installing: /home/arpg/jackal_ws/install/wireless_msgs/share/wireless_msgs/environment/path.sh
[2.495s] -- Installing: /home/arpg/jackal_ws/install/wireless_msgs/share/wireless_msgs/environment/path.dsv
[2.495s] -- Installing: /home/arpg/jackal_ws/install/wireless_msgs/share/wireless_msgs/local_setup.bash
[2.495s] -- Installing: /home/arpg/jackal_ws/install/wireless_msgs/share/wireless_msgs/local_setup.sh
[2.495s] -- Installing: /home/arpg/jackal_ws/install/wireless_msgs/share/wireless_msgs/local_setup.zsh
[2.495s] -- Installing: /home/arpg/jackal_ws/install/wireless_msgs/share/wireless_msgs/local_setup.dsv
[2.495s] -- Installing: /home/arpg/jackal_ws/install/wireless_msgs/share/wireless_msgs/package.dsv
[2.495s] -- Installing: /home/arpg/jackal_ws/install/wireless_msgs/share/ament_index/resource_index/packages/wireless_msgs
[2.496s] -- Installing: /home/arpg/jackal_ws/install/wireless_msgs/share/wireless_msgs/cmake/export_wireless_msgs__rosidl_generator_cExport.cmake
[2.496s] -- Installing: /home/arpg/jackal_ws/install/wireless_msgs/share/wireless_msgs/cmake/export_wireless_msgs__rosidl_generator_cExport-noconfig.cmake
[2.496s] -- Installing: /home/arpg/jackal_ws/install/wireless_msgs/share/wireless_msgs/cmake/export_wireless_msgs__rosidl_typesupport_fastrtps_cExport.cmake
[2.496s] -- Installing: /home/arpg/jackal_ws/install/wireless_msgs/share/wireless_msgs/cmake/export_wireless_msgs__rosidl_typesupport_fastrtps_cExport-noconfig.cmake
[2.496s] -- Installing: /home/arpg/jackal_ws/install/wireless_msgs/share/wireless_msgs/cmake/export_wireless_msgs__rosidl_generator_cppExport.cmake
[2.496s] -- Installing: /home/arpg/jackal_ws/install/wireless_msgs/share/wireless_msgs/cmake/export_wireless_msgs__rosidl_typesupport_fastrtps_cppExport.cmake
[2.496s] -- Installing: /home/arpg/jackal_ws/install/wireless_msgs/share/wireless_msgs/cmake/export_wireless_msgs__rosidl_typesupport_fastrtps_cppExport-noconfig.cmake
[2.496s] -- Installing: /home/arpg/jackal_ws/install/wireless_msgs/share/wireless_msgs/cmake/wireless_msgs__rosidl_typesupport_introspection_cExport.cmake
[2.496s] -- Installing: /home/arpg/jackal_ws/install/wireless_msgs/share/wireless_msgs/cmake/wireless_msgs__rosidl_typesupport_introspection_cExport-noconfig.cmake
[2.496s] -- Installing: /home/arpg/jackal_ws/install/wireless_msgs/share/wireless_msgs/cmake/wireless_msgs__rosidl_typesupport_cExport.cmake
[2.496s] -- Installing: /home/arpg/jackal_ws/install/wireless_msgs/share/wireless_msgs/cmake/wireless_msgs__rosidl_typesupport_cExport-noconfig.cmake
[2.496s] -- Installing: /home/arpg/jackal_ws/install/wireless_msgs/share/wireless_msgs/cmake/wireless_msgs__rosidl_typesupport_introspection_cppExport.cmake
[2.496s] -- Installing: /home/arpg/jackal_ws/install/wireless_msgs/share/wireless_msgs/cmake/wireless_msgs__rosidl_typesupport_introspection_cppExport-noconfig.cmake
[2.496s] -- Installing: /home/arpg/jackal_ws/install/wireless_msgs/share/wireless_msgs/cmake/wireless_msgs__rosidl_typesupport_cppExport.cmake
[2.496s] -- Installing: /home/arpg/jackal_ws/install/wireless_msgs/share/wireless_msgs/cmake/wireless_msgs__rosidl_typesupport_cppExport-noconfig.cmake
[2.496s] -- Installing: /home/arpg/jackal_ws/install/wireless_msgs/share/wireless_msgs/cmake/export_wireless_msgs__rosidl_generator_pyExport.cmake
[2.496s] -- Installing: /home/arpg/jackal_ws/install/wireless_msgs/share/wireless_msgs/cmake/export_wireless_msgs__rosidl_generator_pyExport-noconfig.cmake
[2.496s] -- Installing: /home/arpg/jackal_ws/install/wireless_msgs/share/wireless_msgs/cmake/rosidl_cmake-extras.cmake
[2.496s] -- Installing: /home/arpg/jackal_ws/install/wireless_msgs/share/wireless_msgs/cmake/ament_cmake_export_dependencies-extras.cmake
[2.496s] -- Installing: /home/arpg/jackal_ws/install/wireless_msgs/share/wireless_msgs/cmake/ament_cmake_export_include_directories-extras.cmake
[2.496s] -- Installing: /home/arpg/jackal_ws/install/wireless_msgs/share/wireless_msgs/cmake/ament_cmake_export_libraries-extras.cmake
[2.497s] -- Installing: /home/arpg/jackal_ws/install/wireless_msgs/share/wireless_msgs/cmake/ament_cmake_export_targets-extras.cmake
[2.497s] -- Installing: /home/arpg/jackal_ws/install/wireless_msgs/share/wireless_msgs/cmake/rosidl_cmake_export_typesupport_targets-extras.cmake
[2.497s] -- Installing: /home/arpg/jackal_ws/install/wireless_msgs/share/wireless_msgs/cmake/rosidl_cmake_export_typesupport_libraries-extras.cmake
[2.497s] -- Installing: /home/arpg/jackal_ws/install/wireless_msgs/share/wireless_msgs/cmake/wireless_msgsConfig.cmake
[2.497s] -- Installing: /home/arpg/jackal_ws/install/wireless_msgs/share/wireless_msgs/cmake/wireless_msgsConfig-version.cmake
[2.497s] -- Installing: /home/arpg/jackal_ws/install/wireless_msgs/share/wireless_msgs/package.xml
[2.498s] Invoked command in '/home/arpg/jackal_ws/build/wireless_msgs' returned '0': CMAKE_PREFIX_PATH=${CMAKE_PREFIX_PATH}:/home/arpg/jackal_ws/install/wireless_watcher:/opt/ros/humble /usr/bin/cmake --install /home/arpg/jackal_ws/build/wireless_msgs
