-- Install configuration: ""
-- Installing: /home/arpg/jackal_ws/install/micro_ros_setup/share/micro_ros_setup/package.dsv
-- Up-to-date: /home/arpg/jackal_ws/install/micro_ros_setup/./config
-- Up-to-date: /home/arpg/jackal_ws/install/micro_ros_setup/./config/renesas_ra
-- Up-to-date: /home/arpg/jackal_ws/install/micro_ros_setup/./config/renesas_ra/list_apps.sh
-- Up-to-date: /home/arpg/jackal_ws/install/micro_ros_setup/./config/renesas_ra/dev_ros2_packages.txt
-- Up-to-date: /home/arpg/jackal_ws/install/micro_ros_setup/./config/renesas_ra/ra6m5
-- Up-to-date: /home/arpg/jackal_ws/install/micro_ros_setup/./config/renesas_ra/ra6m5/client-colcon.meta
-- Up-to-date: /home/arpg/jackal_ws/install/micro_ros_setup/./config/renesas_ra/ra6m5/flash.sh
-- Up-to-date: /home/arpg/jackal_ws/install/micro_ros_setup/./config/renesas_ra/ra6m5/client_uros_packages.repos
-- Up-to-date: /home/arpg/jackal_ws/install/micro_ros_setup/./config/renesas_ra/ra6m5/board.repos
-- Up-to-date: /home/arpg/jackal_ws/install/micro_ros_setup/./config/renesas_ra/ra6m5/build.sh
-- Up-to-date: /home/arpg/jackal_ws/install/micro_ros_setup/./config/renesas_ra/ra6m5/create.sh
-- Up-to-date: /home/arpg/jackal_ws/install/micro_ros_setup/./config/renesas_ra/ra6m5/configure.sh
-- Up-to-date: /home/arpg/jackal_ws/install/micro_ros_setup/./config/renesas_ra/dev_uros_packages.repos
-- Up-to-date: /home/arpg/jackal_ws/install/micro_ros_setup/./config/mbed
-- Up-to-date: /home/arpg/jackal_ws/install/micro_ros_setup/./config/mbed/list_apps.sh
-- Up-to-date: /home/arpg/jackal_ws/install/micro_ros_setup/./config/mbed/dev_ros2_packages.txt
-- Up-to-date: /home/arpg/jackal_ws/install/micro_ros_setup/./config/mbed/dev_uros_packages.repos
-- Up-to-date: /home/arpg/jackal_ws/install/micro_ros_setup/./config/mbed/generic
-- Up-to-date: /home/arpg/jackal_ws/install/micro_ros_setup/./config/mbed/generic/flash.sh
-- Up-to-date: /home/arpg/jackal_ws/install/micro_ros_setup/./config/mbed/generic/package.xml
-- Up-to-date: /home/arpg/jackal_ws/install/micro_ros_setup/./config/mbed/generic/client_uros_packages.repos
-- Up-to-date: /home/arpg/jackal_ws/install/micro_ros_setup/./config/mbed/generic/supported_platforms
-- Up-to-date: /home/arpg/jackal_ws/install/micro_ros_setup/./config/mbed/generic/board.repos
-- Up-to-date: /home/arpg/jackal_ws/install/micro_ros_setup/./config/mbed/generic/build.sh
-- Up-to-date: /home/arpg/jackal_ws/install/micro_ros_setup/./config/mbed/generic/create.sh
-- Up-to-date: /home/arpg/jackal_ws/install/micro_ros_setup/./config/raspbian
-- Up-to-date: /home/arpg/jackal_ws/install/micro_ros_setup/./config/raspbian/dev_ros2_packages.txt
-- Up-to-date: /home/arpg/jackal_ws/install/micro_ros_setup/./config/raspbian/dev_uros_packages.repos
-- Up-to-date: /home/arpg/jackal_ws/install/micro_ros_setup/./config/raspbian/generic
-- Up-to-date: /home/arpg/jackal_ws/install/micro_ros_setup/./config/raspbian/generic/client-colcon.meta
-- Up-to-date: /home/arpg/jackal_ws/install/micro_ros_setup/./config/raspbian/generic/flash.sh
-- Up-to-date: /home/arpg/jackal_ws/install/micro_ros_setup/./config/raspbian/generic/client_uros_packages.repos
-- Up-to-date: /home/arpg/jackal_ws/install/micro_ros_setup/./config/raspbian/generic/supported_platforms
-- Up-to-date: /home/arpg/jackal_ws/install/micro_ros_setup/./config/raspbian/generic/build.sh
-- Up-to-date: /home/arpg/jackal_ws/install/micro_ros_setup/./config/raspbian/generic/create.sh
-- Up-to-date: /home/arpg/jackal_ws/install/micro_ros_setup/./config/raspbian/generic/configure.sh
-- Up-to-date: /home/arpg/jackal_ws/install/micro_ros_setup/./config/android
-- Up-to-date: /home/arpg/jackal_ws/install/micro_ros_setup/./config/android/dev_ros2_packages.txt
-- Up-to-date: /home/arpg/jackal_ws/install/micro_ros_setup/./config/android/dev_uros_packages.repos
-- Up-to-date: /home/arpg/jackal_ws/install/micro_ros_setup/./config/android/generic
-- Up-to-date: /home/arpg/jackal_ws/install/micro_ros_setup/./config/android/generic/client-colcon.meta
-- Up-to-date: /home/arpg/jackal_ws/install/micro_ros_setup/./config/android/generic/flash.sh
-- Up-to-date: /home/arpg/jackal_ws/install/micro_ros_setup/./config/android/generic/package.xml
-- Up-to-date: /home/arpg/jackal_ws/install/micro_ros_setup/./config/android/generic/client_uros_packages.repos
-- Up-to-date: /home/arpg/jackal_ws/install/micro_ros_setup/./config/android/generic/build.sh
-- Up-to-date: /home/arpg/jackal_ws/install/micro_ros_setup/./config/android/generic/create.sh
-- Up-to-date: /home/arpg/jackal_ws/install/micro_ros_setup/./config/agent_uros_packages.repos
-- Up-to-date: /home/arpg/jackal_ws/install/micro_ros_setup/./config/client_ros2_packages.txt
-- Up-to-date: /home/arpg/jackal_ws/install/micro_ros_setup/./config/host
-- Up-to-date: /home/arpg/jackal_ws/install/micro_ros_setup/./config/host/dev_ros2_packages.txt
-- Up-to-date: /home/arpg/jackal_ws/install/micro_ros_setup/./config/host/dev_uros_packages.repos
-- Up-to-date: /home/arpg/jackal_ws/install/micro_ros_setup/./config/host/client_ros2_packages.txt
-- Up-to-date: /home/arpg/jackal_ws/install/micro_ros_setup/./config/host/generic
-- Up-to-date: /home/arpg/jackal_ws/install/micro_ros_setup/./config/host/generic/client-host-colcon.meta
-- Up-to-date: /home/arpg/jackal_ws/install/micro_ros_setup/./config/host/generic/flash.sh
-- Up-to-date: /home/arpg/jackal_ws/install/micro_ros_setup/./config/host/generic/package.xml
-- Up-to-date: /home/arpg/jackal_ws/install/micro_ros_setup/./config/host/generic/build.sh
-- Up-to-date: /home/arpg/jackal_ws/install/micro_ros_setup/./config/host/generic/client_host_packages.repos
-- Up-to-date: /home/arpg/jackal_ws/install/micro_ros_setup/./config/host/generic/create.sh
-- Up-to-date: /home/arpg/jackal_ws/install/micro_ros_setup/./config/client_uros_packages.repos
-- Up-to-date: /home/arpg/jackal_ws/install/micro_ros_setup/./config/generate_lib
-- Up-to-date: /home/arpg/jackal_ws/install/micro_ros_setup/./config/generate_lib/dev_ros2_packages.txt
-- Up-to-date: /home/arpg/jackal_ws/install/micro_ros_setup/./config/generate_lib/dev_uros_packages.repos
-- Up-to-date: /home/arpg/jackal_ws/install/micro_ros_setup/./config/generate_lib/generic
-- Up-to-date: /home/arpg/jackal_ws/install/micro_ros_setup/./config/generate_lib/generic/client-colcon.meta
-- Up-to-date: /home/arpg/jackal_ws/install/micro_ros_setup/./config/generate_lib/generic/flash.sh
-- Up-to-date: /home/arpg/jackal_ws/install/micro_ros_setup/./config/generate_lib/generic/package.xml
-- Up-to-date: /home/arpg/jackal_ws/install/micro_ros_setup/./config/generate_lib/generic/demo_toolchain.cmake
-- Up-to-date: /home/arpg/jackal_ws/install/micro_ros_setup/./config/generate_lib/generic/client_uros_packages.repos
-- Up-to-date: /home/arpg/jackal_ws/install/micro_ros_setup/./config/generate_lib/generic/build.sh
-- Up-to-date: /home/arpg/jackal_ws/install/micro_ros_setup/./config/generate_lib/generic/create.sh
-- Up-to-date: /home/arpg/jackal_ws/install/micro_ros_setup/./config/agent_ros2_packages.txt
-- Up-to-date: /home/arpg/jackal_ws/install/micro_ros_setup/./config/freertos
-- Up-to-date: /home/arpg/jackal_ws/install/micro_ros_setup/./config/freertos/list_apps.sh
-- Up-to-date: /home/arpg/jackal_ws/install/micro_ros_setup/./config/freertos/dev_ros2_packages.txt
-- Up-to-date: /home/arpg/jackal_ws/install/micro_ros_setup/./config/freertos/olimex-stm32-e407
-- Up-to-date: /home/arpg/jackal_ws/install/micro_ros_setup/./config/freertos/olimex-stm32-e407/client-colcon.meta
-- Up-to-date: /home/arpg/jackal_ws/install/micro_ros_setup/./config/freertos/olimex-stm32-e407/flash.sh
-- Up-to-date: /home/arpg/jackal_ws/install/micro_ros_setup/./config/freertos/olimex-stm32-e407/package.xml
-- Up-to-date: /home/arpg/jackal_ws/install/micro_ros_setup/./config/freertos/olimex-stm32-e407/client_uros_packages.repos
-- Up-to-date: /home/arpg/jackal_ws/install/micro_ros_setup/./config/freertos/olimex-stm32-e407/board.repos
-- Up-to-date: /home/arpg/jackal_ws/install/micro_ros_setup/./config/freertos/olimex-stm32-e407/build.sh
-- Up-to-date: /home/arpg/jackal_ws/install/micro_ros_setup/./config/freertos/olimex-stm32-e407/create.sh
-- Up-to-date: /home/arpg/jackal_ws/install/micro_ros_setup/./config/freertos/olimex-stm32-e407/configure.sh
-- Up-to-date: /home/arpg/jackal_ws/install/micro_ros_setup/./config/freertos/nucleo_f446ze
-- Up-to-date: /home/arpg/jackal_ws/install/micro_ros_setup/./config/freertos/nucleo_f446ze/client-colcon.meta
-- Up-to-date: /home/arpg/jackal_ws/install/micro_ros_setup/./config/freertos/nucleo_f446ze/flash.sh
-- Up-to-date: /home/arpg/jackal_ws/install/micro_ros_setup/./config/freertos/nucleo_f446ze/package.xml
-- Up-to-date: /home/arpg/jackal_ws/install/micro_ros_setup/./config/freertos/nucleo_f446ze/client_uros_packages.repos
-- Up-to-date: /home/arpg/jackal_ws/install/micro_ros_setup/./config/freertos/nucleo_f446ze/board.repos
-- Up-to-date: /home/arpg/jackal_ws/install/micro_ros_setup/./config/freertos/nucleo_f446ze/build.sh
-- Up-to-date: /home/arpg/jackal_ws/install/micro_ros_setup/./config/freertos/nucleo_f446ze/create.sh
-- Up-to-date: /home/arpg/jackal_ws/install/micro_ros_setup/./config/freertos/nucleo_f446ze/configure.sh
-- Up-to-date: /home/arpg/jackal_ws/install/micro_ros_setup/./config/freertos/dev_uros_packages.repos
-- Up-to-date: /home/arpg/jackal_ws/install/micro_ros_setup/./config/freertos/nucleo_f746zg
-- Up-to-date: /home/arpg/jackal_ws/install/micro_ros_setup/./config/freertos/nucleo_f746zg/client-colcon.meta
-- Up-to-date: /home/arpg/jackal_ws/install/micro_ros_setup/./config/freertos/nucleo_f746zg/flash.sh
-- Up-to-date: /home/arpg/jackal_ws/install/micro_ros_setup/./config/freertos/nucleo_f746zg/package.xml
-- Up-to-date: /home/arpg/jackal_ws/install/micro_ros_setup/./config/freertos/nucleo_f746zg/client_uros_packages.repos
-- Up-to-date: /home/arpg/jackal_ws/install/micro_ros_setup/./config/freertos/nucleo_f746zg/board.repos
-- Up-to-date: /home/arpg/jackal_ws/install/micro_ros_setup/./config/freertos/nucleo_f746zg/build.sh
-- Up-to-date: /home/arpg/jackal_ws/install/micro_ros_setup/./config/freertos/nucleo_f746zg/create.sh
-- Up-to-date: /home/arpg/jackal_ws/install/micro_ros_setup/./config/freertos/nucleo_f746zg/configure.sh
-- Up-to-date: /home/arpg/jackal_ws/install/micro_ros_setup/./config/freertos/nucleo_f767zi
-- Up-to-date: /home/arpg/jackal_ws/install/micro_ros_setup/./config/freertos/nucleo_f767zi/client-colcon.meta
-- Up-to-date: /home/arpg/jackal_ws/install/micro_ros_setup/./config/freertos/nucleo_f767zi/flash.sh
-- Up-to-date: /home/arpg/jackal_ws/install/micro_ros_setup/./config/freertos/nucleo_f767zi/package.xml
-- Up-to-date: /home/arpg/jackal_ws/install/micro_ros_setup/./config/freertos/nucleo_f767zi/client_uros_packages.repos
-- Up-to-date: /home/arpg/jackal_ws/install/micro_ros_setup/./config/freertos/nucleo_f767zi/board.repos
-- Up-to-date: /home/arpg/jackal_ws/install/micro_ros_setup/./config/freertos/nucleo_f767zi/build.sh
-- Up-to-date: /home/arpg/jackal_ws/install/micro_ros_setup/./config/freertos/nucleo_f767zi/create.sh
-- Up-to-date: /home/arpg/jackal_ws/install/micro_ros_setup/./config/freertos/nucleo_f767zi/configure.sh
-- Up-to-date: /home/arpg/jackal_ws/install/micro_ros_setup/./config/freertos/esp32
-- Up-to-date: /home/arpg/jackal_ws/install/micro_ros_setup/./config/freertos/esp32/client-colcon.meta
-- Up-to-date: /home/arpg/jackal_ws/install/micro_ros_setup/./config/freertos/esp32/flash.sh
-- Up-to-date: /home/arpg/jackal_ws/install/micro_ros_setup/./config/freertos/esp32/package.xml
-- Up-to-date: /home/arpg/jackal_ws/install/micro_ros_setup/./config/freertos/esp32/client_uros_packages.repos
-- Up-to-date: /home/arpg/jackal_ws/install/micro_ros_setup/./config/freertos/esp32/README.md
-- Up-to-date: /home/arpg/jackal_ws/install/micro_ros_setup/./config/freertos/esp32/board.repos
-- Up-to-date: /home/arpg/jackal_ws/install/micro_ros_setup/./config/freertos/esp32/build.sh
-- Up-to-date: /home/arpg/jackal_ws/install/micro_ros_setup/./config/freertos/esp32/create.sh
-- Up-to-date: /home/arpg/jackal_ws/install/micro_ros_setup/./config/freertos/esp32/configure.sh
-- Up-to-date: /home/arpg/jackal_ws/install/micro_ros_setup/./config/freertos/nucleo_f446re
-- Up-to-date: /home/arpg/jackal_ws/install/micro_ros_setup/./config/freertos/nucleo_f446re/client-colcon.meta
-- Up-to-date: /home/arpg/jackal_ws/install/micro_ros_setup/./config/freertos/nucleo_f446re/flash.sh
-- Up-to-date: /home/arpg/jackal_ws/install/micro_ros_setup/./config/freertos/nucleo_f446re/package.xml
-- Up-to-date: /home/arpg/jackal_ws/install/micro_ros_setup/./config/freertos/nucleo_f446re/client_uros_packages.repos
-- Up-to-date: /home/arpg/jackal_ws/install/micro_ros_setup/./config/freertos/nucleo_f446re/board.repos
-- Up-to-date: /home/arpg/jackal_ws/install/micro_ros_setup/./config/freertos/nucleo_f446re/build.sh
-- Up-to-date: /home/arpg/jackal_ws/install/micro_ros_setup/./config/freertos/nucleo_f446re/create.sh
-- Up-to-date: /home/arpg/jackal_ws/install/micro_ros_setup/./config/freertos/nucleo_f446re/configure.sh
-- Up-to-date: /home/arpg/jackal_ws/install/micro_ros_setup/./config/freertos/crazyflie21
-- Up-to-date: /home/arpg/jackal_ws/install/micro_ros_setup/./config/freertos/crazyflie21/client-colcon.meta
-- Up-to-date: /home/arpg/jackal_ws/install/micro_ros_setup/./config/freertos/crazyflie21/flash.sh
-- Up-to-date: /home/arpg/jackal_ws/install/micro_ros_setup/./config/freertos/crazyflie21/package.xml
-- Up-to-date: /home/arpg/jackal_ws/install/micro_ros_setup/./config/freertos/crazyflie21/client_uros_packages.repos
-- Up-to-date: /home/arpg/jackal_ws/install/micro_ros_setup/./config/freertos/crazyflie21/board.repos
-- Up-to-date: /home/arpg/jackal_ws/install/micro_ros_setup/./config/freertos/crazyflie21/build.sh
-- Up-to-date: /home/arpg/jackal_ws/install/micro_ros_setup/./config/freertos/crazyflie21/create.sh
-- Up-to-date: /home/arpg/jackal_ws/install/micro_ros_setup/./config/freertos/crazyflie21/configure.sh
-- Up-to-date: /home/arpg/jackal_ws/install/micro_ros_setup/./config/zephyr
-- Up-to-date: /home/arpg/jackal_ws/install/micro_ros_setup/./config/zephyr/list_apps.sh
-- Up-to-date: /home/arpg/jackal_ws/install/micro_ros_setup/./config/zephyr/dev_ros2_packages.txt
-- Up-to-date: /home/arpg/jackal_ws/install/micro_ros_setup/./config/zephyr/dev_uros_packages.repos
-- Up-to-date: /home/arpg/jackal_ws/install/micro_ros_setup/./config/zephyr/generic
-- Up-to-date: /home/arpg/jackal_ws/install/micro_ros_setup/./config/zephyr/generic/client-colcon.meta
-- Up-to-date: /home/arpg/jackal_ws/install/micro_ros_setup/./config/zephyr/generic/flash.sh
-- Up-to-date: /home/arpg/jackal_ws/install/micro_ros_setup/./config/zephyr/generic/package.xml
-- Up-to-date: /home/arpg/jackal_ws/install/micro_ros_setup/./config/zephyr/generic/client_uros_packages.repos
-- Up-to-date: /home/arpg/jackal_ws/install/micro_ros_setup/./config/zephyr/generic/supported_platforms
-- Up-to-date: /home/arpg/jackal_ws/install/micro_ros_setup/./config/zephyr/generic/board.repos
-- Up-to-date: /home/arpg/jackal_ws/install/micro_ros_setup/./config/zephyr/generic/build.sh
-- Up-to-date: /home/arpg/jackal_ws/install/micro_ros_setup/./config/zephyr/generic/create.sh
-- Up-to-date: /home/arpg/jackal_ws/install/micro_ros_setup/./config/zephyr/generic/configure.sh
-- Up-to-date: /home/arpg/jackal_ws/install/micro_ros_setup/./config/utils.sh
