[0.113s] Invoking command in '/home/arpg/jackal_ws/build/micro_ros_msgs': CMAKE_PREFIX_PATH=${CMAKE_PREFIX_PATH}:/home/arpg/jackal_ws/install/wireless_watcher:/opt/ros/humble /usr/bin/cmake /home/arpg/jackal_ws/src/micro_ros_msgs -DCMAKE_INSTALL_PREFIX=/home/arpg/jackal_ws/install/micro_ros_msgs
[0.140s] -- The C compiler identification is GNU 11.4.0
[0.166s] -- The CXX compiler identification is GNU 11.4.0
[0.171s] -- Detecting C compiler ABI info
[0.204s] -- Detecting C compiler ABI info - done
[0.207s] -- Check for working C compiler: /usr/bin/cc - skipped
[0.207s] -- Detecting C compile features
[0.207s] -- Detecting C compile features - done
[0.209s] -- Detecting CXX compiler ABI info
[0.246s] -- Detecting CXX compiler ABI info - done
[0.249s] -- Check for working CXX compiler: /usr/bin/c++ - skipped
[0.249s] -- Detecting CXX compile features
[0.249s] -- Detecting CXX compile features - done
[0.251s] -- Found ament_cmake: 1.3.5 (/opt/ros/humble/share/ament_cmake/cmake)
[0.332s] -- Found Python3: /usr/bin/python3.10 (found version "3.10.12") found components: Interpreter 
[0.380s] -- Found rosidl_default_generators: 1.2.0 (/opt/ros/humble/share/rosidl_default_generators/cmake)
[0.382s] -- Using all available rosidl_typesupport_c: rosidl_typesupport_fastrtps_c;rosidl_typesupport_introspection_c
[0.386s] -- Found rosidl_adapter: 3.1.5 (/opt/ros/humble/share/rosidl_adapter/cmake)
[0.407s] -- Using all available rosidl_typesupport_cpp: rosidl_typesupport_fastrtps_cpp;rosidl_typesupport_introspection_cpp
[0.425s] -- Found ament_lint_auto: 0.12.8 (/opt/ros/humble/share/ament_lint_auto/cmake)
[0.552s] -- Found ament_cmake_ros: 0.10.0 (/opt/ros/humble/share/ament_cmake_ros/cmake)
[0.632s] -- Using all available rosidl_typesupport_c: rosidl_typesupport_fastrtps_c;rosidl_typesupport_introspection_c
[0.742s] -- Using all available rosidl_typesupport_cpp: rosidl_typesupport_fastrtps_cpp;rosidl_typesupport_introspection_cpp
[0.752s] -- Found PythonInterp: /usr/bin/python3 (found suitable version "3.10.12", minimum required is "3.6") 
[0.753s] -- Found python_cmake_module: 0.10.0 (/opt/ros/humble/share/python_cmake_module/cmake)
[0.765s] -- Found PythonLibs: /usr/lib/x86_64-linux-gnu/libpython3.10.so (found suitable version "3.10.12", minimum required is "3.5") 
[0.765s] -- Using PYTHON_EXECUTABLE: /usr/bin/python3
[0.765s] -- Using PYTHON_INCLUDE_DIRS: /usr/include/python3.10
[0.765s] -- Using PYTHON_LIBRARIES: /usr/lib/x86_64-linux-gnu/libpython3.10.so
[0.775s] -- Found PythonExtra: .so  
[0.792s] -- Added test 'copyright' to check source files copyright and LICENSE
[0.794s] -- Added test 'lint_cmake' to check CMake code style
[0.795s] -- Added test 'xmllint' to check XML markup files
[0.797s] -- Configuring done
[0.808s] -- Generating done
[0.809s] -- Build files have been written to: /home/arpg/jackal_ws/build/micro_ros_msgs
[0.813s] Invoked command in '/home/arpg/jackal_ws/build/micro_ros_msgs' returned '0': CMAKE_PREFIX_PATH=${CMAKE_PREFIX_PATH}:/home/arpg/jackal_ws/install/wireless_watcher:/opt/ros/humble /usr/bin/cmake /home/arpg/jackal_ws/src/micro_ros_msgs -DCMAKE_INSTALL_PREFIX=/home/arpg/jackal_ws/install/micro_ros_msgs
[0.813s] Invoking command in '/home/arpg/jackal_ws/build/micro_ros_msgs': CMAKE_PREFIX_PATH=${CMAKE_PREFIX_PATH}:/home/arpg/jackal_ws/install/wireless_watcher:/opt/ros/humble /usr/bin/cmake --build /home/arpg/jackal_ws/build/micro_ros_msgs -- -j32 -l32
[0.830s] [  2%] [34m[1mGenerating C code for ROS interfaces[0m
[0.834s] [  4%] [34m[1mGenerating C++ code for ROS interfaces[0m
[0.837s] [  4%] Built target ament_cmake_python_copy_micro_ros_msgs
[0.938s] running egg_info
[0.938s] creating micro_ros_msgs.egg-info
[0.938s] writing micro_ros_msgs.egg-info/PKG-INFO
[0.938s] writing dependency_links to micro_ros_msgs.egg-info/dependency_links.txt
[0.938s] writing top-level names to micro_ros_msgs.egg-info/top_level.txt
[0.938s] writing manifest file 'micro_ros_msgs.egg-info/SOURCES.txt'
[0.939s] reading manifest file 'micro_ros_msgs.egg-info/SOURCES.txt'
[0.939s] writing manifest file 'micro_ros_msgs.egg-info/SOURCES.txt'
[0.952s] [  4%] Built target ament_cmake_python_build_micro_ros_msgs_egg
[0.994s] [  6%] [32mBuilding C object CMakeFiles/micro_ros_msgs__rosidl_generator_c.dir/rosidl_generator_c/micro_ros_msgs/msg/detail/graph__functions.c.o[0m
[0.996s] [ 10%] [32mBuilding C object CMakeFiles/micro_ros_msgs__rosidl_generator_c.dir/rosidl_generator_c/micro_ros_msgs/msg/detail/entity__functions.c.o[0m
[0.996s] [ 10%] [32mBuilding C object CMakeFiles/micro_ros_msgs__rosidl_generator_c.dir/rosidl_generator_c/micro_ros_msgs/msg/detail/node__functions.c.o[0m
[0.996s] [ 10%] Built target micro_ros_msgs__cpp
[1.003s] [ 17%] [34m[1mGenerating C++ introspection for ROS interfaces[0m
[1.003s] [ 17%] [34m[1mGenerating C++ type support for eProsima Fast-RTPS[0m
[1.003s] [ 17%] [34m[1mGenerating C++ type support dispatch for ROS interfaces[0m
[1.028s] [ 19%] [32m[1mLinking C shared library libmicro_ros_msgs__rosidl_generator_c.so[0m
[1.046s] [ 19%] Built target micro_ros_msgs__rosidl_generator_c
[1.054s] [ 25%] [34m[1mGenerating C introspection for ROS interfaces[0m
[1.054s] [ 25%] [34m[1mGenerating C type support dispatch for ROS interfaces[0m
[1.054s] [ 25%] [34m[1mGenerating C type support for eProsima Fast-RTPS[0m
[1.163s] [ 27%] [32mBuilding CXX object CMakeFiles/micro_ros_msgs__rosidl_typesupport_introspection_cpp.dir/rosidl_typesupport_introspection_cpp/micro_ros_msgs/msg/detail/node__type_support.cpp.o[0m
[1.164s] [ 31%] [32mBuilding CXX object CMakeFiles/micro_ros_msgs__rosidl_typesupport_introspection_cpp.dir/rosidl_typesupport_introspection_cpp/micro_ros_msgs/msg/detail/entity__type_support.cpp.o[0m
[1.164s] [ 31%] [32mBuilding CXX object CMakeFiles/micro_ros_msgs__rosidl_typesupport_introspection_cpp.dir/rosidl_typesupport_introspection_cpp/micro_ros_msgs/msg/detail/graph__type_support.cpp.o[0m
[1.194s] [ 38%] [32mBuilding CXX object CMakeFiles/micro_ros_msgs__rosidl_typesupport_cpp.dir/rosidl_typesupport_cpp/micro_ros_msgs/msg/node__type_support.cpp.o[0m
[1.194s] [ 38%] [32mBuilding CXX object CMakeFiles/micro_ros_msgs__rosidl_typesupport_cpp.dir/rosidl_typesupport_cpp/micro_ros_msgs/msg/entity__type_support.cpp.o[0m
[1.194s] [ 38%] [32mBuilding CXX object CMakeFiles/micro_ros_msgs__rosidl_typesupport_cpp.dir/rosidl_typesupport_cpp/micro_ros_msgs/msg/graph__type_support.cpp.o[0m
[1.271s] [ 40%] [32mBuilding CXX object CMakeFiles/micro_ros_msgs__rosidl_typesupport_fastrtps_cpp.dir/rosidl_typesupport_fastrtps_cpp/micro_ros_msgs/msg/detail/dds_fastrtps/entity__type_support.cpp.o[0m
[1.272s] [ 42%] [32mBuilding CXX object CMakeFiles/micro_ros_msgs__rosidl_typesupport_fastrtps_cpp.dir/rosidl_typesupport_fastrtps_cpp/micro_ros_msgs/msg/detail/dds_fastrtps/graph__type_support.cpp.o[0m
[1.272s] [ 44%] [32mBuilding CXX object CMakeFiles/micro_ros_msgs__rosidl_typesupport_fastrtps_cpp.dir/rosidl_typesupport_fastrtps_cpp/micro_ros_msgs/msg/detail/dds_fastrtps/node__type_support.cpp.o[0m
[1.293s] [ 46%] [32mBuilding CXX object CMakeFiles/micro_ros_msgs__rosidl_typesupport_c.dir/rosidl_typesupport_c/micro_ros_msgs/msg/node__type_support.cpp.o[0m
[1.294s] [ 48%] [32mBuilding CXX object CMakeFiles/micro_ros_msgs__rosidl_typesupport_c.dir/rosidl_typesupport_c/micro_ros_msgs/msg/graph__type_support.cpp.o[0m
[1.295s] [ 51%] [32mBuilding CXX object CMakeFiles/micro_ros_msgs__rosidl_typesupport_c.dir/rosidl_typesupport_c/micro_ros_msgs/msg/entity__type_support.cpp.o[0m
[1.337s] [ 53%] [32m[1mLinking CXX shared library libmicro_ros_msgs__rosidl_typesupport_c.so[0m
[1.340s] [ 57%] [32mBuilding CXX object CMakeFiles/micro_ros_msgs__rosidl_typesupport_fastrtps_c.dir/rosidl_typesupport_fastrtps_c/micro_ros_msgs/msg/detail/node__type_support_c.cpp.o[0m
[1.340s] [ 57%] [32mBuilding CXX object CMakeFiles/micro_ros_msgs__rosidl_typesupport_fastrtps_c.dir/rosidl_typesupport_fastrtps_c/micro_ros_msgs/msg/detail/graph__type_support_c.cpp.o[0m
[1.356s] [ 59%] [32mBuilding CXX object CMakeFiles/micro_ros_msgs__rosidl_typesupport_fastrtps_c.dir/rosidl_typesupport_fastrtps_c/micro_ros_msgs/msg/detail/entity__type_support_c.cpp.o[0m
[1.362s] [ 61%] [32mBuilding C object CMakeFiles/micro_ros_msgs__rosidl_typesupport_introspection_c.dir/rosidl_typesupport_introspection_c/micro_ros_msgs/msg/detail/node__type_support.c.o[0m
[1.364s] [ 63%] [32mBuilding C object CMakeFiles/micro_ros_msgs__rosidl_typesupport_introspection_c.dir/rosidl_typesupport_introspection_c/micro_ros_msgs/msg/detail/entity__type_support.c.o[0m
[1.376s] [ 63%] Built target micro_ros_msgs__rosidl_typesupport_c
[1.383s] [ 65%] [32mBuilding C object CMakeFiles/micro_ros_msgs__rosidl_typesupport_introspection_c.dir/rosidl_typesupport_introspection_c/micro_ros_msgs/msg/detail/graph__type_support.c.o[0m
[1.404s] [ 68%] [32m[1mLinking CXX shared library libmicro_ros_msgs__rosidl_typesupport_cpp.so[0m
[1.407s] [ 70%] [32m[1mLinking C shared library libmicro_ros_msgs__rosidl_typesupport_introspection_c.so[0m
[1.428s] [ 70%] Built target micro_ros_msgs__rosidl_typesupport_introspection_c
[1.456s] [ 70%] Built target micro_ros_msgs__rosidl_typesupport_cpp
[1.590s] [ 72%] [32m[1mLinking CXX shared library libmicro_ros_msgs__rosidl_typesupport_introspection_cpp.so[0m
[1.632s] [ 72%] Built target micro_ros_msgs__rosidl_typesupport_introspection_cpp
[1.635s] [ 74%] [32m[1mLinking CXX shared library libmicro_ros_msgs__rosidl_typesupport_fastrtps_c.so[0m
[1.644s] [ 76%] [32m[1mLinking CXX shared library libmicro_ros_msgs__rosidl_typesupport_fastrtps_cpp.so[0m
[1.673s] [ 76%] Built target micro_ros_msgs__rosidl_typesupport_fastrtps_c
[1.684s] [ 76%] Built target micro_ros_msgs__rosidl_typesupport_fastrtps_cpp
[1.693s] [ 76%] Built target micro_ros_msgs
[1.706s] [ 78%] [34m[1mGenerating Python code for ROS interfaces[0m
[1.964s] [ 78%] Built target micro_ros_msgs__py
[1.979s] [ 80%] [32mBuilding C object CMakeFiles/micro_ros_msgs__rosidl_generator_py.dir/rosidl_generator_py/micro_ros_msgs/msg/_node_s.c.o[0m
[1.980s] [ 82%] [32mBuilding C object CMakeFiles/micro_ros_msgs__rosidl_generator_py.dir/rosidl_generator_py/micro_ros_msgs/msg/_entity_s.c.o[0m
[1.984s] [ 85%] [32mBuilding C object CMakeFiles/micro_ros_msgs__rosidl_generator_py.dir/rosidl_generator_py/micro_ros_msgs/msg/_graph_s.c.o[0m
[2.069s] [ 87%] [32m[1mLinking C shared library rosidl_generator_py/micro_ros_msgs/libmicro_ros_msgs__rosidl_generator_py.so[0m
[2.098s] [ 87%] Built target micro_ros_msgs__rosidl_generator_py
[2.109s] [ 93%] [32mBuilding C object CMakeFiles/micro_ros_msgs__rosidl_typesupport_introspection_c__pyext.dir/rosidl_generator_py/micro_ros_msgs/_micro_ros_msgs_s.ep.rosidl_typesupport_introspection_c.c.o[0m
[2.109s] [ 93%] [32mBuilding C object CMakeFiles/micro_ros_msgs__rosidl_typesupport_fastrtps_c__pyext.dir/rosidl_generator_py/micro_ros_msgs/_micro_ros_msgs_s.ep.rosidl_typesupport_fastrtps_c.c.o[0m
[2.109s] [ 93%] [32mBuilding C object CMakeFiles/micro_ros_msgs__rosidl_typesupport_c__pyext.dir/rosidl_generator_py/micro_ros_msgs/_micro_ros_msgs_s.ep.rosidl_typesupport_c.c.o[0m
[2.160s] [ 97%] [32m[1mLinking C shared library rosidl_generator_py/micro_ros_msgs/micro_ros_msgs_s__rosidl_typesupport_c.cpython-310-x86_64-linux-gnu.so[0m
[2.160s] [ 97%] [32m[1mLinking C shared library rosidl_generator_py/micro_ros_msgs/micro_ros_msgs_s__rosidl_typesupport_fastrtps_c.cpython-310-x86_64-linux-gnu.so[0m
[2.162s] [100%] [32m[1mLinking C shared library rosidl_generator_py/micro_ros_msgs/micro_ros_msgs_s__rosidl_typesupport_introspection_c.cpython-310-x86_64-linux-gnu.so[0m
[2.178s] [100%] Built target micro_ros_msgs__rosidl_typesupport_fastrtps_c__pyext
[2.180s] [100%] Built target micro_ros_msgs__rosidl_typesupport_c__pyext
[2.180s] [100%] Built target micro_ros_msgs__rosidl_typesupport_introspection_c__pyext
[2.188s] Invoked command in '/home/arpg/jackal_ws/build/micro_ros_msgs' returned '0': CMAKE_PREFIX_PATH=${CMAKE_PREFIX_PATH}:/home/arpg/jackal_ws/install/wireless_watcher:/opt/ros/humble /usr/bin/cmake --build /home/arpg/jackal_ws/build/micro_ros_msgs -- -j32 -l32
[2.242s] Invoking command in '/home/arpg/jackal_ws/build/micro_ros_msgs': CMAKE_PREFIX_PATH=${CMAKE_PREFIX_PATH}:/home/arpg/jackal_ws/install/wireless_watcher:/opt/ros/humble /usr/bin/cmake --install /home/arpg/jackal_ws/build/micro_ros_msgs
[2.247s] -- Install configuration: ""
[2.247s] -- Installing: /home/arpg/jackal_ws/install/micro_ros_msgs/share/ament_index/resource_index/rosidl_interfaces/micro_ros_msgs
[2.248s] -- Up-to-date: /home/arpg/jackal_ws/install/micro_ros_msgs/include/micro_ros_msgs/micro_ros_msgs
[2.248s] -- Up-to-date: /home/arpg/jackal_ws/install/micro_ros_msgs/include/micro_ros_msgs/micro_ros_msgs/msg
[2.248s] -- Installing: /home/arpg/jackal_ws/install/micro_ros_msgs/include/micro_ros_msgs/micro_ros_msgs/msg/entity.h
[2.248s] -- Installing: /home/arpg/jackal_ws/install/micro_ros_msgs/include/micro_ros_msgs/micro_ros_msgs/msg/graph.h
[2.248s] -- Up-to-date: /home/arpg/jackal_ws/install/micro_ros_msgs/include/micro_ros_msgs/micro_ros_msgs/msg/detail
[2.248s] -- Installing: /home/arpg/jackal_ws/install/micro_ros_msgs/include/micro_ros_msgs/micro_ros_msgs/msg/detail/entity__type_support.h
[2.248s] -- Installing: /home/arpg/jackal_ws/install/micro_ros_msgs/include/micro_ros_msgs/micro_ros_msgs/msg/detail/graph__type_support.h
[2.248s] -- Installing: /home/arpg/jackal_ws/install/micro_ros_msgs/include/micro_ros_msgs/micro_ros_msgs/msg/detail/entity__functions.h
[2.248s] -- Installing: /home/arpg/jackal_ws/install/micro_ros_msgs/include/micro_ros_msgs/micro_ros_msgs/msg/detail/entity__functions.c
[2.248s] -- Installing: /home/arpg/jackal_ws/install/micro_ros_msgs/include/micro_ros_msgs/micro_ros_msgs/msg/detail/node__functions.h
[2.248s] -- Installing: /home/arpg/jackal_ws/install/micro_ros_msgs/include/micro_ros_msgs/micro_ros_msgs/msg/detail/node__type_support.h
[2.248s] -- Installing: /home/arpg/jackal_ws/install/micro_ros_msgs/include/micro_ros_msgs/micro_ros_msgs/msg/detail/node__functions.c
[2.248s] -- Installing: /home/arpg/jackal_ws/install/micro_ros_msgs/include/micro_ros_msgs/micro_ros_msgs/msg/detail/graph__functions.h
[2.248s] -- Installing: /home/arpg/jackal_ws/install/micro_ros_msgs/include/micro_ros_msgs/micro_ros_msgs/msg/detail/node__struct.h
[2.249s] -- Installing: /home/arpg/jackal_ws/install/micro_ros_msgs/include/micro_ros_msgs/micro_ros_msgs/msg/detail/entity__struct.h
[2.249s] -- Installing: /home/arpg/jackal_ws/install/micro_ros_msgs/include/micro_ros_msgs/micro_ros_msgs/msg/detail/graph__functions.c
[2.249s] -- Installing: /home/arpg/jackal_ws/install/micro_ros_msgs/include/micro_ros_msgs/micro_ros_msgs/msg/detail/graph__struct.h
[2.249s] -- Installing: /home/arpg/jackal_ws/install/micro_ros_msgs/include/micro_ros_msgs/micro_ros_msgs/msg/rosidl_generator_c__visibility_control.h
[2.249s] -- Installing: /home/arpg/jackal_ws/install/micro_ros_msgs/include/micro_ros_msgs/micro_ros_msgs/msg/node.h
[2.249s] -- Installing: /home/arpg/jackal_ws/install/micro_ros_msgs/share/micro_ros_msgs/environment/library_path.sh
[2.249s] -- Installing: /home/arpg/jackal_ws/install/micro_ros_msgs/share/micro_ros_msgs/environment/library_path.dsv
[2.249s] -- Installing: /home/arpg/jackal_ws/install/micro_ros_msgs/lib/libmicro_ros_msgs__rosidl_generator_c.so
[2.250s] -- Set runtime path of "/home/arpg/jackal_ws/install/micro_ros_msgs/lib/libmicro_ros_msgs__rosidl_generator_c.so" to ""
[2.250s] -- Up-to-date: /home/arpg/jackal_ws/install/micro_ros_msgs/include/micro_ros_msgs/micro_ros_msgs
[2.250s] -- Up-to-date: /home/arpg/jackal_ws/install/micro_ros_msgs/include/micro_ros_msgs/micro_ros_msgs/msg
[2.250s] -- Up-to-date: /home/arpg/jackal_ws/install/micro_ros_msgs/include/micro_ros_msgs/micro_ros_msgs/msg/detail
[2.250s] -- Installing: /home/arpg/jackal_ws/install/micro_ros_msgs/include/micro_ros_msgs/micro_ros_msgs/msg/detail/entity__rosidl_typesupport_fastrtps_c.h
[2.250s] -- Installing: /home/arpg/jackal_ws/install/micro_ros_msgs/include/micro_ros_msgs/micro_ros_msgs/msg/detail/graph__rosidl_typesupport_fastrtps_c.h
[2.250s] -- Installing: /home/arpg/jackal_ws/install/micro_ros_msgs/include/micro_ros_msgs/micro_ros_msgs/msg/detail/node__rosidl_typesupport_fastrtps_c.h
[2.250s] -- Installing: /home/arpg/jackal_ws/install/micro_ros_msgs/include/micro_ros_msgs/micro_ros_msgs/msg/rosidl_typesupport_fastrtps_c__visibility_control.h
[2.250s] -- Installing: /home/arpg/jackal_ws/install/micro_ros_msgs/lib/libmicro_ros_msgs__rosidl_typesupport_fastrtps_c.so
[2.250s] -- Set runtime path of "/home/arpg/jackal_ws/install/micro_ros_msgs/lib/libmicro_ros_msgs__rosidl_typesupport_fastrtps_c.so" to ""
[2.250s] -- Up-to-date: /home/arpg/jackal_ws/install/micro_ros_msgs/include/micro_ros_msgs/micro_ros_msgs
[2.250s] -- Up-to-date: /home/arpg/jackal_ws/install/micro_ros_msgs/include/micro_ros_msgs/micro_ros_msgs/msg
[2.251s] -- Installing: /home/arpg/jackal_ws/install/micro_ros_msgs/include/micro_ros_msgs/micro_ros_msgs/msg/rosidl_typesupport_introspection_c__visibility_control.h
[2.251s] -- Up-to-date: /home/arpg/jackal_ws/install/micro_ros_msgs/include/micro_ros_msgs/micro_ros_msgs/msg/detail
[2.251s] -- Installing: /home/arpg/jackal_ws/install/micro_ros_msgs/include/micro_ros_msgs/micro_ros_msgs/msg/detail/node__rosidl_typesupport_introspection_c.h
[2.251s] -- Installing: /home/arpg/jackal_ws/install/micro_ros_msgs/include/micro_ros_msgs/micro_ros_msgs/msg/detail/graph__type_support.c
[2.251s] -- Installing: /home/arpg/jackal_ws/install/micro_ros_msgs/include/micro_ros_msgs/micro_ros_msgs/msg/detail/entity__rosidl_typesupport_introspection_c.h
[2.251s] -- Installing: /home/arpg/jackal_ws/install/micro_ros_msgs/include/micro_ros_msgs/micro_ros_msgs/msg/detail/node__type_support.c
[2.251s] -- Installing: /home/arpg/jackal_ws/install/micro_ros_msgs/include/micro_ros_msgs/micro_ros_msgs/msg/detail/graph__rosidl_typesupport_introspection_c.h
[2.251s] -- Installing: /home/arpg/jackal_ws/install/micro_ros_msgs/include/micro_ros_msgs/micro_ros_msgs/msg/detail/entity__type_support.c
[2.251s] -- Installing: /home/arpg/jackal_ws/install/micro_ros_msgs/lib/libmicro_ros_msgs__rosidl_typesupport_introspection_c.so
[2.252s] -- Set runtime path of "/home/arpg/jackal_ws/install/micro_ros_msgs/lib/libmicro_ros_msgs__rosidl_typesupport_introspection_c.so" to ""
[2.252s] -- Installing: /home/arpg/jackal_ws/install/micro_ros_msgs/lib/libmicro_ros_msgs__rosidl_typesupport_c.so
[2.252s] -- Set runtime path of "/home/arpg/jackal_ws/install/micro_ros_msgs/lib/libmicro_ros_msgs__rosidl_typesupport_c.so" to ""
[2.252s] -- Up-to-date: /home/arpg/jackal_ws/install/micro_ros_msgs/include/micro_ros_msgs/micro_ros_msgs
[2.252s] -- Up-to-date: /home/arpg/jackal_ws/install/micro_ros_msgs/include/micro_ros_msgs/micro_ros_msgs/msg
[2.252s] -- Installing: /home/arpg/jackal_ws/install/micro_ros_msgs/include/micro_ros_msgs/micro_ros_msgs/msg/node.hpp
[2.252s] -- Installing: /home/arpg/jackal_ws/install/micro_ros_msgs/include/micro_ros_msgs/micro_ros_msgs/msg/graph.hpp
[2.252s] -- Up-to-date: /home/arpg/jackal_ws/install/micro_ros_msgs/include/micro_ros_msgs/micro_ros_msgs/msg/detail
[2.252s] -- Installing: /home/arpg/jackal_ws/install/micro_ros_msgs/include/micro_ros_msgs/micro_ros_msgs/msg/detail/graph__struct.hpp
[2.252s] -- Installing: /home/arpg/jackal_ws/install/micro_ros_msgs/include/micro_ros_msgs/micro_ros_msgs/msg/detail/graph__builder.hpp
[2.252s] -- Installing: /home/arpg/jackal_ws/install/micro_ros_msgs/include/micro_ros_msgs/micro_ros_msgs/msg/detail/node__builder.hpp
[2.252s] -- Installing: /home/arpg/jackal_ws/install/micro_ros_msgs/include/micro_ros_msgs/micro_ros_msgs/msg/detail/node__struct.hpp
[2.253s] -- Installing: /home/arpg/jackal_ws/install/micro_ros_msgs/include/micro_ros_msgs/micro_ros_msgs/msg/detail/node__traits.hpp
[2.253s] -- Installing: /home/arpg/jackal_ws/install/micro_ros_msgs/include/micro_ros_msgs/micro_ros_msgs/msg/detail/entity__builder.hpp
[2.253s] -- Installing: /home/arpg/jackal_ws/install/micro_ros_msgs/include/micro_ros_msgs/micro_ros_msgs/msg/detail/graph__traits.hpp
[2.253s] -- Installing: /home/arpg/jackal_ws/install/micro_ros_msgs/include/micro_ros_msgs/micro_ros_msgs/msg/detail/entity__traits.hpp
[2.253s] -- Installing: /home/arpg/jackal_ws/install/micro_ros_msgs/include/micro_ros_msgs/micro_ros_msgs/msg/detail/entity__struct.hpp
[2.253s] -- Installing: /home/arpg/jackal_ws/install/micro_ros_msgs/include/micro_ros_msgs/micro_ros_msgs/msg/entity.hpp
[2.253s] -- Up-to-date: /home/arpg/jackal_ws/install/micro_ros_msgs/include/micro_ros_msgs/micro_ros_msgs
[2.253s] -- Up-to-date: /home/arpg/jackal_ws/install/micro_ros_msgs/include/micro_ros_msgs/micro_ros_msgs/msg
[2.253s] -- Up-to-date: /home/arpg/jackal_ws/install/micro_ros_msgs/include/micro_ros_msgs/micro_ros_msgs/msg/detail
[2.253s] -- Installing: /home/arpg/jackal_ws/install/micro_ros_msgs/include/micro_ros_msgs/micro_ros_msgs/msg/detail/node__rosidl_typesupport_fastrtps_cpp.hpp
[2.253s] -- Installing: /home/arpg/jackal_ws/install/micro_ros_msgs/include/micro_ros_msgs/micro_ros_msgs/msg/detail/entity__rosidl_typesupport_fastrtps_cpp.hpp
[2.253s] -- Installing: /home/arpg/jackal_ws/install/micro_ros_msgs/include/micro_ros_msgs/micro_ros_msgs/msg/detail/graph__rosidl_typesupport_fastrtps_cpp.hpp
[2.253s] -- Up-to-date: /home/arpg/jackal_ws/install/micro_ros_msgs/include/micro_ros_msgs/micro_ros_msgs/msg/detail/dds_fastrtps
[2.253s] -- Installing: /home/arpg/jackal_ws/install/micro_ros_msgs/include/micro_ros_msgs/micro_ros_msgs/msg/rosidl_typesupport_fastrtps_cpp__visibility_control.h
[2.253s] -- Installing: /home/arpg/jackal_ws/install/micro_ros_msgs/lib/libmicro_ros_msgs__rosidl_typesupport_fastrtps_cpp.so
[2.254s] -- Set runtime path of "/home/arpg/jackal_ws/install/micro_ros_msgs/lib/libmicro_ros_msgs__rosidl_typesupport_fastrtps_cpp.so" to ""
[2.254s] -- Up-to-date: /home/arpg/jackal_ws/install/micro_ros_msgs/include/micro_ros_msgs/micro_ros_msgs
[2.254s] -- Up-to-date: /home/arpg/jackal_ws/install/micro_ros_msgs/include/micro_ros_msgs/micro_ros_msgs/msg
[2.254s] -- Up-to-date: /home/arpg/jackal_ws/install/micro_ros_msgs/include/micro_ros_msgs/micro_ros_msgs/msg/detail
[2.254s] -- Installing: /home/arpg/jackal_ws/install/micro_ros_msgs/include/micro_ros_msgs/micro_ros_msgs/msg/detail/entity__rosidl_typesupport_introspection_cpp.hpp
[2.254s] -- Installing: /home/arpg/jackal_ws/install/micro_ros_msgs/include/micro_ros_msgs/micro_ros_msgs/msg/detail/node__type_support.cpp
[2.254s] -- Installing: /home/arpg/jackal_ws/install/micro_ros_msgs/include/micro_ros_msgs/micro_ros_msgs/msg/detail/entity__type_support.cpp
[2.254s] -- Installing: /home/arpg/jackal_ws/install/micro_ros_msgs/include/micro_ros_msgs/micro_ros_msgs/msg/detail/graph__rosidl_typesupport_introspection_cpp.hpp
[2.254s] -- Installing: /home/arpg/jackal_ws/install/micro_ros_msgs/include/micro_ros_msgs/micro_ros_msgs/msg/detail/graph__type_support.cpp
[2.254s] -- Installing: /home/arpg/jackal_ws/install/micro_ros_msgs/include/micro_ros_msgs/micro_ros_msgs/msg/detail/node__rosidl_typesupport_introspection_cpp.hpp
[2.254s] -- Installing: /home/arpg/jackal_ws/install/micro_ros_msgs/lib/libmicro_ros_msgs__rosidl_typesupport_introspection_cpp.so
[2.255s] -- Set runtime path of "/home/arpg/jackal_ws/install/micro_ros_msgs/lib/libmicro_ros_msgs__rosidl_typesupport_introspection_cpp.so" to ""
[2.255s] -- Installing: /home/arpg/jackal_ws/install/micro_ros_msgs/lib/libmicro_ros_msgs__rosidl_typesupport_cpp.so
[2.255s] -- Set runtime path of "/home/arpg/jackal_ws/install/micro_ros_msgs/lib/libmicro_ros_msgs__rosidl_typesupport_cpp.so" to ""
[2.255s] -- Installing: /home/arpg/jackal_ws/install/micro_ros_msgs/share/micro_ros_msgs/environment/pythonpath.sh
[2.255s] -- Installing: /home/arpg/jackal_ws/install/micro_ros_msgs/share/micro_ros_msgs/environment/pythonpath.dsv
[2.255s] -- Up-to-date: /home/arpg/jackal_ws/install/micro_ros_msgs/local/lib/python3.10/dist-packages/micro_ros_msgs-4.0.0-py3.10.egg-info
[2.255s] -- Installing: /home/arpg/jackal_ws/install/micro_ros_msgs/local/lib/python3.10/dist-packages/micro_ros_msgs-4.0.0-py3.10.egg-info/PKG-INFO
[2.255s] -- Installing: /home/arpg/jackal_ws/install/micro_ros_msgs/local/lib/python3.10/dist-packages/micro_ros_msgs-4.0.0-py3.10.egg-info/SOURCES.txt
[2.255s] -- Installing: /home/arpg/jackal_ws/install/micro_ros_msgs/local/lib/python3.10/dist-packages/micro_ros_msgs-4.0.0-py3.10.egg-info/top_level.txt
[2.256s] -- Installing: /home/arpg/jackal_ws/install/micro_ros_msgs/local/lib/python3.10/dist-packages/micro_ros_msgs-4.0.0-py3.10.egg-info/dependency_links.txt
[2.256s] -- Up-to-date: /home/arpg/jackal_ws/install/micro_ros_msgs/local/lib/python3.10/dist-packages/micro_ros_msgs
[2.256s] -- Installing: /home/arpg/jackal_ws/install/micro_ros_msgs/local/lib/python3.10/dist-packages/micro_ros_msgs/micro_ros_msgs_s__rosidl_typesupport_c.cpython-310-x86_64-linux-gnu.so
[2.256s] -- Installing: /home/arpg/jackal_ws/install/micro_ros_msgs/local/lib/python3.10/dist-packages/micro_ros_msgs/_micro_ros_msgs_s.ep.rosidl_typesupport_introspection_c.c
[2.256s] -- Installing: /home/arpg/jackal_ws/install/micro_ros_msgs/local/lib/python3.10/dist-packages/micro_ros_msgs/_micro_ros_msgs_s.ep.rosidl_typesupport_fastrtps_c.c
[2.256s] -- Installing: /home/arpg/jackal_ws/install/micro_ros_msgs/local/lib/python3.10/dist-packages/micro_ros_msgs/micro_ros_msgs_s__rosidl_typesupport_introspection_c.cpython-310-x86_64-linux-gnu.so
[2.256s] -- Installing: /home/arpg/jackal_ws/install/micro_ros_msgs/local/lib/python3.10/dist-packages/micro_ros_msgs/__init__.py
[2.256s] -- Up-to-date: /home/arpg/jackal_ws/install/micro_ros_msgs/local/lib/python3.10/dist-packages/micro_ros_msgs/msg
[2.256s] -- Installing: /home/arpg/jackal_ws/install/micro_ros_msgs/local/lib/python3.10/dist-packages/micro_ros_msgs/msg/_graph_s.c
[2.256s] -- Installing: /home/arpg/jackal_ws/install/micro_ros_msgs/local/lib/python3.10/dist-packages/micro_ros_msgs/msg/_entity_s.c
[2.256s] -- Installing: /home/arpg/jackal_ws/install/micro_ros_msgs/local/lib/python3.10/dist-packages/micro_ros_msgs/msg/_node.py
[2.256s] -- Installing: /home/arpg/jackal_ws/install/micro_ros_msgs/local/lib/python3.10/dist-packages/micro_ros_msgs/msg/_graph.py
[2.256s] -- Installing: /home/arpg/jackal_ws/install/micro_ros_msgs/local/lib/python3.10/dist-packages/micro_ros_msgs/msg/_entity.py
[2.256s] -- Installing: /home/arpg/jackal_ws/install/micro_ros_msgs/local/lib/python3.10/dist-packages/micro_ros_msgs/msg/__init__.py
[2.256s] -- Installing: /home/arpg/jackal_ws/install/micro_ros_msgs/local/lib/python3.10/dist-packages/micro_ros_msgs/msg/_node_s.c
[2.257s] -- Installing: /home/arpg/jackal_ws/install/micro_ros_msgs/local/lib/python3.10/dist-packages/micro_ros_msgs/micro_ros_msgs_s__rosidl_typesupport_fastrtps_c.cpython-310-x86_64-linux-gnu.so
[2.257s] -- Installing: /home/arpg/jackal_ws/install/micro_ros_msgs/local/lib/python3.10/dist-packages/micro_ros_msgs/libmicro_ros_msgs__rosidl_generator_py.so
[2.257s] -- Installing: /home/arpg/jackal_ws/install/micro_ros_msgs/local/lib/python3.10/dist-packages/micro_ros_msgs/_micro_ros_msgs_s.ep.rosidl_typesupport_c.c
[2.288s] Listing '/home/arpg/jackal_ws/install/micro_ros_msgs/local/lib/python3.10/dist-packages/micro_ros_msgs'...
[2.288s] Compiling '/home/arpg/jackal_ws/install/micro_ros_msgs/local/lib/python3.10/dist-packages/micro_ros_msgs/__init__.py'...
[2.288s] Listing '/home/arpg/jackal_ws/install/micro_ros_msgs/local/lib/python3.10/dist-packages/micro_ros_msgs/msg'...
[2.288s] Compiling '/home/arpg/jackal_ws/install/micro_ros_msgs/local/lib/python3.10/dist-packages/micro_ros_msgs/msg/__init__.py'...
[2.288s] Compiling '/home/arpg/jackal_ws/install/micro_ros_msgs/local/lib/python3.10/dist-packages/micro_ros_msgs/msg/_entity.py'...
[2.288s] Compiling '/home/arpg/jackal_ws/install/micro_ros_msgs/local/lib/python3.10/dist-packages/micro_ros_msgs/msg/_graph.py'...
[2.288s] Compiling '/home/arpg/jackal_ws/install/micro_ros_msgs/local/lib/python3.10/dist-packages/micro_ros_msgs/msg/_node.py'...
[2.290s] -- Installing: /home/arpg/jackal_ws/install/micro_ros_msgs/local/lib/python3.10/dist-packages/micro_ros_msgs/micro_ros_msgs_s__rosidl_typesupport_fastrtps_c.cpython-310-x86_64-linux-gnu.so
[2.290s] -- Set runtime path of "/home/arpg/jackal_ws/install/micro_ros_msgs/local/lib/python3.10/dist-packages/micro_ros_msgs/micro_ros_msgs_s__rosidl_typesupport_fastrtps_c.cpython-310-x86_64-linux-gnu.so" to ""
[2.290s] -- Installing: /home/arpg/jackal_ws/install/micro_ros_msgs/local/lib/python3.10/dist-packages/micro_ros_msgs/micro_ros_msgs_s__rosidl_typesupport_introspection_c.cpython-310-x86_64-linux-gnu.so
[2.291s] -- Set runtime path of "/home/arpg/jackal_ws/install/micro_ros_msgs/local/lib/python3.10/dist-packages/micro_ros_msgs/micro_ros_msgs_s__rosidl_typesupport_introspection_c.cpython-310-x86_64-linux-gnu.so" to ""
[2.291s] -- Installing: /home/arpg/jackal_ws/install/micro_ros_msgs/local/lib/python3.10/dist-packages/micro_ros_msgs/micro_ros_msgs_s__rosidl_typesupport_c.cpython-310-x86_64-linux-gnu.so
[2.291s] -- Set runtime path of "/home/arpg/jackal_ws/install/micro_ros_msgs/local/lib/python3.10/dist-packages/micro_ros_msgs/micro_ros_msgs_s__rosidl_typesupport_c.cpython-310-x86_64-linux-gnu.so" to ""
[2.291s] -- Installing: /home/arpg/jackal_ws/install/micro_ros_msgs/lib/libmicro_ros_msgs__rosidl_generator_py.so
[2.291s] -- Set runtime path of "/home/arpg/jackal_ws/install/micro_ros_msgs/lib/libmicro_ros_msgs__rosidl_generator_py.so" to ""
[2.291s] -- Installing: /home/arpg/jackal_ws/install/micro_ros_msgs/share/micro_ros_msgs/msg/Graph.idl
[2.291s] -- Installing: /home/arpg/jackal_ws/install/micro_ros_msgs/share/micro_ros_msgs/msg/Node.idl
[2.291s] -- Installing: /home/arpg/jackal_ws/install/micro_ros_msgs/share/micro_ros_msgs/msg/Entity.idl
[2.291s] -- Installing: /home/arpg/jackal_ws/install/micro_ros_msgs/share/micro_ros_msgs/msg/Graph.msg
[2.292s] -- Installing: /home/arpg/jackal_ws/install/micro_ros_msgs/share/micro_ros_msgs/msg/Node.msg
[2.292s] -- Installing: /home/arpg/jackal_ws/install/micro_ros_msgs/share/micro_ros_msgs/msg/Entity.msg
[2.292s] -- Installing: /home/arpg/jackal_ws/install/micro_ros_msgs/share/ament_index/resource_index/package_run_dependencies/micro_ros_msgs
[2.292s] -- Installing: /home/arpg/jackal_ws/install/micro_ros_msgs/share/ament_index/resource_index/parent_prefix_path/micro_ros_msgs
[2.292s] -- Installing: /home/arpg/jackal_ws/install/micro_ros_msgs/share/micro_ros_msgs/environment/ament_prefix_path.sh
[2.292s] -- Installing: /home/arpg/jackal_ws/install/micro_ros_msgs/share/micro_ros_msgs/environment/ament_prefix_path.dsv
[2.292s] -- Installing: /home/arpg/jackal_ws/install/micro_ros_msgs/share/micro_ros_msgs/environment/path.sh
[2.292s] -- Installing: /home/arpg/jackal_ws/install/micro_ros_msgs/share/micro_ros_msgs/environment/path.dsv
[2.292s] -- Installing: /home/arpg/jackal_ws/install/micro_ros_msgs/share/micro_ros_msgs/local_setup.bash
[2.292s] -- Installing: /home/arpg/jackal_ws/install/micro_ros_msgs/share/micro_ros_msgs/local_setup.sh
[2.292s] -- Installing: /home/arpg/jackal_ws/install/micro_ros_msgs/share/micro_ros_msgs/local_setup.zsh
[2.292s] -- Installing: /home/arpg/jackal_ws/install/micro_ros_msgs/share/micro_ros_msgs/local_setup.dsv
[2.292s] -- Installing: /home/arpg/jackal_ws/install/micro_ros_msgs/share/micro_ros_msgs/package.dsv
[2.292s] -- Installing: /home/arpg/jackal_ws/install/micro_ros_msgs/share/ament_index/resource_index/packages/micro_ros_msgs
[2.292s] -- Installing: /home/arpg/jackal_ws/install/micro_ros_msgs/share/micro_ros_msgs/cmake/export_micro_ros_msgs__rosidl_generator_cExport.cmake
[2.292s] -- Installing: /home/arpg/jackal_ws/install/micro_ros_msgs/share/micro_ros_msgs/cmake/export_micro_ros_msgs__rosidl_generator_cExport-noconfig.cmake
[2.292s] -- Installing: /home/arpg/jackal_ws/install/micro_ros_msgs/share/micro_ros_msgs/cmake/export_micro_ros_msgs__rosidl_typesupport_fastrtps_cExport.cmake
[2.292s] -- Installing: /home/arpg/jackal_ws/install/micro_ros_msgs/share/micro_ros_msgs/cmake/export_micro_ros_msgs__rosidl_typesupport_fastrtps_cExport-noconfig.cmake
[2.292s] -- Installing: /home/arpg/jackal_ws/install/micro_ros_msgs/share/micro_ros_msgs/cmake/micro_ros_msgs__rosidl_typesupport_introspection_cExport.cmake
[2.292s] -- Installing: /home/arpg/jackal_ws/install/micro_ros_msgs/share/micro_ros_msgs/cmake/micro_ros_msgs__rosidl_typesupport_introspection_cExport-noconfig.cmake
[2.292s] -- Installing: /home/arpg/jackal_ws/install/micro_ros_msgs/share/micro_ros_msgs/cmake/micro_ros_msgs__rosidl_typesupport_cExport.cmake
[2.292s] -- Installing: /home/arpg/jackal_ws/install/micro_ros_msgs/share/micro_ros_msgs/cmake/micro_ros_msgs__rosidl_typesupport_cExport-noconfig.cmake
[2.292s] -- Installing: /home/arpg/jackal_ws/install/micro_ros_msgs/share/micro_ros_msgs/cmake/export_micro_ros_msgs__rosidl_generator_cppExport.cmake
[2.293s] -- Installing: /home/arpg/jackal_ws/install/micro_ros_msgs/share/micro_ros_msgs/cmake/export_micro_ros_msgs__rosidl_typesupport_fastrtps_cppExport.cmake
[2.293s] -- Installing: /home/arpg/jackal_ws/install/micro_ros_msgs/share/micro_ros_msgs/cmake/export_micro_ros_msgs__rosidl_typesupport_fastrtps_cppExport-noconfig.cmake
[2.293s] -- Installing: /home/arpg/jackal_ws/install/micro_ros_msgs/share/micro_ros_msgs/cmake/micro_ros_msgs__rosidl_typesupport_introspection_cppExport.cmake
[2.293s] -- Installing: /home/arpg/jackal_ws/install/micro_ros_msgs/share/micro_ros_msgs/cmake/micro_ros_msgs__rosidl_typesupport_introspection_cppExport-noconfig.cmake
[2.293s] -- Installing: /home/arpg/jackal_ws/install/micro_ros_msgs/share/micro_ros_msgs/cmake/micro_ros_msgs__rosidl_typesupport_cppExport.cmake
[2.293s] -- Installing: /home/arpg/jackal_ws/install/micro_ros_msgs/share/micro_ros_msgs/cmake/micro_ros_msgs__rosidl_typesupport_cppExport-noconfig.cmake
[2.293s] -- Installing: /home/arpg/jackal_ws/install/micro_ros_msgs/share/micro_ros_msgs/cmake/export_micro_ros_msgs__rosidl_generator_pyExport.cmake
[2.293s] -- Installing: /home/arpg/jackal_ws/install/micro_ros_msgs/share/micro_ros_msgs/cmake/export_micro_ros_msgs__rosidl_generator_pyExport-noconfig.cmake
[2.293s] -- Installing: /home/arpg/jackal_ws/install/micro_ros_msgs/share/micro_ros_msgs/cmake/rosidl_cmake-extras.cmake
[2.293s] -- Installing: /home/arpg/jackal_ws/install/micro_ros_msgs/share/micro_ros_msgs/cmake/ament_cmake_export_include_directories-extras.cmake
[2.293s] -- Installing: /home/arpg/jackal_ws/install/micro_ros_msgs/share/micro_ros_msgs/cmake/ament_cmake_export_libraries-extras.cmake
[2.293s] -- Installing: /home/arpg/jackal_ws/install/micro_ros_msgs/share/micro_ros_msgs/cmake/ament_cmake_export_targets-extras.cmake
[2.293s] -- Installing: /home/arpg/jackal_ws/install/micro_ros_msgs/share/micro_ros_msgs/cmake/rosidl_cmake_export_typesupport_targets-extras.cmake
[2.293s] -- Installing: /home/arpg/jackal_ws/install/micro_ros_msgs/share/micro_ros_msgs/cmake/ament_cmake_export_dependencies-extras.cmake
[2.293s] -- Installing: /home/arpg/jackal_ws/install/micro_ros_msgs/share/micro_ros_msgs/cmake/rosidl_cmake_export_typesupport_libraries-extras.cmake
[2.293s] -- Installing: /home/arpg/jackal_ws/install/micro_ros_msgs/share/micro_ros_msgs/cmake/micro_ros_msgsConfig.cmake
[2.293s] -- Installing: /home/arpg/jackal_ws/install/micro_ros_msgs/share/micro_ros_msgs/cmake/micro_ros_msgsConfig-version.cmake
[2.293s] -- Installing: /home/arpg/jackal_ws/install/micro_ros_msgs/share/micro_ros_msgs/package.xml
[2.295s] Invoked command in '/home/arpg/jackal_ws/build/micro_ros_msgs' returned '0': CMAKE_PREFIX_PATH=${CMAKE_PREFIX_PATH}:/home/arpg/jackal_ws/install/wireless_watcher:/opt/ros/humble /usr/bin/cmake --install /home/arpg/jackal_ws/build/micro_ros_msgs
