[0.111s] Invoking command in '/home/arpg/jackal_ws/build/interactive_marker_twist_server': /usr/bin/cmake /home/arpg/jackal_ws/tmp/jackal_ros2_humble/interactive_marker_twist_server -DCMAKE_INSTALL_PREFIX=/home/arpg/jackal_ws/install/interactive_marker_twist_server
[0.139s] -- The C compiler identification is GNU 11.4.0
[0.168s] -- The CXX compiler identification is GNU 11.4.0
[0.172s] -- Detecting C compiler ABI info
[0.201s] -- Detecting C compiler ABI info - done
[0.206s] -- Check for working C compiler: /usr/bin/cc - skipped
[0.206s] -- Detecting C compile features
[0.206s] -- Detecting C compile features - done
[0.208s] -- Detecting CXX compiler ABI info
[0.241s] -- Detecting CXX compiler ABI info - done
[0.245s] -- Check for working CXX compiler: /usr/bin/c++ - skipped
[0.245s] -- Detecting CXX compile features
[0.246s] -- Detecting CXX compile features - done
[0.246s] -- Found ament_cmake: 1.3.5 (/opt/ros/humble/share/ament_cmake/cmake)
[0.319s] -- Found Python3: /usr/bin/python3.10 (found version "3.10.12") found components: Interpreter 
[0.357s] -- Found geometry_msgs: 4.2.3 (/opt/ros/humble/share/geometry_msgs/cmake)
[0.376s] -- Found rosidl_generator_c: 3.1.5 (/opt/ros/humble/share/rosidl_generator_c/cmake)
[0.378s] -- Found rosidl_adapter: 3.1.5 (/opt/ros/humble/share/rosidl_adapter/cmake)
[0.380s] -- Found rosidl_generator_cpp: 3.1.5 (/opt/ros/humble/share/rosidl_generator_cpp/cmake)
[0.386s] -- Using all available rosidl_typesupport_c: rosidl_typesupport_fastrtps_c;rosidl_typesupport_introspection_c
[0.394s] -- Using all available rosidl_typesupport_cpp: rosidl_typesupport_fastrtps_cpp;rosidl_typesupport_introspection_cpp
[0.450s] -- Found interactive_markers: 2.3.2 (/opt/ros/humble/share/interactive_markers/cmake)
[0.479s] -- Found rmw_implementation_cmake: 6.1.1 (/opt/ros/humble/share/rmw_implementation_cmake/cmake)
[0.480s] -- Found rmw_fastrtps_cpp: 6.2.4 (/opt/ros/humble/share/rmw_fastrtps_cpp/cmake)
[0.519s] -- Found OpenSSL: /usr/lib/x86_64-linux-gnu/libcrypto.so (found version "3.0.2")  
[0.532s] -- Found FastRTPS: /opt/ros/humble/include  
[0.553s] -- Using RMW implementation 'rmw_fastrtps_cpp' as default
[0.557s] -- Looking for pthread.h
[0.585s] -- Looking for pthread.h - found
[0.585s] -- Performing Test CMAKE_HAVE_LIBC_PTHREAD
[0.615s] -- Performing Test CMAKE_HAVE_LIBC_PTHREAD - Success
[0.616s] -- Found Threads: TRUE  
[0.794s] -- Found tf2_geometry_msgs: 0.25.4 (/opt/ros/humble/share/tf2_geometry_msgs/cmake)
[0.801s] -- Found eigen3_cmake_module: 0.1.1 (/opt/ros/humble/share/eigen3_cmake_module/cmake)
[0.801s] -- Found Eigen3: TRUE (found version "3.4.0") 
[0.801s] -- Ensuring Eigen3 include directory is part of orocos-kdl CMake target
[0.964s] -- Found ament_lint_auto: 0.12.8 (/opt/ros/humble/share/ament_lint_auto/cmake)
[0.964s] [0mCMake Error: File /home/arpg/jackal_ws/tmp/jackal_ros2_humble/interactive_marker_twist_server/package.xml does not exist.[0m
[0.964s] [31mCMake Error at /opt/ros/humble/share/ament_cmake_core/cmake/core/stamp.cmake:24 (configure_file):
[0.964s]   configure_file Problem configuring file
[0.964s] Call Stack (most recent call first):
[0.964s]   /opt/ros/humble/share/ament_cmake_core/cmake/core/ament_package_xml.cmake:73 (stamp)
[0.964s]   /opt/ros/humble/share/ament_cmake_core/cmake/core/ament_package_xml.cmake:49 (_ament_package_xml)
[0.965s]   /opt/ros/humble/share/ament_lint_auto/cmake/ament_lint_auto_find_test_dependencies.cmake:31 (ament_package_xml)
[0.965s]   CMakeLists.txt:43 (ament_lint_auto_find_test_dependencies)
[0.965s] 
[0.965s] [0m
[0.965s] [0mCMake Error: File /home/arpg/jackal_ws/tmp/jackal_ros2_humble/interactive_marker_twist_server/package.xml does not exist.[0m
[0.965s] [31mCMake Error at /opt/ros/humble/share/ament_cmake_core/cmake/core/stamp.cmake:24 (configure_file):
[0.965s]   configure_file Problem configuring file
[0.965s] Call Stack (most recent call first):
[0.965s]   /opt/ros/humble/share/ament_cmake_core/cmake/core/ament_package_xml.cmake:73 (stamp)
[0.965s]   /opt/ros/humble/share/ament_cmake_core/cmake/core/ament_package_xml.cmake:49 (_ament_package_xml)
[0.965s]   /opt/ros/humble/share/ament_cmake_core/cmake/core/ament_package.cmake:63 (ament_package_xml)
[0.965s]   CMakeLists.txt:46 (ament_package)
[0.965s] 
[0.965s] [0m
[0.965s] -- Configuring incomplete, errors occurred!
[0.966s] See also "/home/arpg/jackal_ws/build/interactive_marker_twist_server/CMakeFiles/CMakeOutput.log".
[0.970s] Invoked command in '/home/arpg/jackal_ws/build/interactive_marker_twist_server' returned '1': /usr/bin/cmake /home/arpg/jackal_ws/tmp/jackal_ros2_humble/interactive_marker_twist_server -DCMAKE_INSTALL_PREFIX=/home/arpg/jackal_ws/install/interactive_marker_twist_server
